[ 2013-09-12T14:49:41+08:00 ] 127.0.0.1 /dream/admin.php/Page
INFO: [ route_check ] --START--
INFO: Run CheckRoute Behavior [ RunTime:0.002274s ]
INFO: [ route_check ] --END-- [ RunTime:0.002372s ]
INFO: [ app_begin ] --START--
INFO: Run ReadHtmlCache Behavior [ RunTime:0.008059s ]
INFO: [ app_begin ] --END-- [ RunTime:0.008134s ]

[ 2013-09-12T14:49:41+08:00 ] 127.0.0.1 /dream/admin.php/Login/index.html
INFO: [ route_check ] --START--
INFO: Run CheckRoute Behavior [ RunTime:0.000812s ]
INFO: [ route_check ] --END-- [ RunTime:0.000892s ]
INFO: [ app_begin ] --START--
INFO: Run ReadHtmlCache Behavior [ RunTime:0.000583s ]
INFO: [ app_begin ] --END-- [ RunTime:0.000639s ]
INFO: [ view_template ] --START--
INFO: Run LocationTemplate Behavior [ RunTime:0.025848s ]
INFO: [ view_template ] --END-- [ RunTime:0.025941s ]
INFO: [ view_parse ] --START--
INFO: Run ParseTemplate Behavior [ RunTime:0.093199s ]
INFO: [ view_parse ] --END-- [ RunTime:0.093290s ]
INFO: [ view_filter ] --START--
INFO: Run ContentReplace Behavior [ RunTime:0.001003s ]
INFO: Run TokenBuild Behavior [ RunTime:0.001268s ]
INFO: Run WriteHtmlCache Behavior [ RunTime:0.000883s ]
INFO: Run ShowRuntime Behavior [ RunTime:0.001096s ]
INFO: [ view_filter ] --END-- [ RunTime:0.004418s ]
INFO: [ view_end ] --START--
INFO: Run ShowPageTrace Behavior [ RunTime:0.001133s ]
INFO: [ view_end ] --END-- [ RunTime:0.001191s ]

[ 2013-09-12T14:49:51+08:00 ] 127.0.0.1 /dream/admin.php/Login/doLogin
INFO: [ route_check ] --START--
INFO: Run CheckRoute Behavior [ RunTime:0.001523s ]
INFO: [ route_check ] --END-- [ RunTime:0.001605s ]
INFO: [ app_begin ] --START--
INFO: Run ReadHtmlCache Behavior [ RunTime:0.000843s ]
INFO: [ app_begin ] --END-- [ RunTime:0.000903s ]
SQL: SHOW COLUMNS FROM `bc_user` [ RunTime:0.109857s ]
SQL: SELECT `uid` FROM `bc_user` WHERE ( `username` = 'bestcms' ) LIMIT 1   [ RunTime:0.006590s ]

[ 2013-09-12T14:49:51+08:00 ] 127.0.0.1 /dream/admin.php/Index/index.html
INFO: [ route_check ] --START--
INFO: Run CheckRoute Behavior [ RunTime:0.000779s ]
INFO: [ route_check ] --END-- [ RunTime:0.000858s ]
INFO: [ app_begin ] --START--
INFO: Run ReadHtmlCache Behavior [ RunTime:0.000753s ]
INFO: [ app_begin ] --END-- [ RunTime:0.000824s ]
INFO: [ view_template ] --START--
INFO: Run LocationTemplate Behavior [ RunTime:0.001674s ]
INFO: [ view_template ] --END-- [ RunTime:0.001754s ]
INFO: [ view_parse ] --START--
INFO: Run ParseTemplate Behavior [ RunTime:0.040459s ]
INFO: [ view_parse ] --END-- [ RunTime:0.040560s ]
INFO: [ view_filter ] --START--
INFO: Run ContentReplace Behavior [ RunTime:0.000817s ]
INFO: Run TokenBuild Behavior [ RunTime:0.000723s ]
INFO: Run WriteHtmlCache Behavior [ RunTime:0.000650s ]
INFO: Run ShowRuntime Behavior [ RunTime:0.000823s ]
INFO: [ view_filter ] --END-- [ RunTime:0.003178s ]
INFO: [ view_end ] --START--
INFO: Run ShowPageTrace Behavior [ RunTime:0.000945s ]
INFO: [ view_end ] --END-- [ RunTime:0.001002s ]

[ 2013-09-12T14:49:51+08:00 ] 127.0.0.1 /dream/admin.php/Public/top.html
INFO: [ route_check ] --START--
INFO: Run CheckRoute Behavior [ RunTime:0.000860s ]
INFO: [ route_check ] --END-- [ RunTime:0.000947s ]
INFO: [ app_begin ] --START--
INFO: Run ReadHtmlCache Behavior [ RunTime:0.000609s ]
INFO: [ app_begin ] --END-- [ RunTime:0.000670s ]
INFO: [ view_template ] --START--
INFO: Run LocationTemplate Behavior [ RunTime:0.015550s ]
INFO: [ view_template ] --END-- [ RunTime:0.015637s ]
INFO: [ view_parse ] --START--
INFO: Run ParseTemplate Behavior [ RunTime:0.025687s ]
INFO: [ view_parse ] --END-- [ RunTime:0.025771s ]
INFO: [ view_filter ] --START--
INFO: Run ContentReplace Behavior [ RunTime:0.000464s ]
INFO: Run TokenBuild Behavior [ RunTime:0.000433s ]
INFO: Run WriteHtmlCache Behavior [ RunTime:0.000327s ]
INFO: Run ShowRuntime Behavior [ RunTime:0.003307s ]
INFO: [ view_filter ] --END-- [ RunTime:0.004708s ]
INFO: [ view_end ] --START--
INFO: Run ShowPageTrace Behavior [ RunTime:0.000661s ]
INFO: [ view_end ] --END-- [ RunTime:0.000718s ]

[ 2013-09-12T14:49:51+08:00 ] 127.0.0.1 /dream/admin.php/Public/menu.html
INFO: [ route_check ] --START--
INFO: Run CheckRoute Behavior [ RunTime:0.002580s ]
INFO: [ route_check ] --END-- [ RunTime:0.002680s ]
INFO: [ app_begin ] --START--
INFO: Run ReadHtmlCache Behavior [ RunTime:0.002059s ]
INFO: [ app_begin ] --END-- [ RunTime:0.002172s ]
SQL: SHOW COLUMNS FROM `bc_module` [ RunTime:0.063417s ]
SQL: SELECT * FROM `bc_module` ORDER BY id  [ RunTime:0.014147s ]
INFO: [ view_template ] --START--
INFO: Run LocationTemplate Behavior [ RunTime:0.001833s ]
INFO: [ view_template ] --END-- [ RunTime:0.001915s ]
INFO: [ view_parse ] --START--
NOTIC: [8] Undefined index: channel D:\wamp\www\dream\admin\Runtime\Cache\344adff84fc2b75cfa6026542dd95e8c.php 第 12 行.
NOTIC: [8] Undefined index: channel D:\wamp\www\dream\admin\Runtime\Cache\344adff84fc2b75cfa6026542dd95e8c.php 第 31 行.
NOTIC: [8] Undefined index: channel D:\wamp\www\dream\admin\Runtime\Cache\344adff84fc2b75cfa6026542dd95e8c.php 第 56 行.
NOTIC: [8] Undefined index: channel D:\wamp\www\dream\admin\Runtime\Cache\344adff84fc2b75cfa6026542dd95e8c.php 第 85 行.
NOTIC: [8] Undefined index: channel D:\wamp\www\dream\admin\Runtime\Cache\344adff84fc2b75cfa6026542dd95e8c.php 第 114 行.
INFO: Run ParseTemplate Behavior [ RunTime:0.031199s ]
INFO: [ view_parse ] --END-- [ RunTime:0.031267s ]
INFO: [ view_filter ] --START--
INFO: Run ContentReplace Behavior [ RunTime:0.000721s ]
INFO: Run TokenBuild Behavior [ RunTime:0.000717s ]
INFO: Run WriteHtmlCache Behavior [ RunTime:0.000601s ]
INFO: Run ShowRuntime Behavior [ RunTime:0.000783s ]
INFO: [ view_filter ] --END-- [ RunTime:0.002974s ]
INFO: [ view_end ] --START--
INFO: Run ShowPageTrace Behavior [ RunTime:0.000891s ]
INFO: [ view_end ] --END-- [ RunTime:0.000946s ]

[ 2013-09-12T14:49:51+08:00 ] 127.0.0.1 /dream/admin.php/Public/main.html
INFO: [ route_check ] --START--
INFO: Run CheckRoute Behavior [ RunTime:0.003501s ]
INFO: [ route_check ] --END-- [ RunTime:0.003590s ]
INFO: [ app_begin ] --START--
INFO: Run ReadHtmlCache Behavior [ RunTime:0.005393s ]
INFO: [ app_begin ] --END-- [ RunTime:0.005510s ]
INFO: [ view_template ] --START--
INFO: Run LocationTemplate Behavior [ RunTime:0.001797s ]
INFO: [ view_template ] --END-- [ RunTime:0.001884s ]
INFO: [ view_parse ] --START--
INFO: Run ParseTemplate Behavior [ RunTime:0.047629s ]
INFO: [ view_parse ] --END-- [ RunTime:0.047722s ]
INFO: [ view_filter ] --START--
INFO: Run ContentReplace Behavior [ RunTime:0.001287s ]
INFO: Run TokenBuild Behavior [ RunTime:0.001152s ]
INFO: Run WriteHtmlCache Behavior [ RunTime:0.001140s ]
INFO: Run ShowRuntime Behavior [ RunTime:0.000921s ]
INFO: [ view_filter ] --END-- [ RunTime:0.004679s ]
INFO: [ view_end ] --START--
INFO: Run ShowPageTrace Behavior [ RunTime:0.001359s ]
INFO: [ view_end ] --END-- [ RunTime:0.001421s ]

[ 2013-09-12T14:52:41+08:00 ] 127.0.0.1 /dream/admin.php/Public/menu/channel/2
INFO: [ route_check ] --START--
INFO: Run CheckRoute Behavior [ RunTime:0.001515s ]
INFO: [ route_check ] --END-- [ RunTime:0.001592s ]
INFO: [ app_begin ] --START--
INFO: Run ReadHtmlCache Behavior [ RunTime:0.000843s ]
INFO: [ app_begin ] --END-- [ RunTime:0.000903s ]
SQL: SHOW COLUMNS FROM `bc_module` [ RunTime:0.002651s ]
SQL: SELECT * FROM `bc_module` ORDER BY id  [ RunTime:0.000607s ]
INFO: [ view_template ] --START--
INFO: Run LocationTemplate Behavior [ RunTime:0.001944s ]
INFO: [ view_template ] --END-- [ RunTime:0.002020s ]
INFO: [ view_parse ] --START--
INFO: Run ParseTemplate Behavior [ RunTime:0.013423s ]
INFO: [ view_parse ] --END-- [ RunTime:0.013504s ]
INFO: [ view_filter ] --START--
INFO: Run ContentReplace Behavior [ RunTime:0.000726s ]
INFO: Run TokenBuild Behavior [ RunTime:0.000704s ]
INFO: Run WriteHtmlCache Behavior [ RunTime:0.000601s ]
INFO: Run ShowRuntime Behavior [ RunTime:0.000781s ]
INFO: [ view_filter ] --END-- [ RunTime:0.002967s ]
INFO: [ view_end ] --START--
INFO: Run ShowPageTrace Behavior [ RunTime:0.000886s ]
INFO: [ view_end ] --END-- [ RunTime:0.000941s ]

[ 2013-09-12T14:52:45+08:00 ] 127.0.0.1 /dream/admin.php/Feedback
INFO: [ route_check ] --START--
INFO: Run CheckRoute Behavior [ RunTime:0.000812s ]
INFO: [ route_check ] --END-- [ RunTime:0.000893s ]
INFO: [ app_begin ] --START--
INFO: Run ReadHtmlCache Behavior [ RunTime:0.000577s ]
INFO: [ app_begin ] --END-- [ RunTime:0.000632s ]
SQL: SHOW COLUMNS FROM `bc_article` [ RunTime:0.039744s ]
SQL: SELECT * FROM `bc_article` ORDER BY id  [ RunTime:0.004670s ]
SQL: SHOW COLUMNS FROM `bc_category` [ RunTime:0.013575s ]
SQL: SELECT * FROM `bc_category` WHERE ( 1=1 AND id='1' ) LIMIT 1   [ RunTime:0.000891s ]
SQL: SELECT * FROM `bc_category` WHERE ( 1=1 AND id='1' ) LIMIT 1   [ RunTime:0.000497s ]
SQL: SELECT * FROM `bc_category` WHERE ( 1=1 AND id='26' ) LIMIT 1   [ RunTime:0.000498s ]
SQL: SELECT * FROM `bc_category` WHERE ( 1=1 AND id='1' ) LIMIT 1   [ RunTime:0.000499s ]
SQL: SELECT * FROM `bc_category` WHERE ( 1=1 AND id='1' ) LIMIT 1   [ RunTime:0.000425s ]
SQL: SELECT * FROM `bc_category` WHERE ( 1=1 AND id='10' ) LIMIT 1   [ RunTime:0.000418s ]
INFO: [ view_template ] --START--
INFO: Run LocationTemplate Behavior [ RunTime:0.009489s ]
INFO: [ view_template ] --END-- [ RunTime:0.009586s ]
INFO: [ view_parse ] --START--
NOTIC: [8] Undefined index: id D:\wamp\www\dream\admin\Runtime\Cache\b6012ce8ae17999468eef913c3a71697.php 第 66 行.
NOTIC: [8] Undefined variable: page D:\wamp\www\dream\admin\Runtime\Cache\b6012ce8ae17999468eef913c3a71697.php 第 90 行.
INFO: Run ParseTemplate Behavior [ RunTime:0.009971s ]
INFO: [ view_parse ] --END-- [ RunTime:0.010041s ]
INFO: [ view_filter ] --START--
INFO: Run ContentReplace Behavior [ RunTime:0.000467s ]
INFO: Run TokenBuild Behavior [ RunTime:0.000417s ]
INFO: Run WriteHtmlCache Behavior [ RunTime:0.000365s ]
INFO: Run ShowRuntime Behavior [ RunTime:0.000600s ]
INFO: [ view_filter ] --END-- [ RunTime:0.002066s ]
INFO: [ view_end ] --START--
INFO: Run ShowPageTrace Behavior [ RunTime:0.000671s ]
INFO: [ view_end ] --END-- [ RunTime:0.000733s ]

[ 2013-09-12T14:52:46+08:00 ] 127.0.0.1 /dream/admin.php/Download
INFO: [ route_check ] --START--
INFO: Run CheckRoute Behavior [ RunTime:0.001611s ]
INFO: [ route_check ] --END-- [ RunTime:0.001695s ]
INFO: [ app_begin ] --START--
INFO: Run ReadHtmlCache Behavior [ RunTime:0.000853s ]
INFO: [ app_begin ] --END-- [ RunTime:0.000912s ]
SQL: SHOW COLUMNS FROM `bc_download` [ RunTime:0.002938s ]
ERR: 1146:Table 'dream.bc_download' doesn't exist
 [ SQL语句 ] : SHOW COLUMNS FROM `bc_download`
ERR: Model:relation您所请求的方法不存在！

[ 2013-09-12T14:52:47+08:00 ] 127.0.0.1 /dream/admin.php/Picture
INFO: [ route_check ] --START--
INFO: Run CheckRoute Behavior [ RunTime:0.000897s ]
INFO: [ route_check ] --END-- [ RunTime:0.000976s ]
INFO: [ app_begin ] --START--
INFO: Run ReadHtmlCache Behavior [ RunTime:0.000585s ]
INFO: [ app_begin ] --END-- [ RunTime:0.000642s ]
SQL: SHOW COLUMNS FROM `bc_article` [ RunTime:0.002681s ]
SQL: SELECT * FROM `bc_article` ORDER BY id  [ RunTime:0.000541s ]
SQL: SHOW COLUMNS FROM `bc_category` [ RunTime:0.003208s ]
SQL: SELECT * FROM `bc_category` WHERE ( 1=1 AND id='1' ) LIMIT 1   [ RunTime:0.000573s ]
SQL: SELECT * FROM `bc_category` WHERE ( 1=1 AND id='1' ) LIMIT 1   [ RunTime:0.000445s ]
SQL: SELECT * FROM `bc_category` WHERE ( 1=1 AND id='26' ) LIMIT 1   [ RunTime:0.000407s ]
SQL: SELECT * FROM `bc_category` WHERE ( 1=1 AND id='1' ) LIMIT 1   [ RunTime:0.000378s ]
SQL: SELECT * FROM `bc_category` WHERE ( 1=1 AND id='1' ) LIMIT 1   [ RunTime:0.000370s ]
SQL: SELECT * FROM `bc_category` WHERE ( 1=1 AND id='10' ) LIMIT 1   [ RunTime:0.000358s ]
INFO: [ view_template ] --START--
INFO: Run LocationTemplate Behavior [ RunTime:0.022566s ]
INFO: [ view_template ] --END-- [ RunTime:0.022661s ]
INFO: [ view_parse ] --START--
NOTIC: [8] Undefined index: id D:\wamp\www\dream\admin\Runtime\Cache\28aa1337550091f97efe09c0907dec41.php 第 66 行.
NOTIC: [8] Undefined variable: page D:\wamp\www\dream\admin\Runtime\Cache\28aa1337550091f97efe09c0907dec41.php 第 90 行.
INFO: Run ParseTemplate Behavior [ RunTime:0.026334s ]
INFO: [ view_parse ] --END-- [ RunTime:0.026403s ]
INFO: [ view_filter ] --START--
INFO: Run ContentReplace Behavior [ RunTime:0.000765s ]
INFO: Run TokenBuild Behavior [ RunTime:0.000705s ]
INFO: Run WriteHtmlCache Behavior [ RunTime:0.000598s ]
INFO: Run ShowRuntime Behavior [ RunTime:0.000811s ]
INFO: [ view_filter ] --END-- [ RunTime:0.003097s ]
INFO: [ view_end ] --START--
INFO: Run ShowPageTrace Behavior [ RunTime:0.000918s ]
INFO: [ view_end ] --END-- [ RunTime:0.000982s ]

[ 2013-09-12T14:52:49+08:00 ] 127.0.0.1 /dream/admin.php/Article
INFO: [ route_check ] --START--
INFO: Run CheckRoute Behavior [ RunTime:0.002948s ]
INFO: [ route_check ] --END-- [ RunTime:0.003030s ]
INFO: [ app_begin ] --START--
INFO: Run ReadHtmlCache Behavior [ RunTime:0.002882s ]
INFO: [ app_begin ] --END-- [ RunTime:0.002953s ]
SQL: SHOW COLUMNS FROM `bc_article` [ RunTime:0.002630s ]
SQL: SELECT * FROM `bc_article` ORDER BY id  [ RunTime:0.000579s ]
SQL: SHOW COLUMNS FROM `bc_category` [ RunTime:0.003003s ]
SQL: SELECT * FROM `bc_category` WHERE ( 1=1 AND id='1' ) LIMIT 1   [ RunTime:0.000580s ]
SQL: SELECT * FROM `bc_category` WHERE ( 1=1 AND id='1' ) LIMIT 1   [ RunTime:0.000375s ]
SQL: SELECT * FROM `bc_category` WHERE ( 1=1 AND id='26' ) LIMIT 1   [ RunTime:0.000365s ]
SQL: SELECT * FROM `bc_category` WHERE ( 1=1 AND id='1' ) LIMIT 1   [ RunTime:0.000367s ]
SQL: SELECT * FROM `bc_category` WHERE ( 1=1 AND id='1' ) LIMIT 1   [ RunTime:0.000362s ]
SQL: SELECT * FROM `bc_category` WHERE ( 1=1 AND id='10' ) LIMIT 1   [ RunTime:0.000366s ]
INFO: [ view_template ] --START--
INFO: Run LocationTemplate Behavior [ RunTime:0.017744s ]
INFO: [ view_template ] --END-- [ RunTime:0.017842s ]
INFO: [ view_parse ] --START--
NOTIC: [8] Undefined index: id D:\wamp\www\dream\admin\Runtime\Cache\6a0fa1355e20b485f823227ab394fc93.php 第 66 行.
NOTIC: [8] Undefined variable: page D:\wamp\www\dream\admin\Runtime\Cache\6a0fa1355e20b485f823227ab394fc93.php 第 90 行.
INFO: Run ParseTemplate Behavior [ RunTime:0.032327s ]
INFO: [ view_parse ] --END-- [ RunTime:0.032396s ]
INFO: [ view_filter ] --START--
INFO: Run ContentReplace Behavior [ RunTime:0.002647s ]
INFO: Run TokenBuild Behavior [ RunTime:0.002680s ]
INFO: Run WriteHtmlCache Behavior [ RunTime:0.002484s ]
INFO: Run ShowRuntime Behavior [ RunTime:0.002672s ]
INFO: [ view_filter ] --END-- [ RunTime:0.010696s ]
INFO: [ view_end ] --START--
INFO: Run ShowPageTrace Behavior [ RunTime:0.002974s ]
INFO: [ view_end ] --END-- [ RunTime:0.003049s ]

[ 2013-09-12T14:52:51+08:00 ] 127.0.0.1 /dream/admin.php/Article/edit/id/63
INFO: [ route_check ] --START--
INFO: Run CheckRoute Behavior [ RunTime:0.000785s ]
INFO: [ route_check ] --END-- [ RunTime:0.000962s ]
INFO: [ app_begin ] --START--
INFO: Run ReadHtmlCache Behavior [ RunTime:0.000696s ]
INFO: [ app_begin ] --END-- [ RunTime:0.000764s ]
SQL: SHOW COLUMNS FROM `bc_article` [ RunTime:0.002936s ]
SQL: SELECT `cid` FROM `bc_article` WHERE ( id=63 ) LIMIT 1   [ RunTime:0.000316s ]
SQL: SHOW COLUMNS FROM `bc_category` [ RunTime:0.003018s ]
SQL: SELECT `moduleid` FROM `bc_category` WHERE ( id=10 ) LIMIT 1   [ RunTime:0.000340s ]
SQL: SELECT * FROM `bc_category` WHERE ( moduleid =2 )  [ RunTime:0.000490s ]
SQL: SHOW COLUMNS FROM `bc_article` [ RunTime:0.002647s ]
SQL: SELECT * FROM `bc_article` WHERE ( id=63 ) LIMIT 1   [ RunTime:0.000448s ]
SQL: SHOW COLUMNS FROM `bc_category` [ RunTime:0.003128s ]
SQL: SELECT * FROM `bc_category` WHERE ( 1=1 AND id='10' ) LIMIT 1   [ RunTime:0.000480s ]
INFO: [ view_template ] --START--
INFO: Run LocationTemplate Behavior [ RunTime:0.001863s ]
INFO: [ view_template ] --END-- [ RunTime:0.001934s ]
INFO: [ view_parse ] --START--
NOTIC: [8] Use of undefined constant img - assumed 'img' D:\wamp\www\dream\admin\Runtime\Cache\4c7fd10fa1d942b33dfdf820618c379f.php 第 66 行.
NOTIC: [8] Undefined index: form D:\wamp\www\dream\admin\Runtime\Cache\4c7fd10fa1d942b33dfdf820618c379f.php 第 79 行.
INFO: Run ParseTemplate Behavior [ RunTime:0.022446s ]
INFO: [ view_parse ] --END-- [ RunTime:0.022508s ]
INFO: [ view_filter ] --START--
INFO: Run ContentReplace Behavior [ RunTime:0.000440s ]
INFO: Run TokenBuild Behavior [ RunTime:0.000508s ]
INFO: Run WriteHtmlCache Behavior [ RunTime:0.000389s ]
INFO: Run ShowRuntime Behavior [ RunTime:0.000541s ]
INFO: [ view_filter ] --END-- [ RunTime:0.002041s ]
INFO: [ view_end ] --START--
INFO: Run ShowPageTrace Behavior [ RunTime:0.000622s ]
INFO: [ view_end ] --END-- [ RunTime:0.000677s ]

[ 2013-09-12T14:52:58+08:00 ] 127.0.0.1 /dream/admin.php/Category
INFO: [ route_check ] --START--
INFO: Run CheckRoute Behavior [ RunTime:0.000971s ]
INFO: [ route_check ] --END-- [ RunTime:0.001063s ]
INFO: [ app_begin ] --START--
INFO: Run ReadHtmlCache Behavior [ RunTime:0.000589s ]
INFO: [ app_begin ] --END-- [ RunTime:0.000647s ]
SQL: SHOW COLUMNS FROM `bc_category` [ RunTime:0.009032s ]
SQL: SELECT * FROM `bc_category` ORDER BY id  [ RunTime:0.000801s ]
SQL: SHOW COLUMNS FROM `bc_category` [ RunTime:0.004715s ]
SQL: SELECT * FROM `bc_category`  [ RunTime:0.000661s ]
NOTIC: [8] Undefined variable: s D:\wamp\www\dream\admin\Lib\Action\CategoryAction.class.php 第 13 行.
NOTIC: [2] Invalid argument supplied for foreach() D:\wamp\www\dream\admin\Lib\Action\CategoryAction.class.php 第 13 行.
INFO: [ view_template ] --START--
INFO: Run LocationTemplate Behavior [ RunTime:0.001715s ]
INFO: [ view_template ] --END-- [ RunTime:0.001781s ]
INFO: [ view_parse ] --START--
NOTIC: [8] Undefined index: cat_id D:\wamp\www\dream\admin\Runtime\Cache\974995274876d32fbbcf610a23f60ac5.php 第 127 行.
NOTIC: [8] Undefined index: is_show D:\wamp\www\dream\admin\Runtime\Cache\974995274876d32fbbcf610a23f60ac5.php 第 131 行.
NOTIC: [8] Undefined index: cat_id D:\wamp\www\dream\admin\Runtime\Cache\974995274876d32fbbcf610a23f60ac5.php 第 131 行.
NOTIC: [8] Undefined index: is_show D:\wamp\www\dream\admin\Runtime\Cache\974995274876d32fbbcf610a23f60ac5.php 第 131 行.
NOTIC: [8] Undefined index: cat_id D:\wamp\www\dream\admin\Runtime\Cache\974995274876d32fbbcf610a23f60ac5.php 第 127 行.
NOTIC: [8] Undefined index: is_show D:\wamp\www\dream\admin\Runtime\Cache\974995274876d32fbbcf610a23f60ac5.php 第 131 行.
NOTIC: [8] Undefined index: cat_id D:\wamp\www\dream\admin\Runtime\Cache\974995274876d32fbbcf610a23f60ac5.php 第 131 行.
NOTIC: [8] Undefined index: is_show D:\wamp\www\dream\admin\Runtime\Cache\974995274876d32fbbcf610a23f60ac5.php 第 131 行.
NOTIC: [8] Undefined index: cat_id D:\wamp\www\dream\admin\Runtime\Cache\974995274876d32fbbcf610a23f60ac5.php 第 127 行.
NOTIC: [8] Undefined index: is_show D:\wamp\www\dream\admin\Runtime\Cache\974995274876d32fbbcf610a23f60ac5.php 第 131 行.
NOTIC: [8] Undefined index: cat_id D:\wamp\www\dream\admin\Runtime\Cache\974995274876d32fbbcf610a23f60ac5.php 第 131 行.
NOTIC: [8] Undefined index: is_show D:\wamp\www\dream\admin\Runtime\Cache\974995274876d32fbbcf610a23f60ac5.php 第 131 行.
NOTIC: [8] Undefined index: cat_id D:\wamp\www\dream\admin\Runtime\Cache\974995274876d32fbbcf610a23f60ac5.php 第 127 行.
NOTIC: [8] Undefined index: is_show D:\wamp\www\dream\admin\Runtime\Cache\974995274876d32fbbcf610a23f60ac5.php 第 131 行.
NOTIC: [8] Undefined index: cat_id D:\wamp\www\dream\admin\Runtime\Cache\974995274876d32fbbcf610a23f60ac5.php 第 131 行.
NOTIC: [8] Undefined index: is_show D:\wamp\www\dream\admin\Runtime\Cache\974995274876d32fbbcf610a23f60ac5.php 第 131 行.
NOTIC: [8] Undefined index: cat_id D:\wamp\www\dream\admin\Runtime\Cache\974995274876d32fbbcf610a23f60ac5.php 第 127 行.
NOTIC: [8] Undefined index: is_show D:\wamp\www\dream\admin\Runtime\Cache\974995274876d32fbbcf610a23f60ac5.php 第 131 行.
NOTIC: [8] Undefined index: cat_id D:\wamp\www\dream\admin\Runtime\Cache\974995274876d32fbbcf610a23f60ac5.php 第 131 行.
NOTIC: [8] Undefined index: is_show D:\wamp\www\dream\admin\Runtime\Cache\974995274876d32fbbcf610a23f60ac5.php 第 131 行.
NOTIC: [8] Undefined index: cat_id D:\wamp\www\dream\admin\Runtime\Cache\974995274876d32fbbcf610a23f60ac5.php 第 127 行.
NOTIC: [8] Undefined index: is_show D:\wamp\www\dream\admin\Runtime\Cache\974995274876d32fbbcf610a23f60ac5.php 第 131 行.
NOTIC: [8] Undefined index: cat_id D:\wamp\www\dream\admin\Runtime\Cache\974995274876d32fbbcf610a23f60ac5.php 第 131 行.
NOTIC: [8] Undefined index: is_show D:\wamp\www\dream\admin\Runtime\Cache\974995274876d32fbbcf610a23f60ac5.php 第 131 行.
NOTIC: [8] Undefined index: cat_id D:\wamp\www\dream\admin\Runtime\Cache\974995274876d32fbbcf610a23f60ac5.php 第 127 行.
NOTIC: [8] Undefined index: is_show D:\wamp\www\dream\admin\Runtime\Cache\974995274876d32fbbcf610a23f60ac5.php 第 131 行.
NOTIC: [8] Undefined index: cat_id D:\wamp\www\dream\admin\Runtime\Cache\974995274876d32fbbcf610a23f60ac5.php 第 131 行.
NOTIC: [8] Undefined index: is_show D:\wamp\www\dream\admin\Runtime\Cache\974995274876d32fbbcf610a23f60ac5.php 第 131 行.
NOTIC: [8] Undefined index: cat_id D:\wamp\www\dream\admin\Runtime\Cache\974995274876d32fbbcf610a23f60ac5.php 第 127 行.
NOTIC: [8] Undefined index: is_show D:\wamp\www\dream\admin\Runtime\Cache\974995274876d32fbbcf610a23f60ac5.php 第 131 行.
NOTIC: [8] Undefined index: cat_id D:\wamp\www\dream\admin\Runtime\Cache\974995274876d32fbbcf610a23f60ac5.php 第 131 行.
NOTIC: [8] Undefined index: is_show D:\wamp\www\dream\admin\Runtime\Cache\974995274876d32fbbcf610a23f60ac5.php 第 131 行.
NOTIC: [8] Undefined index: cat_id D:\wamp\www\dream\admin\Runtime\Cache\974995274876d32fbbcf610a23f60ac5.php 第 127 行.
NOTIC: [8] Undefined index: is_show D:\wamp\www\dream\admin\Runtime\Cache\974995274876d32fbbcf610a23f60ac5.php 第 131 行.
NOTIC: [8] Undefined index: cat_id D:\wamp\www\dream\admin\Runtime\Cache\974995274876d32fbbcf610a23f60ac5.php 第 131 行.
NOTIC: [8] Undefined index: is_show D:\wamp\www\dream\admin\Runtime\Cache\974995274876d32fbbcf610a23f60ac5.php 第 131 行.
NOTIC: [8] Undefined index: cat_id D:\wamp\www\dream\admin\Runtime\Cache\974995274876d32fbbcf610a23f60ac5.php 第 127 行.
NOTIC: [8] Undefined index: is_show D:\wamp\www\dream\admin\Runtime\Cache\974995274876d32fbbcf610a23f60ac5.php 第 131 行.
NOTIC: [8] Undefined index: cat_id D:\wamp\www\dream\admin\Runtime\Cache\974995274876d32fbbcf610a23f60ac5.php 第 131 行.
NOTIC: [8] Undefined index: is_show D:\wamp\www\dream\admin\Runtime\Cache\974995274876d32fbbcf610a23f60ac5.php 第 131 行.
NOTIC: [8] Undefined index: cat_id D:\wamp\www\dream\admin\Runtime\Cache\974995274876d32fbbcf610a23f60ac5.php 第 127 行.
NOTIC: [8] Undefined index: is_show D:\wamp\www\dream\admin\Runtime\Cache\974995274876d32fbbcf610a23f60ac5.php 第 131 行.
NOTIC: [8] Undefined index: cat_id D:\wamp\www\dream\admin\Runtime\Cache\974995274876d32fbbcf610a23f60ac5.php 第 131 行.
NOTIC: [8] Undefined index: is_show D:\wamp\www\dream\admin\Runtime\Cache\974995274876d32fbbcf610a23f60ac5.php 第 131 行.
NOTIC: [8] Undefined index: cat_id D:\wamp\www\dream\admin\Runtime\Cache\974995274876d32fbbcf610a23f60ac5.php 第 127 行.
NOTIC: [8] Undefined index: is_show D:\wamp\www\dream\admin\Runtime\Cache\974995274876d32fbbcf610a23f60ac5.php 第 131 行.
NOTIC: [8] Undefined index: cat_id D:\wamp\www\dream\admin\Runtime\Cache\974995274876d32fbbcf610a23f60ac5.php 第 131 行.
NOTIC: [8] Undefined index: is_show D:\wamp\www\dream\admin\Runtime\Cache\974995274876d32fbbcf610a23f60ac5.php 第 131 行.
NOTIC: [8] Undefined index: cat_id D:\wamp\www\dream\admin\Runtime\Cache\974995274876d32fbbcf610a23f60ac5.php 第 127 行.
NOTIC: [8] Undefined index: is_show D:\wamp\www\dream\admin\Runtime\Cache\974995274876d32fbbcf610a23f60ac5.php 第 131 行.
NOTIC: [8] Undefined index: cat_id D:\wamp\www\dream\admin\Runtime\Cache\974995274876d32fbbcf610a23f60ac5.php 第 131 行.
NOTIC: [8] Undefined index: is_show D:\wamp\www\dream\admin\Runtime\Cache\974995274876d32fbbcf610a23f60ac5.php 第 131 行.
NOTIC: [8] Undefined index: cat_id D:\wamp\www\dream\admin\Runtime\Cache\974995274876d32fbbcf610a23f60ac5.php 第 127 行.
NOTIC: [8] Undefined index: is_show D:\wamp\www\dream\admin\Runtime\Cache\974995274876d32fbbcf610a23f60ac5.php 第 131 行.
NOTIC: [8] Undefined index: cat_id D:\wamp\www\dream\admin\Runtime\Cache\974995274876d32fbbcf610a23f60ac5.php 第 131 行.
NOTIC: [8] Undefined index: is_show D:\wamp\www\dream\admin\Runtime\Cache\974995274876d32fbbcf610a23f60ac5.php 第 131 行.
NOTIC: [8] Undefined index: cat_id D:\wamp\www\dream\admin\Runtime\Cache\974995274876d32fbbcf610a23f60ac5.php 第 127 行.
NOTIC: [8] Undefined index: is_show D:\wamp\www\dream\admin\Runtime\Cache\974995274876d32fbbcf610a23f60ac5.php 第 131 行.
NOTIC: [8] Undefined index: cat_id D:\wamp\www\dream\admin\Runtime\Cache\974995274876d32fbbcf610a23f60ac5.php 第 131 行.
NOTIC: [8] Undefined index: is_show D:\wamp\www\dream\admin\Runtime\Cache\974995274876d32fbbcf610a23f60ac5.php 第 131 行.
NOTIC: [8] Undefined index: cat_id D:\wamp\www\dream\admin\Runtime\Cache\974995274876d32fbbcf610a23f60ac5.php 第 127 行.
NOTIC: [8] Undefined index: is_show D:\wamp\www\dream\admin\Runtime\Cache\974995274876d32fbbcf610a23f60ac5.php 第 131 行.
NOTIC: [8] Undefined index: cat_id D:\wamp\www\dream\admin\Runtime\Cache\974995274876d32fbbcf610a23f60ac5.php 第 131 行.
NOTIC: [8] Undefined index: is_show D:\wamp\www\dream\admin\Runtime\Cache\974995274876d32fbbcf610a23f60ac5.php 第 131 行.
NOTIC: [8] Undefined index: cat_id D:\wamp\www\dream\admin\Runtime\Cache\974995274876d32fbbcf610a23f60ac5.php 第 127 行.
NOTIC: [8] Undefined index: is_show D:\wamp\www\dream\admin\Runtime\Cache\974995274876d32fbbcf610a23f60ac5.php 第 131 行.
NOTIC: [8] Undefined index: cat_id D:\wamp\www\dream\admin\Runtime\Cache\974995274876d32fbbcf610a23f60ac5.php 第 131 行.
NOTIC: [8] Undefined index: is_show D:\wamp\www\dream\admin\Runtime\Cache\974995274876d32fbbcf610a23f60ac5.php 第 131 行.
INFO: Run ParseTemplate Behavior [ RunTime:0.012053s ]
INFO: [ view_parse ] --END-- [ RunTime:0.012118s ]
INFO: [ view_filter ] --START--
INFO: Run ContentReplace Behavior [ RunTime:0.000616s ]
INFO: Run TokenBuild Behavior [ RunTime:0.000445s ]
INFO: Run WriteHtmlCache Behavior [ RunTime:0.000321s ]
INFO: Run ShowRuntime Behavior [ RunTime:0.000644s ]
INFO: [ view_filter ] --END-- [ RunTime:0.002185s ]
INFO: [ view_end ] --START--
INFO: Run ShowPageTrace Behavior [ RunTime:0.000637s ]
INFO: [ view_end ] --END-- [ RunTime:0.000692s ]

[ 2013-09-12T14:53:05+08:00 ] 127.0.0.1 /dream/admin.php/Category/add
INFO: [ route_check ] --START--
INFO: Run CheckRoute Behavior [ RunTime:0.000778s ]
INFO: [ route_check ] --END-- [ RunTime:0.000858s ]
INFO: [ app_begin ] --START--
INFO: Run ReadHtmlCache Behavior [ RunTime:0.000567s ]
INFO: [ app_begin ] --END-- [ RunTime:0.000624s ]
SQL: SHOW COLUMNS FROM `bc_category` [ RunTime:0.003241s ]
SQL: SELECT * FROM `bc_category`  [ RunTime:0.000714s ]
SQL: SHOW COLUMNS FROM `bc_module` [ RunTime:0.002870s ]
SQL: SELECT * FROM `bc_module` ORDER BY id  [ RunTime:0.000485s ]
INFO: [ view_template ] --START--
INFO: Run LocationTemplate Behavior [ RunTime:0.014978s ]
INFO: [ view_template ] --END-- [ RunTime:0.015057s ]
INFO: [ view_parse ] --START--
INFO: Run ParseTemplate Behavior [ RunTime:0.016613s ]
INFO: [ view_parse ] --END-- [ RunTime:0.016691s ]
INFO: [ view_filter ] --START--
INFO: Run ContentReplace Behavior [ RunTime:0.000440s ]
INFO: Run TokenBuild Behavior [ RunTime:0.000432s ]
INFO: Run WriteHtmlCache Behavior [ RunTime:0.000333s ]
INFO: Run ShowRuntime Behavior [ RunTime:0.000572s ]
INFO: [ view_filter ] --END-- [ RunTime:0.001937s ]
INFO: [ view_end ] --START--
INFO: Run ShowPageTrace Behavior [ RunTime:0.000633s ]
INFO: [ view_end ] --END-- [ RunTime:0.000687s ]

[ 2013-09-12T14:53:31+08:00 ] 127.0.0.1 /dream/admin.php/Category/doAdd
INFO: [ route_check ] --START--
INFO: Run CheckRoute Behavior [ RunTime:0.000923s ]
INFO: [ route_check ] --END-- [ RunTime:0.001020s ]
INFO: [ app_begin ] --START--
INFO: Run ReadHtmlCache Behavior [ RunTime:0.000658s ]
INFO: [ app_begin ] --END-- [ RunTime:0.000723s ]
SQL: SHOW COLUMNS FROM `bc_category` [ RunTime:0.004442s ]
SQL: SHOW COLUMNS FROM `bc_module` [ RunTime:0.004097s ]
SQL: SELECT * FROM `bc_module` WHERE ( id=2 ) LIMIT 1   [ RunTime:0.000421s ]
SQL: INSERT INTO `bc_category` (`moduleid`,`catname`,`parentid`,`listorder`,`parentdir`,`isshow`,`module`) VALUES ('2','小小新闻','26','0','small','0','Article') [ RunTime:0.000784s ]
INFO: [ view_template ] --START--
INFO: Run LocationTemplate Behavior [ RunTime:0.001018s ]
INFO: [ view_template ] --END-- [ RunTime:0.001082s ]
INFO: [ view_parse ] --START--
INFO: Run ParseTemplate Behavior [ RunTime:0.020033s ]
INFO: [ view_parse ] --END-- [ RunTime:0.020123s ]
INFO: [ view_filter ] --START--
INFO: Run ContentReplace Behavior [ RunTime:0.000414s ]
INFO: Run TokenBuild Behavior [ RunTime:0.000416s ]
INFO: Run WriteHtmlCache Behavior [ RunTime:0.000326s ]
INFO: Run ShowRuntime Behavior [ RunTime:0.000502s ]
INFO: [ view_filter ] --END-- [ RunTime:0.001811s ]
INFO: [ view_end ] --START--
INFO: Run ShowPageTrace Behavior [ RunTime:0.000627s ]
INFO: [ view_end ] --END-- [ RunTime:0.000682s ]

[ 2013-09-12T14:53:32+08:00 ] 127.0.0.1 /dream/admin.php/Category/index
INFO: [ route_check ] --START--
INFO: Run CheckRoute Behavior [ RunTime:0.000874s ]
INFO: [ route_check ] --END-- [ RunTime:0.000959s ]
INFO: [ app_begin ] --START--
INFO: Run ReadHtmlCache Behavior [ RunTime:0.000585s ]
INFO: [ app_begin ] --END-- [ RunTime:0.000643s ]
SQL: SHOW COLUMNS FROM `bc_category` [ RunTime:0.003398s ]
SQL: SELECT * FROM `bc_category` ORDER BY id  [ RunTime:0.000984s ]
SQL: SHOW COLUMNS FROM `bc_category` [ RunTime:0.003493s ]
SQL: SELECT * FROM `bc_category`  [ RunTime:0.000655s ]
NOTIC: [8] Undefined variable: s D:\wamp\www\dream\admin\Lib\Action\CategoryAction.class.php 第 13 行.
NOTIC: [2] Invalid argument supplied for foreach() D:\wamp\www\dream\admin\Lib\Action\CategoryAction.class.php 第 13 行.
INFO: [ view_template ] --START--
INFO: Run LocationTemplate Behavior [ RunTime:0.001545s ]
INFO: [ view_template ] --END-- [ RunTime:0.001613s ]
INFO: [ view_parse ] --START--
NOTIC: [8] Undefined index: cat_id D:\wamp\www\dream\admin\Runtime\Cache\974995274876d32fbbcf610a23f60ac5.php 第 127 行.
NOTIC: [8] Undefined index: is_show D:\wamp\www\dream\admin\Runtime\Cache\974995274876d32fbbcf610a23f60ac5.php 第 131 行.
NOTIC: [8] Undefined index: cat_id D:\wamp\www\dream\admin\Runtime\Cache\974995274876d32fbbcf610a23f60ac5.php 第 131 行.
NOTIC: [8] Undefined index: is_show D:\wamp\www\dream\admin\Runtime\Cache\974995274876d32fbbcf610a23f60ac5.php 第 131 行.
NOTIC: [8] Undefined index: cat_id D:\wamp\www\dream\admin\Runtime\Cache\974995274876d32fbbcf610a23f60ac5.php 第 127 行.
NOTIC: [8] Undefined index: is_show D:\wamp\www\dream\admin\Runtime\Cache\974995274876d32fbbcf610a23f60ac5.php 第 131 行.
NOTIC: [8] Undefined index: cat_id D:\wamp\www\dream\admin\Runtime\Cache\974995274876d32fbbcf610a23f60ac5.php 第 131 行.
NOTIC: [8] Undefined index: is_show D:\wamp\www\dream\admin\Runtime\Cache\974995274876d32fbbcf610a23f60ac5.php 第 131 行.
NOTIC: [8] Undefined index: cat_id D:\wamp\www\dream\admin\Runtime\Cache\974995274876d32fbbcf610a23f60ac5.php 第 127 行.
NOTIC: [8] Undefined index: is_show D:\wamp\www\dream\admin\Runtime\Cache\974995274876d32fbbcf610a23f60ac5.php 第 131 行.
NOTIC: [8] Undefined index: cat_id D:\wamp\www\dream\admin\Runtime\Cache\974995274876d32fbbcf610a23f60ac5.php 第 131 行.
NOTIC: [8] Undefined index: is_show D:\wamp\www\dream\admin\Runtime\Cache\974995274876d32fbbcf610a23f60ac5.php 第 131 行.
NOTIC: [8] Undefined index: cat_id D:\wamp\www\dream\admin\Runtime\Cache\974995274876d32fbbcf610a23f60ac5.php 第 127 行.
NOTIC: [8] Undefined index: is_show D:\wamp\www\dream\admin\Runtime\Cache\974995274876d32fbbcf610a23f60ac5.php 第 131 行.
NOTIC: [8] Undefined index: cat_id D:\wamp\www\dream\admin\Runtime\Cache\974995274876d32fbbcf610a23f60ac5.php 第 131 行.
NOTIC: [8] Undefined index: is_show D:\wamp\www\dream\admin\Runtime\Cache\974995274876d32fbbcf610a23f60ac5.php 第 131 行.
NOTIC: [8] Undefined index: cat_id D:\wamp\www\dream\admin\Runtime\Cache\974995274876d32fbbcf610a23f60ac5.php 第 127 行.
NOTIC: [8] Undefined index: is_show D:\wamp\www\dream\admin\Runtime\Cache\974995274876d32fbbcf610a23f60ac5.php 第 131 行.
NOTIC: [8] Undefined index: cat_id D:\wamp\www\dream\admin\Runtime\Cache\974995274876d32fbbcf610a23f60ac5.php 第 131 行.
NOTIC: [8] Undefined index: is_show D:\wamp\www\dream\admin\Runtime\Cache\974995274876d32fbbcf610a23f60ac5.php 第 131 行.
NOTIC: [8] Undefined index: cat_id D:\wamp\www\dream\admin\Runtime\Cache\974995274876d32fbbcf610a23f60ac5.php 第 127 行.
NOTIC: [8] Undefined index: is_show D:\wamp\www\dream\admin\Runtime\Cache\974995274876d32fbbcf610a23f60ac5.php 第 131 行.
NOTIC: [8] Undefined index: cat_id D:\wamp\www\dream\admin\Runtime\Cache\974995274876d32fbbcf610a23f60ac5.php 第 131 行.
NOTIC: [8] Undefined index: is_show D:\wamp\www\dream\admin\Runtime\Cache\974995274876d32fbbcf610a23f60ac5.php 第 131 行.
NOTIC: [8] Undefined index: cat_id D:\wamp\www\dream\admin\Runtime\Cache\974995274876d32fbbcf610a23f60ac5.php 第 127 行.
NOTIC: [8] Undefined index: is_show D:\wamp\www\dream\admin\Runtime\Cache\974995274876d32fbbcf610a23f60ac5.php 第 131 行.
NOTIC: [8] Undefined index: cat_id D:\wamp\www\dream\admin\Runtime\Cache\974995274876d32fbbcf610a23f60ac5.php 第 131 行.
NOTIC: [8] Undefined index: is_show D:\wamp\www\dream\admin\Runtime\Cache\974995274876d32fbbcf610a23f60ac5.php 第 131 行.
NOTIC: [8] Undefined index: cat_id D:\wamp\www\dream\admin\Runtime\Cache\974995274876d32fbbcf610a23f60ac5.php 第 127 行.
NOTIC: [8] Undefined index: is_show D:\wamp\www\dream\admin\Runtime\Cache\974995274876d32fbbcf610a23f60ac5.php 第 131 行.
NOTIC: [8] Undefined index: cat_id D:\wamp\www\dream\admin\Runtime\Cache\974995274876d32fbbcf610a23f60ac5.php 第 131 行.
NOTIC: [8] Undefined index: is_show D:\wamp\www\dream\admin\Runtime\Cache\974995274876d32fbbcf610a23f60ac5.php 第 131 行.
NOTIC: [8] Undefined index: cat_id D:\wamp\www\dream\admin\Runtime\Cache\974995274876d32fbbcf610a23f60ac5.php 第 127 行.
NOTIC: [8] Undefined index: is_show D:\wamp\www\dream\admin\Runtime\Cache\974995274876d32fbbcf610a23f60ac5.php 第 131 行.
NOTIC: [8] Undefined index: cat_id D:\wamp\www\dream\admin\Runtime\Cache\974995274876d32fbbcf610a23f60ac5.php 第 131 行.
NOTIC: [8] Undefined index: is_show D:\wamp\www\dream\admin\Runtime\Cache\974995274876d32fbbcf610a23f60ac5.php 第 131 行.
NOTIC: [8] Undefined index: cat_id D:\wamp\www\dream\admin\Runtime\Cache\974995274876d32fbbcf610a23f60ac5.php 第 127 行.
NOTIC: [8] Undefined index: is_show D:\wamp\www\dream\admin\Runtime\Cache\974995274876d32fbbcf610a23f60ac5.php 第 131 行.
NOTIC: [8] Undefined index: cat_id D:\wamp\www\dream\admin\Runtime\Cache\974995274876d32fbbcf610a23f60ac5.php 第 131 行.
NOTIC: [8] Undefined index: is_show D:\wamp\www\dream\admin\Runtime\Cache\974995274876d32fbbcf610a23f60ac5.php 第 131 行.
NOTIC: [8] Undefined index: cat_id D:\wamp\www\dream\admin\Runtime\Cache\974995274876d32fbbcf610a23f60ac5.php 第 127 行.
NOTIC: [8] Undefined index: is_show D:\wamp\www\dream\admin\Runtime\Cache\974995274876d32fbbcf610a23f60ac5.php 第 131 行.
NOTIC: [8] Undefined index: cat_id D:\wamp\www\dream\admin\Runtime\Cache\974995274876d32fbbcf610a23f60ac5.php 第 131 行.
NOTIC: [8] Undefined index: is_show D:\wamp\www\dream\admin\Runtime\Cache\974995274876d32fbbcf610a23f60ac5.php 第 131 行.
NOTIC: [8] Undefined index: cat_id D:\wamp\www\dream\admin\Runtime\Cache\974995274876d32fbbcf610a23f60ac5.php 第 127 行.
NOTIC: [8] Undefined index: is_show D:\wamp\www\dream\admin\Runtime\Cache\974995274876d32fbbcf610a23f60ac5.php 第 131 行.
NOTIC: [8] Undefined index: cat_id D:\wamp\www\dream\admin\Runtime\Cache\974995274876d32fbbcf610a23f60ac5.php 第 131 行.
NOTIC: [8] Undefined index: is_show D:\wamp\www\dream\admin\Runtime\Cache\974995274876d32fbbcf610a23f60ac5.php 第 131 行.
NOTIC: [8] Undefined index: cat_id D:\wamp\www\dream\admin\Runtime\Cache\974995274876d32fbbcf610a23f60ac5.php 第 127 行.
NOTIC: [8] Undefined index: is_show D:\wamp\www\dream\admin\Runtime\Cache\974995274876d32fbbcf610a23f60ac5.php 第 131 行.
NOTIC: [8] Undefined index: cat_id D:\wamp\www\dream\admin\Runtime\Cache\974995274876d32fbbcf610a23f60ac5.php 第 131 行.
NOTIC: [8] Undefined index: is_show D:\wamp\www\dream\admin\Runtime\Cache\974995274876d32fbbcf610a23f60ac5.php 第 131 行.
NOTIC: [8] Undefined index: cat_id D:\wamp\www\dream\admin\Runtime\Cache\974995274876d32fbbcf610a23f60ac5.php 第 127 行.
NOTIC: [8] Undefined index: is_show D:\wamp\www\dream\admin\Runtime\Cache\974995274876d32fbbcf610a23f60ac5.php 第 131 行.
NOTIC: [8] Undefined index: cat_id D:\wamp\www\dream\admin\Runtime\Cache\974995274876d32fbbcf610a23f60ac5.php 第 131 行.
NOTIC: [8] Undefined index: is_show D:\wamp\www\dream\admin\Runtime\Cache\974995274876d32fbbcf610a23f60ac5.php 第 131 行.
NOTIC: [8] Undefined index: cat_id D:\wamp\www\dream\admin\Runtime\Cache\974995274876d32fbbcf610a23f60ac5.php 第 127 行.
NOTIC: [8] Undefined index: is_show D:\wamp\www\dream\admin\Runtime\Cache\974995274876d32fbbcf610a23f60ac5.php 第 131 行.
NOTIC: [8] Undefined index: cat_id D:\wamp\www\dream\admin\Runtime\Cache\974995274876d32fbbcf610a23f60ac5.php 第 131 行.
NOTIC: [8] Undefined index: is_show D:\wamp\www\dream\admin\Runtime\Cache\974995274876d32fbbcf610a23f60ac5.php 第 131 行.
NOTIC: [8] Undefined index: cat_id D:\wamp\www\dream\admin\Runtime\Cache\974995274876d32fbbcf610a23f60ac5.php 第 127 行.
NOTIC: [8] Undefined index: is_show D:\wamp\www\dream\admin\Runtime\Cache\974995274876d32fbbcf610a23f60ac5.php 第 131 行.
NOTIC: [8] Undefined index: cat_id D:\wamp\www\dream\admin\Runtime\Cache\974995274876d32fbbcf610a23f60ac5.php 第 131 行.
NOTIC: [8] Undefined index: is_show D:\wamp\www\dream\admin\Runtime\Cache\974995274876d32fbbcf610a23f60ac5.php 第 131 行.
NOTIC: [8] Undefined index: cat_id D:\wamp\www\dream\admin\Runtime\Cache\974995274876d32fbbcf610a23f60ac5.php 第 127 行.
NOTIC: [8] Undefined index: is_show D:\wamp\www\dream\admin\Runtime\Cache\974995274876d32fbbcf610a23f60ac5.php 第 131 行.
NOTIC: [8] Undefined index: cat_id D:\wamp\www\dream\admin\Runtime\Cache\974995274876d32fbbcf610a23f60ac5.php 第 131 行.
NOTIC: [8] Undefined index: is_show D:\wamp\www\dream\admin\Runtime\Cache\974995274876d32fbbcf610a23f60ac5.php 第 131 行.
NOTIC: [8] Undefined index: cat_id D:\wamp\www\dream\admin\Runtime\Cache\974995274876d32fbbcf610a23f60ac5.php 第 127 行.
NOTIC: [8] Undefined index: is_show D:\wamp\www\dream\admin\Runtime\Cache\974995274876d32fbbcf610a23f60ac5.php 第 131 行.
NOTIC: [8] Undefined index: cat_id D:\wamp\www\dream\admin\Runtime\Cache\974995274876d32fbbcf610a23f60ac5.php 第 131 行.
NOTIC: [8] Undefined index: is_show D:\wamp\www\dream\admin\Runtime\Cache\974995274876d32fbbcf610a23f60ac5.php 第 131 行.
INFO: Run ParseTemplate Behavior [ RunTime:0.012109s ]
INFO: [ view_parse ] --END-- [ RunTime:0.012173s ]
INFO: [ view_filter ] --START--
INFO: Run ContentReplace Behavior [ RunTime:0.000601s ]
INFO: Run TokenBuild Behavior [ RunTime:0.000437s ]
INFO: Run WriteHtmlCache Behavior [ RunTime:0.000321s ]
INFO: Run ShowRuntime Behavior [ RunTime:0.000523s ]
INFO: [ view_filter ] --END-- [ RunTime:0.002032s ]
INFO: [ view_end ] --START--
INFO: Run ShowPageTrace Behavior [ RunTime:0.000615s ]
INFO: [ view_end ] --END-- [ RunTime:0.000667s ]

[ 2013-09-12T14:53:36+08:00 ] 127.0.0.1 /dream/admin.php/Article
INFO: [ route_check ] --START--
INFO: Run CheckRoute Behavior [ RunTime:0.000884s ]
INFO: [ route_check ] --END-- [ RunTime:0.000962s ]
INFO: [ app_begin ] --START--
INFO: Run ReadHtmlCache Behavior [ RunTime:0.000656s ]
INFO: [ app_begin ] --END-- [ RunTime:0.000713s ]
SQL: SHOW COLUMNS FROM `bc_article` [ RunTime:0.004357s ]
SQL: SELECT * FROM `bc_article` ORDER BY id  [ RunTime:0.000423s ]
SQL: SHOW COLUMNS FROM `bc_category` [ RunTime:0.003150s ]
SQL: SELECT * FROM `bc_category` WHERE ( 1=1 AND id='1' ) LIMIT 1   [ RunTime:0.000485s ]
SQL: SELECT * FROM `bc_category` WHERE ( 1=1 AND id='1' ) LIMIT 1   [ RunTime:0.000413s ]
SQL: SELECT * FROM `bc_category` WHERE ( 1=1 AND id='26' ) LIMIT 1   [ RunTime:0.000389s ]
SQL: SELECT * FROM `bc_category` WHERE ( 1=1 AND id='1' ) LIMIT 1   [ RunTime:0.000387s ]
SQL: SELECT * FROM `bc_category` WHERE ( 1=1 AND id='1' ) LIMIT 1   [ RunTime:0.000311s ]
SQL: SELECT * FROM `bc_category` WHERE ( 1=1 AND id='10' ) LIMIT 1   [ RunTime:0.000321s ]
INFO: [ view_template ] --START--
INFO: Run LocationTemplate Behavior [ RunTime:0.001816s ]
INFO: [ view_template ] --END-- [ RunTime:0.001908s ]
INFO: [ view_parse ] --START--
NOTIC: [8] Undefined index: id D:\wamp\www\dream\admin\Runtime\Cache\6a0fa1355e20b485f823227ab394fc93.php 第 66 行.
NOTIC: [8] Undefined variable: page D:\wamp\www\dream\admin\Runtime\Cache\6a0fa1355e20b485f823227ab394fc93.php 第 90 行.
INFO: Run ParseTemplate Behavior [ RunTime:0.009291s ]
INFO: [ view_parse ] --END-- [ RunTime:0.009356s ]
INFO: [ view_filter ] --START--
INFO: Run ContentReplace Behavior [ RunTime:0.000455s ]
INFO: Run TokenBuild Behavior [ RunTime:0.000431s ]
INFO: Run WriteHtmlCache Behavior [ RunTime:0.000335s ]
INFO: Run ShowRuntime Behavior [ RunTime:0.000633s ]
INFO: [ view_filter ] --END-- [ RunTime:0.002061s ]
INFO: [ view_end ] --START--
INFO: Run ShowPageTrace Behavior [ RunTime:0.000649s ]
INFO: [ view_end ] --END-- [ RunTime:0.000713s ]

[ 2013-09-12T14:53:38+08:00 ] 127.0.0.1 /dream/admin.php/Article/add/id/2
INFO: [ route_check ] --START--
INFO: Run CheckRoute Behavior [ RunTime:0.002105s ]
INFO: [ route_check ] --END-- [ RunTime:0.002191s ]
INFO: [ app_begin ] --START--
INFO: Run ReadHtmlCache Behavior [ RunTime:0.001705s ]
INFO: [ app_begin ] --END-- [ RunTime:0.001768s ]
SQL: SHOW COLUMNS FROM `bc_category` [ RunTime:0.003139s ]
SQL: SELECT * FROM `bc_category` WHERE ( moduleid=2 )  [ RunTime:0.000664s ]
INFO: [ view_template ] --START--
INFO: Run LocationTemplate Behavior [ RunTime:0.002920s ]
INFO: [ view_template ] --END-- [ RunTime:0.002988s ]
INFO: [ view_parse ] --START--
INFO: Run ParseTemplate Behavior [ RunTime:0.044148s ]
INFO: [ view_parse ] --END-- [ RunTime:0.044247s ]
INFO: [ view_filter ] --START--
INFO: Run ContentReplace Behavior [ RunTime:0.001371s ]
INFO: Run TokenBuild Behavior [ RunTime:0.001358s ]
INFO: Run WriteHtmlCache Behavior [ RunTime:0.001002s ]
INFO: Run ShowRuntime Behavior [ RunTime:0.000786s ]
INFO: [ view_filter ] --END-- [ RunTime:0.004683s ]
INFO: [ view_end ] --START--
INFO: Run ShowPageTrace Behavior [ RunTime:0.001157s ]
INFO: [ view_end ] --END-- [ RunTime:0.001213s ]

[ 2013-09-12T16:22:47+08:00 ] 127.0.0.1 /dream/admin.php/Category
INFO: [ route_check ] --START--
INFO: Run CheckRoute Behavior [ RunTime:0.002114s ]
INFO: [ route_check ] --END-- [ RunTime:0.016639s ]
INFO: [ app_begin ] --START--
INFO: Run ReadHtmlCache Behavior [ RunTime:0.008086s ]
INFO: [ app_begin ] --END-- [ RunTime:0.008160s ]
SQL: SHOW COLUMNS FROM `bc_category` [ RunTime:0.048550s ]
SQL: SELECT * FROM `bc_category` ORDER BY id  [ RunTime:0.053103s ]
SQL: SHOW COLUMNS FROM `bc_category` [ RunTime:0.003488s ]
SQL: SELECT * FROM `bc_category`  [ RunTime:0.000684s ]
NOTIC: [8] Undefined variable: s D:\wamp\www\dream\admin\Lib\Action\CategoryAction.class.php 第 13 行.
NOTIC: [2] Invalid argument supplied for foreach() D:\wamp\www\dream\admin\Lib\Action\CategoryAction.class.php 第 13 行.
INFO: [ view_template ] --START--
INFO: Run LocationTemplate Behavior [ RunTime:0.015558s ]
INFO: [ view_template ] --END-- [ RunTime:0.015640s ]
INFO: [ view_parse ] --START--
NOTIC: [8] Undefined index: cat_id D:\wamp\www\dream\admin\Runtime\Cache\974995274876d32fbbcf610a23f60ac5.php 第 127 行.
NOTIC: [8] Undefined index: is_show D:\wamp\www\dream\admin\Runtime\Cache\974995274876d32fbbcf610a23f60ac5.php 第 131 行.
NOTIC: [8] Undefined index: cat_id D:\wamp\www\dream\admin\Runtime\Cache\974995274876d32fbbcf610a23f60ac5.php 第 131 行.
NOTIC: [8] Undefined index: is_show D:\wamp\www\dream\admin\Runtime\Cache\974995274876d32fbbcf610a23f60ac5.php 第 131 行.
NOTIC: [8] Undefined index: cat_id D:\wamp\www\dream\admin\Runtime\Cache\974995274876d32fbbcf610a23f60ac5.php 第 127 行.
NOTIC: [8] Undefined index: is_show D:\wamp\www\dream\admin\Runtime\Cache\974995274876d32fbbcf610a23f60ac5.php 第 131 行.
NOTIC: [8] Undefined index: cat_id D:\wamp\www\dream\admin\Runtime\Cache\974995274876d32fbbcf610a23f60ac5.php 第 131 行.
NOTIC: [8] Undefined index: is_show D:\wamp\www\dream\admin\Runtime\Cache\974995274876d32fbbcf610a23f60ac5.php 第 131 行.
NOTIC: [8] Undefined index: cat_id D:\wamp\www\dream\admin\Runtime\Cache\974995274876d32fbbcf610a23f60ac5.php 第 127 行.
NOTIC: [8] Undefined index: is_show D:\wamp\www\dream\admin\Runtime\Cache\974995274876d32fbbcf610a23f60ac5.php 第 131 行.
NOTIC: [8] Undefined index: cat_id D:\wamp\www\dream\admin\Runtime\Cache\974995274876d32fbbcf610a23f60ac5.php 第 131 行.
NOTIC: [8] Undefined index: is_show D:\wamp\www\dream\admin\Runtime\Cache\974995274876d32fbbcf610a23f60ac5.php 第 131 行.
NOTIC: [8] Undefined index: cat_id D:\wamp\www\dream\admin\Runtime\Cache\974995274876d32fbbcf610a23f60ac5.php 第 127 行.
NOTIC: [8] Undefined index: is_show D:\wamp\www\dream\admin\Runtime\Cache\974995274876d32fbbcf610a23f60ac5.php 第 131 行.
NOTIC: [8] Undefined index: cat_id D:\wamp\www\dream\admin\Runtime\Cache\974995274876d32fbbcf610a23f60ac5.php 第 131 行.
NOTIC: [8] Undefined index: is_show D:\wamp\www\dream\admin\Runtime\Cache\974995274876d32fbbcf610a23f60ac5.php 第 131 行.
NOTIC: [8] Undefined index: cat_id D:\wamp\www\dream\admin\Runtime\Cache\974995274876d32fbbcf610a23f60ac5.php 第 127 行.
NOTIC: [8] Undefined index: is_show D:\wamp\www\dream\admin\Runtime\Cache\974995274876d32fbbcf610a23f60ac5.php 第 131 行.
NOTIC: [8] Undefined index: cat_id D:\wamp\www\dream\admin\Runtime\Cache\974995274876d32fbbcf610a23f60ac5.php 第 131 行.
NOTIC: [8] Undefined index: is_show D:\wamp\www\dream\admin\Runtime\Cache\974995274876d32fbbcf610a23f60ac5.php 第 131 行.
NOTIC: [8] Undefined index: cat_id D:\wamp\www\dream\admin\Runtime\Cache\974995274876d32fbbcf610a23f60ac5.php 第 127 行.
NOTIC: [8] Undefined index: is_show D:\wamp\www\dream\admin\Runtime\Cache\974995274876d32fbbcf610a23f60ac5.php 第 131 行.
NOTIC: [8] Undefined index: cat_id D:\wamp\www\dream\admin\Runtime\Cache\974995274876d32fbbcf610a23f60ac5.php 第 131 行.
NOTIC: [8] Undefined index: is_show D:\wamp\www\dream\admin\Runtime\Cache\974995274876d32fbbcf610a23f60ac5.php 第 131 行.
NOTIC: [8] Undefined index: cat_id D:\wamp\www\dream\admin\Runtime\Cache\974995274876d32fbbcf610a23f60ac5.php 第 127 行.
NOTIC: [8] Undefined index: is_show D:\wamp\www\dream\admin\Runtime\Cache\974995274876d32fbbcf610a23f60ac5.php 第 131 行.
NOTIC: [8] Undefined index: cat_id D:\wamp\www\dream\admin\Runtime\Cache\974995274876d32fbbcf610a23f60ac5.php 第 131 行.
NOTIC: [8] Undefined index: is_show D:\wamp\www\dream\admin\Runtime\Cache\974995274876d32fbbcf610a23f60ac5.php 第 131 行.
NOTIC: [8] Undefined index: cat_id D:\wamp\www\dream\admin\Runtime\Cache\974995274876d32fbbcf610a23f60ac5.php 第 127 行.
NOTIC: [8] Undefined index: is_show D:\wamp\www\dream\admin\Runtime\Cache\974995274876d32fbbcf610a23f60ac5.php 第 131 行.
NOTIC: [8] Undefined index: cat_id D:\wamp\www\dream\admin\Runtime\Cache\974995274876d32fbbcf610a23f60ac5.php 第 131 行.
NOTIC: [8] Undefined index: is_show D:\wamp\www\dream\admin\Runtime\Cache\974995274876d32fbbcf610a23f60ac5.php 第 131 行.
NOTIC: [8] Undefined index: cat_id D:\wamp\www\dream\admin\Runtime\Cache\974995274876d32fbbcf610a23f60ac5.php 第 127 行.
NOTIC: [8] Undefined index: is_show D:\wamp\www\dream\admin\Runtime\Cache\974995274876d32fbbcf610a23f60ac5.php 第 131 行.
NOTIC: [8] Undefined index: cat_id D:\wamp\www\dream\admin\Runtime\Cache\974995274876d32fbbcf610a23f60ac5.php 第 131 行.
NOTIC: [8] Undefined index: is_show D:\wamp\www\dream\admin\Runtime\Cache\974995274876d32fbbcf610a23f60ac5.php 第 131 行.
NOTIC: [8] Undefined index: cat_id D:\wamp\www\dream\admin\Runtime\Cache\974995274876d32fbbcf610a23f60ac5.php 第 127 行.
NOTIC: [8] Undefined index: is_show D:\wamp\www\dream\admin\Runtime\Cache\974995274876d32fbbcf610a23f60ac5.php 第 131 行.
NOTIC: [8] Undefined index: cat_id D:\wamp\www\dream\admin\Runtime\Cache\974995274876d32fbbcf610a23f60ac5.php 第 131 行.
NOTIC: [8] Undefined index: is_show D:\wamp\www\dream\admin\Runtime\Cache\974995274876d32fbbcf610a23f60ac5.php 第 131 行.
NOTIC: [8] Undefined index: cat_id D:\wamp\www\dream\admin\Runtime\Cache\974995274876d32fbbcf610a23f60ac5.php 第 127 行.
NOTIC: [8] Undefined index: is_show D:\wamp\www\dream\admin\Runtime\Cache\974995274876d32fbbcf610a23f60ac5.php 第 131 行.
NOTIC: [8] Undefined index: cat_id D:\wamp\www\dream\admin\Runtime\Cache\974995274876d32fbbcf610a23f60ac5.php 第 131 行.
NOTIC: [8] Undefined index: is_show D:\wamp\www\dream\admin\Runtime\Cache\974995274876d32fbbcf610a23f60ac5.php 第 131 行.
NOTIC: [8] Undefined index: cat_id D:\wamp\www\dream\admin\Runtime\Cache\974995274876d32fbbcf610a23f60ac5.php 第 127 行.
NOTIC: [8] Undefined index: is_show D:\wamp\www\dream\admin\Runtime\Cache\974995274876d32fbbcf610a23f60ac5.php 第 131 行.
NOTIC: [8] Undefined index: cat_id D:\wamp\www\dream\admin\Runtime\Cache\974995274876d32fbbcf610a23f60ac5.php 第 131 行.
NOTIC: [8] Undefined index: is_show D:\wamp\www\dream\admin\Runtime\Cache\974995274876d32fbbcf610a23f60ac5.php 第 131 行.
NOTIC: [8] Undefined index: cat_id D:\wamp\www\dream\admin\Runtime\Cache\974995274876d32fbbcf610a23f60ac5.php 第 127 行.
NOTIC: [8] Undefined index: is_show D:\wamp\www\dream\admin\Runtime\Cache\974995274876d32fbbcf610a23f60ac5.php 第 131 行.
NOTIC: [8] Undefined index: cat_id D:\wamp\www\dream\admin\Runtime\Cache\974995274876d32fbbcf610a23f60ac5.php 第 131 行.
NOTIC: [8] Undefined index: is_show D:\wamp\www\dream\admin\Runtime\Cache\974995274876d32fbbcf610a23f60ac5.php 第 131 行.
NOTIC: [8] Undefined index: cat_id D:\wamp\www\dream\admin\Runtime\Cache\974995274876d32fbbcf610a23f60ac5.php 第 127 行.
NOTIC: [8] Undefined index: is_show D:\wamp\www\dream\admin\Runtime\Cache\974995274876d32fbbcf610a23f60ac5.php 第 131 行.
NOTIC: [8] Undefined index: cat_id D:\wamp\www\dream\admin\Runtime\Cache\974995274876d32fbbcf610a23f60ac5.php 第 131 行.
NOTIC: [8] Undefined index: is_show D:\wamp\www\dream\admin\Runtime\Cache\974995274876d32fbbcf610a23f60ac5.php 第 131 行.
NOTIC: [8] Undefined index: cat_id D:\wamp\www\dream\admin\Runtime\Cache\974995274876d32fbbcf610a23f60ac5.php 第 127 行.
NOTIC: [8] Undefined index: is_show D:\wamp\www\dream\admin\Runtime\Cache\974995274876d32fbbcf610a23f60ac5.php 第 131 行.
NOTIC: [8] Undefined index: cat_id D:\wamp\www\dream\admin\Runtime\Cache\974995274876d32fbbcf610a23f60ac5.php 第 131 行.
NOTIC: [8] Undefined index: is_show D:\wamp\www\dream\admin\Runtime\Cache\974995274876d32fbbcf610a23f60ac5.php 第 131 行.
NOTIC: [8] Undefined index: cat_id D:\wamp\www\dream\admin\Runtime\Cache\974995274876d32fbbcf610a23f60ac5.php 第 127 行.
NOTIC: [8] Undefined index: is_show D:\wamp\www\dream\admin\Runtime\Cache\974995274876d32fbbcf610a23f60ac5.php 第 131 行.
NOTIC: [8] Undefined index: cat_id D:\wamp\www\dream\admin\Runtime\Cache\974995274876d32fbbcf610a23f60ac5.php 第 131 行.
NOTIC: [8] Undefined index: is_show D:\wamp\www\dream\admin\Runtime\Cache\974995274876d32fbbcf610a23f60ac5.php 第 131 行.
NOTIC: [8] Undefined index: cat_id D:\wamp\www\dream\admin\Runtime\Cache\974995274876d32fbbcf610a23f60ac5.php 第 127 行.
NOTIC: [8] Undefined index: is_show D:\wamp\www\dream\admin\Runtime\Cache\974995274876d32fbbcf610a23f60ac5.php 第 131 行.
NOTIC: [8] Undefined index: cat_id D:\wamp\www\dream\admin\Runtime\Cache\974995274876d32fbbcf610a23f60ac5.php 第 131 行.
NOTIC: [8] Undefined index: is_show D:\wamp\www\dream\admin\Runtime\Cache\974995274876d32fbbcf610a23f60ac5.php 第 131 行.
NOTIC: [8] Undefined index: cat_id D:\wamp\www\dream\admin\Runtime\Cache\974995274876d32fbbcf610a23f60ac5.php 第 127 行.
NOTIC: [8] Undefined index: is_show D:\wamp\www\dream\admin\Runtime\Cache\974995274876d32fbbcf610a23f60ac5.php 第 131 行.
NOTIC: [8] Undefined index: cat_id D:\wamp\www\dream\admin\Runtime\Cache\974995274876d32fbbcf610a23f60ac5.php 第 131 行.
NOTIC: [8] Undefined index: is_show D:\wamp\www\dream\admin\Runtime\Cache\974995274876d32fbbcf610a23f60ac5.php 第 131 行.
INFO: Run ParseTemplate Behavior [ RunTime:0.171679s ]
INFO: [ view_parse ] --END-- [ RunTime:0.171747s ]
INFO: [ view_filter ] --START--
INFO: Run ContentReplace Behavior [ RunTime:0.009970s ]
INFO: Run TokenBuild Behavior [ RunTime:0.003421s ]
INFO: Run WriteHtmlCache Behavior [ RunTime:0.001166s ]
INFO: Run ShowRuntime Behavior [ RunTime:0.001355s ]
INFO: [ view_filter ] --END-- [ RunTime:0.016091s ]
INFO: [ view_end ] --START--
INFO: Run ShowPageTrace Behavior [ RunTime:0.001454s ]
INFO: [ view_end ] --END-- [ RunTime:0.001513s ]

[ 2013-09-12T16:22:58+08:00 ] 127.0.0.1 /dream/admin.php/Article/add/id/2
INFO: [ route_check ] --START--
INFO: Run CheckRoute Behavior [ RunTime:0.001598s ]
INFO: [ route_check ] --END-- [ RunTime:0.001682s ]
INFO: [ app_begin ] --START--
INFO: Run ReadHtmlCache Behavior [ RunTime:0.000847s ]
INFO: [ app_begin ] --END-- [ RunTime:0.000909s ]
SQL: SHOW COLUMNS FROM `bc_category` [ RunTime:0.003446s ]
SQL: SELECT * FROM `bc_category` WHERE ( moduleid=2 )  [ RunTime:0.032994s ]
ERR: Model:getTree您所请求的方法不存在！

[ 2013-09-12T16:23:14+08:00 ] 127.0.0.1 /dream/admin.php/Article/add/id/2
INFO: [ route_check ] --START--
INFO: Run CheckRoute Behavior [ RunTime:0.000788s ]
INFO: [ route_check ] --END-- [ RunTime:0.000871s ]
INFO: [ app_begin ] --START--
INFO: Run ReadHtmlCache Behavior [ RunTime:0.000569s ]
INFO: [ app_begin ] --END-- [ RunTime:0.000626s ]
SQL: SHOW COLUMNS FROM `bc_category` [ RunTime:0.014250s ]
SQL: SELECT * FROM `bc_category` WHERE ( moduleid=2 )  [ RunTime:0.000696s ]
ERR: Action:getTree您所请求的方法不存在！

[ 2013-09-12T16:23:15+08:00 ] 127.0.0.1 /dream/admin.php/Article/add/id/2
INFO: [ route_check ] --START--
INFO: Run CheckRoute Behavior [ RunTime:0.000866s ]
INFO: [ route_check ] --END-- [ RunTime:0.000950s ]
INFO: [ app_begin ] --START--
INFO: Run ReadHtmlCache Behavior [ RunTime:0.000593s ]
INFO: [ app_begin ] --END-- [ RunTime:0.000658s ]
SQL: SHOW COLUMNS FROM `bc_category` [ RunTime:0.004315s ]
SQL: SELECT * FROM `bc_category` WHERE ( moduleid=2 )  [ RunTime:0.000638s ]
ERR: Action:getTree您所请求的方法不存在！

[ 2013-09-12T16:23:15+08:00 ] 127.0.0.1 /dream/admin.php/Article/add/id/2
INFO: [ route_check ] --START--
INFO: Run CheckRoute Behavior [ RunTime:0.000781s ]
INFO: [ route_check ] --END-- [ RunTime:0.000860s ]
INFO: [ app_begin ] --START--
INFO: Run ReadHtmlCache Behavior [ RunTime:0.000567s ]
INFO: [ app_begin ] --END-- [ RunTime:0.000625s ]
SQL: SHOW COLUMNS FROM `bc_category` [ RunTime:0.003044s ]
SQL: SELECT * FROM `bc_category` WHERE ( moduleid=2 )  [ RunTime:0.000666s ]
ERR: Action:getTree您所请求的方法不存在！

[ 2013-09-12T16:23:16+08:00 ] 127.0.0.1 /dream/admin.php/Article/add/id/2
INFO: [ route_check ] --START--
INFO: Run CheckRoute Behavior [ RunTime:0.000792s ]
INFO: [ route_check ] --END-- [ RunTime:0.000871s ]
INFO: [ app_begin ] --START--
INFO: Run ReadHtmlCache Behavior [ RunTime:0.000574s ]
INFO: [ app_begin ] --END-- [ RunTime:0.000631s ]
SQL: SHOW COLUMNS FROM `bc_category` [ RunTime:0.003340s ]
SQL: SELECT * FROM `bc_category` WHERE ( moduleid=2 )  [ RunTime:0.000706s ]
ERR: Action:getTree您所请求的方法不存在！

[ 2013-09-12T16:28:13+08:00 ] 127.0.0.1 /dream/admin.php/Article/add/id/2
INFO: [ route_check ] --START--
INFO: Run CheckRoute Behavior [ RunTime:0.001565s ]
INFO: [ route_check ] --END-- [ RunTime:0.001647s ]
INFO: [ app_begin ] --START--
INFO: Run ReadHtmlCache Behavior [ RunTime:0.001004s ]
INFO: [ app_begin ] --END-- [ RunTime:0.001068s ]
SQL: SHOW COLUMNS FROM `bc_category` [ RunTime:0.003297s ]

[ 2013-09-12T16:29:06+08:00 ] 127.0.0.1 /dream/admin.php/Article/add/id/2
INFO: [ route_check ] --START--
INFO: Run CheckRoute Behavior [ RunTime:0.000792s ]
INFO: [ route_check ] --END-- [ RunTime:0.000875s ]
INFO: [ app_begin ] --START--
INFO: Run ReadHtmlCache Behavior [ RunTime:0.000776s ]
INFO: [ app_begin ] --END-- [ RunTime:0.000839s ]
SQL: SHOW COLUMNS FROM `bc_category` [ RunTime:0.003979s ]

[ 2013-09-12T16:29:07+08:00 ] 127.0.0.1 /dream/admin.php/Article/add/id/2
INFO: [ route_check ] --START--
INFO: Run CheckRoute Behavior [ RunTime:0.000808s ]
INFO: [ route_check ] --END-- [ RunTime:0.000893s ]
INFO: [ app_begin ] --START--
INFO: Run ReadHtmlCache Behavior [ RunTime:0.000587s ]
INFO: [ app_begin ] --END-- [ RunTime:0.000648s ]
SQL: SHOW COLUMNS FROM `bc_category` [ RunTime:0.003113s ]

[ 2013-09-12T16:29:08+08:00 ] 127.0.0.1 /dream/admin.php/Index/index.html
INFO: [ route_check ] --START--
INFO: Run CheckRoute Behavior [ RunTime:0.000781s ]
INFO: [ route_check ] --END-- [ RunTime:0.000861s ]
INFO: [ app_begin ] --START--
INFO: Run ReadHtmlCache Behavior [ RunTime:0.000565s ]
INFO: [ app_begin ] --END-- [ RunTime:0.000622s ]
INFO: [ view_template ] --START--
INFO: Run LocationTemplate Behavior [ RunTime:0.001678s ]
INFO: [ view_template ] --END-- [ RunTime:0.001757s ]
INFO: [ view_parse ] --START--
INFO: Run ParseTemplate Behavior [ RunTime:0.057731s ]
INFO: [ view_parse ] --END-- [ RunTime:0.057824s ]
INFO: [ view_filter ] --START--
INFO: Run ContentReplace Behavior [ RunTime:0.000732s ]
INFO: Run TokenBuild Behavior [ RunTime:0.000702s ]
INFO: Run WriteHtmlCache Behavior [ RunTime:0.000609s ]
INFO: Run ShowRuntime Behavior [ RunTime:0.000787s ]
INFO: [ view_filter ] --END-- [ RunTime:0.002988s ]
INFO: [ view_end ] --START--
INFO: Run ShowPageTrace Behavior [ RunTime:0.000894s ]
INFO: [ view_end ] --END-- [ RunTime:0.000949s ]

[ 2013-09-12T16:29:08+08:00 ] 127.0.0.1 /dream/admin.php/Public/top.html
INFO: [ route_check ] --START--
INFO: Run CheckRoute Behavior [ RunTime:0.000887s ]
INFO: [ route_check ] --END-- [ RunTime:0.000971s ]
INFO: [ app_begin ] --START--
INFO: Run ReadHtmlCache Behavior [ RunTime:0.000576s ]
INFO: [ app_begin ] --END-- [ RunTime:0.000635s ]
INFO: [ view_template ] --START--
INFO: Run LocationTemplate Behavior [ RunTime:0.015991s ]
INFO: [ view_template ] --END-- [ RunTime:0.016081s ]
INFO: [ view_parse ] --START--
INFO: Run ParseTemplate Behavior [ RunTime:0.038801s ]
INFO: [ view_parse ] --END-- [ RunTime:0.038875s ]
INFO: [ view_filter ] --START--
INFO: Run ContentReplace Behavior [ RunTime:0.000433s ]
INFO: Run TokenBuild Behavior [ RunTime:0.000476s ]
INFO: Run WriteHtmlCache Behavior [ RunTime:0.000339s ]
INFO: Run ShowRuntime Behavior [ RunTime:0.000519s ]
INFO: [ view_filter ] --END-- [ RunTime:0.001928s ]
INFO: [ view_end ] --START--
INFO: Run ShowPageTrace Behavior [ RunTime:0.000662s ]
INFO: [ view_end ] --END-- [ RunTime:0.000718s ]

[ 2013-09-12T16:29:08+08:00 ] 127.0.0.1 /dream/admin.php/Public/main.html
INFO: [ route_check ] --START--
INFO: Run CheckRoute Behavior [ RunTime:0.001520s ]
INFO: [ route_check ] --END-- [ RunTime:0.001601s ]
INFO: [ app_begin ] --START--
INFO: Run ReadHtmlCache Behavior [ RunTime:0.000834s ]
INFO: [ app_begin ] --END-- [ RunTime:0.000895s ]
INFO: [ view_template ] --START--
INFO: Run LocationTemplate Behavior [ RunTime:0.002317s ]
INFO: [ view_template ] --END-- [ RunTime:0.002399s ]
INFO: [ view_parse ] --START--
INFO: Run ParseTemplate Behavior [ RunTime:0.025710s ]
INFO: [ view_parse ] --END-- [ RunTime:0.025792s ]
INFO: [ view_filter ] --START--
INFO: Run ContentReplace Behavior [ RunTime:0.000978s ]
INFO: Run TokenBuild Behavior [ RunTime:0.000966s ]
INFO: Run WriteHtmlCache Behavior [ RunTime:0.000869s ]
INFO: Run ShowRuntime Behavior [ RunTime:0.001060s ]
INFO: [ view_filter ] --END-- [ RunTime:0.004031s ]
INFO: [ view_end ] --START--
INFO: Run ShowPageTrace Behavior [ RunTime:0.001201s ]
INFO: [ view_end ] --END-- [ RunTime:0.001261s ]

[ 2013-09-12T16:29:08+08:00 ] 127.0.0.1 /dream/admin.php/Public/menu.html
INFO: [ route_check ] --START--
INFO: Run CheckRoute Behavior [ RunTime:0.001591s ]
INFO: [ route_check ] --END-- [ RunTime:0.001674s ]
INFO: [ app_begin ] --START--
INFO: Run ReadHtmlCache Behavior [ RunTime:0.000864s ]
INFO: [ app_begin ] --END-- [ RunTime:0.000926s ]
SQL: SHOW COLUMNS FROM `bc_module` [ RunTime:0.019451s ]
SQL: SELECT * FROM `bc_module` ORDER BY id  [ RunTime:0.007093s ]
INFO: [ view_template ] --START--
INFO: Run LocationTemplate Behavior [ RunTime:0.003172s ]
INFO: [ view_template ] --END-- [ RunTime:0.003274s ]
INFO: [ view_parse ] --START--
NOTIC: [8] Undefined index: channel D:\wamp\www\dream\admin\Runtime\Cache\344adff84fc2b75cfa6026542dd95e8c.php 第 12 行.
NOTIC: [8] Undefined index: channel D:\wamp\www\dream\admin\Runtime\Cache\344adff84fc2b75cfa6026542dd95e8c.php 第 31 行.
NOTIC: [8] Undefined index: channel D:\wamp\www\dream\admin\Runtime\Cache\344adff84fc2b75cfa6026542dd95e8c.php 第 56 行.
NOTIC: [8] Undefined index: channel D:\wamp\www\dream\admin\Runtime\Cache\344adff84fc2b75cfa6026542dd95e8c.php 第 85 行.
NOTIC: [8] Undefined index: channel D:\wamp\www\dream\admin\Runtime\Cache\344adff84fc2b75cfa6026542dd95e8c.php 第 114 行.
INFO: Run ParseTemplate Behavior [ RunTime:0.097307s ]
INFO: [ view_parse ] --END-- [ RunTime:0.097377s ]
INFO: [ view_filter ] --START--
INFO: Run ContentReplace Behavior [ RunTime:0.000726s ]
INFO: Run TokenBuild Behavior [ RunTime:0.000706s ]
INFO: Run WriteHtmlCache Behavior [ RunTime:0.000599s ]
INFO: Run ShowRuntime Behavior [ RunTime:0.000813s ]
INFO: [ view_filter ] --END-- [ RunTime:0.002998s ]
INFO: [ view_end ] --START--
INFO: Run ShowPageTrace Behavior [ RunTime:0.001401s ]
INFO: [ view_end ] --END-- [ RunTime:0.001469s ]

[ 2013-09-12T16:29:11+08:00 ] 127.0.0.1 /dream/admin.php/Public/menu/channel/2
INFO: [ route_check ] --START--
INFO: Run CheckRoute Behavior [ RunTime:0.000783s ]
INFO: [ route_check ] --END-- [ RunTime:0.000863s ]
INFO: [ app_begin ] --START--
INFO: Run ReadHtmlCache Behavior [ RunTime:0.000592s ]
INFO: [ app_begin ] --END-- [ RunTime:0.000653s ]
SQL: SHOW COLUMNS FROM `bc_module` [ RunTime:0.002652s ]
SQL: SELECT * FROM `bc_module` ORDER BY id  [ RunTime:0.000465s ]
INFO: [ view_template ] --START--
INFO: Run LocationTemplate Behavior [ RunTime:0.001375s ]
INFO: [ view_template ] --END-- [ RunTime:0.001456s ]
INFO: [ view_parse ] --START--
INFO: Run ParseTemplate Behavior [ RunTime:0.013900s ]
INFO: [ view_parse ] --END-- [ RunTime:0.013977s ]
INFO: [ view_filter ] --START--
INFO: Run ContentReplace Behavior [ RunTime:0.000984s ]
INFO: Run TokenBuild Behavior [ RunTime:0.000955s ]
INFO: Run WriteHtmlCache Behavior [ RunTime:0.000729s ]
INFO: Run ShowRuntime Behavior [ RunTime:0.001044s ]
INFO: [ view_filter ] --END-- [ RunTime:0.003879s ]
INFO: [ view_end ] --START--
INFO: Run ShowPageTrace Behavior [ RunTime:0.001159s ]
INFO: [ view_end ] --END-- [ RunTime:0.001216s ]

[ 2013-09-12T16:29:12+08:00 ] 127.0.0.1 /dream/admin.php/Article/add/id/2
INFO: [ route_check ] --START--
INFO: Run CheckRoute Behavior [ RunTime:0.000804s ]
INFO: [ route_check ] --END-- [ RunTime:0.000885s ]
INFO: [ app_begin ] --START--
INFO: Run ReadHtmlCache Behavior [ RunTime:0.000597s ]
INFO: [ app_begin ] --END-- [ RunTime:0.000664s ]
SQL: SHOW COLUMNS FROM `bc_category` [ RunTime:0.003304s ]

[ 2013-09-12T16:29:23+08:00 ] 127.0.0.1 /dream/admin.php/Article/add/id/2
INFO: [ route_check ] --START--
INFO: Run CheckRoute Behavior [ RunTime:0.002330s ]
INFO: [ route_check ] --END-- [ RunTime:0.002423s ]
INFO: [ app_begin ] --START--
INFO: Run ReadHtmlCache Behavior [ RunTime:0.001675s ]
INFO: [ app_begin ] --END-- [ RunTime:0.001736s ]
SQL: SHOW COLUMNS FROM `bc_category` [ RunTime:0.003117s ]
SQL: SELECT * FROM `bc_category` WHERE ( moduleid=2 )  [ RunTime:0.000536s ]
ERR: Model:getList您所请求的方法不存在！

[ 2013-09-12T16:29:24+08:00 ] 127.0.0.1 /dream/admin.php/Article/add/id/2
INFO: [ route_check ] --START--
INFO: Run CheckRoute Behavior [ RunTime:0.001975s ]
INFO: [ route_check ] --END-- [ RunTime:0.002064s ]
INFO: [ app_begin ] --START--
INFO: Run ReadHtmlCache Behavior [ RunTime:0.001611s ]
INFO: [ app_begin ] --END-- [ RunTime:0.001676s ]
SQL: SHOW COLUMNS FROM `bc_category` [ RunTime:0.003447s ]
SQL: SELECT * FROM `bc_category` WHERE ( moduleid=2 )  [ RunTime:0.000702s ]
ERR: Model:getList您所请求的方法不存在！

[ 2013-09-12T16:29:33+08:00 ] 127.0.0.1 /dream/admin.php/Article/add/id/2
INFO: [ route_check ] --START--
INFO: Run CheckRoute Behavior [ RunTime:0.001787s ]
INFO: [ route_check ] --END-- [ RunTime:0.001868s ]
INFO: [ app_begin ] --START--
INFO: Run ReadHtmlCache Behavior [ RunTime:0.001565s ]
INFO: [ app_begin ] --END-- [ RunTime:0.001628s ]
SQL: SHOW COLUMNS FROM `bc_category` [ RunTime:0.003729s ]
SQL: SELECT * FROM `bc_category` WHERE ( moduleid=2 )  [ RunTime:0.000598s ]
INFO: [ view_template ] --START--
INFO: Run LocationTemplate Behavior [ RunTime:0.012789s ]
INFO: [ view_template ] --END-- [ RunTime:0.012882s ]
INFO: [ view_parse ] --START--
INFO: Run ParseTemplate Behavior [ RunTime:0.032969s ]
INFO: [ view_parse ] --END-- [ RunTime:0.033058s ]
INFO: [ view_filter ] --START--
INFO: Run ContentReplace Behavior [ RunTime:0.001362s ]
INFO: Run TokenBuild Behavior [ RunTime:0.001321s ]
INFO: Run WriteHtmlCache Behavior [ RunTime:0.000988s ]
INFO: Run ShowRuntime Behavior [ RunTime:0.001067s ]
INFO: [ view_filter ] --END-- [ RunTime:0.004899s ]
INFO: [ view_end ] --START--
INFO: Run ShowPageTrace Behavior [ RunTime:0.001157s ]
INFO: [ view_end ] --END-- [ RunTime:0.001215s ]

[ 2013-09-12T16:33:08+08:00 ] 127.0.0.1 /dream/admin.php/Article/add/id/2
INFO: [ route_check ] --START--
INFO: Run CheckRoute Behavior [ RunTime:0.001211s ]
INFO: [ route_check ] --END-- [ RunTime:0.001293s ]
INFO: [ app_begin ] --START--
INFO: Run ReadHtmlCache Behavior [ RunTime:0.001110s ]
INFO: [ app_begin ] --END-- [ RunTime:0.001169s ]
NOTIC: [8] Undefined index: 0 D:\wamp\www\dream\admin\Lib\ORG\Category.class.php 第 34 行.
NOTIC: [8] Undefined index: 1 D:\wamp\www\dream\admin\Lib\ORG\Category.class.php 第 35 行.
NOTIC: [8] Undefined index: 2 D:\wamp\www\dream\admin\Lib\ORG\Category.class.php 第 36 行.
NOTIC: [8] Undefined index: 3 D:\wamp\www\dream\admin\Lib\ORG\Category.class.php 第 37 行.
SQL: SHOW COLUMNS FROM `bc_category` [ RunTime:0.003105s ]
SQL: SELECT * FROM `bc_category` WHERE ( moduleid=2 )  [ RunTime:0.000568s ]

[ 2013-09-12T16:33:09+08:00 ] 127.0.0.1 /dream/admin.php/Article/add/id/2
INFO: [ route_check ] --START--
INFO: Run CheckRoute Behavior [ RunTime:0.001205s ]
INFO: [ route_check ] --END-- [ RunTime:0.001287s ]
INFO: [ app_begin ] --START--
INFO: Run ReadHtmlCache Behavior [ RunTime:0.001106s ]
INFO: [ app_begin ] --END-- [ RunTime:0.001167s ]
NOTIC: [8] Undefined index: 0 D:\wamp\www\dream\admin\Lib\ORG\Category.class.php 第 34 行.
NOTIC: [8] Undefined index: 1 D:\wamp\www\dream\admin\Lib\ORG\Category.class.php 第 35 行.
NOTIC: [8] Undefined index: 2 D:\wamp\www\dream\admin\Lib\ORG\Category.class.php 第 36 行.
NOTIC: [8] Undefined index: 3 D:\wamp\www\dream\admin\Lib\ORG\Category.class.php 第 37 行.
SQL: SHOW COLUMNS FROM `bc_category` [ RunTime:0.003382s ]
SQL: SELECT * FROM `bc_category` WHERE ( moduleid=2 )  [ RunTime:0.000881s ]

[ 2013-09-12T16:33:10+08:00 ] 127.0.0.1 /dream/admin.php/Article/add/id/2
INFO: [ route_check ] --START--
INFO: Run CheckRoute Behavior [ RunTime:0.001205s ]
INFO: [ route_check ] --END-- [ RunTime:0.001286s ]
INFO: [ app_begin ] --START--
INFO: Run ReadHtmlCache Behavior [ RunTime:0.001105s ]
INFO: [ app_begin ] --END-- [ RunTime:0.001166s ]
NOTIC: [8] Undefined index: 0 D:\wamp\www\dream\admin\Lib\ORG\Category.class.php 第 34 行.
NOTIC: [8] Undefined index: 1 D:\wamp\www\dream\admin\Lib\ORG\Category.class.php 第 35 行.
NOTIC: [8] Undefined index: 2 D:\wamp\www\dream\admin\Lib\ORG\Category.class.php 第 36 行.
NOTIC: [8] Undefined index: 3 D:\wamp\www\dream\admin\Lib\ORG\Category.class.php 第 37 行.
SQL: SHOW COLUMNS FROM `bc_category` [ RunTime:0.003209s ]
SQL: SELECT * FROM `bc_category` WHERE ( moduleid=2 )  [ RunTime:0.000607s ]

[ 2013-09-12T16:33:10+08:00 ] 127.0.0.1 /dream/admin.php/Article/add/id/2
INFO: [ route_check ] --START--
INFO: Run CheckRoute Behavior [ RunTime:0.001290s ]
INFO: [ route_check ] --END-- [ RunTime:0.001375s ]
INFO: [ app_begin ] --START--
INFO: Run ReadHtmlCache Behavior [ RunTime:0.001127s ]
INFO: [ app_begin ] --END-- [ RunTime:0.001190s ]
NOTIC: [8] Undefined index: 0 D:\wamp\www\dream\admin\Lib\ORG\Category.class.php 第 34 行.
NOTIC: [8] Undefined index: 1 D:\wamp\www\dream\admin\Lib\ORG\Category.class.php 第 35 行.
NOTIC: [8] Undefined index: 2 D:\wamp\www\dream\admin\Lib\ORG\Category.class.php 第 36 行.
NOTIC: [8] Undefined index: 3 D:\wamp\www\dream\admin\Lib\ORG\Category.class.php 第 37 行.
SQL: SHOW COLUMNS FROM `bc_category` [ RunTime:0.004161s ]
SQL: SELECT * FROM `bc_category` WHERE ( moduleid=2 )  [ RunTime:0.000651s ]

