[ 2013-07-30T15:00:26+08:00 ] 127.0.0.1 /dream/admin.php
INFO: [ app_begin ] --START--
INFO: Run ReadHtmlCache Behavior [ RunTime:0.007928s ]
INFO: [ app_begin ] --END-- [ RunTime:0.008038s ]
INFO: [ view_template ] --START--
INFO: Run LocationTemplate Behavior [ RunTime:0.002463s ]
INFO: [ view_template ] --END-- [ RunTime:0.002545s ]
INFO: [ view_parse ] --START--
INFO: Run ParseTemplate Behavior [ RunTime:0.074930s ]
INFO: [ view_parse ] --END-- [ RunTime:0.075025s ]
INFO: [ view_filter ] --START--
INFO: Run ContentReplace Behavior [ RunTime:0.000959s ]
INFO: Run TokenBuild Behavior [ RunTime:0.009105s ]
INFO: Run WriteHtmlCache Behavior [ RunTime:0.001212s ]
INFO: Run ShowRuntime Behavior [ RunTime:0.001078s ]
INFO: [ view_filter ] --END-- [ RunTime:0.012612s ]
INFO: [ view_end ] --START--
INFO: Run ShowPageTrace Behavior [ RunTime:0.001124s ]
INFO: [ view_end ] --END-- [ RunTime:0.001191s ]

[ 2013-07-30T15:00:26+08:00 ] 127.0.0.1 /dream/admin.php/Public/top.html
INFO: [ route_check ] --START--
INFO: Run CheckRoute Behavior [ RunTime:0.004448s ]
INFO: [ route_check ] --END-- [ RunTime:0.004544s ]
INFO: [ app_begin ] --START--
INFO: Run ReadHtmlCache Behavior [ RunTime:0.000749s ]
INFO: [ app_begin ] --END-- [ RunTime:0.000813s ]
INFO: [ view_template ] --START--
INFO: Run LocationTemplate Behavior [ RunTime:0.010911s ]
INFO: [ view_template ] --END-- [ RunTime:0.011004s ]
INFO: [ view_parse ] --START--
INFO: Run ParseTemplate Behavior [ RunTime:0.031047s ]
INFO: [ view_parse ] --END-- [ RunTime:0.031148s ]
INFO: [ view_filter ] --START--
INFO: Run ContentReplace Behavior [ RunTime:0.000744s ]
INFO: Run TokenBuild Behavior [ RunTime:0.001154s ]
INFO: Run WriteHtmlCache Behavior [ RunTime:0.000345s ]
INFO: Run ShowRuntime Behavior [ RunTime:0.000585s ]
INFO: [ view_filter ] --END-- [ RunTime:0.003015s ]
INFO: [ view_end ] --START--
INFO: Run ShowPageTrace Behavior [ RunTime:0.000624s ]
INFO: [ view_end ] --END-- [ RunTime:0.000681s ]

[ 2013-07-30T15:00:26+08:00 ] 127.0.0.1 /dream/admin.php/Public/menu.html
INFO: [ route_check ] --START--
INFO: Run CheckRoute Behavior [ RunTime:0.002908s ]
INFO: [ route_check ] --END-- [ RunTime:0.002991s ]
INFO: [ app_begin ] --START--
INFO: Run ReadHtmlCache Behavior [ RunTime:0.001109s ]
INFO: [ app_begin ] --END-- [ RunTime:0.001177s ]
SQL: SHOW COLUMNS FROM `bc_module` [ RunTime:0.187759s ]
SQL: SELECT * FROM `bc_module` ORDER BY id  [ RunTime:0.018223s ]
INFO: [ view_template ] --START--
INFO: Run LocationTemplate Behavior [ RunTime:0.002008s ]
INFO: [ view_template ] --END-- [ RunTime:0.002132s ]
INFO: [ view_parse ] --START--
NOTIC: [8] Undefined index: channel D:\wamp\www\dream\admin\Runtime\Cache\344adff84fc2b75cfa6026542dd95e8c.php 第 12 行.
NOTIC: [8] Undefined index: channel D:\wamp\www\dream\admin\Runtime\Cache\344adff84fc2b75cfa6026542dd95e8c.php 第 36 行.
NOTIC: [8] Undefined index: channel D:\wamp\www\dream\admin\Runtime\Cache\344adff84fc2b75cfa6026542dd95e8c.php 第 61 行.
NOTIC: [8] Undefined index: channel D:\wamp\www\dream\admin\Runtime\Cache\344adff84fc2b75cfa6026542dd95e8c.php 第 94 行.
INFO: Run ParseTemplate Behavior [ RunTime:0.030487s ]
INFO: [ view_parse ] --END-- [ RunTime:0.030556s ]
INFO: [ view_filter ] --START--
INFO: Run ContentReplace Behavior [ RunTime:0.001015s ]
INFO: Run TokenBuild Behavior [ RunTime:0.000964s ]
INFO: Run WriteHtmlCache Behavior [ RunTime:0.000861s ]
INFO: Run ShowRuntime Behavior [ RunTime:0.001146s ]
INFO: [ view_filter ] --END-- [ RunTime:0.004144s ]
INFO: [ view_end ] --START--
INFO: Run ShowPageTrace Behavior [ RunTime:0.001180s ]
INFO: [ view_end ] --END-- [ RunTime:0.001237s ]

[ 2013-07-30T15:00:26+08:00 ] 127.0.0.1 /dream/admin.php/Public/main.html
INFO: [ route_check ] --START--
INFO: Run CheckRoute Behavior [ RunTime:0.004605s ]
INFO: [ route_check ] --END-- [ RunTime:0.004698s ]
INFO: [ app_begin ] --START--
INFO: Run ReadHtmlCache Behavior [ RunTime:0.002882s ]
INFO: [ app_begin ] --END-- [ RunTime:0.002971s ]
INFO: [ view_template ] --START--
INFO: Run LocationTemplate Behavior [ RunTime:0.006143s ]
INFO: [ view_template ] --END-- [ RunTime:0.006329s ]
INFO: [ view_parse ] --START--
INFO: Run ParseTemplate Behavior [ RunTime:0.043414s ]
INFO: [ view_parse ] --END-- [ RunTime:0.043517s ]
INFO: [ view_filter ] --START--
INFO: Run ContentReplace Behavior [ RunTime:0.001493s ]
INFO: Run TokenBuild Behavior [ RunTime:0.001132s ]
INFO: Run WriteHtmlCache Behavior [ RunTime:0.000911s ]
INFO: Run ShowRuntime Behavior [ RunTime:0.001136s ]
INFO: [ view_filter ] --END-- [ RunTime:0.004867s ]
INFO: [ view_end ] --START--
INFO: Run ShowPageTrace Behavior [ RunTime:0.001219s ]
INFO: [ view_end ] --END-- [ RunTime:0.001277s ]

[ 2013-07-30T15:00:28+08:00 ] 127.0.0.1 /dream/admin.php/Public/menu/channel/2
INFO: [ route_check ] --START--
INFO: Run CheckRoute Behavior [ RunTime:0.001686s ]
INFO: [ route_check ] --END-- [ RunTime:0.001770s ]
INFO: [ app_begin ] --START--
INFO: Run ReadHtmlCache Behavior [ RunTime:0.001221s ]
INFO: [ app_begin ] --END-- [ RunTime:0.001292s ]
SQL: SHOW COLUMNS FROM `bc_module` [ RunTime:0.002581s ]
SQL: SELECT * FROM `bc_module` ORDER BY id  [ RunTime:0.000434s ]
INFO: [ view_template ] --START--
INFO: Run LocationTemplate Behavior [ RunTime:0.002566s ]
INFO: [ view_template ] --END-- [ RunTime:0.002652s ]
INFO: [ view_parse ] --START--
INFO: Run ParseTemplate Behavior [ RunTime:0.020715s ]
INFO: [ view_parse ] --END-- [ RunTime:0.020795s ]
INFO: [ view_filter ] --START--
INFO: Run ContentReplace Behavior [ RunTime:0.001008s ]
INFO: Run TokenBuild Behavior [ RunTime:0.000975s ]
INFO: Run WriteHtmlCache Behavior [ RunTime:0.000855s ]
INFO: Run ShowRuntime Behavior [ RunTime:0.001059s ]
INFO: [ view_filter ] --END-- [ RunTime:0.004055s ]
INFO: [ view_end ] --START--
INFO: Run ShowPageTrace Behavior [ RunTime:0.001192s ]
INFO: [ view_end ] --END-- [ RunTime:0.001251s ]

[ 2013-07-30T15:00:31+08:00 ] 127.0.0.1 /dream/admin.php/Produce
INFO: [ route_check ] --START--
INFO: Run CheckRoute Behavior [ RunTime:0.001337s ]
INFO: [ route_check ] --END-- [ RunTime:0.001415s ]
INFO: [ app_begin ] --START--
INFO: Run ReadHtmlCache Behavior [ RunTime:0.001114s ]
INFO: [ app_begin ] --END-- [ RunTime:0.001177s ]
SQL: SHOW COLUMNS FROM `bc_produce` [ RunTime:0.082690s ]
SQL: SELECT * FROM `bc_produce` ORDER BY id  [ RunTime:0.000437s ]
SQL: SHOW COLUMNS FROM `bc_category` [ RunTime:0.171090s ]
SQL: SELECT * FROM `bc_category` WHERE ( 1=1 AND id='5' ) LIMIT 1   [ RunTime:0.036705s ]
SQL: SELECT * FROM `bc_category` WHERE ( 1=1 AND id='4' ) LIMIT 1   [ RunTime:0.000426s ]
SQL: SELECT * FROM `bc_category` WHERE ( 1=1 AND id='0' ) LIMIT 1   [ RunTime:0.000337s ]
INFO: [ view_template ] --START--
INFO: Run LocationTemplate Behavior [ RunTime:0.024772s ]
INFO: [ view_template ] --END-- [ RunTime:0.024895s ]
INFO: [ view_parse ] --START--
NOTIC: [8] Undefined variable: page D:\wamp\www\dream\admin\Runtime\Cache\21acc93ad0cf25a87809727a7f91f73b.php 第 90 行.
INFO: Run ParseTemplate Behavior [ RunTime:0.042090s ]
INFO: [ view_parse ] --END-- [ RunTime:0.042159s ]
INFO: [ view_filter ] --START--
INFO: Run ContentReplace Behavior [ RunTime:0.001016s ]
INFO: Run TokenBuild Behavior [ RunTime:0.001015s ]
INFO: Run WriteHtmlCache Behavior [ RunTime:0.000862s ]
INFO: Run ShowRuntime Behavior [ RunTime:0.001047s ]
INFO: [ view_filter ] --END-- [ RunTime:0.004094s ]
INFO: [ view_end ] --START--
INFO: Run ShowPageTrace Behavior [ RunTime:0.001319s ]
INFO: [ view_end ] --END-- [ RunTime:0.001379s ]

[ 2013-07-30T15:00:32+08:00 ] 127.0.0.1 /dream/admin.php/Produce/edit/id/2
INFO: [ route_check ] --START--
INFO: Run CheckRoute Behavior [ RunTime:0.000792s ]
INFO: [ route_check ] --END-- [ RunTime:0.000869s ]
INFO: [ app_begin ] --START--
INFO: Run ReadHtmlCache Behavior [ RunTime:0.000576s ]
INFO: [ app_begin ] --END-- [ RunTime:0.000632s ]
INFO: [ view_template ] --START--
INFO: Run LocationTemplate Behavior [ RunTime:0.001213s ]
INFO: [ view_template ] --END-- [ RunTime:0.001278s ]
INFO: [ view_parse ] --START--
INFO: Run ParseTemplate Behavior [ RunTime:0.007255s ]
INFO: [ view_parse ] --END-- [ RunTime:0.007338s ]
INFO: [ view_filter ] --START--
INFO: Run ContentReplace Behavior [ RunTime:0.000418s ]
INFO: Run TokenBuild Behavior [ RunTime:0.000415s ]
INFO: Run WriteHtmlCache Behavior [ RunTime:0.000322s ]
INFO: Run ShowRuntime Behavior [ RunTime:0.000532s ]
INFO: [ view_filter ] --END-- [ RunTime:0.001839s ]
INFO: [ view_end ] --START--
INFO: Run ShowPageTrace Behavior [ RunTime:0.000624s ]
INFO: [ view_end ] --END-- [ RunTime:0.000677s ]

[ 2013-07-30T15:00:35+08:00 ] 127.0.0.1 /dream/admin.php/Produce
INFO: [ route_check ] --START--
INFO: Run CheckRoute Behavior [ RunTime:0.000780s ]
INFO: [ route_check ] --END-- [ RunTime:0.000857s ]
INFO: [ app_begin ] --START--
INFO: Run ReadHtmlCache Behavior [ RunTime:0.000575s ]
INFO: [ app_begin ] --END-- [ RunTime:0.000632s ]
SQL: SHOW COLUMNS FROM `bc_produce` [ RunTime:0.003104s ]
SQL: SELECT * FROM `bc_produce` ORDER BY id  [ RunTime:0.000447s ]
SQL: SHOW COLUMNS FROM `bc_category` [ RunTime:0.002938s ]
SQL: SELECT * FROM `bc_category` WHERE ( 1=1 AND id='5' ) LIMIT 1   [ RunTime:0.000424s ]
SQL: SELECT * FROM `bc_category` WHERE ( 1=1 AND id='4' ) LIMIT 1   [ RunTime:0.000308s ]
SQL: SELECT * FROM `bc_category` WHERE ( 1=1 AND id='0' ) LIMIT 1   [ RunTime:0.000275s ]
INFO: [ view_template ] --START--
INFO: Run LocationTemplate Behavior [ RunTime:0.001153s ]
INFO: [ view_template ] --END-- [ RunTime:0.001248s ]
INFO: [ view_parse ] --START--
NOTIC: [8] Undefined variable: page D:\wamp\www\dream\admin\Runtime\Cache\21acc93ad0cf25a87809727a7f91f73b.php 第 90 行.
INFO: Run ParseTemplate Behavior [ RunTime:0.009016s ]
INFO: [ view_parse ] --END-- [ RunTime:0.009078s ]
INFO: [ view_filter ] --START--
INFO: Run ContentReplace Behavior [ RunTime:0.000439s ]
INFO: Run TokenBuild Behavior [ RunTime:0.000414s ]
INFO: Run WriteHtmlCache Behavior [ RunTime:0.000339s ]
INFO: Run ShowRuntime Behavior [ RunTime:0.000507s ]
INFO: [ view_filter ] --END-- [ RunTime:0.001850s ]
INFO: [ view_end ] --START--
INFO: Run ShowPageTrace Behavior [ RunTime:0.000626s ]
INFO: [ view_end ] --END-- [ RunTime:0.000680s ]

[ 2013-07-30T15:00:37+08:00 ] 127.0.0.1 /dream/admin.php/Article
INFO: [ route_check ] --START--
INFO: Run CheckRoute Behavior [ RunTime:0.001327s ]
INFO: [ route_check ] --END-- [ RunTime:0.001408s ]
INFO: [ app_begin ] --START--
INFO: Run ReadHtmlCache Behavior [ RunTime:0.001136s ]
INFO: [ app_begin ] --END-- [ RunTime:0.001199s ]
SQL: SHOW COLUMNS FROM `bc_article` [ RunTime:0.099904s ]
SQL: SELECT * FROM `bc_article` ORDER BY id  [ RunTime:0.025936s ]
SQL: SHOW COLUMNS FROM `bc_category` [ RunTime:0.003136s ]
SQL: SELECT * FROM `bc_category` WHERE ( 1=1 AND id='1' ) LIMIT 1   [ RunTime:0.000383s ]
SQL: SELECT * FROM `bc_category` WHERE ( 1=1 AND id='1' ) LIMIT 1   [ RunTime:0.000346s ]
SQL: SELECT * FROM `bc_category` WHERE ( 1=1 AND id='1' ) LIMIT 1   [ RunTime:0.000335s ]
INFO: [ view_template ] --START--
INFO: Run LocationTemplate Behavior [ RunTime:0.002374s ]
INFO: [ view_template ] --END-- [ RunTime:0.002456s ]
INFO: [ view_parse ] --START--
NOTIC: [8] Undefined variable: page D:\wamp\www\dream\admin\Runtime\Cache\6a0fa1355e20b485f823227ab394fc93.php 第 90 行.
INFO: Run ParseTemplate Behavior [ RunTime:0.041837s ]
INFO: [ view_parse ] --END-- [ RunTime:0.041903s ]
INFO: [ view_filter ] --START--
INFO: Run ContentReplace Behavior [ RunTime:0.001008s ]
INFO: Run TokenBuild Behavior [ RunTime:0.000970s ]
INFO: Run WriteHtmlCache Behavior [ RunTime:0.000859s ]
INFO: Run ShowRuntime Behavior [ RunTime:0.001054s ]
INFO: [ view_filter ] --END-- [ RunTime:0.004061s ]
INFO: [ view_end ] --START--
INFO: Run ShowPageTrace Behavior [ RunTime:0.001163s ]
INFO: [ view_end ] --END-- [ RunTime:0.001228s ]

[ 2013-07-30T15:00:38+08:00 ] 127.0.0.1 /dream/admin.php/Article/edit/id/7
INFO: [ route_check ] --START--
INFO: Run CheckRoute Behavior [ RunTime:0.001396s ]
INFO: [ route_check ] --END-- [ RunTime:0.001478s ]
INFO: [ app_begin ] --START--
INFO: Run ReadHtmlCache Behavior [ RunTime:0.001116s ]
INFO: [ app_begin ] --END-- [ RunTime:0.001177s ]
SQL: SHOW COLUMNS FROM `bc_article` [ RunTime:0.002818s ]
SQL: SELECT `cid` FROM `bc_article` WHERE ( id=7 ) LIMIT 1   [ RunTime:0.000297s ]
SQL: SHOW COLUMNS FROM `bc_category` [ RunTime:0.003053s ]
SQL: SELECT `moduleid` FROM `bc_category` WHERE ( id=1 ) LIMIT 1   [ RunTime:0.000275s ]
SQL: SELECT * FROM `bc_category` WHERE ( moduleid =2 )  [ RunTime:0.000441s ]
SQL: SHOW COLUMNS FROM `bc_article` [ RunTime:0.002482s ]
SQL: SELECT * FROM `bc_article` WHERE ( id=7 ) LIMIT 1   [ RunTime:0.000304s ]
SQL: SHOW COLUMNS FROM `bc_category` [ RunTime:0.002887s ]
SQL: SELECT * FROM `bc_category` WHERE ( 1=1 AND id='1' ) LIMIT 1   [ RunTime:0.000446s ]
INFO: [ view_template ] --START--
INFO: Run LocationTemplate Behavior [ RunTime:0.002304s ]
INFO: [ view_template ] --END-- [ RunTime:0.002381s ]
INFO: [ view_parse ] --START--
NOTIC: [8] Use of undefined constant cid - assumed 'cid' D:\wamp\www\dream\admin\Runtime\Cache\4c7fd10fa1d942b33dfdf820618c379f.php 第 56 行.
NOTIC: [8] Use of undefined constant cid - assumed 'cid' D:\wamp\www\dream\admin\Runtime\Cache\4c7fd10fa1d942b33dfdf820618c379f.php 第 56 行.
NOTIC: [8] Use of undefined constant cid - assumed 'cid' D:\wamp\www\dream\admin\Runtime\Cache\4c7fd10fa1d942b33dfdf820618c379f.php 第 56 行.
NOTIC: [8] Use of undefined constant cid - assumed 'cid' D:\wamp\www\dream\admin\Runtime\Cache\4c7fd10fa1d942b33dfdf820618c379f.php 第 56 行.
NOTIC: [8] Use of undefined constant cid - assumed 'cid' D:\wamp\www\dream\admin\Runtime\Cache\4c7fd10fa1d942b33dfdf820618c379f.php 第 56 行.
NOTIC: [8] Use of undefined constant cid - assumed 'cid' D:\wamp\www\dream\admin\Runtime\Cache\4c7fd10fa1d942b33dfdf820618c379f.php 第 56 行.
NOTIC: [8] Use of undefined constant img - assumed 'img' D:\wamp\www\dream\admin\Runtime\Cache\4c7fd10fa1d942b33dfdf820618c379f.php 第 66 行.
NOTIC: [8] Undefined index: form D:\wamp\www\dream\admin\Runtime\Cache\4c7fd10fa1d942b33dfdf820618c379f.php 第 79 行.
INFO: Run ParseTemplate Behavior [ RunTime:0.033187s ]
INFO: [ view_parse ] --END-- [ RunTime:0.033251s ]
INFO: [ view_filter ] --START--
INFO: Run ContentReplace Behavior [ RunTime:0.000988s ]
INFO: Run TokenBuild Behavior [ RunTime:0.000967s ]
INFO: Run WriteHtmlCache Behavior [ RunTime:0.000873s ]
INFO: Run ShowRuntime Behavior [ RunTime:0.001045s ]
INFO: [ view_filter ] --END-- [ RunTime:0.004025s ]
INFO: [ view_end ] --START--
INFO: Run ShowPageTrace Behavior [ RunTime:0.001342s ]
INFO: [ view_end ] --END-- [ RunTime:0.001403s ]

[ 2013-07-30T15:00:52+08:00 ] 127.0.0.1 /dream/admin.php/Article/doEdit
INFO: [ route_check ] --START--
INFO: Run CheckRoute Behavior [ RunTime:0.001358s ]
INFO: [ route_check ] --END-- [ RunTime:0.001440s ]
INFO: [ app_begin ] --START--
INFO: Run ReadHtmlCache Behavior [ RunTime:0.001130s ]
INFO: [ app_begin ] --END-- [ RunTime:0.001193s ]
SQL: SHOW COLUMNS FROM `bc_article` [ RunTime:0.014214s ]
NOTIC: [8] Undefined index: img D:\wamp\www\dream\admin\Lib\Action\ArticleAction.class.php 第 68 行.
NOTIC: [2] unlink(./Public/uploads/) [<a href='function.unlink'>function.unlink</a>]: Permission denied D:\wamp\www\dream\admin\Lib\Action\ArticleAction.class.php 第 70 行.
NOTIC: [8] Undefined index: img D:\wamp\www\dream\admin\Lib\Action\ArticleAction.class.php 第 72 行.
SQL: UPDATE `bc_article` SET `cid`=1,`title`='测试栏目9789',`content`='测试栏目测试栏目测试栏目测试栏目测试栏目测试栏目测试栏目测试栏目测试栏目测试栏目测试栏目测试栏目蝇营狗苟',`from`='',`author`='管理员',`addtime`='2013-07-25 00:00:00' WHERE ( `id` = 7 ) [ RunTime:0.000432s ]
INFO: [ view_template ] --START--
INFO: Run LocationTemplate Behavior [ RunTime:0.003458s ]
INFO: [ view_template ] --END-- [ RunTime:0.003523s ]
INFO: [ view_parse ] --START--
INFO: Run ParseTemplate Behavior [ RunTime:0.029321s ]
INFO: [ view_parse ] --END-- [ RunTime:0.029406s ]
INFO: [ view_filter ] --START--
INFO: Run ContentReplace Behavior [ RunTime:0.002127s ]
INFO: Run TokenBuild Behavior [ RunTime:0.002097s ]
INFO: Run WriteHtmlCache Behavior [ RunTime:0.002034s ]
INFO: Run ShowRuntime Behavior [ RunTime:0.003198s ]
INFO: [ view_filter ] --END-- [ RunTime:0.009632s ]
INFO: [ view_end ] --START--
INFO: Run ShowPageTrace Behavior [ RunTime:0.002319s ]
INFO: [ view_end ] --END-- [ RunTime:0.002377s ]

[ 2013-07-30T15:00:55+08:00 ] 127.0.0.1 /dream/admin.php/Article/edit
INFO: [ route_check ] --START--
INFO: Run CheckRoute Behavior [ RunTime:0.002246s ]
INFO: [ route_check ] --END-- [ RunTime:0.002331s ]
INFO: [ app_begin ] --START--
INFO: Run ReadHtmlCache Behavior [ RunTime:0.001999s ]
INFO: [ app_begin ] --END-- [ RunTime:0.002062s ]

[ 2013-07-30T15:00:55+08:00 ] 127.0.0.1 /dream/admin.php/Article/index.html
INFO: [ route_check ] --START--
INFO: Run CheckRoute Behavior [ RunTime:0.002150s ]
INFO: [ route_check ] --END-- [ RunTime:0.002232s ]
INFO: [ app_begin ] --START--
INFO: Run ReadHtmlCache Behavior [ RunTime:0.001943s ]
INFO: [ app_begin ] --END-- [ RunTime:0.002018s ]
SQL: SHOW COLUMNS FROM `bc_article` [ RunTime:0.008712s ]
SQL: SELECT * FROM `bc_article` ORDER BY id  [ RunTime:0.000473s ]
SQL: SHOW COLUMNS FROM `bc_category` [ RunTime:0.003220s ]
SQL: SELECT * FROM `bc_category` WHERE ( 1=1 AND id='1' ) LIMIT 1   [ RunTime:0.000433s ]
SQL: SELECT * FROM `bc_category` WHERE ( 1=1 AND id='1' ) LIMIT 1   [ RunTime:0.000368s ]
SQL: SELECT * FROM `bc_category` WHERE ( 1=1 AND id='1' ) LIMIT 1   [ RunTime:0.000356s ]
INFO: [ view_template ] --START--
INFO: Run LocationTemplate Behavior [ RunTime:0.003458s ]
INFO: [ view_template ] --END-- [ RunTime:0.003538s ]
INFO: [ view_parse ] --START--
NOTIC: [8] Undefined variable: page D:\wamp\www\dream\admin\Runtime\Cache\6a0fa1355e20b485f823227ab394fc93.php 第 90 行.
INFO: Run ParseTemplate Behavior [ RunTime:0.016723s ]
INFO: [ view_parse ] --END-- [ RunTime:0.016797s ]
INFO: [ view_filter ] --START--
INFO: Run ContentReplace Behavior [ RunTime:0.001811s ]
INFO: Run TokenBuild Behavior [ RunTime:0.001768s ]
INFO: Run WriteHtmlCache Behavior [ RunTime:0.001671s ]
INFO: Run ShowRuntime Behavior [ RunTime:0.001879s ]
INFO: [ view_filter ] --END-- [ RunTime:0.007306s ]
INFO: [ view_end ] --START--
INFO: Run ShowPageTrace Behavior [ RunTime:0.001996s ]
INFO: [ view_end ] --END-- [ RunTime:0.002062s ]

[ 2013-07-30T15:01:43+08:00 ] 127.0.0.1 /dream/admin.php/Article/edit/id/7
INFO: [ route_check ] --START--
INFO: Run CheckRoute Behavior [ RunTime:0.000789s ]
INFO: [ route_check ] --END-- [ RunTime:0.000864s ]
INFO: [ app_begin ] --START--
INFO: Run ReadHtmlCache Behavior [ RunTime:0.000585s ]
INFO: [ app_begin ] --END-- [ RunTime:0.000644s ]
SQL: SHOW COLUMNS FROM `bc_article` [ RunTime:0.002679s ]
SQL: SELECT `cid` FROM `bc_article` WHERE ( id=7 ) LIMIT 1   [ RunTime:0.000319s ]
SQL: SHOW COLUMNS FROM `bc_category` [ RunTime:0.003752s ]
SQL: SELECT `moduleid` FROM `bc_category` WHERE ( id=1 ) LIMIT 1   [ RunTime:0.000303s ]
SQL: SELECT * FROM `bc_category` WHERE ( moduleid =2 )  [ RunTime:0.000436s ]
SQL: SHOW COLUMNS FROM `bc_article` [ RunTime:0.002521s ]
SQL: SELECT * FROM `bc_article` WHERE ( id=7 ) LIMIT 1   [ RunTime:0.000354s ]
SQL: SHOW COLUMNS FROM `bc_category` [ RunTime:0.003068s ]
SQL: SELECT * FROM `bc_category` WHERE ( 1=1 AND id='1' ) LIMIT 1   [ RunTime:0.000400s ]
INFO: [ view_template ] --START--
INFO: Run LocationTemplate Behavior [ RunTime:0.001571s ]
INFO: [ view_template ] --END-- [ RunTime:0.001671s ]
INFO: [ view_parse ] --START--
NOTIC: [8] Use of undefined constant cid - assumed 'cid' D:\wamp\www\dream\admin\Runtime\Cache\4c7fd10fa1d942b33dfdf820618c379f.php 第 56 行.
NOTIC: [8] Use of undefined constant cid - assumed 'cid' D:\wamp\www\dream\admin\Runtime\Cache\4c7fd10fa1d942b33dfdf820618c379f.php 第 56 行.
NOTIC: [8] Use of undefined constant cid - assumed 'cid' D:\wamp\www\dream\admin\Runtime\Cache\4c7fd10fa1d942b33dfdf820618c379f.php 第 56 行.
NOTIC: [8] Use of undefined constant cid - assumed 'cid' D:\wamp\www\dream\admin\Runtime\Cache\4c7fd10fa1d942b33dfdf820618c379f.php 第 56 行.
NOTIC: [8] Use of undefined constant cid - assumed 'cid' D:\wamp\www\dream\admin\Runtime\Cache\4c7fd10fa1d942b33dfdf820618c379f.php 第 56 行.
NOTIC: [8] Use of undefined constant cid - assumed 'cid' D:\wamp\www\dream\admin\Runtime\Cache\4c7fd10fa1d942b33dfdf820618c379f.php 第 56 行.
NOTIC: [8] Use of undefined constant img - assumed 'img' D:\wamp\www\dream\admin\Runtime\Cache\4c7fd10fa1d942b33dfdf820618c379f.php 第 66 行.
NOTIC: [8] Undefined index: form D:\wamp\www\dream\admin\Runtime\Cache\4c7fd10fa1d942b33dfdf820618c379f.php 第 79 行.
INFO: Run ParseTemplate Behavior [ RunTime:0.012410s ]
INFO: [ view_parse ] --END-- [ RunTime:0.012485s ]
INFO: [ view_filter ] --START--
INFO: Run ContentReplace Behavior [ RunTime:0.000593s ]
INFO: Run TokenBuild Behavior [ RunTime:0.000505s ]
INFO: Run WriteHtmlCache Behavior [ RunTime:0.000349s ]
INFO: Run ShowRuntime Behavior [ RunTime:0.000574s ]
INFO: [ view_filter ] --END-- [ RunTime:0.002192s ]
INFO: [ view_end ] --START--
INFO: Run ShowPageTrace Behavior [ RunTime:0.000625s ]
INFO: [ view_end ] --END-- [ RunTime:0.000678s ]

[ 2013-07-30T15:01:48+08:00 ] 127.0.0.1 /dream/admin.php/Article/doEdit
INFO: [ route_check ] --START--
INFO: Run CheckRoute Behavior [ RunTime:0.000813s ]
INFO: [ route_check ] --END-- [ RunTime:0.000893s ]
INFO: [ app_begin ] --START--
INFO: Run ReadHtmlCache Behavior [ RunTime:0.000569s ]
INFO: [ app_begin ] --END-- [ RunTime:0.000626s ]
SQL: SHOW COLUMNS FROM `bc_article` [ RunTime:0.003385s ]
NOTIC: [8] Undefined index: img D:\wamp\www\dream\admin\Lib\Action\ArticleAction.class.php 第 68 行.
NOTIC: [2] unlink(./Public/uploads/) [<a href='function.unlink'>function.unlink</a>]: Permission denied D:\wamp\www\dream\admin\Lib\Action\ArticleAction.class.php 第 70 行.
NOTIC: [8] Undefined index: img D:\wamp\www\dream\admin\Lib\Action\ArticleAction.class.php 第 72 行.
SQL: UPDATE `bc_article` SET `cid`=1,`title`='测试栏目9789',`content`='测试栏目测试栏目测试栏目测试栏目测试栏目测试栏目测试栏目测试栏目测试栏目测试栏目测试栏目测试栏目蝇营狗苟',`from`='',`author`='管理员',`addtime`='2013-07-25 00:00:00' WHERE ( `id` = 7 ) [ RunTime:0.000542s ]
INFO: [ view_template ] --START--
INFO: Run LocationTemplate Behavior [ RunTime:0.005078s ]
INFO: [ view_template ] --END-- [ RunTime:0.005166s ]
INFO: [ view_parse ] --START--
INFO: Run ParseTemplate Behavior [ RunTime:0.021018s ]
INFO: [ view_parse ] --END-- [ RunTime:0.021106s ]
INFO: [ view_filter ] --START--
INFO: Run ContentReplace Behavior [ RunTime:0.002614s ]
INFO: Run TokenBuild Behavior [ RunTime:0.002483s ]
INFO: Run WriteHtmlCache Behavior [ RunTime:0.002645s ]
INFO: Run ShowRuntime Behavior [ RunTime:0.002634s ]
INFO: [ view_filter ] --END-- [ RunTime:0.010545s ]
INFO: [ view_end ] --START--
INFO: Run ShowPageTrace Behavior [ RunTime:0.002710s ]
INFO: [ view_end ] --END-- [ RunTime:0.002768s ]

[ 2013-07-30T15:01:49+08:00 ] 127.0.0.1 /dream/admin.php/Article/edit
INFO: [ route_check ] --START--
INFO: Run CheckRoute Behavior [ RunTime:0.002587s ]
INFO: [ route_check ] --END-- [ RunTime:0.002670s ]
INFO: [ app_begin ] --START--
INFO: Run ReadHtmlCache Behavior [ RunTime:0.002232s ]
INFO: [ app_begin ] --END-- [ RunTime:0.002297s ]

[ 2013-07-30T15:01:49+08:00 ] 127.0.0.1 /dream/admin.php/Article/index.html
INFO: [ route_check ] --START--
INFO: Run CheckRoute Behavior [ RunTime:0.002798s ]
INFO: [ route_check ] --END-- [ RunTime:0.002889s ]
INFO: [ app_begin ] --START--
INFO: Run ReadHtmlCache Behavior [ RunTime:0.002393s ]
INFO: [ app_begin ] --END-- [ RunTime:0.002462s ]
SQL: SHOW COLUMNS FROM `bc_article` [ RunTime:0.003086s ]
SQL: SELECT * FROM `bc_article` ORDER BY id  [ RunTime:0.000408s ]
SQL: SHOW COLUMNS FROM `bc_category` [ RunTime:0.003811s ]
SQL: SELECT * FROM `bc_category` WHERE ( 1=1 AND id='1' ) LIMIT 1   [ RunTime:0.000408s ]
SQL: SELECT * FROM `bc_category` WHERE ( 1=1 AND id='1' ) LIMIT 1   [ RunTime:0.000311s ]
SQL: SELECT * FROM `bc_category` WHERE ( 1=1 AND id='1' ) LIMIT 1   [ RunTime:0.000299s ]
INFO: [ view_template ] --START--
INFO: Run LocationTemplate Behavior [ RunTime:0.003779s ]
INFO: [ view_template ] --END-- [ RunTime:0.003873s ]
INFO: [ view_parse ] --START--
NOTIC: [8] Undefined variable: page D:\wamp\www\dream\admin\Runtime\Cache\6a0fa1355e20b485f823227ab394fc93.php 第 90 行.
INFO: Run ParseTemplate Behavior [ RunTime:0.017489s ]
INFO: [ view_parse ] --END-- [ RunTime:0.017556s ]
INFO: [ view_filter ] --START--
INFO: Run ContentReplace Behavior [ RunTime:0.001786s ]
INFO: Run TokenBuild Behavior [ RunTime:0.001802s ]
INFO: Run WriteHtmlCache Behavior [ RunTime:0.001763s ]
INFO: Run ShowRuntime Behavior [ RunTime:0.001876s ]
INFO: [ view_filter ] --END-- [ RunTime:0.007402s ]
INFO: [ view_end ] --START--
INFO: Run ShowPageTrace Behavior [ RunTime:0.001999s ]
INFO: [ view_end ] --END-- [ RunTime:0.002066s ]

[ 2013-07-30T15:56:58+08:00 ] 127.0.0.1 /dream/admin.php/Article/edit/id/7
INFO: [ route_check ] --START--
INFO: Run CheckRoute Behavior [ RunTime:0.002708s ]
INFO: [ route_check ] --END-- [ RunTime:0.002793s ]
INFO: [ app_begin ] --START--
INFO: Run ReadHtmlCache Behavior [ RunTime:0.008275s ]
INFO: [ app_begin ] --END-- [ RunTime:0.008345s ]
SQL: SHOW COLUMNS FROM `bc_article` [ RunTime:0.011963s ]
SQL: SELECT `cid` FROM `bc_article` WHERE ( id=7 ) LIMIT 1   [ RunTime:0.017723s ]
SQL: SHOW COLUMNS FROM `bc_category` [ RunTime:0.010104s ]
SQL: SELECT `moduleid` FROM `bc_category` WHERE ( id=1 ) LIMIT 1   [ RunTime:0.019186s ]
SQL: SELECT * FROM `bc_category` WHERE ( moduleid =2 )  [ RunTime:0.000487s ]
SQL: SHOW COLUMNS FROM `bc_article` [ RunTime:0.002990s ]
SQL: SELECT * FROM `bc_article` WHERE ( id=7 ) LIMIT 1   [ RunTime:0.000381s ]
SQL: SHOW COLUMNS FROM `bc_category` [ RunTime:0.003659s ]
SQL: SELECT * FROM `bc_category` WHERE ( 1=1 AND id='1' ) LIMIT 1   [ RunTime:0.000428s ]
INFO: [ view_template ] --START--
INFO: Run LocationTemplate Behavior [ RunTime:0.019421s ]
INFO: [ view_template ] --END-- [ RunTime:0.019520s ]
INFO: [ view_parse ] --START--
NOTIC: [8] Use of undefined constant cid - assumed 'cid' D:\wamp\www\dream\admin\Runtime\Cache\4c7fd10fa1d942b33dfdf820618c379f.php 第 56 行.
NOTIC: [8] Use of undefined constant cid - assumed 'cid' D:\wamp\www\dream\admin\Runtime\Cache\4c7fd10fa1d942b33dfdf820618c379f.php 第 56 行.
NOTIC: [8] Use of undefined constant cid - assumed 'cid' D:\wamp\www\dream\admin\Runtime\Cache\4c7fd10fa1d942b33dfdf820618c379f.php 第 56 行.
NOTIC: [8] Use of undefined constant cid - assumed 'cid' D:\wamp\www\dream\admin\Runtime\Cache\4c7fd10fa1d942b33dfdf820618c379f.php 第 56 行.
NOTIC: [8] Use of undefined constant cid - assumed 'cid' D:\wamp\www\dream\admin\Runtime\Cache\4c7fd10fa1d942b33dfdf820618c379f.php 第 56 行.
NOTIC: [8] Use of undefined constant cid - assumed 'cid' D:\wamp\www\dream\admin\Runtime\Cache\4c7fd10fa1d942b33dfdf820618c379f.php 第 56 行.
NOTIC: [8] Use of undefined constant img - assumed 'img' D:\wamp\www\dream\admin\Runtime\Cache\4c7fd10fa1d942b33dfdf820618c379f.php 第 66 行.
NOTIC: [8] Undefined index: form D:\wamp\www\dream\admin\Runtime\Cache\4c7fd10fa1d942b33dfdf820618c379f.php 第 79 行.
INFO: Run ParseTemplate Behavior [ RunTime:0.107393s ]
INFO: [ view_parse ] --END-- [ RunTime:0.107460s ]
INFO: [ view_filter ] --START--
INFO: Run ContentReplace Behavior [ RunTime:0.001205s ]
INFO: Run TokenBuild Behavior [ RunTime:0.008100s ]
INFO: Run WriteHtmlCache Behavior [ RunTime:0.001194s ]
INFO: Run ShowRuntime Behavior [ RunTime:0.001379s ]
INFO: [ view_filter ] --END-- [ RunTime:0.012063s ]
INFO: [ view_end ] --START--
INFO: Run ShowPageTrace Behavior [ RunTime:0.001529s ]
INFO: [ view_end ] --END-- [ RunTime:0.001586s ]

[ 2013-07-30T15:57:02+08:00 ] 127.0.0.1 /dream/admin.php/Article/doEdit
INFO: [ route_check ] --START--
INFO: Run CheckRoute Behavior [ RunTime:0.001339s ]
INFO: [ route_check ] --END-- [ RunTime:0.001419s ]
INFO: [ app_begin ] --START--
INFO: Run ReadHtmlCache Behavior [ RunTime:0.001146s ]
INFO: [ app_begin ] --END-- [ RunTime:0.001207s ]
SQL: SHOW COLUMNS FROM `bc_article` [ RunTime:0.002700s ]
SQL: UPDATE `bc_article` SET `cid`=1,`title`='测试栏目9789',`content`='测试栏目测试栏目测试栏目测试栏目测试栏目测试栏目测试栏目测试栏目测试栏目测试栏目测试栏目测试栏目蝇营狗苟',`from`='',`author`='管理员',`addtime`='2013-07-25 00:00:00' WHERE ( `id` = 7 ) [ RunTime:0.000331s ]
INFO: [ view_template ] --START--
INFO: Run LocationTemplate Behavior [ RunTime:0.002099s ]
INFO: [ view_template ] --END-- [ RunTime:0.002182s ]
INFO: [ view_parse ] --START--
INFO: Run ParseTemplate Behavior [ RunTime:0.032323s ]
INFO: [ view_parse ] --END-- [ RunTime:0.032413s ]
INFO: [ view_filter ] --START--
INFO: Run ContentReplace Behavior [ RunTime:0.000978s ]
INFO: Run TokenBuild Behavior [ RunTime:0.000989s ]
INFO: Run WriteHtmlCache Behavior [ RunTime:0.000868s ]
INFO: Run ShowRuntime Behavior [ RunTime:0.001071s ]
INFO: [ view_filter ] --END-- [ RunTime:0.004096s ]
INFO: [ view_end ] --START--
INFO: Run ShowPageTrace Behavior [ RunTime:0.001362s ]
INFO: [ view_end ] --END-- [ RunTime:0.001424s ]

[ 2013-07-30T15:57:05+08:00 ] 127.0.0.1 /dream/admin.php/Article/edit
INFO: [ route_check ] --START--
INFO: Run CheckRoute Behavior [ RunTime:0.001360s ]
INFO: [ route_check ] --END-- [ RunTime:0.001440s ]
INFO: [ app_begin ] --START--
INFO: Run ReadHtmlCache Behavior [ RunTime:0.001125s ]
INFO: [ app_begin ] --END-- [ RunTime:0.001184s ]

[ 2013-07-30T15:57:05+08:00 ] 127.0.0.1 /dream/admin.php/Article/index.html
INFO: [ route_check ] --START--
INFO: Run CheckRoute Behavior [ RunTime:0.001368s ]
INFO: [ route_check ] --END-- [ RunTime:0.001446s ]
INFO: [ app_begin ] --START--
INFO: Run ReadHtmlCache Behavior [ RunTime:0.001127s ]
INFO: [ app_begin ] --END-- [ RunTime:0.001187s ]
SQL: SHOW COLUMNS FROM `bc_article` [ RunTime:0.002480s ]
SQL: SELECT * FROM `bc_article` ORDER BY id  [ RunTime:0.000347s ]
SQL: SHOW COLUMNS FROM `bc_category` [ RunTime:0.002966s ]
SQL: SELECT * FROM `bc_category` WHERE ( 1=1 AND id='1' ) LIMIT 1   [ RunTime:0.000369s ]
SQL: SELECT * FROM `bc_category` WHERE ( 1=1 AND id='1' ) LIMIT 1   [ RunTime:0.000295s ]
SQL: SELECT * FROM `bc_category` WHERE ( 1=1 AND id='1' ) LIMIT 1   [ RunTime:0.000287s ]
INFO: [ view_template ] --START--
INFO: Run LocationTemplate Behavior [ RunTime:0.002213s ]
INFO: [ view_template ] --END-- [ RunTime:0.002296s ]
INFO: [ view_parse ] --START--
NOTIC: [8] Undefined variable: page D:\wamp\www\dream\admin\Runtime\Cache\6a0fa1355e20b485f823227ab394fc93.php 第 90 行.
INFO: Run ParseTemplate Behavior [ RunTime:0.028301s ]
INFO: [ view_parse ] --END-- [ RunTime:0.028383s ]
INFO: [ view_filter ] --START--
INFO: Run ContentReplace Behavior [ RunTime:0.001009s ]
INFO: Run TokenBuild Behavior [ RunTime:0.000970s ]
INFO: Run WriteHtmlCache Behavior [ RunTime:0.000934s ]
INFO: Run ShowRuntime Behavior [ RunTime:0.001193s ]
INFO: [ view_filter ] --END-- [ RunTime:0.004286s ]
INFO: [ view_end ] --START--
INFO: Run ShowPageTrace Behavior [ RunTime:0.001272s ]
INFO: [ view_end ] --END-- [ RunTime:0.001339s ]

[ 2013-07-30T15:57:17+08:00 ] 127.0.0.1 /dream/admin.php/Article/edit/id/7
INFO: [ route_check ] --START--
INFO: Run CheckRoute Behavior [ RunTime:0.001790s ]
INFO: [ route_check ] --END-- [ RunTime:0.001871s ]
INFO: [ app_begin ] --START--
INFO: Run ReadHtmlCache Behavior [ RunTime:0.001126s ]
INFO: [ app_begin ] --END-- [ RunTime:0.001186s ]
SQL: SHOW COLUMNS FROM `bc_article` [ RunTime:0.002703s ]
SQL: SELECT `cid` FROM `bc_article` WHERE ( id=7 ) LIMIT 1   [ RunTime:0.000329s ]
SQL: SHOW COLUMNS FROM `bc_category` [ RunTime:0.003258s ]
SQL: SELECT `moduleid` FROM `bc_category` WHERE ( id=1 ) LIMIT 1   [ RunTime:0.000385s ]
SQL: SELECT * FROM `bc_category` WHERE ( moduleid =2 )  [ RunTime:0.000484s ]
SQL: SHOW COLUMNS FROM `bc_article` [ RunTime:0.002694s ]
SQL: SELECT * FROM `bc_article` WHERE ( id=7 ) LIMIT 1   [ RunTime:0.000369s ]
SQL: SHOW COLUMNS FROM `bc_category` [ RunTime:0.002937s ]
SQL: SELECT * FROM `bc_category` WHERE ( 1=1 AND id='1' ) LIMIT 1   [ RunTime:0.000472s ]
INFO: [ view_template ] --START--
INFO: Run LocationTemplate Behavior [ RunTime:0.002567s ]
INFO: [ view_template ] --END-- [ RunTime:0.002644s ]
INFO: [ view_parse ] --START--
NOTIC: [8] Use of undefined constant cid - assumed 'cid' D:\wamp\www\dream\admin\Runtime\Cache\4c7fd10fa1d942b33dfdf820618c379f.php 第 56 行.
NOTIC: [8] Use of undefined constant cid - assumed 'cid' D:\wamp\www\dream\admin\Runtime\Cache\4c7fd10fa1d942b33dfdf820618c379f.php 第 56 行.
NOTIC: [8] Use of undefined constant cid - assumed 'cid' D:\wamp\www\dream\admin\Runtime\Cache\4c7fd10fa1d942b33dfdf820618c379f.php 第 56 行.
NOTIC: [8] Use of undefined constant cid - assumed 'cid' D:\wamp\www\dream\admin\Runtime\Cache\4c7fd10fa1d942b33dfdf820618c379f.php 第 56 行.
NOTIC: [8] Use of undefined constant cid - assumed 'cid' D:\wamp\www\dream\admin\Runtime\Cache\4c7fd10fa1d942b33dfdf820618c379f.php 第 56 行.
NOTIC: [8] Use of undefined constant cid - assumed 'cid' D:\wamp\www\dream\admin\Runtime\Cache\4c7fd10fa1d942b33dfdf820618c379f.php 第 56 行.
NOTIC: [8] Use of undefined constant img - assumed 'img' D:\wamp\www\dream\admin\Runtime\Cache\4c7fd10fa1d942b33dfdf820618c379f.php 第 66 行.
NOTIC: [8] Undefined index: form D:\wamp\www\dream\admin\Runtime\Cache\4c7fd10fa1d942b33dfdf820618c379f.php 第 79 行.
INFO: Run ParseTemplate Behavior [ RunTime:0.015392s ]
INFO: [ view_parse ] --END-- [ RunTime:0.015459s ]
INFO: [ view_filter ] --START--
INFO: Run ContentReplace Behavior [ RunTime:0.001167s ]
INFO: Run TokenBuild Behavior [ RunTime:0.000998s ]
INFO: Run WriteHtmlCache Behavior [ RunTime:0.000871s ]
INFO: Run ShowRuntime Behavior [ RunTime:0.001058s ]
INFO: [ view_filter ] --END-- [ RunTime:0.004271s ]
INFO: [ view_end ] --START--
INFO: Run ShowPageTrace Behavior [ RunTime:0.001174s ]
INFO: [ view_end ] --END-- [ RunTime:0.001229s ]

[ 2013-07-30T15:57:21+08:00 ] 127.0.0.1 /dream/admin.php/Article/doEdit
INFO: [ route_check ] --START--
INFO: Run CheckRoute Behavior [ RunTime:0.001340s ]
INFO: [ route_check ] --END-- [ RunTime:0.001420s ]
INFO: [ app_begin ] --START--
INFO: Run ReadHtmlCache Behavior [ RunTime:0.000994s ]
INFO: [ app_begin ] --END-- [ RunTime:0.001057s ]
SQL: SHOW COLUMNS FROM `bc_article` [ RunTime:0.002613s ]
SQL: UPDATE `bc_article` SET `cid`=1,`title`='测试栏目9789',`content`='测试栏目测试栏目测试栏目测试栏目测试栏目测试栏目测试栏目测试栏目测试栏目测试栏目测试栏目测试栏目蝇营狗苟',`from`='',`author`='管理员',`addtime`='2013-07-25 00:00:00' WHERE ( `id` = 7 ) [ RunTime:0.000331s ]
INFO: [ view_template ] --START--
INFO: Run LocationTemplate Behavior [ RunTime:0.001695s ]
INFO: [ view_template ] --END-- [ RunTime:0.001760s ]
INFO: [ view_parse ] --START--
INFO: Run ParseTemplate Behavior [ RunTime:0.011881s ]
INFO: [ view_parse ] --END-- [ RunTime:0.011967s ]
INFO: [ view_filter ] --START--
INFO: Run ContentReplace Behavior [ RunTime:0.000975s ]
INFO: Run TokenBuild Behavior [ RunTime:0.001131s ]
INFO: Run WriteHtmlCache Behavior [ RunTime:0.000899s ]
INFO: Run ShowRuntime Behavior [ RunTime:0.001092s ]
INFO: [ view_filter ] --END-- [ RunTime:0.004300s ]
INFO: [ view_end ] --START--
INFO: Run ShowPageTrace Behavior [ RunTime:0.001172s ]
INFO: [ view_end ] --END-- [ RunTime:0.001228s ]

[ 2013-07-30T15:57:24+08:00 ] 127.0.0.1 /dream/admin.php/Article/edit
INFO: [ route_check ] --START--
INFO: Run CheckRoute Behavior [ RunTime:0.001370s ]
INFO: [ route_check ] --END-- [ RunTime:0.001452s ]
INFO: [ app_begin ] --START--
INFO: Run ReadHtmlCache Behavior [ RunTime:0.000993s ]
INFO: [ app_begin ] --END-- [ RunTime:0.001052s ]

[ 2013-07-30T15:57:24+08:00 ] 127.0.0.1 /dream/admin.php/Article/index.html
INFO: [ route_check ] --START--
INFO: Run CheckRoute Behavior [ RunTime:0.001351s ]
INFO: [ route_check ] --END-- [ RunTime:0.001429s ]
INFO: [ app_begin ] --START--
INFO: Run ReadHtmlCache Behavior [ RunTime:0.000988s ]
INFO: [ app_begin ] --END-- [ RunTime:0.001048s ]
SQL: SHOW COLUMNS FROM `bc_article` [ RunTime:0.003318s ]
SQL: SELECT * FROM `bc_article` ORDER BY id  [ RunTime:0.000420s ]
SQL: SHOW COLUMNS FROM `bc_category` [ RunTime:0.003034s ]
SQL: SELECT * FROM `bc_category` WHERE ( 1=1 AND id='1' ) LIMIT 1   [ RunTime:0.000414s ]
SQL: SELECT * FROM `bc_category` WHERE ( 1=1 AND id='1' ) LIMIT 1   [ RunTime:0.000336s ]
SQL: SELECT * FROM `bc_category` WHERE ( 1=1 AND id='1' ) LIMIT 1   [ RunTime:0.000313s ]
INFO: [ view_template ] --START--
INFO: Run LocationTemplate Behavior [ RunTime:0.002257s ]
INFO: [ view_template ] --END-- [ RunTime:0.002341s ]
INFO: [ view_parse ] --START--
NOTIC: [8] Undefined variable: page D:\wamp\www\dream\admin\Runtime\Cache\6a0fa1355e20b485f823227ab394fc93.php 第 90 行.
INFO: Run ParseTemplate Behavior [ RunTime:0.013447s ]
INFO: [ view_parse ] --END-- [ RunTime:0.013512s ]
INFO: [ view_filter ] --START--
INFO: Run ContentReplace Behavior [ RunTime:0.000991s ]
INFO: Run TokenBuild Behavior [ RunTime:0.000981s ]
INFO: Run WriteHtmlCache Behavior [ RunTime:0.000863s ]
INFO: Run ShowRuntime Behavior [ RunTime:0.001252s ]
INFO: [ view_filter ] --END-- [ RunTime:0.004263s ]
INFO: [ view_end ] --START--
INFO: Run ShowPageTrace Behavior [ RunTime:0.001209s ]
INFO: [ view_end ] --END-- [ RunTime:0.001273s ]

[ 2013-07-30T15:58:03+08:00 ] 127.0.0.1 /dream/admin.php/Article/edit/id/7
INFO: [ route_check ] --START--
INFO: Run CheckRoute Behavior [ RunTime:0.001663s ]
INFO: [ route_check ] --END-- [ RunTime:0.001773s ]
INFO: [ app_begin ] --START--
INFO: Run ReadHtmlCache Behavior [ RunTime:0.000911s ]
INFO: [ app_begin ] --END-- [ RunTime:0.000976s ]
SQL: SHOW COLUMNS FROM `bc_article` [ RunTime:0.003034s ]
SQL: SELECT `cid` FROM `bc_article` WHERE ( id=7 ) LIMIT 1   [ RunTime:0.000303s ]
SQL: SHOW COLUMNS FROM `bc_category` [ RunTime:0.002861s ]
SQL: SELECT `moduleid` FROM `bc_category` WHERE ( id=1 ) LIMIT 1   [ RunTime:0.000284s ]
SQL: SELECT * FROM `bc_category` WHERE ( moduleid =2 )  [ RunTime:0.000445s ]
SQL: SHOW COLUMNS FROM `bc_article` [ RunTime:0.002604s ]
SQL: SELECT * FROM `bc_article` WHERE ( id=7 ) LIMIT 1   [ RunTime:0.000292s ]
SQL: SHOW COLUMNS FROM `bc_category` [ RunTime:0.003766s ]
SQL: SELECT * FROM `bc_category` WHERE ( 1=1 AND id='1' ) LIMIT 1   [ RunTime:0.000425s ]
INFO: [ view_template ] --START--
INFO: Run LocationTemplate Behavior [ RunTime:0.001972s ]
INFO: [ view_template ] --END-- [ RunTime:0.002082s ]
INFO: [ view_parse ] --START--
NOTIC: [8] Use of undefined constant cid - assumed 'cid' D:\wamp\www\dream\admin\Runtime\Cache\4c7fd10fa1d942b33dfdf820618c379f.php 第 56 行.
NOTIC: [8] Use of undefined constant cid - assumed 'cid' D:\wamp\www\dream\admin\Runtime\Cache\4c7fd10fa1d942b33dfdf820618c379f.php 第 56 行.
NOTIC: [8] Use of undefined constant cid - assumed 'cid' D:\wamp\www\dream\admin\Runtime\Cache\4c7fd10fa1d942b33dfdf820618c379f.php 第 56 行.
NOTIC: [8] Use of undefined constant cid - assumed 'cid' D:\wamp\www\dream\admin\Runtime\Cache\4c7fd10fa1d942b33dfdf820618c379f.php 第 56 行.
NOTIC: [8] Use of undefined constant cid - assumed 'cid' D:\wamp\www\dream\admin\Runtime\Cache\4c7fd10fa1d942b33dfdf820618c379f.php 第 56 行.
NOTIC: [8] Use of undefined constant cid - assumed 'cid' D:\wamp\www\dream\admin\Runtime\Cache\4c7fd10fa1d942b33dfdf820618c379f.php 第 56 行.
NOTIC: [8] Use of undefined constant img - assumed 'img' D:\wamp\www\dream\admin\Runtime\Cache\4c7fd10fa1d942b33dfdf820618c379f.php 第 66 行.
NOTIC: [8] Undefined index: form D:\wamp\www\dream\admin\Runtime\Cache\4c7fd10fa1d942b33dfdf820618c379f.php 第 79 行.
INFO: Run ParseTemplate Behavior [ RunTime:0.016196s ]
INFO: [ view_parse ] --END-- [ RunTime:0.016262s ]
INFO: [ view_filter ] --START--
INFO: Run ContentReplace Behavior [ RunTime:0.001033s ]
INFO: Run TokenBuild Behavior [ RunTime:0.000993s ]
INFO: Run WriteHtmlCache Behavior [ RunTime:0.001047s ]
INFO: Run ShowRuntime Behavior [ RunTime:0.001110s ]
INFO: [ view_filter ] --END-- [ RunTime:0.004351s ]
INFO: [ view_end ] --START--
INFO: Run ShowPageTrace Behavior [ RunTime:0.001183s ]
INFO: [ view_end ] --END-- [ RunTime:0.001239s ]

[ 2013-07-30T15:58:06+08:00 ] 127.0.0.1 /dream/admin.php/Article/doEdit
INFO: [ route_check ] --START--
INFO: Run CheckRoute Behavior [ RunTime:0.000786s ]
INFO: [ route_check ] --END-- [ RunTime:0.000863s ]
INFO: [ app_begin ] --START--
INFO: Run ReadHtmlCache Behavior [ RunTime:0.000575s ]
INFO: [ app_begin ] --END-- [ RunTime:0.000631s ]
SQL: SHOW COLUMNS FROM `bc_article` [ RunTime:0.002626s ]
SQL: UPDATE `bc_article` SET `cid`=1,`title`='测试栏目9789',`content`='测试栏目测试栏目测试栏目测试栏目测试栏目测试栏目测试栏目测试栏目测试栏目测试栏目测试栏目测试栏目蝇营狗苟',`from`='',`author`='管理员',`addtime`='2013-07-25 00:00:00' WHERE ( `id` = 7 ) [ RunTime:0.000392s ]
INFO: [ view_template ] --START--
INFO: Run LocationTemplate Behavior [ RunTime:0.000923s ]
INFO: [ view_template ] --END-- [ RunTime:0.000988s ]
INFO: [ view_parse ] --START--
INFO: Run ParseTemplate Behavior [ RunTime:0.007495s ]
INFO: [ view_parse ] --END-- [ RunTime:0.007574s ]
INFO: [ view_filter ] --START--
INFO: Run ContentReplace Behavior [ RunTime:0.000964s ]
INFO: Run TokenBuild Behavior [ RunTime:0.001012s ]
INFO: Run WriteHtmlCache Behavior [ RunTime:0.001078s ]
INFO: Run ShowRuntime Behavior [ RunTime:0.001175s ]
INFO: [ view_filter ] --END-- [ RunTime:0.004747s ]
INFO: [ view_end ] --START--
INFO: Run ShowPageTrace Behavior [ RunTime:0.001604s ]
INFO: [ view_end ] --END-- [ RunTime:0.001676s ]

[ 2013-07-30T15:58:09+08:00 ] 127.0.0.1 /dream/admin.php/Article/edit
INFO: [ route_check ] --START--
INFO: Run CheckRoute Behavior [ RunTime:0.000811s ]
INFO: [ route_check ] --END-- [ RunTime:0.000899s ]
INFO: [ app_begin ] --START--
INFO: Run ReadHtmlCache Behavior [ RunTime:0.000571s ]
INFO: [ app_begin ] --END-- [ RunTime:0.000628s ]

[ 2013-07-30T15:58:09+08:00 ] 127.0.0.1 /dream/admin.php/Article/index.html
INFO: [ route_check ] --START--
INFO: Run CheckRoute Behavior [ RunTime:0.000779s ]
INFO: [ route_check ] --END-- [ RunTime:0.000856s ]
INFO: [ app_begin ] --START--
INFO: Run ReadHtmlCache Behavior [ RunTime:0.000568s ]
INFO: [ app_begin ] --END-- [ RunTime:0.000626s ]
SQL: SHOW COLUMNS FROM `bc_article` [ RunTime:0.002689s ]
SQL: SELECT * FROM `bc_article` ORDER BY id  [ RunTime:0.000407s ]
SQL: SHOW COLUMNS FROM `bc_category` [ RunTime:0.003072s ]
SQL: SELECT * FROM `bc_category` WHERE ( 1=1 AND id='1' ) LIMIT 1   [ RunTime:0.000424s ]
SQL: SELECT * FROM `bc_category` WHERE ( 1=1 AND id='1' ) LIMIT 1   [ RunTime:0.000327s ]
SQL: SELECT * FROM `bc_category` WHERE ( 1=1 AND id='1' ) LIMIT 1   [ RunTime:0.000314s ]
INFO: [ view_template ] --START--
INFO: Run LocationTemplate Behavior [ RunTime:0.001066s ]
INFO: [ view_template ] --END-- [ RunTime:0.001144s ]
INFO: [ view_parse ] --START--
NOTIC: [8] Undefined variable: page D:\wamp\www\dream\admin\Runtime\Cache\6a0fa1355e20b485f823227ab394fc93.php 第 90 行.
INFO: Run ParseTemplate Behavior [ RunTime:0.008988s ]
INFO: [ view_parse ] --END-- [ RunTime:0.009058s ]
INFO: [ view_filter ] --START--
INFO: Run ContentReplace Behavior [ RunTime:0.000993s ]
INFO: Run TokenBuild Behavior [ RunTime:0.000978s ]
INFO: Run WriteHtmlCache Behavior [ RunTime:0.000860s ]
INFO: Run ShowRuntime Behavior [ RunTime:0.001089s ]
INFO: [ view_filter ] --END-- [ RunTime:0.004091s ]
INFO: [ view_end ] --START--
INFO: Run ShowPageTrace Behavior [ RunTime:0.001180s ]
INFO: [ view_end ] --END-- [ RunTime:0.001244s ]

[ 2013-07-30T15:58:11+08:00 ] 127.0.0.1 /dream/admin.php/Article/edit/id/6
INFO: [ route_check ] --START--
INFO: Run CheckRoute Behavior [ RunTime:0.000852s ]
INFO: [ route_check ] --END-- [ RunTime:0.001036s ]
INFO: [ app_begin ] --START--
INFO: Run ReadHtmlCache Behavior [ RunTime:0.000574s ]
INFO: [ app_begin ] --END-- [ RunTime:0.000636s ]
SQL: SHOW COLUMNS FROM `bc_article` [ RunTime:0.002627s ]
SQL: SELECT `cid` FROM `bc_article` WHERE ( id=6 ) LIMIT 1   [ RunTime:0.000343s ]
SQL: SHOW COLUMNS FROM `bc_category` [ RunTime:0.003087s ]
SQL: SELECT `moduleid` FROM `bc_category` WHERE ( id=1 ) LIMIT 1   [ RunTime:0.000324s ]
SQL: SELECT * FROM `bc_category` WHERE ( moduleid =2 )  [ RunTime:0.000441s ]
SQL: SHOW COLUMNS FROM `bc_article` [ RunTime:0.002407s ]
SQL: SELECT * FROM `bc_article` WHERE ( id=6 ) LIMIT 1   [ RunTime:0.000356s ]
SQL: SHOW COLUMNS FROM `bc_category` [ RunTime:0.002938s ]
SQL: SELECT * FROM `bc_category` WHERE ( 1=1 AND id='1' ) LIMIT 1   [ RunTime:0.000429s ]
INFO: [ view_template ] --START--
INFO: Run LocationTemplate Behavior [ RunTime:0.000536s ]
INFO: [ view_template ] --END-- [ RunTime:0.000611s ]
INFO: [ view_parse ] --START--
NOTIC: [8] Use of undefined constant cid - assumed 'cid' D:\wamp\www\dream\admin\Runtime\Cache\4c7fd10fa1d942b33dfdf820618c379f.php 第 56 行.
NOTIC: [8] Use of undefined constant cid - assumed 'cid' D:\wamp\www\dream\admin\Runtime\Cache\4c7fd10fa1d942b33dfdf820618c379f.php 第 56 行.
NOTIC: [8] Use of undefined constant cid - assumed 'cid' D:\wamp\www\dream\admin\Runtime\Cache\4c7fd10fa1d942b33dfdf820618c379f.php 第 56 行.
NOTIC: [8] Use of undefined constant cid - assumed 'cid' D:\wamp\www\dream\admin\Runtime\Cache\4c7fd10fa1d942b33dfdf820618c379f.php 第 56 行.
NOTIC: [8] Use of undefined constant cid - assumed 'cid' D:\wamp\www\dream\admin\Runtime\Cache\4c7fd10fa1d942b33dfdf820618c379f.php 第 56 行.
NOTIC: [8] Use of undefined constant cid - assumed 'cid' D:\wamp\www\dream\admin\Runtime\Cache\4c7fd10fa1d942b33dfdf820618c379f.php 第 56 行.
NOTIC: [8] Use of undefined constant img - assumed 'img' D:\wamp\www\dream\admin\Runtime\Cache\4c7fd10fa1d942b33dfdf820618c379f.php 第 66 行.
NOTIC: [8] Undefined index: form D:\wamp\www\dream\admin\Runtime\Cache\4c7fd10fa1d942b33dfdf820618c379f.php 第 79 行.
INFO: Run ParseTemplate Behavior [ RunTime:0.009316s ]
INFO: [ view_parse ] --END-- [ RunTime:0.009377s ]
INFO: [ view_filter ] --START--
INFO: Run ContentReplace Behavior [ RunTime:0.000994s ]
INFO: Run TokenBuild Behavior [ RunTime:0.000963s ]
INFO: Run WriteHtmlCache Behavior [ RunTime:0.000853s ]
INFO: Run ShowRuntime Behavior [ RunTime:0.001056s ]
INFO: [ view_filter ] --END-- [ RunTime:0.004028s ]
INFO: [ view_end ] --START--
INFO: Run ShowPageTrace Behavior [ RunTime:0.001156s ]
INFO: [ view_end ] --END-- [ RunTime:0.001213s ]

[ 2013-07-30T15:58:15+08:00 ] 127.0.0.1 /dream/admin.php/Article/doEdit
INFO: [ route_check ] --START--
INFO: Run CheckRoute Behavior [ RunTime:0.000809s ]
INFO: [ route_check ] --END-- [ RunTime:0.000906s ]
INFO: [ app_begin ] --START--
INFO: Run ReadHtmlCache Behavior [ RunTime:0.000566s ]
INFO: [ app_begin ] --END-- [ RunTime:0.000646s ]
SQL: SHOW COLUMNS FROM `bc_article` [ RunTime:0.002893s ]
SQL: UPDATE `bc_article` SET `cid`=1,`title`='真的新闻系统',`content`='<strong>真的新闻系统</strong><strong>真的新闻系统</strong><strong>真的新闻系统</strong><strong>真的新闻系统</strong><strong>真的新闻系统</strong><strong>真的新闻系统</strong><strong>真的新闻系统</strong><strong>真的新闻系统</strong><strong>真的新闻系统</strong><strong>真的新闻系统</strong><strong>真的新闻系统</strong><strong>真的新闻系统</strong><strong>真的新闻系统</strong>',`from`='',`author`='管理员',`addtime`='2013-07-24 00:00:00' WHERE ( `id` = 6 ) [ RunTime:0.000438s ]
INFO: [ view_template ] --START--
INFO: Run LocationTemplate Behavior [ RunTime:0.000925s ]
INFO: [ view_template ] --END-- [ RunTime:0.000990s ]
INFO: [ view_parse ] --START--
INFO: Run ParseTemplate Behavior [ RunTime:0.007549s ]
INFO: [ view_parse ] --END-- [ RunTime:0.007634s ]
INFO: [ view_filter ] --START--
INFO: Run ContentReplace Behavior [ RunTime:0.001041s ]
INFO: Run TokenBuild Behavior [ RunTime:0.000986s ]
INFO: Run WriteHtmlCache Behavior [ RunTime:0.000871s ]
INFO: Run ShowRuntime Behavior [ RunTime:0.001046s ]
INFO: [ view_filter ] --END-- [ RunTime:0.004144s ]
INFO: [ view_end ] --START--
INFO: Run ShowPageTrace Behavior [ RunTime:0.001145s ]
INFO: [ view_end ] --END-- [ RunTime:0.001200s ]

[ 2013-07-30T15:58:18+08:00 ] 127.0.0.1 /dream/admin.php/Article/edit
INFO: [ route_check ] --START--
INFO: Run CheckRoute Behavior [ RunTime:0.000793s ]
INFO: [ route_check ] --END-- [ RunTime:0.000876s ]
INFO: [ app_begin ] --START--
INFO: Run ReadHtmlCache Behavior [ RunTime:0.000575s ]
INFO: [ app_begin ] --END-- [ RunTime:0.000632s ]

[ 2013-07-30T15:58:18+08:00 ] 127.0.0.1 /dream/admin.php/Article/index.html
INFO: [ route_check ] --START--
INFO: Run CheckRoute Behavior [ RunTime:0.000833s ]
INFO: [ route_check ] --END-- [ RunTime:0.000917s ]
INFO: [ app_begin ] --START--
INFO: Run ReadHtmlCache Behavior [ RunTime:0.000573s ]
INFO: [ app_begin ] --END-- [ RunTime:0.000631s ]
SQL: SHOW COLUMNS FROM `bc_article` [ RunTime:0.002661s ]
SQL: SELECT * FROM `bc_article` ORDER BY id  [ RunTime:0.000455s ]
SQL: SHOW COLUMNS FROM `bc_category` [ RunTime:0.003106s ]
SQL: SELECT * FROM `bc_category` WHERE ( 1=1 AND id='1' ) LIMIT 1   [ RunTime:0.000456s ]
SQL: SELECT * FROM `bc_category` WHERE ( 1=1 AND id='1' ) LIMIT 1   [ RunTime:0.000281s ]
SQL: SELECT * FROM `bc_category` WHERE ( 1=1 AND id='1' ) LIMIT 1   [ RunTime:0.000286s ]
INFO: [ view_template ] --START--
INFO: Run LocationTemplate Behavior [ RunTime:0.001359s ]
INFO: [ view_template ] --END-- [ RunTime:0.001454s ]
INFO: [ view_parse ] --START--
NOTIC: [8] Undefined variable: page D:\wamp\www\dream\admin\Runtime\Cache\6a0fa1355e20b485f823227ab394fc93.php 第 90 行.
INFO: Run ParseTemplate Behavior [ RunTime:0.008876s ]
INFO: [ view_parse ] --END-- [ RunTime:0.008939s ]
INFO: [ view_filter ] --START--
INFO: Run ContentReplace Behavior [ RunTime:0.001031s ]
INFO: Run TokenBuild Behavior [ RunTime:0.001004s ]
INFO: Run WriteHtmlCache Behavior [ RunTime:0.000863s ]
INFO: Run ShowRuntime Behavior [ RunTime:0.001057s ]
INFO: [ view_filter ] --END-- [ RunTime:0.004130s ]
INFO: [ view_end ] --START--
INFO: Run ShowPageTrace Behavior [ RunTime:0.001167s ]
INFO: [ view_end ] --END-- [ RunTime:0.001233s ]

[ 2013-07-30T15:59:40+08:00 ] 127.0.0.1 /dream/admin.php/Article/edit/id/7
INFO: [ route_check ] --START--
INFO: Run CheckRoute Behavior [ RunTime:0.001830s ]
INFO: [ route_check ] --END-- [ RunTime:0.001910s ]
INFO: [ app_begin ] --START--
INFO: Run ReadHtmlCache Behavior [ RunTime:0.001120s ]
INFO: [ app_begin ] --END-- [ RunTime:0.001180s ]
SQL: SHOW COLUMNS FROM `bc_article` [ RunTime:0.002861s ]
SQL: SELECT `cid` FROM `bc_article` WHERE ( id=7 ) LIMIT 1   [ RunTime:0.000355s ]
SQL: SHOW COLUMNS FROM `bc_category` [ RunTime:0.003163s ]
SQL: SELECT `moduleid` FROM `bc_category` WHERE ( id=1 ) LIMIT 1   [ RunTime:0.000321s ]
SQL: SELECT * FROM `bc_category` WHERE ( moduleid =2 )  [ RunTime:0.000502s ]
SQL: SHOW COLUMNS FROM `bc_article` [ RunTime:0.002549s ]
SQL: SELECT * FROM `bc_article` WHERE ( id=7 ) LIMIT 1   [ RunTime:0.000366s ]
SQL: SHOW COLUMNS FROM `bc_category` [ RunTime:0.004738s ]
SQL: SELECT * FROM `bc_category` WHERE ( 1=1 AND id='1' ) LIMIT 1   [ RunTime:0.000473s ]
INFO: [ view_template ] --START--
INFO: Run LocationTemplate Behavior [ RunTime:0.002515s ]
INFO: [ view_template ] --END-- [ RunTime:0.002594s ]
INFO: [ view_parse ] --START--
NOTIC: [8] Use of undefined constant cid - assumed 'cid' D:\wamp\www\dream\admin\Runtime\Cache\4c7fd10fa1d942b33dfdf820618c379f.php 第 56 行.
NOTIC: [8] Use of undefined constant cid - assumed 'cid' D:\wamp\www\dream\admin\Runtime\Cache\4c7fd10fa1d942b33dfdf820618c379f.php 第 56 行.
NOTIC: [8] Use of undefined constant cid - assumed 'cid' D:\wamp\www\dream\admin\Runtime\Cache\4c7fd10fa1d942b33dfdf820618c379f.php 第 56 行.
NOTIC: [8] Use of undefined constant cid - assumed 'cid' D:\wamp\www\dream\admin\Runtime\Cache\4c7fd10fa1d942b33dfdf820618c379f.php 第 56 行.
NOTIC: [8] Use of undefined constant cid - assumed 'cid' D:\wamp\www\dream\admin\Runtime\Cache\4c7fd10fa1d942b33dfdf820618c379f.php 第 56 行.
NOTIC: [8] Use of undefined constant cid - assumed 'cid' D:\wamp\www\dream\admin\Runtime\Cache\4c7fd10fa1d942b33dfdf820618c379f.php 第 56 行.
NOTIC: [8] Use of undefined constant img - assumed 'img' D:\wamp\www\dream\admin\Runtime\Cache\4c7fd10fa1d942b33dfdf820618c379f.php 第 66 行.
NOTIC: [8] Undefined index: form D:\wamp\www\dream\admin\Runtime\Cache\4c7fd10fa1d942b33dfdf820618c379f.php 第 79 行.
INFO: Run ParseTemplate Behavior [ RunTime:0.014527s ]
INFO: [ view_parse ] --END-- [ RunTime:0.014593s ]
INFO: [ view_filter ] --START--
INFO: Run ContentReplace Behavior [ RunTime:0.001006s ]
INFO: Run TokenBuild Behavior [ RunTime:0.000981s ]
INFO: Run WriteHtmlCache Behavior [ RunTime:0.000865s ]
INFO: Run ShowRuntime Behavior [ RunTime:0.001270s ]
INFO: [ view_filter ] --END-- [ RunTime:0.004294s ]
INFO: [ view_end ] --START--
INFO: Run ShowPageTrace Behavior [ RunTime:0.001233s ]
INFO: [ view_end ] --END-- [ RunTime:0.001293s ]

[ 2013-07-30T15:59:44+08:00 ] 127.0.0.1 /dream/admin.php/Article/doEdit
INFO: [ route_check ] --START--
INFO: Run CheckRoute Behavior [ RunTime:0.001425s ]
INFO: [ route_check ] --END-- [ RunTime:0.001506s ]
INFO: [ app_begin ] --START--
INFO: Run ReadHtmlCache Behavior [ RunTime:0.000989s ]
INFO: [ app_begin ] --END-- [ RunTime:0.001049s ]
SQL: SHOW COLUMNS FROM `bc_article` [ RunTime:0.002758s ]
SQL: UPDATE `bc_article` SET `cid`=1,`title`='测试栏目9789',`content`='测试栏目测试栏目测试栏目测试栏目测试栏目测试栏目测试栏目测试栏目测试栏目测试栏目测试栏目测试栏目蝇营狗苟',`from`='',`author`='管理员',`addtime`='2013-07-25 00:00:00' WHERE ( `id` = 7 ) [ RunTime:0.000475s ]
INFO: [ view_template ] --START--
INFO: Run LocationTemplate Behavior [ RunTime:0.001664s ]
INFO: [ view_template ] --END-- [ RunTime:0.001738s ]
INFO: [ view_parse ] --START--
INFO: Run ParseTemplate Behavior [ RunTime:0.011055s ]
INFO: [ view_parse ] --END-- [ RunTime:0.011141s ]
INFO: [ view_filter ] --START--
INFO: Run ContentReplace Behavior [ RunTime:0.000998s ]
INFO: Run TokenBuild Behavior [ RunTime:0.000967s ]
INFO: Run WriteHtmlCache Behavior [ RunTime:0.000868s ]
INFO: Run ShowRuntime Behavior [ RunTime:0.001183s ]
INFO: [ view_filter ] --END-- [ RunTime:0.004215s ]
INFO: [ view_end ] --START--
INFO: Run ShowPageTrace Behavior [ RunTime:0.001226s ]
INFO: [ view_end ] --END-- [ RunTime:0.001281s ]

[ 2013-07-30T15:59:47+08:00 ] 127.0.0.1 /dream/admin.php/Article/edit
INFO: [ route_check ] --START--
INFO: Run CheckRoute Behavior [ RunTime:0.001608s ]
INFO: [ route_check ] --END-- [ RunTime:0.001695s ]
INFO: [ app_begin ] --START--
INFO: Run ReadHtmlCache Behavior [ RunTime:0.001008s ]
INFO: [ app_begin ] --END-- [ RunTime:0.001069s ]

[ 2013-07-30T15:59:47+08:00 ] 127.0.0.1 /dream/admin.php/Article/index.html
INFO: [ route_check ] --START--
INFO: Run CheckRoute Behavior [ RunTime:0.001201s ]
INFO: [ route_check ] --END-- [ RunTime:0.001282s ]
INFO: [ app_begin ] --START--
INFO: Run ReadHtmlCache Behavior [ RunTime:0.001585s ]
INFO: [ app_begin ] --END-- [ RunTime:0.001657s ]
SQL: SHOW COLUMNS FROM `bc_article` [ RunTime:0.003993s ]
SQL: SELECT * FROM `bc_article` ORDER BY id  [ RunTime:0.000381s ]
SQL: SHOW COLUMNS FROM `bc_category` [ RunTime:0.003488s ]
SQL: SELECT * FROM `bc_category` WHERE ( 1=1 AND id='1' ) LIMIT 1   [ RunTime:0.000483s ]
SQL: SELECT * FROM `bc_category` WHERE ( 1=1 AND id='1' ) LIMIT 1   [ RunTime:0.000322s ]
SQL: SELECT * FROM `bc_category` WHERE ( 1=1 AND id='1' ) LIMIT 1   [ RunTime:0.000294s ]
INFO: [ view_template ] --START--
INFO: Run LocationTemplate Behavior [ RunTime:0.002283s ]
INFO: [ view_template ] --END-- [ RunTime:0.002363s ]
INFO: [ view_parse ] --START--
NOTIC: [8] Undefined variable: page D:\wamp\www\dream\admin\Runtime\Cache\6a0fa1355e20b485f823227ab394fc93.php 第 90 行.
INFO: Run ParseTemplate Behavior [ RunTime:0.014422s ]
INFO: [ view_parse ] --END-- [ RunTime:0.014500s ]
INFO: [ view_filter ] --START--
INFO: Run ContentReplace Behavior [ RunTime:0.001044s ]
INFO: Run TokenBuild Behavior [ RunTime:0.000973s ]
INFO: Run WriteHtmlCache Behavior [ RunTime:0.000877s ]
INFO: Run ShowRuntime Behavior [ RunTime:0.001055s ]
INFO: [ view_filter ] --END-- [ RunTime:0.004117s ]
INFO: [ view_end ] --START--
INFO: Run ShowPageTrace Behavior [ RunTime:0.001174s ]
INFO: [ view_end ] --END-- [ RunTime:0.001240s ]

[ 2013-07-30T15:59:50+08:00 ] 127.0.0.1 /dream/admin.php/Article/edit/id/5
INFO: [ route_check ] --START--
INFO: Run CheckRoute Behavior [ RunTime:0.000860s ]
INFO: [ route_check ] --END-- [ RunTime:0.000941s ]
INFO: [ app_begin ] --START--
INFO: Run ReadHtmlCache Behavior [ RunTime:0.000586s ]
INFO: [ app_begin ] --END-- [ RunTime:0.000644s ]
SQL: SHOW COLUMNS FROM `bc_article` [ RunTime:0.002664s ]
SQL: SELECT `cid` FROM `bc_article` WHERE ( id=5 ) LIMIT 1   [ RunTime:0.000385s ]
SQL: SHOW COLUMNS FROM `bc_category` [ RunTime:0.003174s ]
SQL: SELECT `moduleid` FROM `bc_category` WHERE ( id=1 ) LIMIT 1   [ RunTime:0.000340s ]
SQL: SELECT * FROM `bc_category` WHERE ( moduleid =2 )  [ RunTime:0.000485s ]
SQL: SHOW COLUMNS FROM `bc_article` [ RunTime:0.002579s ]
SQL: SELECT * FROM `bc_article` WHERE ( id=5 ) LIMIT 1   [ RunTime:0.000306s ]
SQL: SHOW COLUMNS FROM `bc_category` [ RunTime:0.010456s ]
SQL: SELECT * FROM `bc_category` WHERE ( 1=1 AND id='1' ) LIMIT 1   [ RunTime:0.000547s ]
INFO: [ view_template ] --START--
INFO: Run LocationTemplate Behavior [ RunTime:0.000630s ]
INFO: [ view_template ] --END-- [ RunTime:0.000709s ]
INFO: [ view_parse ] --START--
NOTIC: [8] Use of undefined constant cid - assumed 'cid' D:\wamp\www\dream\admin\Runtime\Cache\4c7fd10fa1d942b33dfdf820618c379f.php 第 56 行.
NOTIC: [8] Use of undefined constant cid - assumed 'cid' D:\wamp\www\dream\admin\Runtime\Cache\4c7fd10fa1d942b33dfdf820618c379f.php 第 56 行.
NOTIC: [8] Use of undefined constant cid - assumed 'cid' D:\wamp\www\dream\admin\Runtime\Cache\4c7fd10fa1d942b33dfdf820618c379f.php 第 56 行.
NOTIC: [8] Use of undefined constant cid - assumed 'cid' D:\wamp\www\dream\admin\Runtime\Cache\4c7fd10fa1d942b33dfdf820618c379f.php 第 56 行.
NOTIC: [8] Use of undefined constant cid - assumed 'cid' D:\wamp\www\dream\admin\Runtime\Cache\4c7fd10fa1d942b33dfdf820618c379f.php 第 56 行.
NOTIC: [8] Use of undefined constant cid - assumed 'cid' D:\wamp\www\dream\admin\Runtime\Cache\4c7fd10fa1d942b33dfdf820618c379f.php 第 56 行.
NOTIC: [8] Use of undefined constant img - assumed 'img' D:\wamp\www\dream\admin\Runtime\Cache\4c7fd10fa1d942b33dfdf820618c379f.php 第 66 行.
NOTIC: [8] Undefined index: form D:\wamp\www\dream\admin\Runtime\Cache\4c7fd10fa1d942b33dfdf820618c379f.php 第 79 行.
INFO: Run ParseTemplate Behavior [ RunTime:0.009547s ]
INFO: [ view_parse ] --END-- [ RunTime:0.009611s ]
INFO: [ view_filter ] --START--
INFO: Run ContentReplace Behavior [ RunTime:0.000992s ]
INFO: Run TokenBuild Behavior [ RunTime:0.000954s ]
INFO: Run WriteHtmlCache Behavior [ RunTime:0.000852s ]
INFO: Run ShowRuntime Behavior [ RunTime:0.001110s ]
INFO: [ view_filter ] --END-- [ RunTime:0.004063s ]
INFO: [ view_end ] --START--
INFO: Run ShowPageTrace Behavior [ RunTime:0.001175s ]
INFO: [ view_end ] --END-- [ RunTime:0.001230s ]

[ 2013-07-30T15:59:56+08:00 ] 127.0.0.1 /dream/admin.php/Article/doEdit
INFO: [ route_check ] --START--
INFO: Run CheckRoute Behavior [ RunTime:0.000805s ]
INFO: [ route_check ] --END-- [ RunTime:0.000888s ]
INFO: [ app_begin ] --START--
INFO: Run ReadHtmlCache Behavior [ RunTime:0.000593s ]
INFO: [ app_begin ] --END-- [ RunTime:0.000650s ]
SQL: SHOW COLUMNS FROM `bc_article` [ RunTime:0.002520s ]
SQL: UPDATE `bc_article` SET `cid`=1,`title`='邮件',`content`='45645465645',`from`='',`author`='管理员',`addtime`='2013-07-24 00:00:00' WHERE ( `id` = 5 ) [ RunTime:0.000396s ]
INFO: [ view_template ] --START--
INFO: Run LocationTemplate Behavior [ RunTime:0.000962s ]
INFO: [ view_template ] --END-- [ RunTime:0.001026s ]
INFO: [ view_parse ] --START--
INFO: Run ParseTemplate Behavior [ RunTime:0.007593s ]
INFO: [ view_parse ] --END-- [ RunTime:0.007682s ]
INFO: [ view_filter ] --START--
INFO: Run ContentReplace Behavior [ RunTime:0.000979s ]
INFO: Run TokenBuild Behavior [ RunTime:0.001025s ]
INFO: Run WriteHtmlCache Behavior [ RunTime:0.000882s ]
INFO: Run ShowRuntime Behavior [ RunTime:0.001063s ]
INFO: [ view_filter ] --END-- [ RunTime:0.004145s ]
INFO: [ view_end ] --START--
INFO: Run ShowPageTrace Behavior [ RunTime:0.001156s ]
INFO: [ view_end ] --END-- [ RunTime:0.001211s ]

[ 2013-07-30T15:59:57+08:00 ] 127.0.0.1 /dream/admin.php/Article/index
INFO: [ route_check ] --START--
INFO: Run CheckRoute Behavior [ RunTime:0.000789s ]
INFO: [ route_check ] --END-- [ RunTime:0.000870s ]
INFO: [ app_begin ] --START--
INFO: Run ReadHtmlCache Behavior [ RunTime:0.000586s ]
INFO: [ app_begin ] --END-- [ RunTime:0.000644s ]
SQL: SHOW COLUMNS FROM `bc_article` [ RunTime:0.002637s ]
SQL: SELECT * FROM `bc_article` ORDER BY id  [ RunTime:0.000442s ]
SQL: SHOW COLUMNS FROM `bc_category` [ RunTime:0.003261s ]
SQL: SELECT * FROM `bc_category` WHERE ( 1=1 AND id='1' ) LIMIT 1   [ RunTime:0.000392s ]
SQL: SELECT * FROM `bc_category` WHERE ( 1=1 AND id='1' ) LIMIT 1   [ RunTime:0.000286s ]
SQL: SELECT * FROM `bc_category` WHERE ( 1=1 AND id='1' ) LIMIT 1   [ RunTime:0.000274s ]
INFO: [ view_template ] --START--
INFO: Run LocationTemplate Behavior [ RunTime:0.001066s ]
INFO: [ view_template ] --END-- [ RunTime:0.001144s ]
INFO: [ view_parse ] --START--
NOTIC: [8] Undefined variable: page D:\wamp\www\dream\admin\Runtime\Cache\6a0fa1355e20b485f823227ab394fc93.php 第 90 行.
INFO: Run ParseTemplate Behavior [ RunTime:0.009060s ]
INFO: [ view_parse ] --END-- [ RunTime:0.009126s ]
INFO: [ view_filter ] --START--
INFO: Run ContentReplace Behavior [ RunTime:0.001004s ]
INFO: Run TokenBuild Behavior [ RunTime:0.000955s ]
INFO: Run WriteHtmlCache Behavior [ RunTime:0.000861s ]
INFO: Run ShowRuntime Behavior [ RunTime:0.001037s ]
INFO: [ view_filter ] --END-- [ RunTime:0.004026s ]
INFO: [ view_end ] --START--
INFO: Run ShowPageTrace Behavior [ RunTime:0.001224s ]
INFO: [ view_end ] --END-- [ RunTime:0.001295s ]

[ 2013-07-30T15:59:59+08:00 ] 127.0.0.1 /dream/admin.php/Article/edit/id/5
INFO: [ route_check ] --START--
INFO: Run CheckRoute Behavior [ RunTime:0.001304s ]
INFO: [ route_check ] --END-- [ RunTime:0.001386s ]
INFO: [ app_begin ] --START--
INFO: Run ReadHtmlCache Behavior [ RunTime:0.001079s ]
INFO: [ app_begin ] --END-- [ RunTime:0.001156s ]
SQL: SHOW COLUMNS FROM `bc_article` [ RunTime:0.002632s ]
SQL: SELECT `cid` FROM `bc_article` WHERE ( id=5 ) LIMIT 1   [ RunTime:0.000321s ]
SQL: SHOW COLUMNS FROM `bc_category` [ RunTime:0.002891s ]
SQL: SELECT `moduleid` FROM `bc_category` WHERE ( id=1 ) LIMIT 1   [ RunTime:0.000326s ]
SQL: SELECT * FROM `bc_category` WHERE ( moduleid =2 )  [ RunTime:0.000419s ]
SQL: SHOW COLUMNS FROM `bc_article` [ RunTime:0.002453s ]
SQL: SELECT * FROM `bc_article` WHERE ( id=5 ) LIMIT 1   [ RunTime:0.000378s ]
SQL: SHOW COLUMNS FROM `bc_category` [ RunTime:0.002827s ]
SQL: SELECT * FROM `bc_category` WHERE ( 1=1 AND id='1' ) LIMIT 1   [ RunTime:0.000410s ]
INFO: [ view_template ] --START--
INFO: Run LocationTemplate Behavior [ RunTime:0.002081s ]
INFO: [ view_template ] --END-- [ RunTime:0.002161s ]
INFO: [ view_parse ] --START--
NOTIC: [8] Use of undefined constant cid - assumed 'cid' D:\wamp\www\dream\admin\Runtime\Cache\4c7fd10fa1d942b33dfdf820618c379f.php 第 56 行.
NOTIC: [8] Use of undefined constant cid - assumed 'cid' D:\wamp\www\dream\admin\Runtime\Cache\4c7fd10fa1d942b33dfdf820618c379f.php 第 56 行.
NOTIC: [8] Use of undefined constant cid - assumed 'cid' D:\wamp\www\dream\admin\Runtime\Cache\4c7fd10fa1d942b33dfdf820618c379f.php 第 56 行.
NOTIC: [8] Use of undefined constant cid - assumed 'cid' D:\wamp\www\dream\admin\Runtime\Cache\4c7fd10fa1d942b33dfdf820618c379f.php 第 56 行.
NOTIC: [8] Use of undefined constant cid - assumed 'cid' D:\wamp\www\dream\admin\Runtime\Cache\4c7fd10fa1d942b33dfdf820618c379f.php 第 56 行.
NOTIC: [8] Use of undefined constant cid - assumed 'cid' D:\wamp\www\dream\admin\Runtime\Cache\4c7fd10fa1d942b33dfdf820618c379f.php 第 56 行.
NOTIC: [8] Use of undefined constant img - assumed 'img' D:\wamp\www\dream\admin\Runtime\Cache\4c7fd10fa1d942b33dfdf820618c379f.php 第 66 行.
NOTIC: [8] Undefined index: form D:\wamp\www\dream\admin\Runtime\Cache\4c7fd10fa1d942b33dfdf820618c379f.php 第 79 行.
INFO: Run ParseTemplate Behavior [ RunTime:0.015356s ]
INFO: [ view_parse ] --END-- [ RunTime:0.015420s ]
INFO: [ view_filter ] --START--
INFO: Run ContentReplace Behavior [ RunTime:0.001034s ]
INFO: Run TokenBuild Behavior [ RunTime:0.001037s ]
INFO: Run WriteHtmlCache Behavior [ RunTime:0.001918s ]
INFO: Run ShowRuntime Behavior [ RunTime:0.001175s ]
INFO: [ view_filter ] --END-- [ RunTime:0.005343s ]
INFO: [ view_end ] --START--
INFO: Run ShowPageTrace Behavior [ RunTime:0.001175s ]
INFO: [ view_end ] --END-- [ RunTime:0.001231s ]

[ 2013-07-30T16:00:09+08:00 ] 127.0.0.1 /dream/admin.php/Article/doEdit
INFO: [ route_check ] --START--
INFO: Run CheckRoute Behavior [ RunTime:0.001352s ]
INFO: [ route_check ] --END-- [ RunTime:0.001436s ]
INFO: [ app_begin ] --START--
INFO: Run ReadHtmlCache Behavior [ RunTime:0.001010s ]
INFO: [ app_begin ] --END-- [ RunTime:0.001071s ]
SQL: SHOW COLUMNS FROM `bc_article` [ RunTime:0.002659s ]
SQL: UPDATE `bc_article` SET `cid`=1,`title`='邮件',`content`='45645465645',`from`='',`author`='管理员',`addtime`='2013-07-24 00:00:00' WHERE ( `id` = 5 ) [ RunTime:0.000377s ]
INFO: [ view_template ] --START--
INFO: Run LocationTemplate Behavior [ RunTime:0.001376s ]
INFO: [ view_template ] --END-- [ RunTime:0.001445s ]
INFO: [ view_parse ] --START--
INFO: Run ParseTemplate Behavior [ RunTime:0.010806s ]
INFO: [ view_parse ] --END-- [ RunTime:0.010889s ]
INFO: [ view_filter ] --START--
INFO: Run ContentReplace Behavior [ RunTime:0.000968s ]
INFO: Run TokenBuild Behavior [ RunTime:0.000973s ]
INFO: Run WriteHtmlCache Behavior [ RunTime:0.000866s ]
INFO: Run ShowRuntime Behavior [ RunTime:0.001055s ]
INFO: [ view_filter ] --END-- [ RunTime:0.004051s ]
INFO: [ view_end ] --START--
INFO: Run ShowPageTrace Behavior [ RunTime:0.001164s ]
INFO: [ view_end ] --END-- [ RunTime:0.001217s ]

[ 2013-07-30T16:00:12+08:00 ] 127.0.0.1 /dream/admin.php/Article/edit
INFO: [ route_check ] --START--
INFO: Run CheckRoute Behavior [ RunTime:0.001477s ]
INFO: [ route_check ] --END-- [ RunTime:0.001559s ]
INFO: [ app_begin ] --START--
INFO: Run ReadHtmlCache Behavior [ RunTime:0.001002s ]
INFO: [ app_begin ] --END-- [ RunTime:0.001062s ]

[ 2013-07-30T16:00:12+08:00 ] 127.0.0.1 /dream/admin.php/Article/index.html
INFO: [ route_check ] --START--
INFO: Run CheckRoute Behavior [ RunTime:0.001304s ]
INFO: [ route_check ] --END-- [ RunTime:0.001405s ]
INFO: [ app_begin ] --START--
INFO: Run ReadHtmlCache Behavior [ RunTime:0.001072s ]
INFO: [ app_begin ] --END-- [ RunTime:0.001137s ]
SQL: SHOW COLUMNS FROM `bc_article` [ RunTime:0.004178s ]
SQL: SELECT * FROM `bc_article` ORDER BY id  [ RunTime:0.000497s ]
SQL: SHOW COLUMNS FROM `bc_category` [ RunTime:0.003274s ]
SQL: SELECT * FROM `bc_category` WHERE ( 1=1 AND id='1' ) LIMIT 1   [ RunTime:0.000455s ]
SQL: SELECT * FROM `bc_category` WHERE ( 1=1 AND id='1' ) LIMIT 1   [ RunTime:0.000321s ]
SQL: SELECT * FROM `bc_category` WHERE ( 1=1 AND id='1' ) LIMIT 1   [ RunTime:0.000318s ]
INFO: [ view_template ] --START--
INFO: Run LocationTemplate Behavior [ RunTime:0.002189s ]
INFO: [ view_template ] --END-- [ RunTime:0.002269s ]
INFO: [ view_parse ] --START--
NOTIC: [8] Undefined variable: page D:\wamp\www\dream\admin\Runtime\Cache\6a0fa1355e20b485f823227ab394fc93.php 第 90 行.
INFO: Run ParseTemplate Behavior [ RunTime:0.013109s ]
INFO: [ view_parse ] --END-- [ RunTime:0.013174s ]
INFO: [ view_filter ] --START--
INFO: Run ContentReplace Behavior [ RunTime:0.001020s ]
INFO: Run TokenBuild Behavior [ RunTime:0.000997s ]
INFO: Run WriteHtmlCache Behavior [ RunTime:0.000875s ]
INFO: Run ShowRuntime Behavior [ RunTime:0.002234s ]
INFO: [ view_filter ] --END-- [ RunTime:0.005314s ]
INFO: [ view_end ] --START--
INFO: Run ShowPageTrace Behavior [ RunTime:0.001228s ]
INFO: [ view_end ] --END-- [ RunTime:0.001295s ]

[ 2013-07-30T16:12:49+08:00 ] 127.0.0.1 /dream/admin.php/Article/edit/id/6
INFO: [ route_check ] --START--
INFO: Run CheckRoute Behavior [ RunTime:0.001564s ]
INFO: [ route_check ] --END-- [ RunTime:0.001646s ]
INFO: [ app_begin ] --START--
INFO: Run ReadHtmlCache Behavior [ RunTime:0.000866s ]
INFO: [ app_begin ] --END-- [ RunTime:0.000926s ]
SQL: SHOW COLUMNS FROM `bc_article` [ RunTime:0.003096s ]
SQL: SELECT `cid` FROM `bc_article` WHERE ( id=6 ) LIMIT 1   [ RunTime:0.000318s ]
SQL: SHOW COLUMNS FROM `bc_category` [ RunTime:0.003399s ]
SQL: SELECT `moduleid` FROM `bc_category` WHERE ( id=1 ) LIMIT 1   [ RunTime:0.000333s ]
SQL: SELECT * FROM `bc_category` WHERE ( moduleid =2 )  [ RunTime:0.000448s ]
SQL: SHOW COLUMNS FROM `bc_article` [ RunTime:0.002491s ]
SQL: SELECT * FROM `bc_article` WHERE ( id=6 ) LIMIT 1   [ RunTime:0.000358s ]
SQL: SHOW COLUMNS FROM `bc_category` [ RunTime:0.002911s ]
SQL: SELECT * FROM `bc_category` WHERE ( 1=1 AND id='1' ) LIMIT 1   [ RunTime:0.000412s ]
INFO: [ view_template ] --START--
INFO: Run LocationTemplate Behavior [ RunTime:0.001756s ]
INFO: [ view_template ] --END-- [ RunTime:0.001835s ]
INFO: [ view_parse ] --START--
NOTIC: [8] Use of undefined constant cid - assumed 'cid' D:\wamp\www\dream\admin\Runtime\Cache\4c7fd10fa1d942b33dfdf820618c379f.php 第 56 行.
NOTIC: [8] Use of undefined constant cid - assumed 'cid' D:\wamp\www\dream\admin\Runtime\Cache\4c7fd10fa1d942b33dfdf820618c379f.php 第 56 行.
NOTIC: [8] Use of undefined constant cid - assumed 'cid' D:\wamp\www\dream\admin\Runtime\Cache\4c7fd10fa1d942b33dfdf820618c379f.php 第 56 行.
NOTIC: [8] Use of undefined constant cid - assumed 'cid' D:\wamp\www\dream\admin\Runtime\Cache\4c7fd10fa1d942b33dfdf820618c379f.php 第 56 行.
NOTIC: [8] Use of undefined constant cid - assumed 'cid' D:\wamp\www\dream\admin\Runtime\Cache\4c7fd10fa1d942b33dfdf820618c379f.php 第 56 行.
NOTIC: [8] Use of undefined constant cid - assumed 'cid' D:\wamp\www\dream\admin\Runtime\Cache\4c7fd10fa1d942b33dfdf820618c379f.php 第 56 行.
NOTIC: [8] Use of undefined constant img - assumed 'img' D:\wamp\www\dream\admin\Runtime\Cache\4c7fd10fa1d942b33dfdf820618c379f.php 第 66 行.
NOTIC: [8] Undefined index: form D:\wamp\www\dream\admin\Runtime\Cache\4c7fd10fa1d942b33dfdf820618c379f.php 第 79 行.
INFO: Run ParseTemplate Behavior [ RunTime:0.010943s ]
INFO: [ view_parse ] --END-- [ RunTime:0.011004s ]
INFO: [ view_filter ] --START--
INFO: Run ContentReplace Behavior [ RunTime:0.000742s ]
INFO: Run TokenBuild Behavior [ RunTime:0.000720s ]
INFO: Run WriteHtmlCache Behavior [ RunTime:0.000597s ]
INFO: Run ShowRuntime Behavior [ RunTime:0.000881s ]
INFO: [ view_filter ] --END-- [ RunTime:0.003097s ]
INFO: [ view_end ] --START--
INFO: Run ShowPageTrace Behavior [ RunTime:0.000915s ]
INFO: [ view_end ] --END-- [ RunTime:0.000970s ]

[ 2013-07-30T16:46:31+08:00 ] 127.0.0.1 /dream/admin.php/Article
INFO: [ route_check ] --START--
INFO: Run CheckRoute Behavior [ RunTime:0.012224s ]
INFO: [ route_check ] --END-- [ RunTime:0.012321s ]
INFO: [ app_begin ] --START--
INFO: Run ReadHtmlCache Behavior [ RunTime:0.018736s ]
INFO: [ app_begin ] --END-- [ RunTime:0.018816s ]
SQL: SHOW COLUMNS FROM `bc_article` [ RunTime:0.002897s ]
SQL: SELECT * FROM `bc_article` ORDER BY id  [ RunTime:0.000427s ]
SQL: SHOW COLUMNS FROM `bc_category` [ RunTime:0.003593s ]
SQL: SELECT * FROM `bc_category` WHERE ( 1=1 AND id='1' ) LIMIT 1   [ RunTime:0.000461s ]
SQL: SELECT * FROM `bc_category` WHERE ( 1=1 AND id='1' ) LIMIT 1   [ RunTime:0.000321s ]
SQL: SELECT * FROM `bc_category` WHERE ( 1=1 AND id='1' ) LIMIT 1   [ RunTime:0.000302s ]
INFO: [ view_template ] --START--
INFO: Run LocationTemplate Behavior [ RunTime:0.002100s ]
INFO: [ view_template ] --END-- [ RunTime:0.002191s ]
INFO: [ view_parse ] --START--
NOTIC: [8] Undefined variable: page D:\wamp\www\dream\admin\Runtime\Cache\6a0fa1355e20b485f823227ab394fc93.php 第 90 行.
INFO: Run ParseTemplate Behavior [ RunTime:0.036631s ]
INFO: [ view_parse ] --END-- [ RunTime:0.036699s ]
INFO: [ view_filter ] --START--
INFO: Run ContentReplace Behavior [ RunTime:0.000913s ]
INFO: Run TokenBuild Behavior [ RunTime:0.007517s ]
INFO: Run WriteHtmlCache Behavior [ RunTime:0.000903s ]
INFO: Run ShowRuntime Behavior [ RunTime:0.001022s ]
INFO: [ view_filter ] --END-- [ RunTime:0.010550s ]
INFO: [ view_end ] --START--
INFO: Run ShowPageTrace Behavior [ RunTime:0.001167s ]
INFO: [ view_end ] --END-- [ RunTime:0.001235s ]

[ 2013-07-30T16:46:33+08:00 ] 127.0.0.1 /dream/admin.php/Article/edit/id/7
INFO: [ route_check ] --START--
INFO: Run CheckRoute Behavior [ RunTime:0.001999s ]
INFO: [ route_check ] --END-- [ RunTime:0.002085s ]
INFO: [ app_begin ] --START--
INFO: Run ReadHtmlCache Behavior [ RunTime:0.001120s ]
INFO: [ app_begin ] --END-- [ RunTime:0.001182s ]
SQL: SHOW COLUMNS FROM `bc_article` [ RunTime:0.003026s ]
SQL: SELECT `cid` FROM `bc_article` WHERE ( id=7 ) LIMIT 1   [ RunTime:0.000325s ]
SQL: SHOW COLUMNS FROM `bc_category` [ RunTime:0.003036s ]
SQL: SELECT `moduleid` FROM `bc_category` WHERE ( id=1 ) LIMIT 1   [ RunTime:0.000339s ]
SQL: SELECT * FROM `bc_category` WHERE ( moduleid =2 )  [ RunTime:0.000457s ]
SQL: SHOW COLUMNS FROM `bc_article` [ RunTime:0.002739s ]
SQL: SELECT * FROM `bc_article` WHERE ( id=7 ) LIMIT 1   [ RunTime:0.000384s ]
SQL: SHOW COLUMNS FROM `bc_category` [ RunTime:0.003103s ]
SQL: SELECT * FROM `bc_category` WHERE ( 1=1 AND id='1' ) LIMIT 1   [ RunTime:0.000484s ]
INFO: [ view_template ] --START--
INFO: Run LocationTemplate Behavior [ RunTime:0.002492s ]
INFO: [ view_template ] --END-- [ RunTime:0.002574s ]
INFO: [ view_parse ] --START--
NOTIC: [8] Use of undefined constant cid - assumed 'cid' D:\wamp\www\dream\admin\Runtime\Cache\4c7fd10fa1d942b33dfdf820618c379f.php 第 56 行.
NOTIC: [8] Use of undefined constant cid - assumed 'cid' D:\wamp\www\dream\admin\Runtime\Cache\4c7fd10fa1d942b33dfdf820618c379f.php 第 56 行.
NOTIC: [8] Use of undefined constant cid - assumed 'cid' D:\wamp\www\dream\admin\Runtime\Cache\4c7fd10fa1d942b33dfdf820618c379f.php 第 56 行.
NOTIC: [8] Use of undefined constant cid - assumed 'cid' D:\wamp\www\dream\admin\Runtime\Cache\4c7fd10fa1d942b33dfdf820618c379f.php 第 56 行.
NOTIC: [8] Use of undefined constant cid - assumed 'cid' D:\wamp\www\dream\admin\Runtime\Cache\4c7fd10fa1d942b33dfdf820618c379f.php 第 56 行.
NOTIC: [8] Use of undefined constant cid - assumed 'cid' D:\wamp\www\dream\admin\Runtime\Cache\4c7fd10fa1d942b33dfdf820618c379f.php 第 56 行.
NOTIC: [8] Use of undefined constant img - assumed 'img' D:\wamp\www\dream\admin\Runtime\Cache\4c7fd10fa1d942b33dfdf820618c379f.php 第 66 行.
NOTIC: [8] Undefined index: form D:\wamp\www\dream\admin\Runtime\Cache\4c7fd10fa1d942b33dfdf820618c379f.php 第 79 行.
INFO: Run ParseTemplate Behavior [ RunTime:0.026499s ]
INFO: [ view_parse ] --END-- [ RunTime:0.026563s ]
INFO: [ view_filter ] --START--
INFO: Run ContentReplace Behavior [ RunTime:0.000992s ]
INFO: Run TokenBuild Behavior [ RunTime:0.001179s ]
INFO: Run WriteHtmlCache Behavior [ RunTime:0.000985s ]
INFO: Run ShowRuntime Behavior [ RunTime:0.001084s ]
INFO: [ view_filter ] --END-- [ RunTime:0.004433s ]
INFO: [ view_end ] --START--
INFO: Run ShowPageTrace Behavior [ RunTime:0.001165s ]
INFO: [ view_end ] --END-- [ RunTime:0.001219s ]

[ 2013-07-30T16:46:38+08:00 ] 127.0.0.1 /dream/admin.php/Article/doEdit
INFO: [ route_check ] --START--
INFO: Run CheckRoute Behavior [ RunTime:0.000798s ]
INFO: [ route_check ] --END-- [ RunTime:0.000877s ]
INFO: [ app_begin ] --START--
INFO: Run ReadHtmlCache Behavior [ RunTime:0.001274s ]
INFO: [ app_begin ] --END-- [ RunTime:0.001363s ]
SQL: SHOW COLUMNS FROM `bc_article` [ RunTime:0.003473s ]
SQL: UPDATE `bc_article` SET `cid`=1,`title`='测试栏目9789',`content`='测试栏目测试栏目测试栏目测试栏目测试栏目测试栏目测试栏目测试栏目测试栏目测试栏目测试栏目测试栏目蝇营狗苟',`from`='',`author`='管理员',`addtime`='2013-07-25 00:00:00' WHERE ( `id` = 7 ) [ RunTime:0.000429s ]
INFO: [ view_template ] --START--
INFO: Run LocationTemplate Behavior [ RunTime:0.001692s ]
INFO: [ view_template ] --END-- [ RunTime:0.001767s ]
INFO: [ view_parse ] --START--
INFO: Run ParseTemplate Behavior [ RunTime:0.046677s ]
INFO: [ view_parse ] --END-- [ RunTime:0.046768s ]
INFO: [ view_filter ] --START--
INFO: Run ContentReplace Behavior [ RunTime:0.001021s ]
INFO: Run TokenBuild Behavior [ RunTime:0.000985s ]
INFO: Run WriteHtmlCache Behavior [ RunTime:0.000868s ]
INFO: Run ShowRuntime Behavior [ RunTime:0.001069s ]
INFO: [ view_filter ] --END-- [ RunTime:0.004133s ]
INFO: [ view_end ] --START--
INFO: Run ShowPageTrace Behavior [ RunTime:0.001168s ]
INFO: [ view_end ] --END-- [ RunTime:0.001223s ]

[ 2013-07-30T16:46:41+08:00 ] 127.0.0.1 /dream/admin.php/Article/edit
INFO: [ route_check ] --START--
INFO: Run CheckRoute Behavior [ RunTime:0.000817s ]
INFO: [ route_check ] --END-- [ RunTime:0.000898s ]
INFO: [ app_begin ] --START--
INFO: Run ReadHtmlCache Behavior [ RunTime:0.001052s ]
INFO: [ app_begin ] --END-- [ RunTime:0.001117s ]

[ 2013-07-30T16:46:41+08:00 ] 127.0.0.1 /dream/admin.php/Article/index.html
INFO: [ route_check ] --START--
INFO: Run CheckRoute Behavior [ RunTime:0.000788s ]
INFO: [ route_check ] --END-- [ RunTime:0.000867s ]
INFO: [ app_begin ] --START--
INFO: Run ReadHtmlCache Behavior [ RunTime:0.000983s ]
INFO: [ app_begin ] --END-- [ RunTime:0.001042s ]
SQL: SHOW COLUMNS FROM `bc_article` [ RunTime:0.026052s ]
SQL: SELECT * FROM `bc_article` ORDER BY id  [ RunTime:0.000467s ]
SQL: SHOW COLUMNS FROM `bc_category` [ RunTime:0.230126s ]
SQL: SELECT * FROM `bc_category` WHERE ( 1=1 AND id='1' ) LIMIT 1   [ RunTime:0.000559s ]
SQL: SELECT * FROM `bc_category` WHERE ( 1=1 AND id='1' ) LIMIT 1   [ RunTime:0.000358s ]
SQL: SELECT * FROM `bc_category` WHERE ( 1=1 AND id='1' ) LIMIT 1   [ RunTime:0.000337s ]
INFO: [ view_template ] --START--
INFO: Run LocationTemplate Behavior [ RunTime:0.002256s ]
INFO: [ view_template ] --END-- [ RunTime:0.002342s ]
INFO: [ view_parse ] --START--
NOTIC: [8] Undefined variable: page D:\wamp\www\dream\admin\Runtime\Cache\6a0fa1355e20b485f823227ab394fc93.php 第 90 行.
INFO: Run ParseTemplate Behavior [ RunTime:0.012698s ]
INFO: [ view_parse ] --END-- [ RunTime:0.012765s ]
INFO: [ view_filter ] --START--
INFO: Run ContentReplace Behavior [ RunTime:0.001061s ]
INFO: Run TokenBuild Behavior [ RunTime:0.000983s ]
INFO: Run WriteHtmlCache Behavior [ RunTime:0.000879s ]
INFO: Run ShowRuntime Behavior [ RunTime:0.001072s ]
INFO: [ view_filter ] --END-- [ RunTime:0.004170s ]
INFO: [ view_end ] --START--
INFO: Run ShowPageTrace Behavior [ RunTime:0.001203s ]
INFO: [ view_end ] --END-- [ RunTime:0.001268s ]

[ 2013-07-30T16:48:24+08:00 ] 127.0.0.1 /dream/admin.php/Article/edit/id/7
INFO: [ route_check ] --START--
INFO: Run CheckRoute Behavior [ RunTime:0.000792s ]
INFO: [ route_check ] --END-- [ RunTime:0.000869s ]
INFO: [ app_begin ] --START--
INFO: Run ReadHtmlCache Behavior [ RunTime:0.000645s ]
INFO: [ app_begin ] --END-- [ RunTime:0.000710s ]
SQL: SHOW COLUMNS FROM `bc_article` [ RunTime:0.002713s ]
SQL: SELECT `cid` FROM `bc_article` WHERE ( id=7 ) LIMIT 1   [ RunTime:0.000389s ]
SQL: SHOW COLUMNS FROM `bc_category` [ RunTime:0.003375s ]
SQL: SELECT `moduleid` FROM `bc_category` WHERE ( id=1 ) LIMIT 1   [ RunTime:0.000335s ]
SQL: SELECT * FROM `bc_category` WHERE ( moduleid =2 )  [ RunTime:0.000466s ]
SQL: SHOW COLUMNS FROM `bc_article` [ RunTime:0.002712s ]
SQL: SELECT * FROM `bc_article` WHERE ( id=7 ) LIMIT 1   [ RunTime:0.000373s ]
SQL: SHOW COLUMNS FROM `bc_category` [ RunTime:0.003162s ]
SQL: SELECT * FROM `bc_category` WHERE ( 1=1 AND id='1' ) LIMIT 1   [ RunTime:0.000437s ]
INFO: [ view_template ] --START--
INFO: Run LocationTemplate Behavior [ RunTime:0.000923s ]
INFO: [ view_template ] --END-- [ RunTime:0.000999s ]
INFO: [ view_parse ] --START--
NOTIC: [8] Use of undefined constant cid - assumed 'cid' D:\wamp\www\dream\admin\Runtime\Cache\4c7fd10fa1d942b33dfdf820618c379f.php 第 56 行.
NOTIC: [8] Use of undefined constant cid - assumed 'cid' D:\wamp\www\dream\admin\Runtime\Cache\4c7fd10fa1d942b33dfdf820618c379f.php 第 56 行.
NOTIC: [8] Use of undefined constant cid - assumed 'cid' D:\wamp\www\dream\admin\Runtime\Cache\4c7fd10fa1d942b33dfdf820618c379f.php 第 56 行.
NOTIC: [8] Use of undefined constant cid - assumed 'cid' D:\wamp\www\dream\admin\Runtime\Cache\4c7fd10fa1d942b33dfdf820618c379f.php 第 56 行.
NOTIC: [8] Use of undefined constant cid - assumed 'cid' D:\wamp\www\dream\admin\Runtime\Cache\4c7fd10fa1d942b33dfdf820618c379f.php 第 56 行.
NOTIC: [8] Use of undefined constant cid - assumed 'cid' D:\wamp\www\dream\admin\Runtime\Cache\4c7fd10fa1d942b33dfdf820618c379f.php 第 56 行.
NOTIC: [8] Use of undefined constant img - assumed 'img' D:\wamp\www\dream\admin\Runtime\Cache\4c7fd10fa1d942b33dfdf820618c379f.php 第 66 行.
NOTIC: [8] Undefined index: form D:\wamp\www\dream\admin\Runtime\Cache\4c7fd10fa1d942b33dfdf820618c379f.php 第 79 行.
INFO: Run ParseTemplate Behavior [ RunTime:0.010017s ]
INFO: [ view_parse ] --END-- [ RunTime:0.010089s ]
INFO: [ view_filter ] --START--
INFO: Run ContentReplace Behavior [ RunTime:0.000481s ]
INFO: Run TokenBuild Behavior [ RunTime:0.000425s ]
INFO: Run WriteHtmlCache Behavior [ RunTime:0.000322s ]
INFO: Run ShowRuntime Behavior [ RunTime:0.000512s ]
INFO: [ view_filter ] --END-- [ RunTime:0.001901s ]
INFO: [ view_end ] --START--
INFO: Run ShowPageTrace Behavior [ RunTime:0.000610s ]
INFO: [ view_end ] --END-- [ RunTime:0.000664s ]

[ 2013-07-30T16:48:31+08:00 ] 127.0.0.1 /dream/admin.php/Article/doEdit
INFO: [ route_check ] --START--
INFO: Run CheckRoute Behavior [ RunTime:0.000786s ]
INFO: [ route_check ] --END-- [ RunTime:0.000862s ]
INFO: [ app_begin ] --START--
INFO: Run ReadHtmlCache Behavior [ RunTime:0.000580s ]
INFO: [ app_begin ] --END-- [ RunTime:0.000637s ]
SQL: SHOW COLUMNS FROM `bc_article` [ RunTime:0.002910s ]
SQL: UPDATE `bc_article` SET `cid`=1,`title`='测试栏目9789',`content`='测试栏目测试栏目测试栏目测试栏目测试栏目测试栏目测试栏目测试栏目测试栏目测试栏目测试栏目测试栏目蝇营狗苟',`from`='',`author`='管理员',`addtime`='2013-07-25 00:00:00' WHERE ( `id` = 7 ) [ RunTime:0.000422s ]
INFO: [ view_template ] --START--
INFO: Run LocationTemplate Behavior [ RunTime:0.000862s ]
INFO: [ view_template ] --END-- [ RunTime:0.000934s ]
INFO: [ view_parse ] --START--
INFO: Run ParseTemplate Behavior [ RunTime:0.007524s ]
INFO: [ view_parse ] --END-- [ RunTime:0.007611s ]
INFO: [ view_filter ] --START--
INFO: Run ContentReplace Behavior [ RunTime:0.000421s ]
INFO: Run TokenBuild Behavior [ RunTime:0.000414s ]
INFO: Run WriteHtmlCache Behavior [ RunTime:0.000320s ]
INFO: Run ShowRuntime Behavior [ RunTime:0.000508s ]
INFO: [ view_filter ] --END-- [ RunTime:0.001851s ]
INFO: [ view_end ] --START--
INFO: Run ShowPageTrace Behavior [ RunTime:0.000608s ]
INFO: [ view_end ] --END-- [ RunTime:0.000662s ]

[ 2013-07-30T16:48:34+08:00 ] 127.0.0.1 /dream/admin.php/Article/edit
INFO: [ route_check ] --START--
INFO: Run CheckRoute Behavior [ RunTime:0.001610s ]
INFO: [ route_check ] --END-- [ RunTime:0.001694s ]
INFO: [ app_begin ] --START--
INFO: Run ReadHtmlCache Behavior [ RunTime:0.000868s ]
INFO: [ app_begin ] --END-- [ RunTime:0.000929s ]

[ 2013-07-30T16:48:34+08:00 ] 127.0.0.1 /dream/admin.php/Article/index.html
INFO: [ route_check ] --START--
INFO: Run CheckRoute Behavior [ RunTime:0.000819s ]
INFO: [ route_check ] --END-- [ RunTime:0.000901s ]
INFO: [ app_begin ] --START--
INFO: Run ReadHtmlCache Behavior [ RunTime:0.000584s ]
INFO: [ app_begin ] --END-- [ RunTime:0.000643s ]
SQL: SHOW COLUMNS FROM `bc_article` [ RunTime:0.002815s ]
SQL: SELECT * FROM `bc_article` ORDER BY id  [ RunTime:0.000443s ]
SQL: SHOW COLUMNS FROM `bc_category` [ RunTime:0.003108s ]
SQL: SELECT * FROM `bc_category` WHERE ( 1=1 AND id='1' ) LIMIT 1   [ RunTime:0.000435s ]
SQL: SELECT * FROM `bc_category` WHERE ( 1=1 AND id='1' ) LIMIT 1   [ RunTime:0.000328s ]
SQL: SELECT * FROM `bc_category` WHERE ( 1=1 AND id='1' ) LIMIT 1   [ RunTime:0.000314s ]
INFO: [ view_template ] --START--
INFO: Run LocationTemplate Behavior [ RunTime:0.001794s ]
INFO: [ view_template ] --END-- [ RunTime:0.001876s ]
INFO: [ view_parse ] --START--
NOTIC: [8] Undefined variable: page D:\wamp\www\dream\admin\Runtime\Cache\6a0fa1355e20b485f823227ab394fc93.php 第 90 行.
INFO: Run ParseTemplate Behavior [ RunTime:0.011157s ]
INFO: [ view_parse ] --END-- [ RunTime:0.011222s ]
INFO: [ view_filter ] --START--
INFO: Run ContentReplace Behavior [ RunTime:0.000745s ]
INFO: Run TokenBuild Behavior [ RunTime:0.000711s ]
INFO: Run WriteHtmlCache Behavior [ RunTime:0.000642s ]
INFO: Run ShowRuntime Behavior [ RunTime:0.000787s ]
INFO: [ view_filter ] --END-- [ RunTime:0.003061s ]
INFO: [ view_end ] --START--
INFO: Run ShowPageTrace Behavior [ RunTime:0.000910s ]
INFO: [ view_end ] --END-- [ RunTime:0.000982s ]

