[ 2013-08-10T10:10:29+08:00 ] 127.0.0.1 /dream/admin.php
INFO: [ app_begin ] --START--
INFO: Run ReadHtmlCache Behavior [ RunTime:0.007926s ]
INFO: [ app_begin ] --END-- [ RunTime:0.008034s ]
INFO: [ view_template ] --START--
INFO: Run LocationTemplate Behavior [ RunTime:0.002239s ]
INFO: [ view_template ] --END-- [ RunTime:0.002337s ]
INFO: [ view_parse ] --START--
INFO: Run ParseTemplate Behavior [ RunTime:0.045753s ]
INFO: [ view_parse ] --END-- [ RunTime:0.045837s ]
INFO: [ view_filter ] --START--
INFO: Run ContentReplace Behavior [ RunTime:0.001436s ]
INFO: Run TokenBuild Behavior [ RunTime:0.029653s ]
INFO: Run WriteHtmlCache Behavior [ RunTime:0.000891s ]
INFO: Run ShowRuntime Behavior [ RunTime:0.001060s ]
INFO: [ view_filter ] --END-- [ RunTime:0.033272s ]
INFO: [ view_end ] --START--
INFO: Run ShowPageTrace Behavior [ RunTime:0.001176s ]
INFO: [ view_end ] --END-- [ RunTime:0.001243s ]

[ 2013-08-10T10:10:29+08:00 ] 127.0.0.1 /dream/admin.php/Public/top.html
INFO: [ route_check ] --START--
INFO: Run CheckRoute Behavior [ RunTime:0.009004s ]
INFO: [ route_check ] --END-- [ RunTime:0.009099s ]
INFO: [ app_begin ] --START--
INFO: Run ReadHtmlCache Behavior [ RunTime:0.000720s ]
INFO: [ app_begin ] --END-- [ RunTime:0.000791s ]
INFO: [ view_template ] --START--
INFO: Run LocationTemplate Behavior [ RunTime:0.027951s ]
INFO: [ view_template ] --END-- [ RunTime:0.028046s ]
INFO: [ view_parse ] --START--
INFO: Run ParseTemplate Behavior [ RunTime:0.035932s ]
INFO: [ view_parse ] --END-- [ RunTime:0.036034s ]
INFO: [ view_filter ] --START--
INFO: Run ContentReplace Behavior [ RunTime:0.000595s ]
INFO: Run TokenBuild Behavior [ RunTime:0.000924s ]
INFO: Run WriteHtmlCache Behavior [ RunTime:0.001157s ]
INFO: Run ShowRuntime Behavior [ RunTime:0.000574s ]
INFO: [ view_filter ] --END-- [ RunTime:0.003422s ]
INFO: [ view_end ] --START--
INFO: Run ShowPageTrace Behavior [ RunTime:0.000793s ]
INFO: [ view_end ] --END-- [ RunTime:0.000851s ]

[ 2013-08-10T10:10:29+08:00 ] 127.0.0.1 /dream/admin.php/Public/menu.html
INFO: [ route_check ] --START--
INFO: Run CheckRoute Behavior [ RunTime:0.004120s ]
INFO: [ route_check ] --END-- [ RunTime:0.004222s ]
INFO: [ app_begin ] --START--
INFO: Run ReadHtmlCache Behavior [ RunTime:0.001265s ]
INFO: [ app_begin ] --END-- [ RunTime:0.001337s ]
SQL: SHOW COLUMNS FROM `bc_module` [ RunTime:0.155294s ]
SQL: SELECT * FROM `bc_module` ORDER BY id  [ RunTime:0.018440s ]
INFO: [ view_template ] --START--
INFO: Run LocationTemplate Behavior [ RunTime:0.001754s ]
INFO: [ view_template ] --END-- [ RunTime:0.001831s ]
INFO: [ view_parse ] --START--
NOTIC: [8] Undefined index: channel D:\wamp\www\dream\admin\Runtime\Cache\344adff84fc2b75cfa6026542dd95e8c.php 第 12 行.
NOTIC: [8] Undefined index: channel D:\wamp\www\dream\admin\Runtime\Cache\344adff84fc2b75cfa6026542dd95e8c.php 第 36 行.
NOTIC: [8] Undefined index: channel D:\wamp\www\dream\admin\Runtime\Cache\344adff84fc2b75cfa6026542dd95e8c.php 第 61 行.
NOTIC: [8] Undefined index: channel D:\wamp\www\dream\admin\Runtime\Cache\344adff84fc2b75cfa6026542dd95e8c.php 第 94 行.
INFO: Run ParseTemplate Behavior [ RunTime:0.043200s ]
INFO: [ view_parse ] --END-- [ RunTime:0.043266s ]
INFO: [ view_filter ] --START--
INFO: Run ContentReplace Behavior [ RunTime:0.000739s ]
INFO: Run TokenBuild Behavior [ RunTime:0.000745s ]
INFO: Run WriteHtmlCache Behavior [ RunTime:0.000654s ]
INFO: Run ShowRuntime Behavior [ RunTime:0.000811s ]
INFO: [ view_filter ] --END-- [ RunTime:0.003107s ]
INFO: [ view_end ] --START--
INFO: Run ShowPageTrace Behavior [ RunTime:0.000903s ]
INFO: [ view_end ] --END-- [ RunTime:0.000959s ]

[ 2013-08-10T10:10:29+08:00 ] 127.0.0.1 /dream/admin.php/Public/main.html
INFO: [ route_check ] --START--
INFO: Run CheckRoute Behavior [ RunTime:0.001892s ]
INFO: [ route_check ] --END-- [ RunTime:0.001998s ]
INFO: [ app_begin ] --START--
INFO: Run ReadHtmlCache Behavior [ RunTime:0.001225s ]
INFO: [ app_begin ] --END-- [ RunTime:0.001310s ]
INFO: [ view_template ] --START--
INFO: Run LocationTemplate Behavior [ RunTime:0.002268s ]
INFO: [ view_template ] --END-- [ RunTime:0.002371s ]
INFO: [ view_parse ] --START--
INFO: Run ParseTemplate Behavior [ RunTime:0.065720s ]
INFO: [ view_parse ] --END-- [ RunTime:0.065816s ]
INFO: [ view_filter ] --START--
INFO: Run ContentReplace Behavior [ RunTime:0.002082s ]
INFO: Run TokenBuild Behavior [ RunTime:0.001220s ]
INFO: Run WriteHtmlCache Behavior [ RunTime:0.009593s ]
INFO: Run ShowRuntime Behavior [ RunTime:0.002290s ]
INFO: [ view_filter ] --END-- [ RunTime:0.015407s ]
INFO: [ view_end ] --START--
INFO: Run ShowPageTrace Behavior [ RunTime:0.001252s ]
INFO: [ view_end ] --END-- [ RunTime:0.001318s ]

[ 2013-08-10T10:10:34+08:00 ] 127.0.0.1 /dream/admin.php/Public/menu/channel/2
INFO: [ route_check ] --START--
INFO: Run CheckRoute Behavior [ RunTime:0.000790s ]
INFO: [ route_check ] --END-- [ RunTime:0.000872s ]
INFO: [ app_begin ] --START--
INFO: Run ReadHtmlCache Behavior [ RunTime:0.000570s ]
INFO: [ app_begin ] --END-- [ RunTime:0.000629s ]
SQL: SHOW COLUMNS FROM `bc_module` [ RunTime:0.002650s ]
SQL: SELECT * FROM `bc_module` ORDER BY id  [ RunTime:0.000451s ]
INFO: [ view_template ] --START--
INFO: Run LocationTemplate Behavior [ RunTime:0.000885s ]
INFO: [ view_template ] --END-- [ RunTime:0.000960s ]
INFO: [ view_parse ] --START--
INFO: Run ParseTemplate Behavior [ RunTime:0.011647s ]
INFO: [ view_parse ] --END-- [ RunTime:0.011736s ]
INFO: [ view_filter ] --START--
INFO: Run ContentReplace Behavior [ RunTime:0.000512s ]
INFO: Run TokenBuild Behavior [ RunTime:0.000449s ]
INFO: Run WriteHtmlCache Behavior [ RunTime:0.000346s ]
INFO: Run ShowRuntime Behavior [ RunTime:0.000507s ]
INFO: [ view_filter ] --END-- [ RunTime:0.001976s ]
INFO: [ view_end ] --START--
INFO: Run ShowPageTrace Behavior [ RunTime:0.000622s ]
INFO: [ view_end ] --END-- [ RunTime:0.000678s ]

[ 2013-08-10T10:10:58+08:00 ] 127.0.0.1 /dream/admin.php/Category
INFO: [ route_check ] --START--
INFO: Run CheckRoute Behavior [ RunTime:0.000825s ]
INFO: [ route_check ] --END-- [ RunTime:0.000907s ]
INFO: [ app_begin ] --START--
INFO: Run ReadHtmlCache Behavior [ RunTime:0.000576s ]
INFO: [ app_begin ] --END-- [ RunTime:0.000633s ]
SQL: SHOW COLUMNS FROM `bc_category` [ RunTime:0.088698s ]
SQL: SELECT * FROM `bc_category` ORDER BY id  [ RunTime:0.001701s ]
SQL: SHOW COLUMNS FROM `bc_category` [ RunTime:0.003279s ]
SQL: SELECT * FROM `bc_category`  [ RunTime:0.000685s ]
NOTIC: [8] Undefined variable: s D:\wamp\www\dream\admin\Lib\Action\CategoryAction.class.php 第 13 行.
NOTIC: [2] Invalid argument supplied for foreach() D:\wamp\www\dream\admin\Lib\Action\CategoryAction.class.php 第 13 行.
INFO: [ view_template ] --START--
INFO: Run LocationTemplate Behavior [ RunTime:0.002018s ]
INFO: [ view_template ] --END-- [ RunTime:0.002096s ]
INFO: [ view_parse ] --START--
NOTIC: [8] Undefined index: cat_id D:\wamp\www\dream\admin\Runtime\Cache\974995274876d32fbbcf610a23f60ac5.php 第 127 行.
NOTIC: [8] Undefined index: is_show D:\wamp\www\dream\admin\Runtime\Cache\974995274876d32fbbcf610a23f60ac5.php 第 131 行.
NOTIC: [8] Undefined index: cat_id D:\wamp\www\dream\admin\Runtime\Cache\974995274876d32fbbcf610a23f60ac5.php 第 131 行.
NOTIC: [8] Undefined index: is_show D:\wamp\www\dream\admin\Runtime\Cache\974995274876d32fbbcf610a23f60ac5.php 第 131 行.
NOTIC: [8] Undefined index: cat_id D:\wamp\www\dream\admin\Runtime\Cache\974995274876d32fbbcf610a23f60ac5.php 第 132 行.
NOTIC: [8] Undefined index: cat_id D:\wamp\www\dream\admin\Runtime\Cache\974995274876d32fbbcf610a23f60ac5.php 第 127 行.
NOTIC: [8] Undefined index: is_show D:\wamp\www\dream\admin\Runtime\Cache\974995274876d32fbbcf610a23f60ac5.php 第 131 行.
NOTIC: [8] Undefined index: cat_id D:\wamp\www\dream\admin\Runtime\Cache\974995274876d32fbbcf610a23f60ac5.php 第 131 行.
NOTIC: [8] Undefined index: is_show D:\wamp\www\dream\admin\Runtime\Cache\974995274876d32fbbcf610a23f60ac5.php 第 131 行.
NOTIC: [8] Undefined index: cat_id D:\wamp\www\dream\admin\Runtime\Cache\974995274876d32fbbcf610a23f60ac5.php 第 132 行.
NOTIC: [8] Undefined index: cat_id D:\wamp\www\dream\admin\Runtime\Cache\974995274876d32fbbcf610a23f60ac5.php 第 127 行.
NOTIC: [8] Undefined index: is_show D:\wamp\www\dream\admin\Runtime\Cache\974995274876d32fbbcf610a23f60ac5.php 第 131 行.
NOTIC: [8] Undefined index: cat_id D:\wamp\www\dream\admin\Runtime\Cache\974995274876d32fbbcf610a23f60ac5.php 第 131 行.
NOTIC: [8] Undefined index: is_show D:\wamp\www\dream\admin\Runtime\Cache\974995274876d32fbbcf610a23f60ac5.php 第 131 行.
NOTIC: [8] Undefined index: cat_id D:\wamp\www\dream\admin\Runtime\Cache\974995274876d32fbbcf610a23f60ac5.php 第 132 行.
NOTIC: [8] Undefined index: cat_id D:\wamp\www\dream\admin\Runtime\Cache\974995274876d32fbbcf610a23f60ac5.php 第 127 行.
NOTIC: [8] Undefined index: is_show D:\wamp\www\dream\admin\Runtime\Cache\974995274876d32fbbcf610a23f60ac5.php 第 131 行.
NOTIC: [8] Undefined index: cat_id D:\wamp\www\dream\admin\Runtime\Cache\974995274876d32fbbcf610a23f60ac5.php 第 131 行.
NOTIC: [8] Undefined index: is_show D:\wamp\www\dream\admin\Runtime\Cache\974995274876d32fbbcf610a23f60ac5.php 第 131 行.
NOTIC: [8] Undefined index: cat_id D:\wamp\www\dream\admin\Runtime\Cache\974995274876d32fbbcf610a23f60ac5.php 第 132 行.
NOTIC: [8] Undefined index: cat_id D:\wamp\www\dream\admin\Runtime\Cache\974995274876d32fbbcf610a23f60ac5.php 第 127 行.
NOTIC: [8] Undefined index: is_show D:\wamp\www\dream\admin\Runtime\Cache\974995274876d32fbbcf610a23f60ac5.php 第 131 行.
NOTIC: [8] Undefined index: cat_id D:\wamp\www\dream\admin\Runtime\Cache\974995274876d32fbbcf610a23f60ac5.php 第 131 行.
NOTIC: [8] Undefined index: is_show D:\wamp\www\dream\admin\Runtime\Cache\974995274876d32fbbcf610a23f60ac5.php 第 131 行.
NOTIC: [8] Undefined index: cat_id D:\wamp\www\dream\admin\Runtime\Cache\974995274876d32fbbcf610a23f60ac5.php 第 132 行.
NOTIC: [8] Undefined index: cat_id D:\wamp\www\dream\admin\Runtime\Cache\974995274876d32fbbcf610a23f60ac5.php 第 127 行.
NOTIC: [8] Undefined index: is_show D:\wamp\www\dream\admin\Runtime\Cache\974995274876d32fbbcf610a23f60ac5.php 第 131 行.
NOTIC: [8] Undefined index: cat_id D:\wamp\www\dream\admin\Runtime\Cache\974995274876d32fbbcf610a23f60ac5.php 第 131 行.
NOTIC: [8] Undefined index: is_show D:\wamp\www\dream\admin\Runtime\Cache\974995274876d32fbbcf610a23f60ac5.php 第 131 行.
NOTIC: [8] Undefined index: cat_id D:\wamp\www\dream\admin\Runtime\Cache\974995274876d32fbbcf610a23f60ac5.php 第 132 行.
NOTIC: [8] Undefined index: cat_id D:\wamp\www\dream\admin\Runtime\Cache\974995274876d32fbbcf610a23f60ac5.php 第 127 行.
NOTIC: [8] Undefined index: is_show D:\wamp\www\dream\admin\Runtime\Cache\974995274876d32fbbcf610a23f60ac5.php 第 131 行.
NOTIC: [8] Undefined index: cat_id D:\wamp\www\dream\admin\Runtime\Cache\974995274876d32fbbcf610a23f60ac5.php 第 131 行.
NOTIC: [8] Undefined index: is_show D:\wamp\www\dream\admin\Runtime\Cache\974995274876d32fbbcf610a23f60ac5.php 第 131 行.
NOTIC: [8] Undefined index: cat_id D:\wamp\www\dream\admin\Runtime\Cache\974995274876d32fbbcf610a23f60ac5.php 第 132 行.
NOTIC: [8] Undefined index: cat_id D:\wamp\www\dream\admin\Runtime\Cache\974995274876d32fbbcf610a23f60ac5.php 第 127 行.
NOTIC: [8] Undefined index: is_show D:\wamp\www\dream\admin\Runtime\Cache\974995274876d32fbbcf610a23f60ac5.php 第 131 行.
NOTIC: [8] Undefined index: cat_id D:\wamp\www\dream\admin\Runtime\Cache\974995274876d32fbbcf610a23f60ac5.php 第 131 行.
NOTIC: [8] Undefined index: is_show D:\wamp\www\dream\admin\Runtime\Cache\974995274876d32fbbcf610a23f60ac5.php 第 131 行.
NOTIC: [8] Undefined index: cat_id D:\wamp\www\dream\admin\Runtime\Cache\974995274876d32fbbcf610a23f60ac5.php 第 132 行.
NOTIC: [8] Undefined index: cat_id D:\wamp\www\dream\admin\Runtime\Cache\974995274876d32fbbcf610a23f60ac5.php 第 127 行.
NOTIC: [8] Undefined index: is_show D:\wamp\www\dream\admin\Runtime\Cache\974995274876d32fbbcf610a23f60ac5.php 第 131 行.
NOTIC: [8] Undefined index: cat_id D:\wamp\www\dream\admin\Runtime\Cache\974995274876d32fbbcf610a23f60ac5.php 第 131 行.
NOTIC: [8] Undefined index: is_show D:\wamp\www\dream\admin\Runtime\Cache\974995274876d32fbbcf610a23f60ac5.php 第 131 行.
NOTIC: [8] Undefined index: cat_id D:\wamp\www\dream\admin\Runtime\Cache\974995274876d32fbbcf610a23f60ac5.php 第 132 行.
NOTIC: [8] Undefined index: cat_id D:\wamp\www\dream\admin\Runtime\Cache\974995274876d32fbbcf610a23f60ac5.php 第 127 行.
NOTIC: [8] Undefined index: is_show D:\wamp\www\dream\admin\Runtime\Cache\974995274876d32fbbcf610a23f60ac5.php 第 131 行.
NOTIC: [8] Undefined index: cat_id D:\wamp\www\dream\admin\Runtime\Cache\974995274876d32fbbcf610a23f60ac5.php 第 131 行.
NOTIC: [8] Undefined index: is_show D:\wamp\www\dream\admin\Runtime\Cache\974995274876d32fbbcf610a23f60ac5.php 第 131 行.
NOTIC: [8] Undefined index: cat_id D:\wamp\www\dream\admin\Runtime\Cache\974995274876d32fbbcf610a23f60ac5.php 第 132 行.
NOTIC: [8] Undefined index: cat_id D:\wamp\www\dream\admin\Runtime\Cache\974995274876d32fbbcf610a23f60ac5.php 第 127 行.
NOTIC: [8] Undefined index: is_show D:\wamp\www\dream\admin\Runtime\Cache\974995274876d32fbbcf610a23f60ac5.php 第 131 行.
NOTIC: [8] Undefined index: cat_id D:\wamp\www\dream\admin\Runtime\Cache\974995274876d32fbbcf610a23f60ac5.php 第 131 行.
NOTIC: [8] Undefined index: is_show D:\wamp\www\dream\admin\Runtime\Cache\974995274876d32fbbcf610a23f60ac5.php 第 131 行.
NOTIC: [8] Undefined index: cat_id D:\wamp\www\dream\admin\Runtime\Cache\974995274876d32fbbcf610a23f60ac5.php 第 132 行.
NOTIC: [8] Undefined index: cat_id D:\wamp\www\dream\admin\Runtime\Cache\974995274876d32fbbcf610a23f60ac5.php 第 127 行.
NOTIC: [8] Undefined index: is_show D:\wamp\www\dream\admin\Runtime\Cache\974995274876d32fbbcf610a23f60ac5.php 第 131 行.
NOTIC: [8] Undefined index: cat_id D:\wamp\www\dream\admin\Runtime\Cache\974995274876d32fbbcf610a23f60ac5.php 第 131 行.
NOTIC: [8] Undefined index: is_show D:\wamp\www\dream\admin\Runtime\Cache\974995274876d32fbbcf610a23f60ac5.php 第 131 行.
NOTIC: [8] Undefined index: cat_id D:\wamp\www\dream\admin\Runtime\Cache\974995274876d32fbbcf610a23f60ac5.php 第 132 行.
NOTIC: [8] Undefined index: cat_id D:\wamp\www\dream\admin\Runtime\Cache\974995274876d32fbbcf610a23f60ac5.php 第 127 行.
NOTIC: [8] Undefined index: is_show D:\wamp\www\dream\admin\Runtime\Cache\974995274876d32fbbcf610a23f60ac5.php 第 131 行.
NOTIC: [8] Undefined index: cat_id D:\wamp\www\dream\admin\Runtime\Cache\974995274876d32fbbcf610a23f60ac5.php 第 131 行.
NOTIC: [8] Undefined index: is_show D:\wamp\www\dream\admin\Runtime\Cache\974995274876d32fbbcf610a23f60ac5.php 第 131 行.
NOTIC: [8] Undefined index: cat_id D:\wamp\www\dream\admin\Runtime\Cache\974995274876d32fbbcf610a23f60ac5.php 第 132 行.
NOTIC: [8] Undefined index: cat_id D:\wamp\www\dream\admin\Runtime\Cache\974995274876d32fbbcf610a23f60ac5.php 第 127 行.
NOTIC: [8] Undefined index: is_show D:\wamp\www\dream\admin\Runtime\Cache\974995274876d32fbbcf610a23f60ac5.php 第 131 行.
NOTIC: [8] Undefined index: cat_id D:\wamp\www\dream\admin\Runtime\Cache\974995274876d32fbbcf610a23f60ac5.php 第 131 行.
NOTIC: [8] Undefined index: is_show D:\wamp\www\dream\admin\Runtime\Cache\974995274876d32fbbcf610a23f60ac5.php 第 131 行.
NOTIC: [8] Undefined index: cat_id D:\wamp\www\dream\admin\Runtime\Cache\974995274876d32fbbcf610a23f60ac5.php 第 132 行.
NOTIC: [8] Undefined index: cat_id D:\wamp\www\dream\admin\Runtime\Cache\974995274876d32fbbcf610a23f60ac5.php 第 127 行.
NOTIC: [8] Undefined index: is_show D:\wamp\www\dream\admin\Runtime\Cache\974995274876d32fbbcf610a23f60ac5.php 第 131 行.
NOTIC: [8] Undefined index: cat_id D:\wamp\www\dream\admin\Runtime\Cache\974995274876d32fbbcf610a23f60ac5.php 第 131 行.
NOTIC: [8] Undefined index: is_show D:\wamp\www\dream\admin\Runtime\Cache\974995274876d32fbbcf610a23f60ac5.php 第 131 行.
NOTIC: [8] Undefined index: cat_id D:\wamp\www\dream\admin\Runtime\Cache\974995274876d32fbbcf610a23f60ac5.php 第 132 行.
NOTIC: [8] Undefined index: cat_id D:\wamp\www\dream\admin\Runtime\Cache\974995274876d32fbbcf610a23f60ac5.php 第 127 行.
NOTIC: [8] Undefined index: is_show D:\wamp\www\dream\admin\Runtime\Cache\974995274876d32fbbcf610a23f60ac5.php 第 131 行.
NOTIC: [8] Undefined index: cat_id D:\wamp\www\dream\admin\Runtime\Cache\974995274876d32fbbcf610a23f60ac5.php 第 131 行.
NOTIC: [8] Undefined index: is_show D:\wamp\www\dream\admin\Runtime\Cache\974995274876d32fbbcf610a23f60ac5.php 第 131 行.
NOTIC: [8] Undefined index: cat_id D:\wamp\www\dream\admin\Runtime\Cache\974995274876d32fbbcf610a23f60ac5.php 第 132 行.
NOTIC: [8] Undefined index: cat_id D:\wamp\www\dream\admin\Runtime\Cache\974995274876d32fbbcf610a23f60ac5.php 第 127 行.
NOTIC: [8] Undefined index: is_show D:\wamp\www\dream\admin\Runtime\Cache\974995274876d32fbbcf610a23f60ac5.php 第 131 行.
NOTIC: [8] Undefined index: cat_id D:\wamp\www\dream\admin\Runtime\Cache\974995274876d32fbbcf610a23f60ac5.php 第 131 行.
NOTIC: [8] Undefined index: is_show D:\wamp\www\dream\admin\Runtime\Cache\974995274876d32fbbcf610a23f60ac5.php 第 131 行.
NOTIC: [8] Undefined index: cat_id D:\wamp\www\dream\admin\Runtime\Cache\974995274876d32fbbcf610a23f60ac5.php 第 132 行.
NOTIC: [8] Undefined index: cat_id D:\wamp\www\dream\admin\Runtime\Cache\974995274876d32fbbcf610a23f60ac5.php 第 127 行.
NOTIC: [8] Undefined index: is_show D:\wamp\www\dream\admin\Runtime\Cache\974995274876d32fbbcf610a23f60ac5.php 第 131 行.
NOTIC: [8] Undefined index: cat_id D:\wamp\www\dream\admin\Runtime\Cache\974995274876d32fbbcf610a23f60ac5.php 第 131 行.
NOTIC: [8] Undefined index: is_show D:\wamp\www\dream\admin\Runtime\Cache\974995274876d32fbbcf610a23f60ac5.php 第 131 行.
NOTIC: [8] Undefined index: cat_id D:\wamp\www\dream\admin\Runtime\Cache\974995274876d32fbbcf610a23f60ac5.php 第 132 行.
NOTIC: [8] Undefined index: cat_id D:\wamp\www\dream\admin\Runtime\Cache\974995274876d32fbbcf610a23f60ac5.php 第 127 行.
NOTIC: [8] Undefined index: is_show D:\wamp\www\dream\admin\Runtime\Cache\974995274876d32fbbcf610a23f60ac5.php 第 131 行.
NOTIC: [8] Undefined index: cat_id D:\wamp\www\dream\admin\Runtime\Cache\974995274876d32fbbcf610a23f60ac5.php 第 131 行.
NOTIC: [8] Undefined index: is_show D:\wamp\www\dream\admin\Runtime\Cache\974995274876d32fbbcf610a23f60ac5.php 第 131 行.
NOTIC: [8] Undefined index: cat_id D:\wamp\www\dream\admin\Runtime\Cache\974995274876d32fbbcf610a23f60ac5.php 第 132 行.
NOTIC: [8] Undefined index: cat_id D:\wamp\www\dream\admin\Runtime\Cache\974995274876d32fbbcf610a23f60ac5.php 第 127 行.
NOTIC: [8] Undefined index: is_show D:\wamp\www\dream\admin\Runtime\Cache\974995274876d32fbbcf610a23f60ac5.php 第 131 行.
NOTIC: [8] Undefined index: cat_id D:\wamp\www\dream\admin\Runtime\Cache\974995274876d32fbbcf610a23f60ac5.php 第 131 行.
NOTIC: [8] Undefined index: is_show D:\wamp\www\dream\admin\Runtime\Cache\974995274876d32fbbcf610a23f60ac5.php 第 131 行.
NOTIC: [8] Undefined index: cat_id D:\wamp\www\dream\admin\Runtime\Cache\974995274876d32fbbcf610a23f60ac5.php 第 132 行.
INFO: Run ParseTemplate Behavior [ RunTime:0.024572s ]
INFO: [ view_parse ] --END-- [ RunTime:0.024639s ]
INFO: [ view_filter ] --START--
INFO: Run ContentReplace Behavior [ RunTime:0.000597s ]
INFO: Run TokenBuild Behavior [ RunTime:0.000437s ]
INFO: Run WriteHtmlCache Behavior [ RunTime:0.000324s ]
INFO: Run ShowRuntime Behavior [ RunTime:0.000586s ]
INFO: [ view_filter ] --END-- [ RunTime:0.002100s ]
INFO: [ view_end ] --START--
INFO: Run ShowPageTrace Behavior [ RunTime:0.000826s ]
INFO: [ view_end ] --END-- [ RunTime:0.000888s ]

[ 2013-08-10T10:10:59+08:00 ] 127.0.0.1 /dream/admin.php/Page
INFO: [ route_check ] --START--
INFO: Run CheckRoute Behavior [ RunTime:0.000781s ]
INFO: [ route_check ] --END-- [ RunTime:0.000856s ]
INFO: [ app_begin ] --START--
INFO: Run ReadHtmlCache Behavior [ RunTime:0.000568s ]
INFO: [ app_begin ] --END-- [ RunTime:0.000625s ]
ERR: 无法加载模块:Page

[ 2013-08-10T10:12:03+08:00 ] 127.0.0.1 /dream/admin.php/Produce
INFO: [ route_check ] --START--
INFO: Run CheckRoute Behavior [ RunTime:0.000783s ]
INFO: [ route_check ] --END-- [ RunTime:0.000863s ]
INFO: [ app_begin ] --START--
INFO: Run ReadHtmlCache Behavior [ RunTime:0.000567s ]
INFO: [ app_begin ] --END-- [ RunTime:0.000624s ]
SQL: SHOW COLUMNS FROM `bc_produce` [ RunTime:0.075547s ]
SQL: SELECT * FROM `bc_produce` ORDER BY id  [ RunTime:0.009034s ]
SQL: SHOW COLUMNS FROM `bc_category` [ RunTime:0.002952s ]
SQL: SELECT * FROM `bc_category` WHERE ( 1=1 AND id='5' ) LIMIT 1   [ RunTime:0.023657s ]
SQL: SELECT * FROM `bc_category` WHERE ( 1=1 AND id='4' ) LIMIT 1   [ RunTime:0.000339s ]
SQL: SELECT * FROM `bc_category` WHERE ( 1=1 AND id='13' ) LIMIT 1   [ RunTime:0.000278s ]
SQL: SELECT * FROM `bc_category` WHERE ( 1=1 AND id='13' ) LIMIT 1   [ RunTime:0.000306s ]
SQL: SELECT * FROM `bc_category` WHERE ( 1=1 AND id='7' ) LIMIT 1   [ RunTime:0.000321s ]
SQL: SELECT * FROM `bc_category` WHERE ( 1=1 AND id='4' ) LIMIT 1   [ RunTime:0.000301s ]
SQL: SELECT * FROM `bc_category` WHERE ( 1=1 AND id='4' ) LIMIT 1   [ RunTime:0.000300s ]
SQL: SELECT * FROM `bc_category` WHERE ( 1=1 AND id='4' ) LIMIT 1   [ RunTime:0.000264s ]
SQL: SELECT * FROM `bc_category` WHERE ( 1=1 AND id='4' ) LIMIT 1   [ RunTime:0.000253s ]
INFO: [ view_template ] --START--
INFO: Run LocationTemplate Behavior [ RunTime:0.001243s ]
INFO: [ view_template ] --END-- [ RunTime:0.001320s ]
INFO: [ view_parse ] --START--
NOTIC: [8] Undefined variable: page D:\wamp\www\dream\admin\Runtime\Cache\21acc93ad0cf25a87809727a7f91f73b.php 第 90 行.
INFO: Run ParseTemplate Behavior [ RunTime:0.017453s ]
INFO: [ view_parse ] --END-- [ RunTime:0.017525s ]
INFO: [ view_filter ] --START--
INFO: Run ContentReplace Behavior [ RunTime:0.000478s ]
INFO: Run TokenBuild Behavior [ RunTime:0.000422s ]
INFO: Run WriteHtmlCache Behavior [ RunTime:0.000320s ]
INFO: Run ShowRuntime Behavior [ RunTime:0.000548s ]
INFO: [ view_filter ] --END-- [ RunTime:0.001953s ]
INFO: [ view_end ] --START--
INFO: Run ShowPageTrace Behavior [ RunTime:0.000634s ]
INFO: [ view_end ] --END-- [ RunTime:0.000689s ]

[ 2013-08-10T10:12:04+08:00 ] 127.0.0.1 /dream/admin.php/Page
INFO: [ route_check ] --START--
INFO: Run CheckRoute Behavior [ RunTime:0.001718s ]
INFO: [ route_check ] --END-- [ RunTime:0.001799s ]
INFO: [ app_begin ] --START--
INFO: Run ReadHtmlCache Behavior [ RunTime:0.000851s ]
INFO: [ app_begin ] --END-- [ RunTime:0.000913s ]
ERR: 无法加载模块:Page

[ 2013-08-10T10:12:08+08:00 ] 127.0.0.1 /dream/admin.php/Article
INFO: [ route_check ] --START--
INFO: Run CheckRoute Behavior [ RunTime:0.001057s ]
INFO: [ route_check ] --END-- [ RunTime:0.001160s ]
INFO: [ app_begin ] --START--
INFO: Run ReadHtmlCache Behavior [ RunTime:0.000647s ]
INFO: [ app_begin ] --END-- [ RunTime:0.000706s ]
SQL: SHOW COLUMNS FROM `bc_article` [ RunTime:0.050585s ]
SQL: SELECT * FROM `bc_article` ORDER BY id  [ RunTime:0.013364s ]
SQL: SHOW COLUMNS FROM `bc_category` [ RunTime:0.021444s ]
SQL: SELECT * FROM `bc_category` WHERE ( 1=1 AND id='1' ) LIMIT 1   [ RunTime:0.000455s ]
SQL: SELECT * FROM `bc_category` WHERE ( 1=1 AND id='1' ) LIMIT 1   [ RunTime:0.000373s ]
SQL: SELECT * FROM `bc_category` WHERE ( 1=1 AND id='1' ) LIMIT 1   [ RunTime:0.000365s ]
SQL: SELECT * FROM `bc_category` WHERE ( 1=1 AND id='1' ) LIMIT 1   [ RunTime:0.000349s ]
SQL: SELECT * FROM `bc_category` WHERE ( 1=1 AND id='1' ) LIMIT 1   [ RunTime:0.000341s ]
SQL: SELECT * FROM `bc_category` WHERE ( 1=1 AND id='1' ) LIMIT 1   [ RunTime:0.000344s ]
SQL: SELECT * FROM `bc_category` WHERE ( 1=1 AND id='1' ) LIMIT 1   [ RunTime:0.000325s ]
SQL: SELECT * FROM `bc_category` WHERE ( 1=1 AND id='1' ) LIMIT 1   [ RunTime:0.000299s ]
SQL: SELECT * FROM `bc_category` WHERE ( 1=1 AND id='1' ) LIMIT 1   [ RunTime:0.000293s ]
SQL: SELECT * FROM `bc_category` WHERE ( 1=1 AND id='1' ) LIMIT 1   [ RunTime:0.000285s ]
SQL: SELECT * FROM `bc_category` WHERE ( 1=1 AND id='1' ) LIMIT 1   [ RunTime:0.000314s ]
SQL: SELECT * FROM `bc_category` WHERE ( 1=1 AND id='1' ) LIMIT 1   [ RunTime:0.000292s ]
SQL: SELECT * FROM `bc_category` WHERE ( 1=1 AND id='1' ) LIMIT 1   [ RunTime:0.000302s ]
SQL: SELECT * FROM `bc_category` WHERE ( 1=1 AND id='1' ) LIMIT 1   [ RunTime:0.000297s ]
SQL: SELECT * FROM `bc_category` WHERE ( 1=1 AND id='1' ) LIMIT 1   [ RunTime:0.000282s ]
SQL: SELECT * FROM `bc_category` WHERE ( 1=1 AND id='1' ) LIMIT 1   [ RunTime:0.000292s ]
SQL: SELECT * FROM `bc_category` WHERE ( 1=1 AND id='1' ) LIMIT 1   [ RunTime:0.000331s ]
SQL: SELECT * FROM `bc_category` WHERE ( 1=1 AND id='1' ) LIMIT 1   [ RunTime:0.000297s ]
SQL: SELECT * FROM `bc_category` WHERE ( 1=1 AND id='1' ) LIMIT 1   [ RunTime:0.000329s ]
SQL: SELECT * FROM `bc_category` WHERE ( 1=1 AND id='1' ) LIMIT 1   [ RunTime:0.000299s ]
SQL: SELECT * FROM `bc_category` WHERE ( 1=1 AND id='1' ) LIMIT 1   [ RunTime:0.000289s ]
SQL: SELECT * FROM `bc_category` WHERE ( 1=1 AND id='1' ) LIMIT 1   [ RunTime:0.000287s ]
SQL: SELECT * FROM `bc_category` WHERE ( 1=1 AND id='1' ) LIMIT 1   [ RunTime:0.000289s ]
SQL: SELECT * FROM `bc_category` WHERE ( 1=1 AND id='1' ) LIMIT 1   [ RunTime:0.000286s ]
SQL: SELECT * FROM `bc_category` WHERE ( 1=1 AND id='1' ) LIMIT 1   [ RunTime:0.000285s ]
SQL: SELECT * FROM `bc_category` WHERE ( 1=1 AND id='1' ) LIMIT 1   [ RunTime:0.000286s ]
SQL: SELECT * FROM `bc_category` WHERE ( 1=1 AND id='1' ) LIMIT 1   [ RunTime:0.000286s ]
SQL: SELECT * FROM `bc_category` WHERE ( 1=1 AND id='1' ) LIMIT 1   [ RunTime:0.000283s ]
SQL: SELECT * FROM `bc_category` WHERE ( 1=1 AND id='1' ) LIMIT 1   [ RunTime:0.000284s ]
SQL: SELECT * FROM `bc_category` WHERE ( 1=1 AND id='1' ) LIMIT 1   [ RunTime:0.000285s ]
SQL: SELECT * FROM `bc_category` WHERE ( 1=1 AND id='1' ) LIMIT 1   [ RunTime:0.000279s ]
SQL: SELECT * FROM `bc_category` WHERE ( 1=1 AND id='1' ) LIMIT 1   [ RunTime:0.000303s ]
SQL: SELECT * FROM `bc_category` WHERE ( 1=1 AND id='1' ) LIMIT 1   [ RunTime:0.000353s ]
SQL: SELECT * FROM `bc_category` WHERE ( 1=1 AND id='1' ) LIMIT 1   [ RunTime:0.000320s ]
SQL: SELECT * FROM `bc_category` WHERE ( 1=1 AND id='1' ) LIMIT 1   [ RunTime:0.000377s ]
SQL: SELECT * FROM `bc_category` WHERE ( 1=1 AND id='1' ) LIMIT 1   [ RunTime:0.000313s ]
SQL: SELECT * FROM `bc_category` WHERE ( 1=1 AND id='1' ) LIMIT 1   [ RunTime:0.000319s ]
SQL: SELECT * FROM `bc_category` WHERE ( 1=1 AND id='1' ) LIMIT 1   [ RunTime:0.000322s ]
SQL: SELECT * FROM `bc_category` WHERE ( 1=1 AND id='1' ) LIMIT 1   [ RunTime:0.000300s ]
SQL: SELECT * FROM `bc_category` WHERE ( 1=1 AND id='1' ) LIMIT 1   [ RunTime:0.000345s ]
INFO: [ view_template ] --START--
INFO: Run LocationTemplate Behavior [ RunTime:0.001768s ]
INFO: [ view_template ] --END-- [ RunTime:0.001836s ]
INFO: [ view_parse ] --START--
NOTIC: [8] Undefined index: id D:\wamp\www\dream\admin\Runtime\Cache\6a0fa1355e20b485f823227ab394fc93.php 第 66 行.
NOTIC: [8] Undefined variable: page D:\wamp\www\dream\admin\Runtime\Cache\6a0fa1355e20b485f823227ab394fc93.php 第 90 行.
INFO: Run ParseTemplate Behavior [ RunTime:0.025020s ]
INFO: [ view_parse ] --END-- [ RunTime:0.025088s ]
INFO: [ view_filter ] --START--
INFO: Run ContentReplace Behavior [ RunTime:0.000888s ]
INFO: Run TokenBuild Behavior [ RunTime:0.000808s ]
INFO: Run WriteHtmlCache Behavior [ RunTime:0.000653s ]
INFO: Run ShowRuntime Behavior [ RunTime:0.000846s ]
INFO: [ view_filter ] --END-- [ RunTime:0.003358s ]
INFO: [ view_end ] --START--
INFO: Run ShowPageTrace Behavior [ RunTime:0.000901s ]
INFO: [ view_end ] --END-- [ RunTime:0.000960s ]

[ 2013-08-10T10:12:10+08:00 ] 127.0.0.1 /dream/admin.php/Page
INFO: [ route_check ] --START--
INFO: Run CheckRoute Behavior [ RunTime:0.000787s ]
INFO: [ route_check ] --END-- [ RunTime:0.000866s ]
INFO: [ app_begin ] --START--
INFO: Run ReadHtmlCache Behavior [ RunTime:0.000568s ]
INFO: [ app_begin ] --END-- [ RunTime:0.000625s ]
ERR: 无法加载模块:Page

[ 2013-08-10T10:12:13+08:00 ] 127.0.0.1 /dream/admin.php/Page
INFO: [ route_check ] --START--
INFO: Run CheckRoute Behavior [ RunTime:0.000780s ]
INFO: [ route_check ] --END-- [ RunTime:0.000859s ]
INFO: [ app_begin ] --START--
INFO: Run ReadHtmlCache Behavior [ RunTime:0.000567s ]
INFO: [ app_begin ] --END-- [ RunTime:0.000624s ]
ERR: 无法加载模块:Page

[ 2013-08-10T10:12:17+08:00 ] 127.0.0.1 /dream/admin.php/Page
INFO: [ route_check ] --START--
INFO: Run CheckRoute Behavior [ RunTime:0.000996s ]
INFO: [ route_check ] --END-- [ RunTime:0.001074s ]
INFO: [ app_begin ] --START--
INFO: Run ReadHtmlCache Behavior [ RunTime:0.000569s ]
INFO: [ app_begin ] --END-- [ RunTime:0.000625s ]
ERR: 无法加载模块:Page

[ 2013-08-10T10:14:20+08:00 ] 127.0.0.1 /dream/admin.php/Article
INFO: [ route_check ] --START--
INFO: Run CheckRoute Behavior [ RunTime:0.001529s ]
INFO: [ route_check ] --END-- [ RunTime:0.001609s ]
INFO: [ app_begin ] --START--
INFO: Run ReadHtmlCache Behavior [ RunTime:0.000851s ]
INFO: [ app_begin ] --END-- [ RunTime:0.000910s ]
SQL: SHOW COLUMNS FROM `bc_article` [ RunTime:0.003308s ]
SQL: SELECT * FROM `bc_article` ORDER BY id  [ RunTime:0.000709s ]
SQL: SHOW COLUMNS FROM `bc_category` [ RunTime:0.003274s ]
SQL: SELECT * FROM `bc_category` WHERE ( 1=1 AND id='1' ) LIMIT 1   [ RunTime:0.000488s ]
SQL: SELECT * FROM `bc_category` WHERE ( 1=1 AND id='1' ) LIMIT 1   [ RunTime:0.000351s ]
SQL: SELECT * FROM `bc_category` WHERE ( 1=1 AND id='1' ) LIMIT 1   [ RunTime:0.000376s ]
SQL: SELECT * FROM `bc_category` WHERE ( 1=1 AND id='1' ) LIMIT 1   [ RunTime:0.000369s ]
SQL: SELECT * FROM `bc_category` WHERE ( 1=1 AND id='1' ) LIMIT 1   [ RunTime:0.000322s ]
SQL: SELECT * FROM `bc_category` WHERE ( 1=1 AND id='1' ) LIMIT 1   [ RunTime:0.000303s ]
SQL: SELECT * FROM `bc_category` WHERE ( 1=1 AND id='1' ) LIMIT 1   [ RunTime:0.000297s ]
SQL: SELECT * FROM `bc_category` WHERE ( 1=1 AND id='1' ) LIMIT 1   [ RunTime:0.000296s ]
SQL: SELECT * FROM `bc_category` WHERE ( 1=1 AND id='1' ) LIMIT 1   [ RunTime:0.000293s ]
SQL: SELECT * FROM `bc_category` WHERE ( 1=1 AND id='1' ) LIMIT 1   [ RunTime:0.000296s ]
SQL: SELECT * FROM `bc_category` WHERE ( 1=1 AND id='1' ) LIMIT 1   [ RunTime:0.000291s ]
SQL: SELECT * FROM `bc_category` WHERE ( 1=1 AND id='1' ) LIMIT 1   [ RunTime:0.000309s ]
SQL: SELECT * FROM `bc_category` WHERE ( 1=1 AND id='1' ) LIMIT 1   [ RunTime:0.000289s ]
SQL: SELECT * FROM `bc_category` WHERE ( 1=1 AND id='1' ) LIMIT 1   [ RunTime:0.000289s ]
SQL: SELECT * FROM `bc_category` WHERE ( 1=1 AND id='1' ) LIMIT 1   [ RunTime:0.000300s ]
SQL: SELECT * FROM `bc_category` WHERE ( 1=1 AND id='1' ) LIMIT 1   [ RunTime:0.000282s ]
SQL: SELECT * FROM `bc_category` WHERE ( 1=1 AND id='1' ) LIMIT 1   [ RunTime:0.000378s ]
SQL: SELECT * FROM `bc_category` WHERE ( 1=1 AND id='1' ) LIMIT 1   [ RunTime:0.000355s ]
SQL: SELECT * FROM `bc_category` WHERE ( 1=1 AND id='1' ) LIMIT 1   [ RunTime:0.000319s ]
SQL: SELECT * FROM `bc_category` WHERE ( 1=1 AND id='1' ) LIMIT 1   [ RunTime:0.000292s ]
SQL: SELECT * FROM `bc_category` WHERE ( 1=1 AND id='1' ) LIMIT 1   [ RunTime:0.000302s ]
SQL: SELECT * FROM `bc_category` WHERE ( 1=1 AND id='1' ) LIMIT 1   [ RunTime:0.000384s ]
SQL: SELECT * FROM `bc_category` WHERE ( 1=1 AND id='1' ) LIMIT 1   [ RunTime:0.000347s ]
SQL: SELECT * FROM `bc_category` WHERE ( 1=1 AND id='1' ) LIMIT 1   [ RunTime:0.000324s ]
SQL: SELECT * FROM `bc_category` WHERE ( 1=1 AND id='1' ) LIMIT 1   [ RunTime:0.000306s ]
SQL: SELECT * FROM `bc_category` WHERE ( 1=1 AND id='1' ) LIMIT 1   [ RunTime:0.000294s ]
SQL: SELECT * FROM `bc_category` WHERE ( 1=1 AND id='1' ) LIMIT 1   [ RunTime:0.000290s ]
SQL: SELECT * FROM `bc_category` WHERE ( 1=1 AND id='1' ) LIMIT 1   [ RunTime:0.000292s ]
SQL: SELECT * FROM `bc_category` WHERE ( 1=1 AND id='1' ) LIMIT 1   [ RunTime:0.000288s ]
SQL: SELECT * FROM `bc_category` WHERE ( 1=1 AND id='1' ) LIMIT 1   [ RunTime:0.000289s ]
SQL: SELECT * FROM `bc_category` WHERE ( 1=1 AND id='1' ) LIMIT 1   [ RunTime:0.000287s ]
SQL: SELECT * FROM `bc_category` WHERE ( 1=1 AND id='1' ) LIMIT 1   [ RunTime:0.000288s ]
SQL: SELECT * FROM `bc_category` WHERE ( 1=1 AND id='1' ) LIMIT 1   [ RunTime:0.000286s ]
SQL: SELECT * FROM `bc_category` WHERE ( 1=1 AND id='1' ) LIMIT 1   [ RunTime:0.000329s ]
SQL: SELECT * FROM `bc_category` WHERE ( 1=1 AND id='1' ) LIMIT 1   [ RunTime:0.000333s ]
SQL: SELECT * FROM `bc_category` WHERE ( 1=1 AND id='1' ) LIMIT 1   [ RunTime:0.000320s ]
SQL: SELECT * FROM `bc_category` WHERE ( 1=1 AND id='1' ) LIMIT 1   [ RunTime:0.000301s ]
SQL: SELECT * FROM `bc_category` WHERE ( 1=1 AND id='1' ) LIMIT 1   [ RunTime:0.000289s ]
SQL: SELECT * FROM `bc_category` WHERE ( 1=1 AND id='1' ) LIMIT 1   [ RunTime:0.000292s ]
SQL: SELECT * FROM `bc_category` WHERE ( 1=1 AND id='1' ) LIMIT 1   [ RunTime:0.000288s ]
INFO: [ view_template ] --START--
INFO: Run LocationTemplate Behavior [ RunTime:0.001834s ]
INFO: [ view_template ] --END-- [ RunTime:0.001899s ]
INFO: [ view_parse ] --START--
NOTIC: [8] Undefined index: id D:\wamp\www\dream\admin\Runtime\Cache\6a0fa1355e20b485f823227ab394fc93.php 第 66 行.
NOTIC: [8] Undefined variable: page D:\wamp\www\dream\admin\Runtime\Cache\6a0fa1355e20b485f823227ab394fc93.php 第 90 行.
INFO: Run ParseTemplate Behavior [ RunTime:0.028825s ]
INFO: [ view_parse ] --END-- [ RunTime:0.028893s ]
INFO: [ view_filter ] --START--
INFO: Run ContentReplace Behavior [ RunTime:0.000904s ]
INFO: Run TokenBuild Behavior [ RunTime:0.000726s ]
INFO: Run WriteHtmlCache Behavior [ RunTime:0.000686s ]
INFO: Run ShowRuntime Behavior [ RunTime:0.000819s ]
INFO: [ view_filter ] --END-- [ RunTime:0.003292s ]
INFO: [ view_end ] --START--
INFO: Run ShowPageTrace Behavior [ RunTime:0.000897s ]
INFO: [ view_end ] --END-- [ RunTime:0.000955s ]

[ 2013-08-10T10:14:21+08:00 ] 127.0.0.1 /dream/admin.php/Page
INFO: [ route_check ] --START--
INFO: Run CheckRoute Behavior [ RunTime:0.001673s ]
INFO: [ route_check ] --END-- [ RunTime:0.001755s ]
INFO: [ app_begin ] --START--
INFO: Run ReadHtmlCache Behavior [ RunTime:0.000849s ]
INFO: [ app_begin ] --END-- [ RunTime:0.000910s ]
ERR: 无法加载模块:Page

[ 2013-08-10T10:14:32+08:00 ] 127.0.0.1 /dream/admin.php/Link
INFO: [ route_check ] --START--
INFO: Run CheckRoute Behavior [ RunTime:0.000808s ]
INFO: [ route_check ] --END-- [ RunTime:0.000898s ]
INFO: [ app_begin ] --START--
INFO: Run ReadHtmlCache Behavior [ RunTime:0.000658s ]
INFO: [ app_begin ] --END-- [ RunTime:0.000716s ]
ERR: 无法加载模块:Link

[ 2013-08-10T10:14:32+08:00 ] 127.0.0.1 /dream/admin.php/Download
INFO: [ route_check ] --START--
INFO: Run CheckRoute Behavior [ RunTime:0.000784s ]
INFO: [ route_check ] --END-- [ RunTime:0.000860s ]
INFO: [ app_begin ] --START--
INFO: Run ReadHtmlCache Behavior [ RunTime:0.000566s ]
INFO: [ app_begin ] --END-- [ RunTime:0.000623s ]
ERR: 无法加载模块:Download

[ 2013-08-10T10:14:33+08:00 ] 127.0.0.1 /dream/admin.php/Picture
INFO: [ route_check ] --START--
INFO: Run CheckRoute Behavior [ RunTime:0.000788s ]
INFO: [ route_check ] --END-- [ RunTime:0.000867s ]
INFO: [ app_begin ] --START--
INFO: Run ReadHtmlCache Behavior [ RunTime:0.000565s ]
INFO: [ app_begin ] --END-- [ RunTime:0.000623s ]
ERR: 无法加载模块:Picture

[ 2013-08-10T10:14:34+08:00 ] 127.0.0.1 /dream/admin.php/Produce
INFO: [ route_check ] --START--
INFO: Run CheckRoute Behavior [ RunTime:0.000798s ]
INFO: [ route_check ] --END-- [ RunTime:0.000879s ]
INFO: [ app_begin ] --START--
INFO: Run ReadHtmlCache Behavior [ RunTime:0.000591s ]
INFO: [ app_begin ] --END-- [ RunTime:0.000650s ]
SQL: SHOW COLUMNS FROM `bc_produce` [ RunTime:0.002806s ]
SQL: SELECT * FROM `bc_produce` ORDER BY id  [ RunTime:0.000457s ]
SQL: SHOW COLUMNS FROM `bc_category` [ RunTime:0.003701s ]
SQL: SELECT * FROM `bc_category` WHERE ( 1=1 AND id='5' ) LIMIT 1   [ RunTime:0.000388s ]
SQL: SELECT * FROM `bc_category` WHERE ( 1=1 AND id='4' ) LIMIT 1   [ RunTime:0.000304s ]
SQL: SELECT * FROM `bc_category` WHERE ( 1=1 AND id='13' ) LIMIT 1   [ RunTime:0.000293s ]
SQL: SELECT * FROM `bc_category` WHERE ( 1=1 AND id='13' ) LIMIT 1   [ RunTime:0.000289s ]
SQL: SELECT * FROM `bc_category` WHERE ( 1=1 AND id='7' ) LIMIT 1   [ RunTime:0.000286s ]
SQL: SELECT * FROM `bc_category` WHERE ( 1=1 AND id='4' ) LIMIT 1   [ RunTime:0.000323s ]
SQL: SELECT * FROM `bc_category` WHERE ( 1=1 AND id='4' ) LIMIT 1   [ RunTime:0.000310s ]
SQL: SELECT * FROM `bc_category` WHERE ( 1=1 AND id='4' ) LIMIT 1   [ RunTime:0.000296s ]
SQL: SELECT * FROM `bc_category` WHERE ( 1=1 AND id='4' ) LIMIT 1   [ RunTime:0.000307s ]
INFO: [ view_template ] --START--
INFO: Run LocationTemplate Behavior [ RunTime:0.002017s ]
INFO: [ view_template ] --END-- [ RunTime:0.002114s ]
INFO: [ view_parse ] --START--
NOTIC: [8] Undefined variable: page D:\wamp\www\dream\admin\Runtime\Cache\21acc93ad0cf25a87809727a7f91f73b.php 第 90 行.
INFO: Run ParseTemplate Behavior [ RunTime:0.010640s ]
INFO: [ view_parse ] --END-- [ RunTime:0.010716s ]
INFO: [ view_filter ] --START--
INFO: Run ContentReplace Behavior [ RunTime:0.000824s ]
INFO: Run TokenBuild Behavior [ RunTime:0.000712s ]
INFO: Run WriteHtmlCache Behavior [ RunTime:0.000603s ]
INFO: Run ShowRuntime Behavior [ RunTime:0.000802s ]
INFO: [ view_filter ] --END-- [ RunTime:0.003140s ]
INFO: [ view_end ] --START--
INFO: Run ShowPageTrace Behavior [ RunTime:0.000897s ]
INFO: [ view_end ] --END-- [ RunTime:0.000954s ]

[ 2013-08-10T10:14:35+08:00 ] 127.0.0.1 /dream/admin.php/Article
INFO: [ route_check ] --START--
INFO: Run CheckRoute Behavior [ RunTime:0.000816s ]
INFO: [ route_check ] --END-- [ RunTime:0.000896s ]
INFO: [ app_begin ] --START--
INFO: Run ReadHtmlCache Behavior [ RunTime:0.000572s ]
INFO: [ app_begin ] --END-- [ RunTime:0.000627s ]
SQL: SHOW COLUMNS FROM `bc_article` [ RunTime:0.003198s ]
SQL: SELECT * FROM `bc_article` ORDER BY id  [ RunTime:0.000663s ]
SQL: SHOW COLUMNS FROM `bc_category` [ RunTime:0.003656s ]
SQL: SELECT * FROM `bc_category` WHERE ( 1=1 AND id='1' ) LIMIT 1   [ RunTime:0.000395s ]
SQL: SELECT * FROM `bc_category` WHERE ( 1=1 AND id='1' ) LIMIT 1   [ RunTime:0.000294s ]
SQL: SELECT * FROM `bc_category` WHERE ( 1=1 AND id='1' ) LIMIT 1   [ RunTime:0.000298s ]
SQL: SELECT * FROM `bc_category` WHERE ( 1=1 AND id='1' ) LIMIT 1   [ RunTime:0.000293s ]
SQL: SELECT * FROM `bc_category` WHERE ( 1=1 AND id='1' ) LIMIT 1   [ RunTime:0.000275s ]
SQL: SELECT * FROM `bc_category` WHERE ( 1=1 AND id='1' ) LIMIT 1   [ RunTime:0.000264s ]
SQL: SELECT * FROM `bc_category` WHERE ( 1=1 AND id='1' ) LIMIT 1   [ RunTime:0.000287s ]
SQL: SELECT * FROM `bc_category` WHERE ( 1=1 AND id='1' ) LIMIT 1   [ RunTime:0.000267s ]
SQL: SELECT * FROM `bc_category` WHERE ( 1=1 AND id='1' ) LIMIT 1   [ RunTime:0.000250s ]
SQL: SELECT * FROM `bc_category` WHERE ( 1=1 AND id='1' ) LIMIT 1   [ RunTime:0.000327s ]
SQL: SELECT * FROM `bc_category` WHERE ( 1=1 AND id='1' ) LIMIT 1   [ RunTime:0.000305s ]
SQL: SELECT * FROM `bc_category` WHERE ( 1=1 AND id='1' ) LIMIT 1   [ RunTime:0.000276s ]
SQL: SELECT * FROM `bc_category` WHERE ( 1=1 AND id='1' ) LIMIT 1   [ RunTime:0.000307s ]
SQL: SELECT * FROM `bc_category` WHERE ( 1=1 AND id='1' ) LIMIT 1   [ RunTime:0.000319s ]
SQL: SELECT * FROM `bc_category` WHERE ( 1=1 AND id='1' ) LIMIT 1   [ RunTime:0.000263s ]
SQL: SELECT * FROM `bc_category` WHERE ( 1=1 AND id='1' ) LIMIT 1   [ RunTime:0.000289s ]
SQL: SELECT * FROM `bc_category` WHERE ( 1=1 AND id='1' ) LIMIT 1   [ RunTime:0.000273s ]
SQL: SELECT * FROM `bc_category` WHERE ( 1=1 AND id='1' ) LIMIT 1   [ RunTime:0.000270s ]
SQL: SELECT * FROM `bc_category` WHERE ( 1=1 AND id='1' ) LIMIT 1   [ RunTime:0.000269s ]
SQL: SELECT * FROM `bc_category` WHERE ( 1=1 AND id='1' ) LIMIT 1   [ RunTime:0.000266s ]
SQL: SELECT * FROM `bc_category` WHERE ( 1=1 AND id='1' ) LIMIT 1   [ RunTime:0.000262s ]
SQL: SELECT * FROM `bc_category` WHERE ( 1=1 AND id='1' ) LIMIT 1   [ RunTime:0.000262s ]
SQL: SELECT * FROM `bc_category` WHERE ( 1=1 AND id='1' ) LIMIT 1   [ RunTime:0.000262s ]
SQL: SELECT * FROM `bc_category` WHERE ( 1=1 AND id='1' ) LIMIT 1   [ RunTime:0.000264s ]
SQL: SELECT * FROM `bc_category` WHERE ( 1=1 AND id='1' ) LIMIT 1   [ RunTime:0.000259s ]
SQL: SELECT * FROM `bc_category` WHERE ( 1=1 AND id='1' ) LIMIT 1   [ RunTime:0.000273s ]
SQL: SELECT * FROM `bc_category` WHERE ( 1=1 AND id='1' ) LIMIT 1   [ RunTime:0.000247s ]
SQL: SELECT * FROM `bc_category` WHERE ( 1=1 AND id='1' ) LIMIT 1   [ RunTime:0.000259s ]
SQL: SELECT * FROM `bc_category` WHERE ( 1=1 AND id='1' ) LIMIT 1   [ RunTime:0.000295s ]
SQL: SELECT * FROM `bc_category` WHERE ( 1=1 AND id='1' ) LIMIT 1   [ RunTime:0.000310s ]
SQL: SELECT * FROM `bc_category` WHERE ( 1=1 AND id='1' ) LIMIT 1   [ RunTime:0.000263s ]
SQL: SELECT * FROM `bc_category` WHERE ( 1=1 AND id='1' ) LIMIT 1   [ RunTime:0.000275s ]
SQL: SELECT * FROM `bc_category` WHERE ( 1=1 AND id='1' ) LIMIT 1   [ RunTime:0.000273s ]
SQL: SELECT * FROM `bc_category` WHERE ( 1=1 AND id='1' ) LIMIT 1   [ RunTime:0.000271s ]
SQL: SELECT * FROM `bc_category` WHERE ( 1=1 AND id='1' ) LIMIT 1   [ RunTime:0.000268s ]
SQL: SELECT * FROM `bc_category` WHERE ( 1=1 AND id='1' ) LIMIT 1   [ RunTime:0.000266s ]
SQL: SELECT * FROM `bc_category` WHERE ( 1=1 AND id='1' ) LIMIT 1   [ RunTime:0.000263s ]
SQL: SELECT * FROM `bc_category` WHERE ( 1=1 AND id='1' ) LIMIT 1   [ RunTime:0.000237s ]
SQL: SELECT * FROM `bc_category` WHERE ( 1=1 AND id='1' ) LIMIT 1   [ RunTime:0.000277s ]
SQL: SELECT * FROM `bc_category` WHERE ( 1=1 AND id='1' ) LIMIT 1   [ RunTime:0.000252s ]
INFO: [ view_template ] --START--
INFO: Run LocationTemplate Behavior [ RunTime:0.000537s ]
INFO: [ view_template ] --END-- [ RunTime:0.000597s ]
INFO: [ view_parse ] --START--
NOTIC: [8] Undefined index: id D:\wamp\www\dream\admin\Runtime\Cache\6a0fa1355e20b485f823227ab394fc93.php 第 66 行.
NOTIC: [8] Undefined variable: page D:\wamp\www\dream\admin\Runtime\Cache\6a0fa1355e20b485f823227ab394fc93.php 第 90 行.
INFO: Run ParseTemplate Behavior [ RunTime:0.008315s ]
INFO: [ view_parse ] --END-- [ RunTime:0.008377s ]
INFO: [ view_filter ] --START--
INFO: Run ContentReplace Behavior [ RunTime:0.000564s ]
INFO: Run TokenBuild Behavior [ RunTime:0.000433s ]
INFO: Run WriteHtmlCache Behavior [ RunTime:0.000329s ]
INFO: Run ShowRuntime Behavior [ RunTime:0.000529s ]
INFO: [ view_filter ] --END-- [ RunTime:0.002009s ]
INFO: [ view_end ] --START--
INFO: Run ShowPageTrace Behavior [ RunTime:0.000612s ]
INFO: [ view_end ] --END-- [ RunTime:0.000668s ]

