[ 2013-08-27T17:16:23+08:00 ] 127.0.0.1 /dream/admin.php
INFO: [ app_begin ] --START--
INFO: Run ReadHtmlCache Behavior [ RunTime:0.001294s ]
INFO: [ app_begin ] --END-- [ RunTime:0.001387s ]

[ 2013-08-27T17:16:23+08:00 ] 127.0.0.1 /dream/admin.php/Login/index.html
INFO: [ route_check ] --START--
INFO: Run CheckRoute Behavior [ RunTime:0.001080s ]
INFO: [ route_check ] --END-- [ RunTime:0.001160s ]
INFO: [ app_begin ] --START--
INFO: Run ReadHtmlCache Behavior [ RunTime:0.000567s ]
INFO: [ app_begin ] --END-- [ RunTime:0.000624s ]
INFO: [ view_template ] --START--
INFO: Run LocationTemplate Behavior [ RunTime:0.014948s ]
INFO: [ view_template ] --END-- [ RunTime:0.015052s ]
INFO: [ view_parse ] --START--
INFO: Run ParseTemplate Behavior [ RunTime:0.074652s ]
INFO: [ view_parse ] --END-- [ RunTime:0.074737s ]
INFO: [ view_filter ] --START--
INFO: Run ContentReplace Behavior [ RunTime:0.000777s ]
INFO: Run TokenBuild Behavior [ RunTime:0.000718s ]
INFO: Run WriteHtmlCache Behavior [ RunTime:0.000608s ]
INFO: Run ShowRuntime Behavior [ RunTime:0.000793s ]
INFO: [ view_filter ] --END-- [ RunTime:0.003059s ]
INFO: [ view_end ] --START--
INFO: Run ShowPageTrace Behavior [ RunTime:0.000895s ]
INFO: [ view_end ] --END-- [ RunTime:0.000949s ]

[ 2013-08-27T17:16:37+08:00 ] 127.0.0.1 /dream/admin.php/Login/doLogin
INFO: [ route_check ] --START--
INFO: Run CheckRoute Behavior [ RunTime:0.001567s ]
INFO: [ route_check ] --END-- [ RunTime:0.001650s ]
INFO: [ app_begin ] --START--
INFO: Run ReadHtmlCache Behavior [ RunTime:0.000854s ]
INFO: [ app_begin ] --END-- [ RunTime:0.000915s ]
SQL: SHOW COLUMNS FROM `bc_user` [ RunTime:0.004447s ]
SQL: SELECT `uid` FROM `bc_user` WHERE ( `username` = 'bestcms' ) LIMIT 1   [ RunTime:0.000420s ]

[ 2013-08-27T17:16:37+08:00 ] 127.0.0.1 /dream/admin.php/Index/index.html
INFO: [ route_check ] --START--
INFO: Run CheckRoute Behavior [ RunTime:0.000788s ]
INFO: [ route_check ] --END-- [ RunTime:0.000872s ]
INFO: [ app_begin ] --START--
INFO: Run ReadHtmlCache Behavior [ RunTime:0.000753s ]
INFO: [ app_begin ] --END-- [ RunTime:0.000840s ]
INFO: [ view_template ] --START--
INFO: Run LocationTemplate Behavior [ RunTime:0.016419s ]
INFO: [ view_template ] --END-- [ RunTime:0.016515s ]
INFO: [ view_parse ] --START--
INFO: Run ParseTemplate Behavior [ RunTime:0.091104s ]
INFO: [ view_parse ] --END-- [ RunTime:0.091205s ]
INFO: [ view_filter ] --START--
INFO: Run ContentReplace Behavior [ RunTime:0.001012s ]
INFO: Run TokenBuild Behavior [ RunTime:0.000991s ]
INFO: Run WriteHtmlCache Behavior [ RunTime:0.000607s ]
INFO: Run ShowRuntime Behavior [ RunTime:0.000887s ]
INFO: [ view_filter ] --END-- [ RunTime:0.003657s ]
INFO: [ view_end ] --START--
INFO: Run ShowPageTrace Behavior [ RunTime:0.001251s ]
INFO: [ view_end ] --END-- [ RunTime:0.001314s ]

[ 2013-08-27T17:16:38+08:00 ] 127.0.0.1 /dream/admin.php/Public/menu.html
INFO: [ route_check ] --START--
INFO: Run CheckRoute Behavior [ RunTime:0.000831s ]
INFO: [ route_check ] --END-- [ RunTime:0.000911s ]
INFO: [ app_begin ] --START--
INFO: Run ReadHtmlCache Behavior [ RunTime:0.001490s ]
INFO: [ app_begin ] --END-- [ RunTime:0.001558s ]
SQL: SHOW COLUMNS FROM `bc_module` [ RunTime:0.003292s ]
SQL: SELECT * FROM `bc_module` ORDER BY id  [ RunTime:0.015004s ]
INFO: [ view_template ] --START--
INFO: Run LocationTemplate Behavior [ RunTime:0.002529s ]
INFO: [ view_template ] --END-- [ RunTime:0.002605s ]
INFO: [ view_parse ] --START--
NOTIC: [8] Undefined index: channel D:\wamp\www\dream\admin\Runtime\Cache\344adff84fc2b75cfa6026542dd95e8c.php 第 12 行.
NOTIC: [8] Undefined index: channel D:\wamp\www\dream\admin\Runtime\Cache\344adff84fc2b75cfa6026542dd95e8c.php 第 36 行.
NOTIC: [8] Undefined index: channel D:\wamp\www\dream\admin\Runtime\Cache\344adff84fc2b75cfa6026542dd95e8c.php 第 61 行.
NOTIC: [8] Undefined index: channel D:\wamp\www\dream\admin\Runtime\Cache\344adff84fc2b75cfa6026542dd95e8c.php 第 90 行.
NOTIC: [8] Undefined index: channel D:\wamp\www\dream\admin\Runtime\Cache\344adff84fc2b75cfa6026542dd95e8c.php 第 119 行.
INFO: Run ParseTemplate Behavior [ RunTime:0.024232s ]
INFO: [ view_parse ] --END-- [ RunTime:0.024297s ]
INFO: [ view_filter ] --START--
INFO: Run ContentReplace Behavior [ RunTime:0.000855s ]
INFO: Run TokenBuild Behavior [ RunTime:0.000838s ]
INFO: Run WriteHtmlCache Behavior [ RunTime:0.000330s ]
INFO: Run ShowRuntime Behavior [ RunTime:0.000647s ]
INFO: [ view_filter ] --END-- [ RunTime:0.002822s ]
INFO: [ view_end ] --START--
INFO: Run ShowPageTrace Behavior [ RunTime:0.001161s ]
INFO: [ view_end ] --END-- [ RunTime:0.001216s ]

[ 2013-08-27T17:16:38+08:00 ] 127.0.0.1 /dream/admin.php/Public/main.html
INFO: [ route_check ] --START--
INFO: Run CheckRoute Behavior [ RunTime:0.001649s ]
INFO: [ route_check ] --END-- [ RunTime:0.001729s ]
INFO: [ app_begin ] --START--
INFO: Run ReadHtmlCache Behavior [ RunTime:0.000926s ]
INFO: [ app_begin ] --END-- [ RunTime:0.000997s ]
INFO: [ view_template ] --START--
INFO: Run LocationTemplate Behavior [ RunTime:0.001942s ]
INFO: [ view_template ] --END-- [ RunTime:0.002025s ]
INFO: [ view_parse ] --START--
INFO: Run ParseTemplate Behavior [ RunTime:0.076445s ]
INFO: [ view_parse ] --END-- [ RunTime:0.076546s ]
INFO: [ view_filter ] --START--
INFO: Run ContentReplace Behavior [ RunTime:0.002714s ]
INFO: Run TokenBuild Behavior [ RunTime:0.011248s ]
INFO: Run WriteHtmlCache Behavior [ RunTime:0.001476s ]
INFO: Run ShowRuntime Behavior [ RunTime:0.001795s ]
INFO: [ view_filter ] --END-- [ RunTime:0.017508s ]
INFO: [ view_end ] --START--
INFO: Run ShowPageTrace Behavior [ RunTime:0.001477s ]
INFO: [ view_end ] --END-- [ RunTime:0.001541s ]

[ 2013-08-27T17:16:38+08:00 ] 127.0.0.1 /dream/admin.php/Public/top.html
INFO: [ route_check ] --START--
INFO: Run CheckRoute Behavior [ RunTime:0.001662s ]
INFO: [ route_check ] --END-- [ RunTime:0.002123s ]
INFO: [ app_begin ] --START--
INFO: Run ReadHtmlCache Behavior [ RunTime:0.001059s ]
INFO: [ app_begin ] --END-- [ RunTime:0.001128s ]
INFO: [ view_template ] --START--
INFO: Run LocationTemplate Behavior [ RunTime:0.001963s ]
INFO: [ view_template ] --END-- [ RunTime:0.002045s ]
INFO: [ view_parse ] --START--
INFO: Run ParseTemplate Behavior [ RunTime:0.025705s ]
INFO: [ view_parse ] --END-- [ RunTime:0.025793s ]
INFO: [ view_filter ] --START--
INFO: Run ContentReplace Behavior [ RunTime:0.001463s ]
INFO: Run TokenBuild Behavior [ RunTime:0.000846s ]
INFO: Run WriteHtmlCache Behavior [ RunTime:0.001517s ]
INFO: Run ShowRuntime Behavior [ RunTime:0.001625s ]
INFO: [ view_filter ] --END-- [ RunTime:0.008753s ]
INFO: [ view_end ] --START--
INFO: Run ShowPageTrace Behavior [ RunTime:0.010914s ]
INFO: [ view_end ] --END-- [ RunTime:0.010995s ]

[ 2013-08-27T17:16:39+08:00 ] 127.0.0.1 /dream/admin.php/Public/menu/channel/3
INFO: [ route_check ] --START--
INFO: Run CheckRoute Behavior [ RunTime:0.000794s ]
INFO: [ route_check ] --END-- [ RunTime:0.000881s ]
INFO: [ app_begin ] --START--
INFO: Run ReadHtmlCache Behavior [ RunTime:0.000573s ]
INFO: [ app_begin ] --END-- [ RunTime:0.000634s ]
SQL: SHOW COLUMNS FROM `bc_module` [ RunTime:0.003156s ]
SQL: SELECT * FROM `bc_module` ORDER BY id  [ RunTime:0.000435s ]
INFO: [ view_template ] --START--
INFO: Run LocationTemplate Behavior [ RunTime:0.000890s ]
INFO: [ view_template ] --END-- [ RunTime:0.000966s ]
INFO: [ view_parse ] --START--
INFO: Run ParseTemplate Behavior [ RunTime:0.011700s ]
INFO: [ view_parse ] --END-- [ RunTime:0.011777s ]
INFO: [ view_filter ] --START--
INFO: Run ContentReplace Behavior [ RunTime:0.000890s ]
INFO: Run TokenBuild Behavior [ RunTime:0.000428s ]
INFO: Run WriteHtmlCache Behavior [ RunTime:0.000333s ]
INFO: Run ShowRuntime Behavior [ RunTime:0.000509s ]
INFO: [ view_filter ] --END-- [ RunTime:0.002316s ]
INFO: [ view_end ] --START--
INFO: Run ShowPageTrace Behavior [ RunTime:0.000618s ]
INFO: [ view_end ] --END-- [ RunTime:0.000675s ]

[ 2013-08-27T17:16:41+08:00 ] 127.0.0.1 /dream/admin.php/Public/menu/channel/2
INFO: [ route_check ] --START--
INFO: Run CheckRoute Behavior [ RunTime:0.000797s ]
INFO: [ route_check ] --END-- [ RunTime:0.000880s ]
INFO: [ app_begin ] --START--
INFO: Run ReadHtmlCache Behavior [ RunTime:0.000582s ]
INFO: [ app_begin ] --END-- [ RunTime:0.000642s ]
SQL: SHOW COLUMNS FROM `bc_module` [ RunTime:0.002989s ]
SQL: SELECT * FROM `bc_module` ORDER BY id  [ RunTime:0.000523s ]
INFO: [ view_template ] --START--
INFO: Run LocationTemplate Behavior [ RunTime:0.000570s ]
INFO: [ view_template ] --END-- [ RunTime:0.000643s ]
INFO: [ view_parse ] --START--
INFO: Run ParseTemplate Behavior [ RunTime:0.012302s ]
INFO: [ view_parse ] --END-- [ RunTime:0.012381s ]
INFO: [ view_filter ] --START--
INFO: Run ContentReplace Behavior [ RunTime:0.000877s ]
INFO: Run TokenBuild Behavior [ RunTime:0.000426s ]
INFO: Run WriteHtmlCache Behavior [ RunTime:0.000330s ]
INFO: Run ShowRuntime Behavior [ RunTime:0.000506s ]
INFO: [ view_filter ] --END-- [ RunTime:0.002292s ]
INFO: [ view_end ] --START--
INFO: Run ShowPageTrace Behavior [ RunTime:0.000620s ]
INFO: [ view_end ] --END-- [ RunTime:0.000676s ]

[ 2013-08-27T17:16:42+08:00 ] 127.0.0.1 /dream/admin.php/Public/menu/channel/1
INFO: [ route_check ] --START--
INFO: Run CheckRoute Behavior [ RunTime:0.000789s ]
INFO: [ route_check ] --END-- [ RunTime:0.000872s ]
INFO: [ app_begin ] --START--
INFO: Run ReadHtmlCache Behavior [ RunTime:0.000585s ]
INFO: [ app_begin ] --END-- [ RunTime:0.000644s ]
SQL: SHOW COLUMNS FROM `bc_module` [ RunTime:0.004374s ]
SQL: SELECT * FROM `bc_module` ORDER BY id  [ RunTime:0.000522s ]
INFO: [ view_template ] --START--
INFO: Run LocationTemplate Behavior [ RunTime:0.000589s ]
INFO: [ view_template ] --END-- [ RunTime:0.000662s ]
INFO: [ view_parse ] --START--
INFO: Run ParseTemplate Behavior [ RunTime:0.012863s ]
INFO: [ view_parse ] --END-- [ RunTime:0.012943s ]
INFO: [ view_filter ] --START--
INFO: Run ContentReplace Behavior [ RunTime:0.000899s ]
INFO: Run TokenBuild Behavior [ RunTime:0.000431s ]
INFO: Run WriteHtmlCache Behavior [ RunTime:0.000328s ]
INFO: Run ShowRuntime Behavior [ RunTime:0.000511s ]
INFO: [ view_filter ] --END-- [ RunTime:0.002328s ]
INFO: [ view_end ] --START--
INFO: Run ShowPageTrace Behavior [ RunTime:0.000617s ]
INFO: [ view_end ] --END-- [ RunTime:0.000672s ]

[ 2013-08-27T17:16:44+08:00 ] 127.0.0.1 /dream/admin.php/Public/menu/channel/2
INFO: [ route_check ] --START--
INFO: Run CheckRoute Behavior [ RunTime:0.000788s ]
INFO: [ route_check ] --END-- [ RunTime:0.000871s ]
INFO: [ app_begin ] --START--
INFO: Run ReadHtmlCache Behavior [ RunTime:0.001402s ]
INFO: [ app_begin ] --END-- [ RunTime:0.001475s ]
SQL: SHOW COLUMNS FROM `bc_module` [ RunTime:0.002784s ]
SQL: SELECT * FROM `bc_module` ORDER BY id  [ RunTime:0.000520s ]
INFO: [ view_template ] --START--
INFO: Run LocationTemplate Behavior [ RunTime:0.000637s ]
INFO: [ view_template ] --END-- [ RunTime:0.000715s ]
INFO: [ view_parse ] --START--
INFO: Run ParseTemplate Behavior [ RunTime:0.012118s ]
INFO: [ view_parse ] --END-- [ RunTime:0.012213s ]
INFO: [ view_filter ] --START--
INFO: Run ContentReplace Behavior [ RunTime:0.001449s ]
INFO: Run TokenBuild Behavior [ RunTime:0.000451s ]
INFO: Run WriteHtmlCache Behavior [ RunTime:0.000332s ]
INFO: Run ShowRuntime Behavior [ RunTime:0.000524s ]
INFO: [ view_filter ] --END-- [ RunTime:0.002928s ]
INFO: [ view_end ] --START--
INFO: Run ShowPageTrace Behavior [ RunTime:0.000630s ]
INFO: [ view_end ] --END-- [ RunTime:0.000686s ]

[ 2013-08-27T17:16:45+08:00 ] 127.0.0.1 /dream/admin.php/Picture
INFO: [ route_check ] --START--
INFO: Run CheckRoute Behavior [ RunTime:0.000808s ]
INFO: [ route_check ] --END-- [ RunTime:0.000891s ]
INFO: [ app_begin ] --START--
INFO: Run ReadHtmlCache Behavior [ RunTime:0.000585s ]
INFO: [ app_begin ] --END-- [ RunTime:0.000644s ]
SQL: SHOW COLUMNS FROM `bc_article` [ RunTime:0.003533s ]
SQL: SELECT * FROM `bc_article` ORDER BY id  [ RunTime:0.000844s ]
SQL: SHOW COLUMNS FROM `bc_category` [ RunTime:0.003519s ]
SQL: SELECT * FROM `bc_category` WHERE ( 1=1 AND id='1' ) LIMIT 1   [ RunTime:0.000592s ]
SQL: SELECT * FROM `bc_category` WHERE ( 1=1 AND id='1' ) LIMIT 1   [ RunTime:0.000359s ]
SQL: SELECT * FROM `bc_category` WHERE ( 1=1 AND id='1' ) LIMIT 1   [ RunTime:0.000429s ]
SQL: SELECT * FROM `bc_category` WHERE ( 1=1 AND id='1' ) LIMIT 1   [ RunTime:0.000386s ]
SQL: SELECT * FROM `bc_category` WHERE ( 1=1 AND id='1' ) LIMIT 1   [ RunTime:0.000324s ]
SQL: SELECT * FROM `bc_category` WHERE ( 1=1 AND id='1' ) LIMIT 1   [ RunTime:0.000316s ]
SQL: SELECT * FROM `bc_category` WHERE ( 1=1 AND id='1' ) LIMIT 1   [ RunTime:0.000314s ]
SQL: SELECT * FROM `bc_category` WHERE ( 1=1 AND id='1' ) LIMIT 1   [ RunTime:0.000307s ]
SQL: SELECT * FROM `bc_category` WHERE ( 1=1 AND id='1' ) LIMIT 1   [ RunTime:0.000305s ]
SQL: SELECT * FROM `bc_category` WHERE ( 1=1 AND id='1' ) LIMIT 1   [ RunTime:0.000310s ]
SQL: SELECT * FROM `bc_category` WHERE ( 1=1 AND id='1' ) LIMIT 1   [ RunTime:0.000314s ]
SQL: SELECT * FROM `bc_category` WHERE ( 1=1 AND id='1' ) LIMIT 1   [ RunTime:0.000315s ]
SQL: SELECT * FROM `bc_category` WHERE ( 1=1 AND id='1' ) LIMIT 1   [ RunTime:0.000305s ]
SQL: SELECT * FROM `bc_category` WHERE ( 1=1 AND id='1' ) LIMIT 1   [ RunTime:0.000299s ]
SQL: SELECT * FROM `bc_category` WHERE ( 1=1 AND id='1' ) LIMIT 1   [ RunTime:0.000301s ]
SQL: SELECT * FROM `bc_category` WHERE ( 1=1 AND id='1' ) LIMIT 1   [ RunTime:0.000507s ]
SQL: SELECT * FROM `bc_category` WHERE ( 1=1 AND id='1' ) LIMIT 1   [ RunTime:0.000462s ]
SQL: SELECT * FROM `bc_category` WHERE ( 1=1 AND id='1' ) LIMIT 1   [ RunTime:0.000367s ]
SQL: SELECT * FROM `bc_category` WHERE ( 1=1 AND id='1' ) LIMIT 1   [ RunTime:0.000364s ]
SQL: SELECT * FROM `bc_category` WHERE ( 1=1 AND id='1' ) LIMIT 1   [ RunTime:0.000342s ]
SQL: SELECT * FROM `bc_category` WHERE ( 1=1 AND id='1' ) LIMIT 1   [ RunTime:0.000339s ]
SQL: SELECT * FROM `bc_category` WHERE ( 1=1 AND id='1' ) LIMIT 1   [ RunTime:0.000337s ]
SQL: SELECT * FROM `bc_category` WHERE ( 1=1 AND id='1' ) LIMIT 1   [ RunTime:0.000320s ]
SQL: SELECT * FROM `bc_category` WHERE ( 1=1 AND id='1' ) LIMIT 1   [ RunTime:0.000310s ]
SQL: SELECT * FROM `bc_category` WHERE ( 1=1 AND id='1' ) LIMIT 1   [ RunTime:0.000312s ]
SQL: SELECT * FROM `bc_category` WHERE ( 1=1 AND id='1' ) LIMIT 1   [ RunTime:0.000309s ]
SQL: SELECT * FROM `bc_category` WHERE ( 1=1 AND id='1' ) LIMIT 1   [ RunTime:0.000309s ]
SQL: SELECT * FROM `bc_category` WHERE ( 1=1 AND id='1' ) LIMIT 1   [ RunTime:0.000307s ]
SQL: SELECT * FROM `bc_category` WHERE ( 1=1 AND id='1' ) LIMIT 1   [ RunTime:0.000305s ]
SQL: SELECT * FROM `bc_category` WHERE ( 1=1 AND id='1' ) LIMIT 1   [ RunTime:0.000307s ]
SQL: SELECT * FROM `bc_category` WHERE ( 1=1 AND id='1' ) LIMIT 1   [ RunTime:0.000314s ]
SQL: SELECT * FROM `bc_category` WHERE ( 1=1 AND id='1' ) LIMIT 1   [ RunTime:0.000304s ]
SQL: SELECT * FROM `bc_category` WHERE ( 1=1 AND id='1' ) LIMIT 1   [ RunTime:0.000311s ]
SQL: SELECT * FROM `bc_category` WHERE ( 1=1 AND id='1' ) LIMIT 1   [ RunTime:0.000306s ]
SQL: SELECT * FROM `bc_category` WHERE ( 1=1 AND id='1' ) LIMIT 1   [ RunTime:0.000305s ]
SQL: SELECT * FROM `bc_category` WHERE ( 1=1 AND id='1' ) LIMIT 1   [ RunTime:0.000304s ]
SQL: SELECT * FROM `bc_category` WHERE ( 1=1 AND id='1' ) LIMIT 1   [ RunTime:0.000291s ]
SQL: SELECT * FROM `bc_category` WHERE ( 1=1 AND id='1' ) LIMIT 1   [ RunTime:0.000390s ]
SQL: SELECT * FROM `bc_category` WHERE ( 1=1 AND id='1' ) LIMIT 1   [ RunTime:0.000440s ]
SQL: SELECT * FROM `bc_category` WHERE ( 1=1 AND id='1' ) LIMIT 1   [ RunTime:0.000349s ]
INFO: [ view_template ] --START--
INFO: Run LocationTemplate Behavior [ RunTime:0.013992s ]
INFO: [ view_template ] --END-- [ RunTime:0.014078s ]
INFO: [ view_parse ] --START--
NOTIC: [8] Undefined index: id D:\wamp\www\dream\admin\Runtime\Cache\28aa1337550091f97efe09c0907dec41.php 第 66 行.
NOTIC: [8] Undefined variable: page D:\wamp\www\dream\admin\Runtime\Cache\28aa1337550091f97efe09c0907dec41.php 第 90 行.
INFO: Run ParseTemplate Behavior [ RunTime:0.013205s ]
INFO: [ view_parse ] --END-- [ RunTime:0.013273s ]
INFO: [ view_filter ] --START--
INFO: Run ContentReplace Behavior [ RunTime:0.000987s ]
INFO: Run TokenBuild Behavior [ RunTime:0.000436s ]
INFO: Run WriteHtmlCache Behavior [ RunTime:0.000389s ]
INFO: Run ShowRuntime Behavior [ RunTime:0.000579s ]
INFO: [ view_filter ] --END-- [ RunTime:0.002554s ]
INFO: [ view_end ] --START--
INFO: Run ShowPageTrace Behavior [ RunTime:0.000636s ]
INFO: [ view_end ] --END-- [ RunTime:0.000695s ]

[ 2013-08-27T17:16:46+08:00 ] 127.0.0.1 /dream/admin.php/Produce
INFO: [ route_check ] --START--
INFO: Run CheckRoute Behavior [ RunTime:0.000781s ]
INFO: [ route_check ] --END-- [ RunTime:0.000859s ]
INFO: [ app_begin ] --START--
INFO: Run ReadHtmlCache Behavior [ RunTime:0.000713s ]
INFO: [ app_begin ] --END-- [ RunTime:0.000769s ]
SQL: SHOW COLUMNS FROM `bc_produce` [ RunTime:0.002653s ]
SQL: SELECT * FROM `bc_produce` ORDER BY id  [ RunTime:0.000791s ]
SQL: SHOW COLUMNS FROM `bc_category` [ RunTime:0.003653s ]
SQL: SELECT * FROM `bc_category` WHERE ( 1=1 AND id='5' ) LIMIT 1   [ RunTime:0.000586s ]
SQL: SELECT * FROM `bc_category` WHERE ( 1=1 AND id='4' ) LIMIT 1   [ RunTime:0.000421s ]
SQL: SELECT * FROM `bc_category` WHERE ( 1=1 AND id='13' ) LIMIT 1   [ RunTime:0.000399s ]
SQL: SELECT * FROM `bc_category` WHERE ( 1=1 AND id='13' ) LIMIT 1   [ RunTime:0.000385s ]
SQL: SELECT * FROM `bc_category` WHERE ( 1=1 AND id='7' ) LIMIT 1   [ RunTime:0.001456s ]
SQL: SELECT * FROM `bc_category` WHERE ( 1=1 AND id='4' ) LIMIT 1   [ RunTime:0.000517s ]
SQL: SELECT * FROM `bc_category` WHERE ( 1=1 AND id='4' ) LIMIT 1   [ RunTime:0.000363s ]
SQL: SELECT * FROM `bc_category` WHERE ( 1=1 AND id='4' ) LIMIT 1   [ RunTime:0.001177s ]
SQL: SELECT * FROM `bc_category` WHERE ( 1=1 AND id='4' ) LIMIT 1   [ RunTime:0.000552s ]
INFO: [ view_template ] --START--
INFO: Run LocationTemplate Behavior [ RunTime:0.002691s ]
INFO: [ view_template ] --END-- [ RunTime:0.002771s ]
INFO: [ view_parse ] --START--
NOTIC: [8] Undefined variable: page D:\wamp\www\dream\admin\Runtime\Cache\21acc93ad0cf25a87809727a7f91f73b.php 第 90 行.
INFO: Run ParseTemplate Behavior [ RunTime:0.034662s ]
INFO: [ view_parse ] --END-- [ RunTime:0.034742s ]
INFO: [ view_filter ] --START--
INFO: Run ContentReplace Behavior [ RunTime:0.000930s ]
INFO: Run TokenBuild Behavior [ RunTime:0.000850s ]
INFO: Run WriteHtmlCache Behavior [ RunTime:0.000323s ]
INFO: Run ShowRuntime Behavior [ RunTime:0.000670s ]
INFO: [ view_filter ] --END-- [ RunTime:0.002959s ]
INFO: [ view_end ] --START--
INFO: Run ShowPageTrace Behavior [ RunTime:0.001161s ]
INFO: [ view_end ] --END-- [ RunTime:0.001218s ]

[ 2013-08-27T17:16:47+08:00 ] 127.0.0.1 /dream/admin.php/Article
INFO: [ route_check ] --START--
INFO: Run CheckRoute Behavior [ RunTime:0.000838s ]
INFO: [ route_check ] --END-- [ RunTime:0.000924s ]
INFO: [ app_begin ] --START--
INFO: Run ReadHtmlCache Behavior [ RunTime:0.000629s ]
INFO: [ app_begin ] --END-- [ RunTime:0.000928s ]
SQL: SHOW COLUMNS FROM `bc_article` [ RunTime:0.003002s ]
SQL: SELECT * FROM `bc_article` ORDER BY id  [ RunTime:0.001032s ]
SQL: SHOW COLUMNS FROM `bc_category` [ RunTime:0.003706s ]
SQL: SELECT * FROM `bc_category` WHERE ( 1=1 AND id='1' ) LIMIT 1   [ RunTime:0.000593s ]
SQL: SELECT * FROM `bc_category` WHERE ( 1=1 AND id='1' ) LIMIT 1   [ RunTime:0.000393s ]
SQL: SELECT * FROM `bc_category` WHERE ( 1=1 AND id='1' ) LIMIT 1   [ RunTime:0.000404s ]
SQL: SELECT * FROM `bc_category` WHERE ( 1=1 AND id='1' ) LIMIT 1   [ RunTime:0.000380s ]
SQL: SELECT * FROM `bc_category` WHERE ( 1=1 AND id='1' ) LIMIT 1   [ RunTime:0.000379s ]
SQL: SELECT * FROM `bc_category` WHERE ( 1=1 AND id='1' ) LIMIT 1   [ RunTime:0.000381s ]
SQL: SELECT * FROM `bc_category` WHERE ( 1=1 AND id='1' ) LIMIT 1   [ RunTime:0.000400s ]
SQL: SELECT * FROM `bc_category` WHERE ( 1=1 AND id='1' ) LIMIT 1   [ RunTime:0.000419s ]
SQL: SELECT * FROM `bc_category` WHERE ( 1=1 AND id='1' ) LIMIT 1   [ RunTime:0.000374s ]
SQL: SELECT * FROM `bc_category` WHERE ( 1=1 AND id='1' ) LIMIT 1   [ RunTime:0.000337s ]
SQL: SELECT * FROM `bc_category` WHERE ( 1=1 AND id='1' ) LIMIT 1   [ RunTime:0.000335s ]
SQL: SELECT * FROM `bc_category` WHERE ( 1=1 AND id='1' ) LIMIT 1   [ RunTime:0.000358s ]
SQL: SELECT * FROM `bc_category` WHERE ( 1=1 AND id='1' ) LIMIT 1   [ RunTime:0.000333s ]
SQL: SELECT * FROM `bc_category` WHERE ( 1=1 AND id='1' ) LIMIT 1   [ RunTime:0.000328s ]
SQL: SELECT * FROM `bc_category` WHERE ( 1=1 AND id='1' ) LIMIT 1   [ RunTime:0.000324s ]
SQL: SELECT * FROM `bc_category` WHERE ( 1=1 AND id='1' ) LIMIT 1   [ RunTime:0.000319s ]
SQL: SELECT * FROM `bc_category` WHERE ( 1=1 AND id='1' ) LIMIT 1   [ RunTime:0.000321s ]
SQL: SELECT * FROM `bc_category` WHERE ( 1=1 AND id='1' ) LIMIT 1   [ RunTime:0.000367s ]
SQL: SELECT * FROM `bc_category` WHERE ( 1=1 AND id='1' ) LIMIT 1   [ RunTime:0.000329s ]
SQL: SELECT * FROM `bc_category` WHERE ( 1=1 AND id='1' ) LIMIT 1   [ RunTime:0.000329s ]
SQL: SELECT * FROM `bc_category` WHERE ( 1=1 AND id='1' ) LIMIT 1   [ RunTime:0.000322s ]
SQL: SELECT * FROM `bc_category` WHERE ( 1=1 AND id='1' ) LIMIT 1   [ RunTime:0.000322s ]
SQL: SELECT * FROM `bc_category` WHERE ( 1=1 AND id='1' ) LIMIT 1   [ RunTime:0.000323s ]
SQL: SELECT * FROM `bc_category` WHERE ( 1=1 AND id='1' ) LIMIT 1   [ RunTime:0.000319s ]
SQL: SELECT * FROM `bc_category` WHERE ( 1=1 AND id='1' ) LIMIT 1   [ RunTime:0.000319s ]
SQL: SELECT * FROM `bc_category` WHERE ( 1=1 AND id='1' ) LIMIT 1   [ RunTime:0.001558s ]
SQL: SELECT * FROM `bc_category` WHERE ( 1=1 AND id='1' ) LIMIT 1   [ RunTime:0.000513s ]
SQL: SELECT * FROM `bc_category` WHERE ( 1=1 AND id='1' ) LIMIT 1   [ RunTime:0.000361s ]
SQL: SELECT * FROM `bc_category` WHERE ( 1=1 AND id='1' ) LIMIT 1   [ RunTime:0.000344s ]
SQL: SELECT * FROM `bc_category` WHERE ( 1=1 AND id='1' ) LIMIT 1   [ RunTime:0.000351s ]
SQL: SELECT * FROM `bc_category` WHERE ( 1=1 AND id='1' ) LIMIT 1   [ RunTime:0.000335s ]
SQL: SELECT * FROM `bc_category` WHERE ( 1=1 AND id='1' ) LIMIT 1   [ RunTime:0.000329s ]
SQL: SELECT * FROM `bc_category` WHERE ( 1=1 AND id='1' ) LIMIT 1   [ RunTime:0.000326s ]
SQL: SELECT * FROM `bc_category` WHERE ( 1=1 AND id='1' ) LIMIT 1   [ RunTime:0.000346s ]
SQL: SELECT * FROM `bc_category` WHERE ( 1=1 AND id='1' ) LIMIT 1   [ RunTime:0.000359s ]
SQL: SELECT * FROM `bc_category` WHERE ( 1=1 AND id='1' ) LIMIT 1   [ RunTime:0.000329s ]
SQL: SELECT * FROM `bc_category` WHERE ( 1=1 AND id='1' ) LIMIT 1   [ RunTime:0.001109s ]
SQL: SELECT * FROM `bc_category` WHERE ( 1=1 AND id='1' ) LIMIT 1   [ RunTime:0.000469s ]
SQL: SELECT * FROM `bc_category` WHERE ( 1=1 AND id='1' ) LIMIT 1   [ RunTime:0.000455s ]
SQL: SELECT * FROM `bc_category` WHERE ( 1=1 AND id='1' ) LIMIT 1   [ RunTime:0.000352s ]
INFO: [ view_template ] --START--
INFO: Run LocationTemplate Behavior [ RunTime:0.001727s ]
INFO: [ view_template ] --END-- [ RunTime:0.001803s ]
INFO: [ view_parse ] --START--
NOTIC: [8] Undefined index: id D:\wamp\www\dream\admin\Runtime\Cache\6a0fa1355e20b485f823227ab394fc93.php 第 66 行.
NOTIC: [8] Undefined variable: page D:\wamp\www\dream\admin\Runtime\Cache\6a0fa1355e20b485f823227ab394fc93.php 第 90 行.
INFO: Run ParseTemplate Behavior [ RunTime:0.019651s ]
INFO: [ view_parse ] --END-- [ RunTime:0.019717s ]
INFO: [ view_filter ] --START--
INFO: Run ContentReplace Behavior [ RunTime:0.000998s ]
INFO: Run TokenBuild Behavior [ RunTime:0.000850s ]
INFO: Run WriteHtmlCache Behavior [ RunTime:0.000320s ]
INFO: Run ShowRuntime Behavior [ RunTime:0.000672s ]
INFO: [ view_filter ] --END-- [ RunTime:0.002994s ]
INFO: [ view_end ] --START--
INFO: Run ShowPageTrace Behavior [ RunTime:0.001161s ]
INFO: [ view_end ] --END-- [ RunTime:0.001217s ]

[ 2013-08-27T17:16:48+08:00 ] 127.0.0.1 /dream/admin.php/Page
INFO: [ route_check ] --START--
INFO: Run CheckRoute Behavior [ RunTime:0.000797s ]
INFO: [ route_check ] --END-- [ RunTime:0.000877s ]
INFO: [ app_begin ] --START--
INFO: Run ReadHtmlCache Behavior [ RunTime:0.000576s ]
INFO: [ app_begin ] --END-- [ RunTime:0.000634s ]
SQL: SHOW COLUMNS FROM `bc_page` [ RunTime:0.003347s ]
SQL: SELECT * FROM `bc_page` ORDER BY id  [ RunTime:0.013387s ]
INFO: [ view_template ] --START--
INFO: Run LocationTemplate Behavior [ RunTime:0.016086s ]
INFO: [ view_template ] --END-- [ RunTime:0.016182s ]
INFO: [ view_parse ] --START--
NOTIC: [8] Undefined index: id D:\wamp\www\dream\admin\Runtime\Cache\82fc00802cc7f1f640a69c06fb8a7edf.php 第 66 行.
NOTIC: [8] Undefined index: catname D:\wamp\www\dream\admin\Runtime\Cache\82fc00802cc7f1f640a69c06fb8a7edf.php 第 80 行.
NOTIC: [8] Undefined index: catname D:\wamp\www\dream\admin\Runtime\Cache\82fc00802cc7f1f640a69c06fb8a7edf.php 第 80 行.
NOTIC: [8] Undefined index: catname D:\wamp\www\dream\admin\Runtime\Cache\82fc00802cc7f1f640a69c06fb8a7edf.php 第 80 行.
NOTIC: [8] Undefined index: catname D:\wamp\www\dream\admin\Runtime\Cache\82fc00802cc7f1f640a69c06fb8a7edf.php 第 80 行.
NOTIC: [8] Undefined index: catname D:\wamp\www\dream\admin\Runtime\Cache\82fc00802cc7f1f640a69c06fb8a7edf.php 第 80 行.
NOTIC: [8] Undefined index: catname D:\wamp\www\dream\admin\Runtime\Cache\82fc00802cc7f1f640a69c06fb8a7edf.php 第 80 行.
NOTIC: [8] Undefined index: catname D:\wamp\www\dream\admin\Runtime\Cache\82fc00802cc7f1f640a69c06fb8a7edf.php 第 80 行.
NOTIC: [8] Undefined index: catname D:\wamp\www\dream\admin\Runtime\Cache\82fc00802cc7f1f640a69c06fb8a7edf.php 第 80 行.
NOTIC: [8] Undefined index: catname D:\wamp\www\dream\admin\Runtime\Cache\82fc00802cc7f1f640a69c06fb8a7edf.php 第 80 行.
NOTIC: [8] Undefined index: catname D:\wamp\www\dream\admin\Runtime\Cache\82fc00802cc7f1f640a69c06fb8a7edf.php 第 80 行.
NOTIC: [8] Undefined index: catname D:\wamp\www\dream\admin\Runtime\Cache\82fc00802cc7f1f640a69c06fb8a7edf.php 第 80 行.
NOTIC: [8] Undefined index: catname D:\wamp\www\dream\admin\Runtime\Cache\82fc00802cc7f1f640a69c06fb8a7edf.php 第 80 行.
NOTIC: [8] Undefined index: catname D:\wamp\www\dream\admin\Runtime\Cache\82fc00802cc7f1f640a69c06fb8a7edf.php 第 80 行.
NOTIC: [8] Undefined index: catname D:\wamp\www\dream\admin\Runtime\Cache\82fc00802cc7f1f640a69c06fb8a7edf.php 第 80 行.
NOTIC: [8] Undefined index: catname D:\wamp\www\dream\admin\Runtime\Cache\82fc00802cc7f1f640a69c06fb8a7edf.php 第 80 行.
NOTIC: [8] Undefined index: catname D:\wamp\www\dream\admin\Runtime\Cache\82fc00802cc7f1f640a69c06fb8a7edf.php 第 80 行.
NOTIC: [8] Undefined index: catname D:\wamp\www\dream\admin\Runtime\Cache\82fc00802cc7f1f640a69c06fb8a7edf.php 第 80 行.
NOTIC: [8] Undefined index: catname D:\wamp\www\dream\admin\Runtime\Cache\82fc00802cc7f1f640a69c06fb8a7edf.php 第 80 行.
NOTIC: [8] Undefined index: catname D:\wamp\www\dream\admin\Runtime\Cache\82fc00802cc7f1f640a69c06fb8a7edf.php 第 80 行.
NOTIC: [8] Undefined index: catname D:\wamp\www\dream\admin\Runtime\Cache\82fc00802cc7f1f640a69c06fb8a7edf.php 第 80 行.
NOTIC: [8] Undefined index: catname D:\wamp\www\dream\admin\Runtime\Cache\82fc00802cc7f1f640a69c06fb8a7edf.php 第 80 行.
NOTIC: [8] Undefined index: catname D:\wamp\www\dream\admin\Runtime\Cache\82fc00802cc7f1f640a69c06fb8a7edf.php 第 80 行.
NOTIC: [8] Undefined index: catname D:\wamp\www\dream\admin\Runtime\Cache\82fc00802cc7f1f640a69c06fb8a7edf.php 第 80 行.
NOTIC: [8] Undefined index: catname D:\wamp\www\dream\admin\Runtime\Cache\82fc00802cc7f1f640a69c06fb8a7edf.php 第 80 行.
NOTIC: [8] Undefined index: catname D:\wamp\www\dream\admin\Runtime\Cache\82fc00802cc7f1f640a69c06fb8a7edf.php 第 80 行.
NOTIC: [8] Undefined index: catname D:\wamp\www\dream\admin\Runtime\Cache\82fc00802cc7f1f640a69c06fb8a7edf.php 第 80 行.
NOTIC: [8] Undefined index: catname D:\wamp\www\dream\admin\Runtime\Cache\82fc00802cc7f1f640a69c06fb8a7edf.php 第 80 行.
NOTIC: [8] Undefined index: catname D:\wamp\www\dream\admin\Runtime\Cache\82fc00802cc7f1f640a69c06fb8a7edf.php 第 80 行.
NOTIC: [8] Undefined index: catname D:\wamp\www\dream\admin\Runtime\Cache\82fc00802cc7f1f640a69c06fb8a7edf.php 第 80 行.
NOTIC: [8] Undefined index: catname D:\wamp\www\dream\admin\Runtime\Cache\82fc00802cc7f1f640a69c06fb8a7edf.php 第 80 行.
NOTIC: [8] Undefined index: catname D:\wamp\www\dream\admin\Runtime\Cache\82fc00802cc7f1f640a69c06fb8a7edf.php 第 80 行.
NOTIC: [8] Undefined index: catname D:\wamp\www\dream\admin\Runtime\Cache\82fc00802cc7f1f640a69c06fb8a7edf.php 第 80 行.
NOTIC: [8] Undefined index: catname D:\wamp\www\dream\admin\Runtime\Cache\82fc00802cc7f1f640a69c06fb8a7edf.php 第 80 行.
NOTIC: [8] Undefined index: catname D:\wamp\www\dream\admin\Runtime\Cache\82fc00802cc7f1f640a69c06fb8a7edf.php 第 80 行.
NOTIC: [8] Undefined index: catname D:\wamp\www\dream\admin\Runtime\Cache\82fc00802cc7f1f640a69c06fb8a7edf.php 第 80 行.
NOTIC: [8] Undefined index: catname D:\wamp\www\dream\admin\Runtime\Cache\82fc00802cc7f1f640a69c06fb8a7edf.php 第 80 行.
NOTIC: [8] Undefined index: catname D:\wamp\www\dream\admin\Runtime\Cache\82fc00802cc7f1f640a69c06fb8a7edf.php 第 80 行.
NOTIC: [8] Undefined index: catname D:\wamp\www\dream\admin\Runtime\Cache\82fc00802cc7f1f640a69c06fb8a7edf.php 第 80 行.
NOTIC: [8] Undefined index: catname D:\wamp\www\dream\admin\Runtime\Cache\82fc00802cc7f1f640a69c06fb8a7edf.php 第 80 行.
NOTIC: [8] Undefined index: catname D:\wamp\www\dream\admin\Runtime\Cache\82fc00802cc7f1f640a69c06fb8a7edf.php 第 80 行.
NOTIC: [8] Undefined variable: page D:\wamp\www\dream\admin\Runtime\Cache\82fc00802cc7f1f640a69c06fb8a7edf.php 第 90 行.
INFO: Run ParseTemplate Behavior [ RunTime:0.030042s ]
INFO: [ view_parse ] --END-- [ RunTime:0.030108s ]
INFO: [ view_filter ] --START--
INFO: Run ContentReplace Behavior [ RunTime:0.001030s ]
INFO: Run TokenBuild Behavior [ RunTime:0.001009s ]
INFO: Run WriteHtmlCache Behavior [ RunTime:0.000368s ]
INFO: Run ShowRuntime Behavior [ RunTime:0.000784s ]
INFO: [ view_filter ] --END-- [ RunTime:0.003378s ]
INFO: [ view_end ] --START--
INFO: Run ShowPageTrace Behavior [ RunTime:0.001570s ]
INFO: [ view_end ] --END-- [ RunTime:0.001643s ]

[ 2013-08-27T17:16:50+08:00 ] 127.0.0.1 /dream/admin.php/Public/menu/channel/5
INFO: [ route_check ] --START--
INFO: Run CheckRoute Behavior [ RunTime:0.000823s ]
INFO: [ route_check ] --END-- [ RunTime:0.000909s ]
INFO: [ app_begin ] --START--
INFO: Run ReadHtmlCache Behavior [ RunTime:0.000604s ]
INFO: [ app_begin ] --END-- [ RunTime:0.000662s ]
SQL: SHOW COLUMNS FROM `bc_module` [ RunTime:0.002999s ]
SQL: SELECT * FROM `bc_module` ORDER BY id  [ RunTime:0.000647s ]
INFO: [ view_template ] --START--
INFO: Run LocationTemplate Behavior [ RunTime:0.001502s ]
INFO: [ view_template ] --END-- [ RunTime:0.001930s ]
INFO: [ view_parse ] --START--
INFO: Run ParseTemplate Behavior [ RunTime:0.016699s ]
INFO: [ view_parse ] --END-- [ RunTime:0.016780s ]
INFO: [ view_filter ] --START--
INFO: Run ContentReplace Behavior [ RunTime:0.000867s ]
INFO: Run TokenBuild Behavior [ RunTime:0.000849s ]
INFO: Run WriteHtmlCache Behavior [ RunTime:0.000322s ]
INFO: Run ShowRuntime Behavior [ RunTime:0.000783s ]
INFO: [ view_filter ] --END-- [ RunTime:0.002977s ]
INFO: [ view_end ] --START--
INFO: Run ShowPageTrace Behavior [ RunTime:0.001350s ]
INFO: [ view_end ] --END-- [ RunTime:0.001412s ]

[ 2013-08-27T17:16:53+08:00 ] 127.0.0.1 /dream/admin.php/Rotate/index
INFO: [ route_check ] --START--
INFO: Run CheckRoute Behavior [ RunTime:0.000786s ]
INFO: [ route_check ] --END-- [ RunTime:0.000875s ]
INFO: [ app_begin ] --START--
INFO: Run ReadHtmlCache Behavior [ RunTime:0.000823s ]
INFO: [ app_begin ] --END-- [ RunTime:0.000914s ]
SQL: SHOW COLUMNS FROM `bc_rotate` [ RunTime:0.003037s ]
SQL: SELECT * FROM `bc_rotate` ORDER BY sort desc,id desc  [ RunTime:0.000419s ]
INFO: [ view_template ] --START--
INFO: Run LocationTemplate Behavior [ RunTime:0.001762s ]
INFO: [ view_template ] --END-- [ RunTime:0.001849s ]
INFO: [ view_parse ] --START--
NOTIC: [8] Undefined variable: alist D:\wamp\www\dream\admin\Runtime\Cache\34ee2342247f8358afe33345fe494d8d.php 第 78 行.
NOTIC: [8] Undefined variable: page D:\wamp\www\dream\admin\Runtime\Cache\34ee2342247f8358afe33345fe494d8d.php 第 108 行.
INFO: Run ParseTemplate Behavior [ RunTime:0.015125s ]
INFO: [ view_parse ] --END-- [ RunTime:0.015192s ]
INFO: [ view_filter ] --START--
INFO: Run ContentReplace Behavior [ RunTime:0.000876s ]
INFO: Run TokenBuild Behavior [ RunTime:0.000841s ]
INFO: Run WriteHtmlCache Behavior [ RunTime:0.000326s ]
INFO: Run ShowRuntime Behavior [ RunTime:0.000658s ]
INFO: [ view_filter ] --END-- [ RunTime:0.002858s ]
INFO: [ view_end ] --START--
INFO: Run ShowPageTrace Behavior [ RunTime:0.001184s ]
INFO: [ view_end ] --END-- [ RunTime:0.001240s ]

[ 2013-08-27T17:16:56+08:00 ] 127.0.0.1 /dream/admin.php/Rotate/index
INFO: [ route_check ] --START--
INFO: Run CheckRoute Behavior [ RunTime:0.000791s ]
INFO: [ route_check ] --END-- [ RunTime:0.000872s ]
INFO: [ app_begin ] --START--
INFO: Run ReadHtmlCache Behavior [ RunTime:0.000803s ]
INFO: [ app_begin ] --END-- [ RunTime:0.000875s ]
SQL: SHOW COLUMNS FROM `bc_rotate` [ RunTime:0.002631s ]
SQL: SELECT * FROM `bc_rotate` ORDER BY sort desc,id desc  [ RunTime:0.000486s ]
INFO: [ view_template ] --START--
INFO: Run LocationTemplate Behavior [ RunTime:0.001232s ]
INFO: [ view_template ] --END-- [ RunTime:0.001306s ]
INFO: [ view_parse ] --START--
NOTIC: [8] Undefined variable: alist D:\wamp\www\dream\admin\Runtime\Cache\34ee2342247f8358afe33345fe494d8d.php 第 78 行.
NOTIC: [8] Undefined variable: page D:\wamp\www\dream\admin\Runtime\Cache\34ee2342247f8358afe33345fe494d8d.php 第 108 行.
INFO: Run ParseTemplate Behavior [ RunTime:0.014147s ]
INFO: [ view_parse ] --END-- [ RunTime:0.014211s ]
INFO: [ view_filter ] --START--
INFO: Run ContentReplace Behavior [ RunTime:0.000851s ]
INFO: Run TokenBuild Behavior [ RunTime:0.001310s ]
INFO: Run WriteHtmlCache Behavior [ RunTime:0.000334s ]
INFO: Run ShowRuntime Behavior [ RunTime:0.000658s ]
INFO: [ view_filter ] --END-- [ RunTime:0.003325s ]
INFO: [ view_end ] --START--
INFO: Run ShowPageTrace Behavior [ RunTime:0.001176s ]
INFO: [ view_end ] --END-- [ RunTime:0.001230s ]

[ 2013-08-27T17:16:58+08:00 ] 127.0.0.1 /dream/admin.php/category/index
INFO: [ route_check ] --START--
INFO: Run CheckRoute Behavior [ RunTime:0.000836s ]
INFO: [ route_check ] --END-- [ RunTime:0.000921s ]
INFO: [ app_begin ] --START--
INFO: Run ReadHtmlCache Behavior [ RunTime:0.000579s ]
INFO: [ app_begin ] --END-- [ RunTime:0.000638s ]
ERR: 无法加载模块:category

[ 2013-08-27T17:16:59+08:00 ] 127.0.0.1 /dream/admin.php/Config
INFO: [ route_check ] --START--
INFO: Run CheckRoute Behavior [ RunTime:0.000811s ]
INFO: [ route_check ] --END-- [ RunTime:0.000893s ]
INFO: [ app_begin ] --START--
INFO: Run ReadHtmlCache Behavior [ RunTime:0.000584s ]
INFO: [ app_begin ] --END-- [ RunTime:0.000645s ]
SQL: SHOW COLUMNS FROM `bc_config` [ RunTime:0.002811s ]
SQL: SELECT * FROM `bc_config`  [ RunTime:0.000580s ]
INFO: [ view_template ] --START--
INFO: Run LocationTemplate Behavior [ RunTime:0.012231s ]
INFO: [ view_template ] --END-- [ RunTime:0.012327s ]
INFO: [ view_parse ] --START--
INFO: Run ParseTemplate Behavior [ RunTime:0.064099s ]
INFO: [ view_parse ] --END-- [ RunTime:0.064180s ]
INFO: [ view_filter ] --START--
INFO: Run ContentReplace Behavior [ RunTime:0.000909s ]
INFO: Run TokenBuild Behavior [ RunTime:0.000865s ]
INFO: Run WriteHtmlCache Behavior [ RunTime:0.000328s ]
INFO: Run ShowRuntime Behavior [ RunTime:0.000661s ]
INFO: [ view_filter ] --END-- [ RunTime:0.002917s ]
INFO: [ view_end ] --START--
INFO: Run ShowPageTrace Behavior [ RunTime:0.001170s ]
INFO: [ view_end ] --END-- [ RunTime:0.001226s ]

[ 2013-08-27T17:17:14+08:00 ] 127.0.0.1 /dream/admin.php/Config/doSite
INFO: [ route_check ] --START--
INFO: Run CheckRoute Behavior [ RunTime:0.000802s ]
INFO: [ route_check ] --END-- [ RunTime:0.000898s ]
INFO: [ app_begin ] --START--
INFO: Run ReadHtmlCache Behavior [ RunTime:0.000578s ]
INFO: [ app_begin ] --END-- [ RunTime:0.000635s ]
SQL: SHOW COLUMNS FROM `bc_config` [ RunTime:0.002687s ]
SQL: UPDATE `bc_config` SET `value`='这是一个测试站' WHERE ( `varname` = 'site_name' ) [ RunTime:0.324348s ]
SQL: UPDATE `bc_config` SET `value`='' WHERE ( `varname` = 'site_url' ) [ RunTime:0.000479s ]
SQL: UPDATE `bc_config` SET `value`='/Public/images/logo.gif' WHERE ( `varname` = 'logo' ) [ RunTime:0.000294s ]
SQL: UPDATE `bc_config` SET `value`='rphp66755' WHERE ( `varname` = 'site_email' ) [ RunTime:0.000321s ]
SQL: UPDATE `bc_config` SET `value`='yourphp企业网统-企业建站-企业网站-行业网站建设-门户网站建设' WHERE ( `varname` = 'seo_title' ) [ RunTime:0.000287s ]
SQL: UPDATE `bc_config` SET `value`='Yourp站内' WHERE ( `varname` = 'seo_keywords' ) [ RunTime:0.000247s ]
SQL: UPDATE `bc_config` SET `value`='站管统,是一款完全开源免费的PHP+MYSQL系统.核心采用了Thinkphp框架等众多开源软件,同时核心功能也作为开源软件发布' WHERE ( `varname` = 'seo_description' ) [ RunTime:0.000264s ]
SQL: UPDATE `bc_config` SET `value`='0000' WHERE ( `varname` = 'attach_maxsize' ) [ RunTime:0.000255s ]
SQL: UPDATE `bc_config` SET `value`='jpg,jpeg,gif,,doc,docx,rar,zip,swf' WHERE ( `varname` = 'attach_allowext' ) [ RunTime:0.000228s ]
SQL: UPDATE `bc_config` SET `value`='1' WHERE ( `varname` = 'watermark_enable' ) [ RunTime:0.000246s ]
SQL: UPDATE `bc_config` SET `value`='YourP' WHERE ( `varname` = 'watemard_text' ) [ RunTime:0.000232s ]
SQL: UPDATE `bc_config` SET `value`='18' WHERE ( `varname` = 'watemard_text_size' ) [ RunTime:0.000208s ]
SQL: UPDATE `bc_config` SET `value`='#FFFFFF' WHERE ( `varname` = 'watemard_text_color' ) [ RunTime:0.000214s ]
SQL: UPDATE `bc_config` SET `value`='elephant.ttf' WHERE ( `varname` = 'watemard_text_face' ) [ RunTime:0.000275s ]
SQL: UPDATE `bc_config` SET `value`='300' WHERE ( `varname` = 'watermark_minwidth' ) [ RunTime:0.000293s ]
SQL: UPDATE `bc_config` SET `value`='300' WHERE ( `varname` = 'watermark_minheight' ) [ RunTime:0.000240s ]
SQL: UPDATE `bc_config` SET `value`='mark.png' WHERE ( `varname` = 'watermark_img' ) [ RunTime:0.000231s ]
SQL: UPDATE `bc_config` SET `value`='10' WHERE ( `varname` = 'watermark_pospadding' ) [ RunTime:0.000238s ]
SQL: UPDATE `bc_config` SET `value`='9' WHERE ( `varname` = 'watermark_pos' ) [ RunTime:0.000233s ]
SQL: UPDATE `bc_config` SET `value`='15' WHERE ( `varname` = 'PAGE_LISTROWS' ) [ RunTime:0.000218s ]
SQL: UPDATE `bc_config` SET `value`='0' WHERE ( `varname` = 'URL_MODEL' ) [ RunTime:0.000216s ]
SQL: UPDATE `bc_config` SET `value`='/' WHERE ( `varname` = 'URL_PATHINFO_DEPR' ) [ RunTime:0.000321s ]
SQL: UPDATE `bc_config` SET `value`='.html' WHERE ( `varname` = 'URL_HTML_SUFFIX' ) [ RunTime:0.000377s ]
SQL: UPDATE `bc_config` SET `value`='0' WHERE ( `varname` = 'TOKEN_ON' ) [ RunTime:0.000239s ]
SQL: UPDATE `bc_config` SET `value`='__hash__' WHERE ( `varname` = 'TOKEN_NAME' ) [ RunTime:0.000341s ]
SQL: UPDATE `bc_config` SET `value`='0' WHERE ( `varname` = 'TMPL_CACHE_ON' ) [ RunTime:0.000221s ]
SQL: UPDATE `bc_config` SET `value`='-1' WHERE ( `varname` = 'TMPL_CACHE_TIME' ) [ RunTime:0.000350s ]
SQL: UPDATE `bc_config` SET `value`='0' WHERE ( `varname` = 'HTML_CACHE_ON' ) [ RunTime:0.000449s ]
SQL: UPDATE `bc_config` SET `value`='60' WHERE ( `varname` = 'HTML_CACHE_TIME' ) [ RunTime:0.000251s ]
SQL: UPDATE `bc_config` SET `value`='0' WHERE ( `varname` = 'HTML_READ_TYPE' ) [ RunTime:0.000223s ]
SQL: UPDATE `bc_config` SET `value`='.html' WHERE ( `varname` = 'HTML_FILE_SUFFIX' ) [ RunTime:0.000224s ]
SQL: UPDATE `bc_config` SET `value`='b2fc3fdab7d2d056a93a2e90ea0d4a01' WHERE ( `varname` = 'ADMIN_ACCESS' ) [ RunTime:0.000219s ]
SQL: UPDATE `bc_config` SET `value`='Default' WHERE ( `varname` = 'DEFAULT_THEME' ) [ RunTime:0.000216s ]
SQL: UPDATE `bc_config` SET `value`='确定' WHERE ( `varname` = 'Submit' ) [ RunTime:0.000216s ]
SQL: UPDATE `bc_config` SET `value`='add_news' WHERE ( `varname` = 'act' ) [ RunTime:0.000208s ]
INFO: [ view_template ] --START--
INFO: Run LocationTemplate Behavior [ RunTime:0.001546s ]
INFO: [ view_template ] --END-- [ RunTime:0.001634s ]
INFO: [ view_parse ] --START--
INFO: Run ParseTemplate Behavior [ RunTime:0.037210s ]
INFO: [ view_parse ] --END-- [ RunTime:0.037296s ]
INFO: [ view_filter ] --START--
INFO: Run ContentReplace Behavior [ RunTime:0.000841s ]
INFO: Run TokenBuild Behavior [ RunTime:0.000958s ]
INFO: Run WriteHtmlCache Behavior [ RunTime:0.000331s ]
INFO: Run ShowRuntime Behavior [ RunTime:0.000662s ]
INFO: [ view_filter ] --END-- [ RunTime:0.002974s ]
INFO: [ view_end ] --START--
INFO: Run ShowPageTrace Behavior [ RunTime:0.001176s ]
INFO: [ view_end ] --END-- [ RunTime:0.001230s ]

[ 2013-08-27T17:17:15+08:00 ] 127.0.0.1 /dream/admin.php/Config/index
INFO: [ route_check ] --START--
INFO: Run CheckRoute Behavior [ RunTime:0.000814s ]
INFO: [ route_check ] --END-- [ RunTime:0.000895s ]
INFO: [ app_begin ] --START--
INFO: Run ReadHtmlCache Behavior [ RunTime:0.000580s ]
INFO: [ app_begin ] --END-- [ RunTime:0.000639s ]
SQL: SHOW COLUMNS FROM `bc_config` [ RunTime:0.002630s ]
SQL: SELECT * FROM `bc_config`  [ RunTime:0.000499s ]
INFO: [ view_template ] --START--
INFO: Run LocationTemplate Behavior [ RunTime:0.001203s ]
INFO: [ view_template ] --END-- [ RunTime:0.001279s ]
INFO: [ view_parse ] --START--
INFO: Run ParseTemplate Behavior [ RunTime:0.013773s ]
INFO: [ view_parse ] --END-- [ RunTime:0.013853s ]
INFO: [ view_filter ] --START--
INFO: Run ContentReplace Behavior [ RunTime:0.000904s ]
INFO: Run TokenBuild Behavior [ RunTime:0.000845s ]
INFO: Run WriteHtmlCache Behavior [ RunTime:0.000320s ]
INFO: Run ShowRuntime Behavior [ RunTime:0.000661s ]
INFO: [ view_filter ] --END-- [ RunTime:0.002882s ]
INFO: [ view_end ] --START--
INFO: Run ShowPageTrace Behavior [ RunTime:0.001166s ]
INFO: [ view_end ] --END-- [ RunTime:0.001220s ]

[ 2013-08-27T17:17:54+08:00 ] 127.0.0.1 /dream/admin.php/Config/doSite
INFO: [ route_check ] --START--
INFO: Run CheckRoute Behavior [ RunTime:0.002878s ]
INFO: [ route_check ] --END-- [ RunTime:0.002990s ]
INFO: [ app_begin ] --START--
INFO: Run ReadHtmlCache Behavior [ RunTime:0.000704s ]
INFO: [ app_begin ] --END-- [ RunTime:0.000765s ]
SQL: SHOW COLUMNS FROM `bc_config` [ RunTime:0.002590s ]
SQL: UPDATE `bc_config` SET `value`='这是一个测试站' WHERE ( `varname` = 'site_name' ) [ RunTime:0.000469s ]
SQL: UPDATE `bc_config` SET `value`='' WHERE ( `varname` = 'site_url' ) [ RunTime:0.000350s ]
SQL: UPDATE `bc_config` SET `value`='/Public/images/logo.gif' WHERE ( `varname` = 'logo' ) [ RunTime:0.000327s ]
SQL: UPDATE `bc_config` SET `value`='rphp66755' WHERE ( `varname` = 'site_email' ) [ RunTime:0.000294s ]
SQL: UPDATE `bc_config` SET `value`='测试开始了' WHERE ( `varname` = 'seo_title' ) [ RunTime:0.000366s ]
SQL: UPDATE `bc_config` SET `value`='测试一二三' WHERE ( `varname` = 'seo_keywords' ) [ RunTime:0.000359s ]
SQL: UPDATE `bc_config` SET `value`='站管统,是一款完全开源免费的PHP+MYSQL系统.核心采用了Thinkphp框架等众多开源软件,同时核心功能也作为开源软件发布' WHERE ( `varname` = 'seo_description' ) [ RunTime:0.000340s ]
SQL: UPDATE `bc_config` SET `value`='0000' WHERE ( `varname` = 'attach_maxsize' ) [ RunTime:0.000283s ]
SQL: UPDATE `bc_config` SET `value`='jpg,jpeg,gif,,doc,docx,rar,zip,swf' WHERE ( `varname` = 'attach_allowext' ) [ RunTime:0.000281s ]
SQL: UPDATE `bc_config` SET `value`='1' WHERE ( `varname` = 'watermark_enable' ) [ RunTime:0.000232s ]
SQL: UPDATE `bc_config` SET `value`='YourP' WHERE ( `varname` = 'watemard_text' ) [ RunTime:0.000258s ]
SQL: UPDATE `bc_config` SET `value`='18' WHERE ( `varname` = 'watemard_text_size' ) [ RunTime:0.000259s ]
SQL: UPDATE `bc_config` SET `value`='#FFFFFF' WHERE ( `varname` = 'watemard_text_color' ) [ RunTime:0.000253s ]
SQL: UPDATE `bc_config` SET `value`='elephant.ttf' WHERE ( `varname` = 'watemard_text_face' ) [ RunTime:0.000257s ]
SQL: UPDATE `bc_config` SET `value`='300' WHERE ( `varname` = 'watermark_minwidth' ) [ RunTime:0.000283s ]
SQL: UPDATE `bc_config` SET `value`='300' WHERE ( `varname` = 'watermark_minheight' ) [ RunTime:0.000289s ]
SQL: UPDATE `bc_config` SET `value`='mark.png' WHERE ( `varname` = 'watermark_img' ) [ RunTime:0.000274s ]
SQL: UPDATE `bc_config` SET `value`='10' WHERE ( `varname` = 'watermark_pospadding' ) [ RunTime:0.000277s ]
SQL: UPDATE `bc_config` SET `value`='9' WHERE ( `varname` = 'watermark_pos' ) [ RunTime:0.000252s ]
SQL: UPDATE `bc_config` SET `value`='15' WHERE ( `varname` = 'PAGE_LISTROWS' ) [ RunTime:0.000246s ]
SQL: UPDATE `bc_config` SET `value`='0' WHERE ( `varname` = 'URL_MODEL' ) [ RunTime:0.000244s ]
SQL: UPDATE `bc_config` SET `value`='/' WHERE ( `varname` = 'URL_PATHINFO_DEPR' ) [ RunTime:0.000291s ]
SQL: UPDATE `bc_config` SET `value`='.html' WHERE ( `varname` = 'URL_HTML_SUFFIX' ) [ RunTime:0.000252s ]
SQL: UPDATE `bc_config` SET `value`='0' WHERE ( `varname` = 'TOKEN_ON' ) [ RunTime:0.000234s ]
SQL: UPDATE `bc_config` SET `value`='__hash__' WHERE ( `varname` = 'TOKEN_NAME' ) [ RunTime:0.000244s ]
SQL: UPDATE `bc_config` SET `value`='0' WHERE ( `varname` = 'TMPL_CACHE_ON' ) [ RunTime:0.000243s ]
SQL: UPDATE `bc_config` SET `value`='-1' WHERE ( `varname` = 'TMPL_CACHE_TIME' ) [ RunTime:0.000251s ]
SQL: UPDATE `bc_config` SET `value`='0' WHERE ( `varname` = 'HTML_CACHE_ON' ) [ RunTime:0.000239s ]
SQL: UPDATE `bc_config` SET `value`='60' WHERE ( `varname` = 'HTML_CACHE_TIME' ) [ RunTime:0.000246s ]
SQL: UPDATE `bc_config` SET `value`='0' WHERE ( `varname` = 'HTML_READ_TYPE' ) [ RunTime:0.000218s ]
SQL: UPDATE `bc_config` SET `value`='.html' WHERE ( `varname` = 'HTML_FILE_SUFFIX' ) [ RunTime:0.000218s ]
SQL: UPDATE `bc_config` SET `value`='b2fc3fdab7d2d056a93a2e90ea0d4a01' WHERE ( `varname` = 'ADMIN_ACCESS' ) [ RunTime:0.000215s ]
SQL: UPDATE `bc_config` SET `value`='Default' WHERE ( `varname` = 'DEFAULT_THEME' ) [ RunTime:0.000213s ]
SQL: UPDATE `bc_config` SET `value`='确定' WHERE ( `varname` = 'Submit' ) [ RunTime:0.000214s ]
SQL: UPDATE `bc_config` SET `value`='add_news' WHERE ( `varname` = 'act' ) [ RunTime:0.000205s ]
INFO: [ view_template ] --START--
INFO: Run LocationTemplate Behavior [ RunTime:0.000965s ]
INFO: [ view_template ] --END-- [ RunTime:0.001031s ]
INFO: [ view_parse ] --START--
INFO: Run ParseTemplate Behavior [ RunTime:0.011891s ]
INFO: [ view_parse ] --END-- [ RunTime:0.011964s ]
INFO: [ view_filter ] --START--
INFO: Run ContentReplace Behavior [ RunTime:0.000843s ]
INFO: Run TokenBuild Behavior [ RunTime:0.000837s ]
INFO: Run WriteHtmlCache Behavior [ RunTime:0.000319s ]
INFO: Run ShowRuntime Behavior [ RunTime:0.000651s ]
INFO: [ view_filter ] --END-- [ RunTime:0.002801s ]
INFO: [ view_end ] --START--
INFO: Run ShowPageTrace Behavior [ RunTime:0.002130s ]
INFO: [ view_end ] --END-- [ RunTime:0.002202s ]

[ 2013-08-27T17:17:55+08:00 ] 127.0.0.1 /dream/admin.php/Config/index
INFO: [ route_check ] --START--
INFO: Run CheckRoute Behavior [ RunTime:0.000801s ]
INFO: [ route_check ] --END-- [ RunTime:0.000882s ]
INFO: [ app_begin ] --START--
INFO: Run ReadHtmlCache Behavior [ RunTime:0.000575s ]
INFO: [ app_begin ] --END-- [ RunTime:0.000635s ]
SQL: SHOW COLUMNS FROM `bc_config` [ RunTime:0.002445s ]
SQL: SELECT * FROM `bc_config`  [ RunTime:0.000583s ]
INFO: [ view_template ] --START--
INFO: Run LocationTemplate Behavior [ RunTime:0.001591s ]
INFO: [ view_template ] --END-- [ RunTime:0.001672s ]
INFO: [ view_parse ] --START--
INFO: Run ParseTemplate Behavior [ RunTime:0.014664s ]
INFO: [ view_parse ] --END-- [ RunTime:0.014750s ]
INFO: [ view_filter ] --START--
INFO: Run ContentReplace Behavior [ RunTime:0.001314s ]
INFO: Run TokenBuild Behavior [ RunTime:0.001305s ]
INFO: Run WriteHtmlCache Behavior [ RunTime:0.000337s ]
INFO: Run ShowRuntime Behavior [ RunTime:0.000668s ]
INFO: [ view_filter ] --END-- [ RunTime:0.003834s ]
INFO: [ view_end ] --START--
INFO: Run ShowPageTrace Behavior [ RunTime:0.001187s ]
INFO: [ view_end ] --END-- [ RunTime:0.001243s ]

