[ 2014-05-22T16:23:03+08:00 ] 0.0.0.0 /dream/admin.php
INFO: [ app_begin ] --START--
INFO: ReadHtmlCache Behavior ::run [ RunTime:0.000997s ]
INFO: [ app_begin ] --END-- [ RunTime:0.001140s ]

[ 2014-05-22T16:23:03+08:00 ] 0.0.0.0 /dream/admin.php/Login/index.html
INFO: [ route_check ] --START--
INFO: CheckRoute Behavior ::run [ RunTime:0.001200s ]
INFO: [ route_check ] --END-- [ RunTime:0.001343s ]
INFO: [ app_begin ] --START--
INFO: ReadHtmlCache Behavior ::run [ RunTime:0.001005s ]
INFO: [ app_begin ] --END-- [ RunTime:0.001132s ]
INFO: [ view_parse ] --START--
INFO: ParseTemplate Behavior ::run [ RunTime:0.048050s ]
INFO: [ view_parse ] --END-- [ RunTime:0.048214s ]
INFO: [ view_filter ] --START--
INFO: ContentReplace Behavior ::run [ RunTime:0.000942s ]
INFO: TokenBuild Behavior ::run [ RunTime:0.000881s ]
INFO: WriteHtmlCache Behavior ::run [ RunTime:0.000727s ]
INFO: ShowRuntime Behavior ::run [ RunTime:0.001019s ]
INFO: [ view_filter ] --END-- [ RunTime:0.003911s ]
INFO: [ view_end ] --START--
INFO: ShowPageTrace Behavior ::run [ RunTime:0.001012s ]
INFO: [ view_end ] --END-- [ RunTime:0.001135s ]

[ 2014-05-22T16:23:10+08:00 ] 0.0.0.0 /dream/admin.php/Login/doLogin
INFO: [ route_check ] --START--
INFO: CheckRoute Behavior ::run [ RunTime:0.001137s ]
INFO: [ route_check ] --END-- [ RunTime:0.001283s ]
INFO: [ app_begin ] --START--
INFO: ReadHtmlCache Behavior ::run [ RunTime:0.000970s ]
INFO: [ app_begin ] --END-- [ RunTime:0.001096s ]
SQL: SHOW COLUMNS FROM `user` [ RunTime:0.119364s ]
SQL: SELECT `uid` FROM `user` WHERE ( `username` = 'admin' ) LIMIT 1   [ RunTime:0.000641s ]

[ 2014-05-22T16:23:10+08:00 ] 0.0.0.0 /dream/admin.php/Index/index.html
INFO: [ route_check ] --START--
INFO: CheckRoute Behavior ::run [ RunTime:0.001554s ]
INFO: [ route_check ] --END-- [ RunTime:0.001764s ]
INFO: [ app_begin ] --START--
INFO: ReadHtmlCache Behavior ::run [ RunTime:0.001315s ]
INFO: [ app_begin ] --END-- [ RunTime:0.001488s ]
INFO: [ view_parse ] --START--
INFO: ParseTemplate Behavior ::run [ RunTime:0.035386s ]
INFO: [ view_parse ] --END-- [ RunTime:0.035596s ]
INFO: [ view_filter ] --START--
INFO: ContentReplace Behavior ::run [ RunTime:0.001289s ]
INFO: TokenBuild Behavior ::run [ RunTime:0.001210s ]
INFO: WriteHtmlCache Behavior ::run [ RunTime:0.001009s ]
INFO: ShowRuntime Behavior ::run [ RunTime:0.001333s ]
INFO: [ view_filter ] --END-- [ RunTime:0.005341s ]
INFO: [ view_end ] --START--
INFO: ShowPageTrace Behavior ::run [ RunTime:0.001783s ]
INFO: [ view_end ] --END-- [ RunTime:0.001969s ]

[ 2014-05-22T16:23:10+08:00 ] 0.0.0.0 /dream/admin.php/Public/top.html
INFO: [ route_check ] --START--
INFO: CheckRoute Behavior ::run [ RunTime:0.001965s ]
INFO: [ route_check ] --END-- [ RunTime:0.002238s ]
INFO: [ app_begin ] --START--
INFO: ReadHtmlCache Behavior ::run [ RunTime:0.001643s ]
INFO: [ app_begin ] --END-- [ RunTime:0.001907s ]
INFO: [ view_parse ] --START--
INFO: ParseTemplate Behavior ::run [ RunTime:0.020049s ]
INFO: [ view_parse ] --END-- [ RunTime:0.020205s ]
INFO: [ view_filter ] --START--
INFO: ContentReplace Behavior ::run [ RunTime:0.000909s ]
INFO: TokenBuild Behavior ::run [ RunTime:0.000886s ]
INFO: WriteHtmlCache Behavior ::run [ RunTime:0.000749s ]
INFO: ShowRuntime Behavior ::run [ RunTime:0.001093s ]
INFO: [ view_filter ] --END-- [ RunTime:0.004017s ]
INFO: [ view_end ] --START--
INFO: ShowPageTrace Behavior ::run [ RunTime:0.001049s ]
INFO: [ view_end ] --END-- [ RunTime:0.001177s ]

[ 2014-05-22T16:23:10+08:00 ] 0.0.0.0 /dream/admin.php/Public/menu.html
INFO: [ route_check ] --START--
INFO: CheckRoute Behavior ::run [ RunTime:0.001688s ]
INFO: [ route_check ] --END-- [ RunTime:0.001951s ]
INFO: [ app_begin ] --START--
INFO: ReadHtmlCache Behavior ::run [ RunTime:0.001184s ]
INFO: [ app_begin ] --END-- [ RunTime:0.001433s ]
SQL: SHOW COLUMNS FROM `module` [ RunTime:0.055449s ]
SQL: SELECT * FROM `module` ORDER BY id  [ RunTime:0.000547s ]
INFO: [ view_parse ] --START--
NOTIC: [8] Undefined index: channel D:\wamp\www\dream\admin\Runtime\Cache\344adff84fc2b75cfa6026542dd95e8c.php 第 12 行.
NOTIC: [8] Undefined index: channel D:\wamp\www\dream\admin\Runtime\Cache\344adff84fc2b75cfa6026542dd95e8c.php 第 31 行.
NOTIC: [8] Undefined index: channel D:\wamp\www\dream\admin\Runtime\Cache\344adff84fc2b75cfa6026542dd95e8c.php 第 56 行.
NOTIC: [8] Undefined index: channel D:\wamp\www\dream\admin\Runtime\Cache\344adff84fc2b75cfa6026542dd95e8c.php 第 76 行.
NOTIC: [8] Undefined index: channel D:\wamp\www\dream\admin\Runtime\Cache\344adff84fc2b75cfa6026542dd95e8c.php 第 95 行.
INFO: ParseTemplate Behavior ::run [ RunTime:0.083899s ]
INFO: [ view_parse ] --END-- [ RunTime:0.084096s ]
INFO: [ view_filter ] --START--
INFO: ContentReplace Behavior ::run [ RunTime:0.001092s ]
INFO: TokenBuild Behavior ::run [ RunTime:0.000833s ]
INFO: WriteHtmlCache Behavior ::run [ RunTime:0.000877s ]
INFO: ShowRuntime Behavior ::run [ RunTime:0.001279s ]
INFO: [ view_filter ] --END-- [ RunTime:0.004731s ]
INFO: [ view_end ] --START--
INFO: ShowPageTrace Behavior ::run [ RunTime:0.001269s ]
INFO: [ view_end ] --END-- [ RunTime:0.001509s ]

[ 2014-05-22T16:23:10+08:00 ] 0.0.0.0 /dream/admin.php/Public/main.html
INFO: [ route_check ] --START--
INFO: CheckRoute Behavior ::run [ RunTime:0.001463s ]
INFO: [ route_check ] --END-- [ RunTime:0.001605s ]
INFO: [ app_begin ] --START--
INFO: ReadHtmlCache Behavior ::run [ RunTime:0.001252s ]
INFO: [ app_begin ] --END-- [ RunTime:0.001383s ]
INFO: [ view_parse ] --START--
INFO: ParseTemplate Behavior ::run [ RunTime:0.027180s ]
INFO: [ view_parse ] --END-- [ RunTime:0.027350s ]
INFO: [ view_filter ] --START--
INFO: ContentReplace Behavior ::run [ RunTime:0.001286s ]
INFO: TokenBuild Behavior ::run [ RunTime:0.001218s ]
INFO: WriteHtmlCache Behavior ::run [ RunTime:0.001316s ]
INFO: ShowRuntime Behavior ::run [ RunTime:0.001672s ]
INFO: [ view_filter ] --END-- [ RunTime:0.005990s ]
INFO: [ view_end ] --START--
INFO: ShowPageTrace Behavior ::run [ RunTime:0.002316s ]
INFO: [ view_end ] --END-- [ RunTime:0.002565s ]

[ 2014-05-22T16:23:12+08:00 ] 0.0.0.0 /dream/admin.php/Public/menu/channel/2
INFO: [ route_check ] --START--
INFO: CheckRoute Behavior ::run [ RunTime:0.000690s ]
INFO: [ route_check ] --END-- [ RunTime:0.000865s ]
INFO: [ app_begin ] --START--
INFO: ReadHtmlCache Behavior ::run [ RunTime:0.000584s ]
INFO: [ app_begin ] --END-- [ RunTime:0.000710s ]
SQL: SHOW COLUMNS FROM `module` [ RunTime:0.007882s ]
SQL: SELECT * FROM `module` ORDER BY id  [ RunTime:0.000484s ]
INFO: [ view_parse ] --START--
INFO: ParseTemplate Behavior ::run [ RunTime:0.010870s ]
INFO: [ view_parse ] --END-- [ RunTime:0.011017s ]
INFO: [ view_filter ] --START--
INFO: ContentReplace Behavior ::run [ RunTime:0.000468s ]
INFO: TokenBuild Behavior ::run [ RunTime:0.000466s ]
INFO: WriteHtmlCache Behavior ::run [ RunTime:0.000325s ]
INFO: ShowRuntime Behavior ::run [ RunTime:0.000557s ]
INFO: [ view_filter ] --END-- [ RunTime:0.002151s ]
INFO: [ view_end ] --START--
INFO: ShowPageTrace Behavior ::run [ RunTime:0.000583s ]
INFO: [ view_end ] --END-- [ RunTime:0.000704s ]

[ 2014-05-22T16:23:14+08:00 ] 0.0.0.0 /dream/admin.php/Article
INFO: [ route_check ] --START--
INFO: CheckRoute Behavior ::run [ RunTime:0.000698s ]
INFO: [ route_check ] --END-- [ RunTime:0.000845s ]
INFO: [ app_begin ] --START--
INFO: ReadHtmlCache Behavior ::run [ RunTime:0.000574s ]
INFO: [ app_begin ] --END-- [ RunTime:0.000699s ]
SQL: SHOW COLUMNS FROM `article` [ RunTime:0.013887s ]
SQL: SELECT * FROM `article` ORDER BY id  [ RunTime:0.000563s ]
SQL: SHOW COLUMNS FROM `category` [ RunTime:0.008161s ]
SQL: SELECT * FROM `category` WHERE ( 1=1 AND id='1' ) LIMIT 1   [ RunTime:0.000489s ]
SQL: SELECT * FROM `category` WHERE ( 1=1 AND id='1' ) LIMIT 1   [ RunTime:0.000375s ]
SQL: SELECT * FROM `category` WHERE ( 1=1 AND id='26' ) LIMIT 1   [ RunTime:0.000363s ]
SQL: SELECT * FROM `category` WHERE ( 1=1 AND id='1' ) LIMIT 1   [ RunTime:0.000404s ]
SQL: SELECT * FROM `category` WHERE ( 1=1 AND id='1' ) LIMIT 1   [ RunTime:0.000389s ]
SQL: SELECT * FROM `category` WHERE ( 1=1 AND id='10' ) LIMIT 1   [ RunTime:0.000377s ]
INFO: [ view_parse ] --START--
NOTIC: [8] Undefined variable: page D:\wamp\www\dream\admin\Runtime\Cache\6a0fa1355e20b485f823227ab394fc93.php 第 92 行.
INFO: ParseTemplate Behavior ::run [ RunTime:0.083644s ]
INFO: [ view_parse ] --END-- [ RunTime:0.083889s ]
INFO: [ view_filter ] --START--
INFO: ContentReplace Behavior ::run [ RunTime:0.000975s ]
INFO: TokenBuild Behavior ::run [ RunTime:0.000954s ]
INFO: WriteHtmlCache Behavior ::run [ RunTime:0.000742s ]
INFO: ShowRuntime Behavior ::run [ RunTime:0.001627s ]
INFO: [ view_filter ] --END-- [ RunTime:0.005008s ]
INFO: [ view_end ] --START--
INFO: ShowPageTrace Behavior ::run [ RunTime:0.001271s ]
INFO: [ view_end ] --END-- [ RunTime:0.001535s ]

[ 2014-05-22T16:23:16+08:00 ] 0.0.0.0 /dream/admin.php/Article/edit/id/11
INFO: [ route_check ] --START--
INFO: CheckRoute Behavior ::run [ RunTime:0.000808s ]
INFO: [ route_check ] --END-- [ RunTime:0.000965s ]
INFO: [ app_begin ] --START--
INFO: ReadHtmlCache Behavior ::run [ RunTime:0.000605s ]
INFO: [ app_begin ] --END-- [ RunTime:0.000733s ]
SQL: SHOW COLUMNS FROM `article` [ RunTime:0.008102s ]
SQL: SELECT `cid` FROM `article` WHERE ( id=11 ) LIMIT 1   [ RunTime:0.000337s ]
SQL: SHOW COLUMNS FROM `category` [ RunTime:0.006563s ]
SQL: SELECT `moduleid` FROM `category` WHERE ( id=1 ) LIMIT 1   [ RunTime:0.000323s ]
SQL: SELECT * FROM `category` WHERE ( moduleid =2 )  [ RunTime:0.000406s ]
SQL: SHOW COLUMNS FROM `article` [ RunTime:0.006348s ]
SQL: SELECT * FROM `article` WHERE ( id=11 ) LIMIT 1   [ RunTime:0.000328s ]
SQL: SHOW COLUMNS FROM `category` [ RunTime:0.006841s ]
SQL: SELECT * FROM `category` WHERE ( 1=1 AND id='1' ) LIMIT 1   [ RunTime:0.000436s ]
INFO: [ view_parse ] --START--
NOTIC: [8] Use of undefined constant img - assumed 'img' D:\wamp\www\dream\admin\Runtime\Cache\4c7fd10fa1d942b33dfdf820618c379f.php 第 66 行.
NOTIC: [8] Array to string conversion D:\wamp\www\dream\admin\Runtime\Cache\4c7fd10fa1d942b33dfdf820618c379f.php 第 66 行.
NOTIC: [8] Undefined index: form D:\wamp\www\dream\admin\Runtime\Cache\4c7fd10fa1d942b33dfdf820618c379f.php 第 79 行.
INFO: ParseTemplate Behavior ::run [ RunTime:0.035754s ]
INFO: [ view_parse ] --END-- [ RunTime:0.035904s ]
INFO: [ view_filter ] --START--
INFO: ContentReplace Behavior ::run [ RunTime:0.000535s ]
INFO: TokenBuild Behavior ::run [ RunTime:0.000485s ]
INFO: WriteHtmlCache Behavior ::run [ RunTime:0.000330s ]
INFO: ShowRuntime Behavior ::run [ RunTime:0.000575s ]
INFO: [ view_filter ] --END-- [ RunTime:0.002260s ]
INFO: [ view_end ] --START--
INFO: ShowPageTrace Behavior ::run [ RunTime:0.000594s ]
INFO: [ view_end ] --END-- [ RunTime:0.000717s ]

[ 2014-05-22T16:26:23+08:00 ] 0.0.0.0 /dream/admin.php/Article
INFO: [ route_check ] --START--
INFO: CheckRoute Behavior ::run [ RunTime:0.001013s ]
INFO: [ route_check ] --END-- [ RunTime:0.001162s ]
INFO: [ app_begin ] --START--
INFO: ReadHtmlCache Behavior ::run [ RunTime:0.000693s ]
INFO: [ app_begin ] --END-- [ RunTime:0.000820s ]
SQL: SHOW COLUMNS FROM `article` [ RunTime:0.008248s ]
SQL: SELECT * FROM `article` ORDER BY id  [ RunTime:0.000479s ]
SQL: SHOW COLUMNS FROM `category` [ RunTime:0.008017s ]
SQL: SELECT * FROM `category` WHERE ( 1=1 AND id='1' ) LIMIT 1   [ RunTime:0.000390s ]
SQL: SELECT * FROM `category` WHERE ( 1=1 AND id='1' ) LIMIT 1   [ RunTime:0.000284s ]
SQL: SELECT * FROM `category` WHERE ( 1=1 AND id='26' ) LIMIT 1   [ RunTime:0.000263s ]
SQL: SELECT * FROM `category` WHERE ( 1=1 AND id='1' ) LIMIT 1   [ RunTime:0.000256s ]
SQL: SELECT * FROM `category` WHERE ( 1=1 AND id='1' ) LIMIT 1   [ RunTime:0.000265s ]
SQL: SELECT * FROM `category` WHERE ( 1=1 AND id='10' ) LIMIT 1   [ RunTime:0.000261s ]
INFO: [ view_parse ] --START--
NOTIC: [8] Undefined variable: page D:\wamp\www\dream\admin\Runtime\Cache\6a0fa1355e20b485f823227ab394fc93.php 第 92 行.
INFO: ParseTemplate Behavior ::run [ RunTime:0.010102s ]
INFO: [ view_parse ] --END-- [ RunTime:0.010236s ]
INFO: [ view_filter ] --START--
INFO: ContentReplace Behavior ::run [ RunTime:0.000598s ]
INFO: TokenBuild Behavior ::run [ RunTime:0.000586s ]
INFO: WriteHtmlCache Behavior ::run [ RunTime:0.000430s ]
INFO: ShowRuntime Behavior ::run [ RunTime:0.000708s ]
INFO: [ view_filter ] --END-- [ RunTime:0.002657s ]
INFO: [ view_end ] --START--
INFO: ShowPageTrace Behavior ::run [ RunTime:0.000713s ]
INFO: [ view_end ] --END-- [ RunTime:0.000833s ]

[ 2014-05-22T16:26:24+08:00 ] 0.0.0.0 /dream/admin.php/Article/edit/id/12
INFO: [ route_check ] --START--
INFO: CheckRoute Behavior ::run [ RunTime:0.001394s ]
INFO: [ route_check ] --END-- [ RunTime:0.001546s ]
INFO: [ app_begin ] --START--
INFO: ReadHtmlCache Behavior ::run [ RunTime:0.001030s ]
INFO: [ app_begin ] --END-- [ RunTime:0.001187s ]
SQL: SHOW COLUMNS FROM `article` [ RunTime:0.007671s ]
SQL: SELECT `cid` FROM `article` WHERE ( id=12 ) LIMIT 1   [ RunTime:0.000333s ]
SQL: SHOW COLUMNS FROM `category` [ RunTime:0.006670s ]
SQL: SELECT `moduleid` FROM `category` WHERE ( id=26 ) LIMIT 1   [ RunTime:0.000352s ]
SQL: SELECT * FROM `category` WHERE ( moduleid =2 )  [ RunTime:0.000408s ]
SQL: SHOW COLUMNS FROM `article` [ RunTime:0.005310s ]
SQL: SELECT * FROM `article` WHERE ( id=12 ) LIMIT 1   [ RunTime:0.000336s ]
SQL: SHOW COLUMNS FROM `category` [ RunTime:0.005228s ]
SQL: SELECT * FROM `category` WHERE ( 1=1 AND id='26' ) LIMIT 1   [ RunTime:0.000402s ]
INFO: [ view_parse ] --START--
NOTIC: [8] Use of undefined constant img - assumed 'img' D:\wamp\www\dream\admin\Runtime\Cache\4c7fd10fa1d942b33dfdf820618c379f.php 第 66 行.
NOTIC: [8] Array to string conversion D:\wamp\www\dream\admin\Runtime\Cache\4c7fd10fa1d942b33dfdf820618c379f.php 第 66 行.
NOTIC: [8] Undefined index: form D:\wamp\www\dream\admin\Runtime\Cache\4c7fd10fa1d942b33dfdf820618c379f.php 第 79 行.
INFO: ParseTemplate Behavior ::run [ RunTime:0.012762s ]
INFO: [ view_parse ] --END-- [ RunTime:0.012907s ]
INFO: [ view_filter ] --START--
INFO: ContentReplace Behavior ::run [ RunTime:0.001205s ]
INFO: TokenBuild Behavior ::run [ RunTime:0.001537s ]
INFO: WriteHtmlCache Behavior ::run [ RunTime:0.000767s ]
INFO: ShowRuntime Behavior ::run [ RunTime:0.000971s ]
INFO: [ view_filter ] --END-- [ RunTime:0.004908s ]
INFO: [ view_end ] --START--
INFO: ShowPageTrace Behavior ::run [ RunTime:0.001015s ]
INFO: [ view_end ] --END-- [ RunTime:0.001138s ]

[ 2014-05-22T16:26:27+08:00 ] 0.0.0.0 /dream/admin.php/Article
INFO: [ route_check ] --START--
INFO: CheckRoute Behavior ::run [ RunTime:0.001120s ]
INFO: [ route_check ] --END-- [ RunTime:0.001263s ]
INFO: [ app_begin ] --START--
INFO: ReadHtmlCache Behavior ::run [ RunTime:0.001019s ]
INFO: [ app_begin ] --END-- [ RunTime:0.001146s ]
SQL: SHOW COLUMNS FROM `article` [ RunTime:0.007821s ]
SQL: SELECT * FROM `article` ORDER BY id  [ RunTime:0.000463s ]
SQL: SHOW COLUMNS FROM `category` [ RunTime:0.006414s ]
SQL: SELECT * FROM `category` WHERE ( 1=1 AND id='1' ) LIMIT 1   [ RunTime:0.000370s ]
SQL: SELECT * FROM `category` WHERE ( 1=1 AND id='1' ) LIMIT 1   [ RunTime:0.000270s ]
SQL: SELECT * FROM `category` WHERE ( 1=1 AND id='26' ) LIMIT 1   [ RunTime:0.000281s ]
SQL: SELECT * FROM `category` WHERE ( 1=1 AND id='1' ) LIMIT 1   [ RunTime:0.000276s ]
SQL: SELECT * FROM `category` WHERE ( 1=1 AND id='1' ) LIMIT 1   [ RunTime:0.000265s ]
SQL: SELECT * FROM `category` WHERE ( 1=1 AND id='10' ) LIMIT 1   [ RunTime:0.000262s ]
INFO: [ view_parse ] --START--
NOTIC: [8] Undefined variable: page D:\wamp\www\dream\admin\Runtime\Cache\6a0fa1355e20b485f823227ab394fc93.php 第 92 行.
INFO: ParseTemplate Behavior ::run [ RunTime:0.011529s ]
INFO: [ view_parse ] --END-- [ RunTime:0.011663s ]
INFO: [ view_filter ] --START--
INFO: ContentReplace Behavior ::run [ RunTime:0.000882s ]
INFO: TokenBuild Behavior ::run [ RunTime:0.000863s ]
INFO: WriteHtmlCache Behavior ::run [ RunTime:0.000726s ]
INFO: ShowRuntime Behavior ::run [ RunTime:0.000973s ]
INFO: [ view_filter ] --END-- [ RunTime:0.003786s ]
INFO: [ view_end ] --START--
INFO: ShowPageTrace Behavior ::run [ RunTime:0.001113s ]
INFO: [ view_end ] --END-- [ RunTime:0.001244s ]

[ 2014-05-22T16:26:28+08:00 ] 0.0.0.0 /dream/admin.php/Article/edit/id/12
INFO: [ route_check ] --START--
INFO: CheckRoute Behavior ::run [ RunTime:0.001358s ]
INFO: [ route_check ] --END-- [ RunTime:0.001503s ]
INFO: [ app_begin ] --START--
INFO: ReadHtmlCache Behavior ::run [ RunTime:0.001184s ]
INFO: [ app_begin ] --END-- [ RunTime:0.001348s ]
SQL: SHOW COLUMNS FROM `article` [ RunTime:0.007581s ]
SQL: SELECT `cid` FROM `article` WHERE ( id=12 ) LIMIT 1   [ RunTime:0.000321s ]
SQL: SHOW COLUMNS FROM `category` [ RunTime:0.006463s ]
SQL: SELECT `moduleid` FROM `category` WHERE ( id=26 ) LIMIT 1   [ RunTime:0.000305s ]
SQL: SELECT * FROM `category` WHERE ( moduleid =2 )  [ RunTime:0.000377s ]
SQL: SHOW COLUMNS FROM `article` [ RunTime:0.005364s ]
SQL: SELECT * FROM `article` WHERE ( id=12 ) LIMIT 1   [ RunTime:0.000403s ]
SQL: SHOW COLUMNS FROM `category` [ RunTime:0.005241s ]
SQL: SELECT * FROM `category` WHERE ( 1=1 AND id='26' ) LIMIT 1   [ RunTime:0.000366s ]
INFO: [ view_parse ] --START--
NOTIC: [8] Use of undefined constant img - assumed 'img' D:\wamp\www\dream\admin\Runtime\Cache\4c7fd10fa1d942b33dfdf820618c379f.php 第 66 行.
NOTIC: [8] Array to string conversion D:\wamp\www\dream\admin\Runtime\Cache\4c7fd10fa1d942b33dfdf820618c379f.php 第 66 行.
NOTIC: [8] Undefined index: form D:\wamp\www\dream\admin\Runtime\Cache\4c7fd10fa1d942b33dfdf820618c379f.php 第 79 行.
INFO: ParseTemplate Behavior ::run [ RunTime:0.012794s ]
INFO: [ view_parse ] --END-- [ RunTime:0.012935s ]
INFO: [ view_filter ] --START--
INFO: ContentReplace Behavior ::run [ RunTime:0.000892s ]
INFO: TokenBuild Behavior ::run [ RunTime:0.000863s ]
INFO: WriteHtmlCache Behavior ::run [ RunTime:0.000718s ]
INFO: ShowRuntime Behavior ::run [ RunTime:0.000965s ]
INFO: [ view_filter ] --END-- [ RunTime:0.003773s ]
INFO: [ view_end ] --START--
INFO: ShowPageTrace Behavior ::run [ RunTime:0.000999s ]
INFO: [ view_end ] --END-- [ RunTime:0.001121s ]

[ 2014-05-22T16:26:31+08:00 ] 0.0.0.0 /dream/admin.php/Article
INFO: [ route_check ] --START--
INFO: CheckRoute Behavior ::run [ RunTime:0.001107s ]
INFO: [ route_check ] --END-- [ RunTime:0.001251s ]
INFO: [ app_begin ] --START--
INFO: ReadHtmlCache Behavior ::run [ RunTime:0.000971s ]
INFO: [ app_begin ] --END-- [ RunTime:0.001104s ]
SQL: SHOW COLUMNS FROM `article` [ RunTime:0.007838s ]
SQL: SELECT * FROM `article` ORDER BY id  [ RunTime:0.000447s ]
SQL: SHOW COLUMNS FROM `category` [ RunTime:0.006479s ]
SQL: SELECT * FROM `category` WHERE ( 1=1 AND id='1' ) LIMIT 1   [ RunTime:0.000376s ]
SQL: SELECT * FROM `category` WHERE ( 1=1 AND id='1' ) LIMIT 1   [ RunTime:0.000287s ]
SQL: SELECT * FROM `category` WHERE ( 1=1 AND id='26' ) LIMIT 1   [ RunTime:0.000273s ]
SQL: SELECT * FROM `category` WHERE ( 1=1 AND id='1' ) LIMIT 1   [ RunTime:0.000265s ]
SQL: SELECT * FROM `category` WHERE ( 1=1 AND id='1' ) LIMIT 1   [ RunTime:0.000262s ]
SQL: SELECT * FROM `category` WHERE ( 1=1 AND id='10' ) LIMIT 1   [ RunTime:0.000271s ]
INFO: [ view_parse ] --START--
NOTIC: [8] Undefined variable: page D:\wamp\www\dream\admin\Runtime\Cache\6a0fa1355e20b485f823227ab394fc93.php 第 92 行.
INFO: ParseTemplate Behavior ::run [ RunTime:0.012140s ]
INFO: [ view_parse ] --END-- [ RunTime:0.012275s ]
INFO: [ view_filter ] --START--
INFO: ContentReplace Behavior ::run [ RunTime:0.000895s ]
INFO: TokenBuild Behavior ::run [ RunTime:0.000880s ]
INFO: WriteHtmlCache Behavior ::run [ RunTime:0.000722s ]
INFO: ShowRuntime Behavior ::run [ RunTime:0.001011s ]
INFO: [ view_filter ] --END-- [ RunTime:0.003849s ]
INFO: [ view_end ] --START--
INFO: ShowPageTrace Behavior ::run [ RunTime:0.001095s ]
INFO: [ view_end ] --END-- [ RunTime:0.001219s ]

[ 2014-05-22T16:28:17+08:00 ] 0.0.0.0 /dream/admin.php/Article/edit/id/11
INFO: [ route_check ] --START--
INFO: CheckRoute Behavior ::run [ RunTime:0.001256s ]
INFO: [ route_check ] --END-- [ RunTime:0.001401s ]
INFO: [ app_begin ] --START--
INFO: ReadHtmlCache Behavior ::run [ RunTime:0.000989s ]
INFO: [ app_begin ] --END-- [ RunTime:0.001117s ]
SQL: SHOW COLUMNS FROM `article` [ RunTime:0.007796s ]
SQL: SELECT `cid` FROM `article` WHERE ( id=11 ) LIMIT 1   [ RunTime:0.000313s ]
SQL: SHOW COLUMNS FROM `category` [ RunTime:0.006463s ]
SQL: SELECT `moduleid` FROM `category` WHERE ( id=1 ) LIMIT 1   [ RunTime:0.000332s ]
SQL: SELECT * FROM `category` WHERE ( moduleid =2 )  [ RunTime:0.000371s ]
SQL: SHOW COLUMNS FROM `article` [ RunTime:0.005259s ]
SQL: SELECT * FROM `article` WHERE ( id=11 ) LIMIT 1   [ RunTime:0.000334s ]
SQL: SHOW COLUMNS FROM `category` [ RunTime:0.005079s ]
SQL: SELECT * FROM `category` WHERE ( 1=1 AND id='1' ) LIMIT 1   [ RunTime:0.000360s ]
INFO: [ view_parse ] --START--
NOTIC: [8] Use of undefined constant img - assumed 'img' D:\wamp\www\dream\admin\Runtime\Cache\4c7fd10fa1d942b33dfdf820618c379f.php 第 66 行.
NOTIC: [8] Array to string conversion D:\wamp\www\dream\admin\Runtime\Cache\4c7fd10fa1d942b33dfdf820618c379f.php 第 66 行.
NOTIC: [8] Undefined index: form D:\wamp\www\dream\admin\Runtime\Cache\4c7fd10fa1d942b33dfdf820618c379f.php 第 79 行.
INFO: ParseTemplate Behavior ::run [ RunTime:0.012796s ]
INFO: [ view_parse ] --END-- [ RunTime:0.012937s ]
INFO: [ view_filter ] --START--
INFO: ContentReplace Behavior ::run [ RunTime:0.000880s ]
INFO: TokenBuild Behavior ::run [ RunTime:0.000864s ]
INFO: WriteHtmlCache Behavior ::run [ RunTime:0.000718s ]
INFO: ShowRuntime Behavior ::run [ RunTime:0.000968s ]
INFO: [ view_filter ] --END-- [ RunTime:0.003766s ]
INFO: [ view_end ] --START--
INFO: ShowPageTrace Behavior ::run [ RunTime:0.001002s ]
INFO: [ view_end ] --END-- [ RunTime:0.001124s ]

