[ 2014-05-13T16:29:30+08:00 ] 0.0.0.0 /dream/admin.php
INFO: [ app_begin ] --START--
INFO: ReadHtmlCache Behavior ::run [ RunTime:0.000977s ]
INFO: [ app_begin ] --END-- [ RunTime:0.001132s ]
INFO: [ view_parse ] --START--
INFO: ParseTemplate Behavior ::run [ RunTime:0.045524s ]
INFO: [ view_parse ] --END-- [ RunTime:0.045683s ]
INFO: [ view_filter ] --START--
INFO: ContentReplace Behavior ::run [ RunTime:0.000834s ]
INFO: TokenBuild Behavior ::run [ RunTime:0.000831s ]
INFO: WriteHtmlCache Behavior ::run [ RunTime:0.000686s ]
INFO: ShowRuntime Behavior ::run [ RunTime:0.001001s ]
INFO: [ view_filter ] --END-- [ RunTime:0.003722s ]
INFO: [ view_end ] --START--
INFO: ShowPageTrace Behavior ::run [ RunTime:0.001111s ]
INFO: [ view_end ] --END-- [ RunTime:0.001253s ]

[ 2014-05-13T16:29:31+08:00 ] 0.0.0.0 /dream/admin.php/Public/menu.html
INFO: [ route_check ] --START--
INFO: CheckRoute Behavior ::run [ RunTime:0.001979s ]
INFO: [ route_check ] --END-- [ RunTime:0.002249s ]
INFO: [ app_begin ] --START--
INFO: ReadHtmlCache Behavior ::run [ RunTime:0.001761s ]
INFO: [ app_begin ] --END-- [ RunTime:0.002021s ]
SQL: SHOW COLUMNS FROM `module` [ RunTime:0.064582s ]
SQL: SELECT * FROM `module` ORDER BY id  [ RunTime:0.000538s ]
INFO: [ view_parse ] --START--
NOTIC: [8] Undefined index: channel D:\wamp\www\dream\admin\Runtime\Cache\344adff84fc2b75cfa6026542dd95e8c.php 第 12 行.
NOTIC: [8] Undefined index: channel D:\wamp\www\dream\admin\Runtime\Cache\344adff84fc2b75cfa6026542dd95e8c.php 第 31 行.
NOTIC: [8] Undefined index: channel D:\wamp\www\dream\admin\Runtime\Cache\344adff84fc2b75cfa6026542dd95e8c.php 第 56 行.
NOTIC: [8] Undefined index: channel D:\wamp\www\dream\admin\Runtime\Cache\344adff84fc2b75cfa6026542dd95e8c.php 第 76 行.
NOTIC: [8] Undefined index: channel D:\wamp\www\dream\admin\Runtime\Cache\344adff84fc2b75cfa6026542dd95e8c.php 第 95 行.
INFO: ParseTemplate Behavior ::run [ RunTime:0.062766s ]
INFO: [ view_parse ] --END-- [ RunTime:0.062912s ]
INFO: [ view_filter ] --START--
INFO: ContentReplace Behavior ::run [ RunTime:0.000914s ]
INFO: TokenBuild Behavior ::run [ RunTime:0.001065s ]
INFO: WriteHtmlCache Behavior ::run [ RunTime:0.000672s ]
INFO: ShowRuntime Behavior ::run [ RunTime:0.000836s ]
INFO: [ view_filter ] --END-- [ RunTime:0.003862s ]
INFO: [ view_end ] --START--
INFO: ShowPageTrace Behavior ::run [ RunTime:0.000867s ]
INFO: [ view_end ] --END-- [ RunTime:0.001004s ]

[ 2014-05-13T16:29:31+08:00 ] 0.0.0.0 /dream/admin.php/Public/top.html
INFO: [ route_check ] --START--
INFO: CheckRoute Behavior ::run [ RunTime:0.001802s ]
INFO: [ route_check ] --END-- [ RunTime:0.002061s ]
INFO: [ app_begin ] --START--
INFO: ReadHtmlCache Behavior ::run [ RunTime:0.001265s ]
INFO: [ app_begin ] --END-- [ RunTime:0.001461s ]
INFO: [ view_parse ] --START--
INFO: ParseTemplate Behavior ::run [ RunTime:0.029644s ]
INFO: [ view_parse ] --END-- [ RunTime:0.029974s ]
INFO: [ view_filter ] --START--
INFO: ContentReplace Behavior ::run [ RunTime:0.002029s ]
INFO: TokenBuild Behavior ::run [ RunTime:0.001692s ]
INFO: WriteHtmlCache Behavior ::run [ RunTime:0.001340s ]
INFO: ShowRuntime Behavior ::run [ RunTime:0.002001s ]
INFO: [ view_filter ] --END-- [ RunTime:0.007820s ]
INFO: [ view_end ] --START--
INFO: ShowPageTrace Behavior ::run [ RunTime:0.001802s ]
INFO: [ view_end ] --END-- [ RunTime:0.002108s ]

[ 2014-05-13T16:29:31+08:00 ] 0.0.0.0 /dream/admin.php/Public/main.html
INFO: [ route_check ] --START--
INFO: CheckRoute Behavior ::run [ RunTime:0.001684s ]
INFO: [ route_check ] --END-- [ RunTime:0.001903s ]
INFO: [ app_begin ] --START--
INFO: ReadHtmlCache Behavior ::run [ RunTime:0.000838s ]
INFO: [ app_begin ] --END-- [ RunTime:0.000979s ]
INFO: [ view_parse ] --START--
INFO: ParseTemplate Behavior ::run [ RunTime:0.023826s ]
INFO: [ view_parse ] --END-- [ RunTime:0.024060s ]
INFO: [ view_filter ] --START--
INFO: ContentReplace Behavior ::run [ RunTime:0.001572s ]
INFO: TokenBuild Behavior ::run [ RunTime:0.001393s ]
INFO: WriteHtmlCache Behavior ::run [ RunTime:0.000878s ]
INFO: ShowRuntime Behavior ::run [ RunTime:0.001325s ]
INFO: [ view_filter ] --END-- [ RunTime:0.005851s ]
INFO: [ view_end ] --START--
INFO: ShowPageTrace Behavior ::run [ RunTime:0.001298s ]
INFO: [ view_end ] --END-- [ RunTime:0.001486s ]

[ 2014-05-13T16:29:36+08:00 ] 0.0.0.0 /dream/admin.php/Public/menu/channel/2
INFO: [ route_check ] --START--
INFO: CheckRoute Behavior ::run [ RunTime:0.000905s ]
INFO: [ route_check ] --END-- [ RunTime:0.001049s ]
INFO: [ app_begin ] --START--
INFO: ReadHtmlCache Behavior ::run [ RunTime:0.000839s ]
INFO: [ app_begin ] --END-- [ RunTime:0.000973s ]
SQL: SHOW COLUMNS FROM `module` [ RunTime:0.012780s ]
SQL: SELECT * FROM `module` ORDER BY id  [ RunTime:0.000907s ]
INFO: [ view_parse ] --START--
INFO: ParseTemplate Behavior ::run [ RunTime:0.027581s ]
INFO: [ view_parse ] --END-- [ RunTime:0.027886s ]
INFO: [ view_filter ] --START--
INFO: ContentReplace Behavior ::run [ RunTime:0.001095s ]
INFO: TokenBuild Behavior ::run [ RunTime:0.001025s ]
INFO: WriteHtmlCache Behavior ::run [ RunTime:0.000816s ]
INFO: ShowRuntime Behavior ::run [ RunTime:0.001516s ]
INFO: [ view_filter ] --END-- [ RunTime:0.005177s ]
INFO: [ view_end ] --START--
INFO: ShowPageTrace Behavior ::run [ RunTime:0.000941s ]
INFO: [ view_end ] --END-- [ RunTime:0.001063s ]

[ 2014-05-13T16:29:37+08:00 ] 0.0.0.0 /dream/admin.php/Category
INFO: [ route_check ] --START--
INFO: CheckRoute Behavior ::run [ RunTime:0.000898s ]
INFO: [ route_check ] --END-- [ RunTime:0.001039s ]
INFO: [ app_begin ] --START--
INFO: ReadHtmlCache Behavior ::run [ RunTime:0.000754s ]
INFO: [ app_begin ] --END-- [ RunTime:0.000884s ]
SQL: SHOW COLUMNS FROM `category` [ RunTime:0.006601s ]
SQL: SELECT * FROM `category`  [ RunTime:0.000533s ]
INFO: [ view_parse ] --START--
NOTIC: [8] Undefined index: cat_id D:\wamp\www\dream\admin\Runtime\Cache\974995274876d32fbbcf610a23f60ac5.php 第 128 行.
NOTIC: [8] Undefined index: cat_id D:\wamp\www\dream\admin\Runtime\Cache\974995274876d32fbbcf610a23f60ac5.php 第 128 行.
NOTIC: [8] Undefined index: cat_id D:\wamp\www\dream\admin\Runtime\Cache\974995274876d32fbbcf610a23f60ac5.php 第 128 行.
NOTIC: [8] Undefined index: cat_id D:\wamp\www\dream\admin\Runtime\Cache\974995274876d32fbbcf610a23f60ac5.php 第 128 行.
NOTIC: [8] Undefined index: cat_id D:\wamp\www\dream\admin\Runtime\Cache\974995274876d32fbbcf610a23f60ac5.php 第 128 行.
NOTIC: [8] Undefined index: cat_id D:\wamp\www\dream\admin\Runtime\Cache\974995274876d32fbbcf610a23f60ac5.php 第 128 行.
NOTIC: [8] Undefined index: cat_id D:\wamp\www\dream\admin\Runtime\Cache\974995274876d32fbbcf610a23f60ac5.php 第 128 行.
NOTIC: [8] Undefined index: cat_id D:\wamp\www\dream\admin\Runtime\Cache\974995274876d32fbbcf610a23f60ac5.php 第 128 行.
NOTIC: [8] Undefined index: cat_id D:\wamp\www\dream\admin\Runtime\Cache\974995274876d32fbbcf610a23f60ac5.php 第 128 行.
NOTIC: [8] Undefined index: cat_id D:\wamp\www\dream\admin\Runtime\Cache\974995274876d32fbbcf610a23f60ac5.php 第 128 行.
NOTIC: [8] Undefined index: cat_id D:\wamp\www\dream\admin\Runtime\Cache\974995274876d32fbbcf610a23f60ac5.php 第 128 行.
NOTIC: [8] Undefined index: cat_id D:\wamp\www\dream\admin\Runtime\Cache\974995274876d32fbbcf610a23f60ac5.php 第 128 行.
NOTIC: [8] Undefined index: cat_id D:\wamp\www\dream\admin\Runtime\Cache\974995274876d32fbbcf610a23f60ac5.php 第 128 行.
NOTIC: [8] Undefined index: cat_id D:\wamp\www\dream\admin\Runtime\Cache\974995274876d32fbbcf610a23f60ac5.php 第 128 行.
NOTIC: [8] Undefined index: cat_id D:\wamp\www\dream\admin\Runtime\Cache\974995274876d32fbbcf610a23f60ac5.php 第 128 行.
NOTIC: [8] Undefined index: cat_id D:\wamp\www\dream\admin\Runtime\Cache\974995274876d32fbbcf610a23f60ac5.php 第 128 行.
NOTIC: [8] Undefined index: cat_id D:\wamp\www\dream\admin\Runtime\Cache\974995274876d32fbbcf610a23f60ac5.php 第 128 行.
NOTIC: [8] Undefined index: cat_id D:\wamp\www\dream\admin\Runtime\Cache\974995274876d32fbbcf610a23f60ac5.php 第 128 行.
INFO: ParseTemplate Behavior ::run [ RunTime:0.090401s ]
INFO: [ view_parse ] --END-- [ RunTime:0.090601s ]
INFO: [ view_filter ] --START--
INFO: ContentReplace Behavior ::run [ RunTime:0.001702s ]
INFO: TokenBuild Behavior ::run [ RunTime:0.001132s ]
INFO: WriteHtmlCache Behavior ::run [ RunTime:0.000663s ]
INFO: ShowRuntime Behavior ::run [ RunTime:0.000991s ]
INFO: [ view_filter ] --END-- [ RunTime:0.005029s ]
INFO: [ view_end ] --START--
INFO: ShowPageTrace Behavior ::run [ RunTime:0.001015s ]
INFO: [ view_end ] --END-- [ RunTime:0.001173s ]

[ 2014-05-13T16:29:40+08:00 ] 0.0.0.0 /dream/admin.php/Category/edit/id/4
INFO: [ route_check ] --START--
INFO: CheckRoute Behavior ::run [ RunTime:0.000907s ]
INFO: [ route_check ] --END-- [ RunTime:0.001059s ]
INFO: [ app_begin ] --START--
INFO: ReadHtmlCache Behavior ::run [ RunTime:0.000743s ]
INFO: [ app_begin ] --END-- [ RunTime:0.000874s ]
SQL: SHOW COLUMNS FROM `category` [ RunTime:0.014094s ]
SQL: SELECT * FROM `category`  [ RunTime:0.001069s ]
SQL: SHOW COLUMNS FROM `category` [ RunTime:0.007788s ]
SQL: SELECT * FROM `category` WHERE ( id=4 ) LIMIT 1   [ RunTime:0.000746s ]
SQL: SHOW COLUMNS FROM `module` [ RunTime:0.010071s ]
SQL: SELECT * FROM `module`  [ RunTime:0.000678s ]
INFO: [ view_parse ] --START--
INFO: ParseTemplate Behavior ::run [ RunTime:0.080439s ]
INFO: [ view_parse ] --END-- [ RunTime:0.080756s ]
INFO: [ view_filter ] --START--
INFO: ContentReplace Behavior ::run [ RunTime:0.002036s ]
INFO: TokenBuild Behavior ::run [ RunTime:0.001922s ]
INFO: WriteHtmlCache Behavior ::run [ RunTime:0.001247s ]
INFO: ShowRuntime Behavior ::run [ RunTime:0.001881s ]
INFO: [ view_filter ] --END-- [ RunTime:0.008032s ]
INFO: [ view_end ] --START--
INFO: ShowPageTrace Behavior ::run [ RunTime:0.002119s ]
INFO: [ view_end ] --END-- [ RunTime:0.002505s ]

[ 2014-05-13T16:29:43+08:00 ] 0.0.0.0 /dream/admin.php/Category
INFO: [ route_check ] --START--
INFO: CheckRoute Behavior ::run [ RunTime:0.000895s ]
INFO: [ route_check ] --END-- [ RunTime:0.001038s ]
INFO: [ app_begin ] --START--
INFO: ReadHtmlCache Behavior ::run [ RunTime:0.000760s ]
INFO: [ app_begin ] --END-- [ RunTime:0.000891s ]
SQL: SHOW COLUMNS FROM `category` [ RunTime:0.006703s ]
SQL: SELECT * FROM `category`  [ RunTime:0.000528s ]
INFO: [ view_parse ] --START--
NOTIC: [8] Undefined index: cat_id D:\wamp\www\dream\admin\Runtime\Cache\974995274876d32fbbcf610a23f60ac5.php 第 128 行.
NOTIC: [8] Undefined index: cat_id D:\wamp\www\dream\admin\Runtime\Cache\974995274876d32fbbcf610a23f60ac5.php 第 128 行.
NOTIC: [8] Undefined index: cat_id D:\wamp\www\dream\admin\Runtime\Cache\974995274876d32fbbcf610a23f60ac5.php 第 128 行.
NOTIC: [8] Undefined index: cat_id D:\wamp\www\dream\admin\Runtime\Cache\974995274876d32fbbcf610a23f60ac5.php 第 128 行.
NOTIC: [8] Undefined index: cat_id D:\wamp\www\dream\admin\Runtime\Cache\974995274876d32fbbcf610a23f60ac5.php 第 128 行.
NOTIC: [8] Undefined index: cat_id D:\wamp\www\dream\admin\Runtime\Cache\974995274876d32fbbcf610a23f60ac5.php 第 128 行.
NOTIC: [8] Undefined index: cat_id D:\wamp\www\dream\admin\Runtime\Cache\974995274876d32fbbcf610a23f60ac5.php 第 128 行.
NOTIC: [8] Undefined index: cat_id D:\wamp\www\dream\admin\Runtime\Cache\974995274876d32fbbcf610a23f60ac5.php 第 128 行.
NOTIC: [8] Undefined index: cat_id D:\wamp\www\dream\admin\Runtime\Cache\974995274876d32fbbcf610a23f60ac5.php 第 128 行.
NOTIC: [8] Undefined index: cat_id D:\wamp\www\dream\admin\Runtime\Cache\974995274876d32fbbcf610a23f60ac5.php 第 128 行.
NOTIC: [8] Undefined index: cat_id D:\wamp\www\dream\admin\Runtime\Cache\974995274876d32fbbcf610a23f60ac5.php 第 128 行.
NOTIC: [8] Undefined index: cat_id D:\wamp\www\dream\admin\Runtime\Cache\974995274876d32fbbcf610a23f60ac5.php 第 128 行.
NOTIC: [8] Undefined index: cat_id D:\wamp\www\dream\admin\Runtime\Cache\974995274876d32fbbcf610a23f60ac5.php 第 128 行.
NOTIC: [8] Undefined index: cat_id D:\wamp\www\dream\admin\Runtime\Cache\974995274876d32fbbcf610a23f60ac5.php 第 128 行.
NOTIC: [8] Undefined index: cat_id D:\wamp\www\dream\admin\Runtime\Cache\974995274876d32fbbcf610a23f60ac5.php 第 128 行.
NOTIC: [8] Undefined index: cat_id D:\wamp\www\dream\admin\Runtime\Cache\974995274876d32fbbcf610a23f60ac5.php 第 128 行.
NOTIC: [8] Undefined index: cat_id D:\wamp\www\dream\admin\Runtime\Cache\974995274876d32fbbcf610a23f60ac5.php 第 128 行.
NOTIC: [8] Undefined index: cat_id D:\wamp\www\dream\admin\Runtime\Cache\974995274876d32fbbcf610a23f60ac5.php 第 128 行.
INFO: ParseTemplate Behavior ::run [ RunTime:0.013408s ]
INFO: [ view_parse ] --END-- [ RunTime:0.013540s ]
INFO: [ view_filter ] --START--
INFO: ContentReplace Behavior ::run [ RunTime:0.000755s ]
INFO: TokenBuild Behavior ::run [ RunTime:0.000827s ]
INFO: WriteHtmlCache Behavior ::run [ RunTime:0.000565s ]
INFO: ShowRuntime Behavior ::run [ RunTime:0.000763s ]
INFO: [ view_filter ] --END-- [ RunTime:0.003279s ]
INFO: [ view_end ] --START--
INFO: ShowPageTrace Behavior ::run [ RunTime:0.000798s ]
INFO: [ view_end ] --END-- [ RunTime:0.000921s ]

[ 2014-05-13T16:29:49+08:00 ] 0.0.0.0 /dream/admin.php/Category/edit/id/2
INFO: [ route_check ] --START--
INFO: CheckRoute Behavior ::run [ RunTime:0.000971s ]
INFO: [ route_check ] --END-- [ RunTime:0.001111s ]
INFO: [ app_begin ] --START--
INFO: ReadHtmlCache Behavior ::run [ RunTime:0.000915s ]
INFO: [ app_begin ] --END-- [ RunTime:0.001048s ]
SQL: SHOW COLUMNS FROM `category` [ RunTime:0.012949s ]
SQL: SELECT * FROM `category`  [ RunTime:0.000539s ]
SQL: SHOW COLUMNS FROM `category` [ RunTime:0.004072s ]
SQL: SELECT * FROM `category` WHERE ( id=2 ) LIMIT 1   [ RunTime:0.000354s ]
SQL: SHOW COLUMNS FROM `module` [ RunTime:0.005588s ]
SQL: SELECT * FROM `module`  [ RunTime:0.000312s ]
INFO: [ view_parse ] --START--
INFO: ParseTemplate Behavior ::run [ RunTime:0.012976s ]
INFO: [ view_parse ] --END-- [ RunTime:0.013125s ]
INFO: [ view_filter ] --START--
INFO: ContentReplace Behavior ::run [ RunTime:0.000701s ]
INFO: TokenBuild Behavior ::run [ RunTime:0.000733s ]
INFO: WriteHtmlCache Behavior ::run [ RunTime:0.000539s ]
INFO: ShowRuntime Behavior ::run [ RunTime:0.000770s ]
INFO: [ view_filter ] --END-- [ RunTime:0.003082s ]
INFO: [ view_end ] --START--
INFO: ShowPageTrace Behavior ::run [ RunTime:0.000807s ]
INFO: [ view_end ] --END-- [ RunTime:0.000929s ]

[ 2014-05-13T16:30:38+08:00 ] 0.0.0.0 /dream/admin.php/Category
INFO: [ route_check ] --START--
INFO: CheckRoute Behavior ::run [ RunTime:0.000921s ]
INFO: [ route_check ] --END-- [ RunTime:0.001059s ]
INFO: [ app_begin ] --START--
INFO: ReadHtmlCache Behavior ::run [ RunTime:0.000789s ]
INFO: [ app_begin ] --END-- [ RunTime:0.000915s ]
SQL: SHOW COLUMNS FROM `category` [ RunTime:0.006656s ]
SQL: SELECT * FROM `category`  [ RunTime:0.000599s ]
INFO: [ view_parse ] --START--
NOTIC: [8] Undefined index: cat_id D:\wamp\www\dream\admin\Runtime\Cache\974995274876d32fbbcf610a23f60ac5.php 第 128 行.
NOTIC: [8] Undefined index: cat_id D:\wamp\www\dream\admin\Runtime\Cache\974995274876d32fbbcf610a23f60ac5.php 第 128 行.
NOTIC: [8] Undefined index: cat_id D:\wamp\www\dream\admin\Runtime\Cache\974995274876d32fbbcf610a23f60ac5.php 第 128 行.
NOTIC: [8] Undefined index: cat_id D:\wamp\www\dream\admin\Runtime\Cache\974995274876d32fbbcf610a23f60ac5.php 第 128 行.
NOTIC: [8] Undefined index: cat_id D:\wamp\www\dream\admin\Runtime\Cache\974995274876d32fbbcf610a23f60ac5.php 第 128 行.
NOTIC: [8] Undefined index: cat_id D:\wamp\www\dream\admin\Runtime\Cache\974995274876d32fbbcf610a23f60ac5.php 第 128 行.
NOTIC: [8] Undefined index: cat_id D:\wamp\www\dream\admin\Runtime\Cache\974995274876d32fbbcf610a23f60ac5.php 第 128 行.
NOTIC: [8] Undefined index: cat_id D:\wamp\www\dream\admin\Runtime\Cache\974995274876d32fbbcf610a23f60ac5.php 第 128 行.
NOTIC: [8] Undefined index: cat_id D:\wamp\www\dream\admin\Runtime\Cache\974995274876d32fbbcf610a23f60ac5.php 第 128 行.
NOTIC: [8] Undefined index: cat_id D:\wamp\www\dream\admin\Runtime\Cache\974995274876d32fbbcf610a23f60ac5.php 第 128 行.
NOTIC: [8] Undefined index: cat_id D:\wamp\www\dream\admin\Runtime\Cache\974995274876d32fbbcf610a23f60ac5.php 第 128 行.
NOTIC: [8] Undefined index: cat_id D:\wamp\www\dream\admin\Runtime\Cache\974995274876d32fbbcf610a23f60ac5.php 第 128 行.
NOTIC: [8] Undefined index: cat_id D:\wamp\www\dream\admin\Runtime\Cache\974995274876d32fbbcf610a23f60ac5.php 第 128 行.
NOTIC: [8] Undefined index: cat_id D:\wamp\www\dream\admin\Runtime\Cache\974995274876d32fbbcf610a23f60ac5.php 第 128 行.
NOTIC: [8] Undefined index: cat_id D:\wamp\www\dream\admin\Runtime\Cache\974995274876d32fbbcf610a23f60ac5.php 第 128 行.
NOTIC: [8] Undefined index: cat_id D:\wamp\www\dream\admin\Runtime\Cache\974995274876d32fbbcf610a23f60ac5.php 第 128 行.
NOTIC: [8] Undefined index: cat_id D:\wamp\www\dream\admin\Runtime\Cache\974995274876d32fbbcf610a23f60ac5.php 第 128 行.
NOTIC: [8] Undefined index: cat_id D:\wamp\www\dream\admin\Runtime\Cache\974995274876d32fbbcf610a23f60ac5.php 第 128 行.
INFO: ParseTemplate Behavior ::run [ RunTime:0.013714s ]
INFO: [ view_parse ] --END-- [ RunTime:0.013847s ]
INFO: [ view_filter ] --START--
INFO: ContentReplace Behavior ::run [ RunTime:0.000799s ]
INFO: TokenBuild Behavior ::run [ RunTime:0.000696s ]
INFO: WriteHtmlCache Behavior ::run [ RunTime:0.000535s ]
INFO: ShowRuntime Behavior ::run [ RunTime:0.000794s ]
INFO: [ view_filter ] --END-- [ RunTime:0.003168s ]
INFO: [ view_end ] --START--
INFO: ShowPageTrace Behavior ::run [ RunTime:0.000825s ]
INFO: [ view_end ] --END-- [ RunTime:0.000945s ]

[ 2014-05-13T16:30:41+08:00 ] 0.0.0.0 /dream/admin.php/Category/edit/id/26
INFO: [ route_check ] --START--
INFO: CheckRoute Behavior ::run [ RunTime:0.000893s ]
INFO: [ route_check ] --END-- [ RunTime:0.001033s ]
INFO: [ app_begin ] --START--
INFO: ReadHtmlCache Behavior ::run [ RunTime:0.000750s ]
INFO: [ app_begin ] --END-- [ RunTime:0.000882s ]
SQL: SHOW COLUMNS FROM `category` [ RunTime:0.007216s ]
SQL: SELECT * FROM `category`  [ RunTime:0.000626s ]
SQL: SHOW COLUMNS FROM `category` [ RunTime:0.004333s ]
SQL: SELECT * FROM `category` WHERE ( id=26 ) LIMIT 1   [ RunTime:0.000364s ]
SQL: SHOW COLUMNS FROM `module` [ RunTime:0.004954s ]
SQL: SELECT * FROM `module`  [ RunTime:0.000327s ]
INFO: [ view_parse ] --START--
INFO: ParseTemplate Behavior ::run [ RunTime:0.013311s ]
INFO: [ view_parse ] --END-- [ RunTime:0.013509s ]
INFO: [ view_filter ] --START--
INFO: ContentReplace Behavior ::run [ RunTime:0.000961s ]
INFO: TokenBuild Behavior ::run [ RunTime:0.000737s ]
INFO: WriteHtmlCache Behavior ::run [ RunTime:0.000498s ]
INFO: ShowRuntime Behavior ::run [ RunTime:0.000752s ]
INFO: [ view_filter ] --END-- [ RunTime:0.003361s ]
INFO: [ view_end ] --START--
INFO: ShowPageTrace Behavior ::run [ RunTime:0.000778s ]
INFO: [ view_end ] --END-- [ RunTime:0.000899s ]

[ 2014-05-13T16:30:43+08:00 ] 0.0.0.0 /dream/admin.php/Category
INFO: [ route_check ] --START--
INFO: CheckRoute Behavior ::run [ RunTime:0.000879s ]
INFO: [ route_check ] --END-- [ RunTime:0.001020s ]
INFO: [ app_begin ] --START--
INFO: ReadHtmlCache Behavior ::run [ RunTime:0.000740s ]
INFO: [ app_begin ] --END-- [ RunTime:0.000897s ]
SQL: SHOW COLUMNS FROM `category` [ RunTime:0.006913s ]
SQL: SELECT * FROM `category`  [ RunTime:0.000563s ]
INFO: [ view_parse ] --START--
NOTIC: [8] Undefined index: cat_id D:\wamp\www\dream\admin\Runtime\Cache\974995274876d32fbbcf610a23f60ac5.php 第 128 行.
NOTIC: [8] Undefined index: cat_id D:\wamp\www\dream\admin\Runtime\Cache\974995274876d32fbbcf610a23f60ac5.php 第 128 行.
NOTIC: [8] Undefined index: cat_id D:\wamp\www\dream\admin\Runtime\Cache\974995274876d32fbbcf610a23f60ac5.php 第 128 行.
NOTIC: [8] Undefined index: cat_id D:\wamp\www\dream\admin\Runtime\Cache\974995274876d32fbbcf610a23f60ac5.php 第 128 行.
NOTIC: [8] Undefined index: cat_id D:\wamp\www\dream\admin\Runtime\Cache\974995274876d32fbbcf610a23f60ac5.php 第 128 行.
NOTIC: [8] Undefined index: cat_id D:\wamp\www\dream\admin\Runtime\Cache\974995274876d32fbbcf610a23f60ac5.php 第 128 行.
NOTIC: [8] Undefined index: cat_id D:\wamp\www\dream\admin\Runtime\Cache\974995274876d32fbbcf610a23f60ac5.php 第 128 行.
NOTIC: [8] Undefined index: cat_id D:\wamp\www\dream\admin\Runtime\Cache\974995274876d32fbbcf610a23f60ac5.php 第 128 行.
NOTIC: [8] Undefined index: cat_id D:\wamp\www\dream\admin\Runtime\Cache\974995274876d32fbbcf610a23f60ac5.php 第 128 行.
NOTIC: [8] Undefined index: cat_id D:\wamp\www\dream\admin\Runtime\Cache\974995274876d32fbbcf610a23f60ac5.php 第 128 行.
NOTIC: [8] Undefined index: cat_id D:\wamp\www\dream\admin\Runtime\Cache\974995274876d32fbbcf610a23f60ac5.php 第 128 行.
NOTIC: [8] Undefined index: cat_id D:\wamp\www\dream\admin\Runtime\Cache\974995274876d32fbbcf610a23f60ac5.php 第 128 行.
NOTIC: [8] Undefined index: cat_id D:\wamp\www\dream\admin\Runtime\Cache\974995274876d32fbbcf610a23f60ac5.php 第 128 行.
NOTIC: [8] Undefined index: cat_id D:\wamp\www\dream\admin\Runtime\Cache\974995274876d32fbbcf610a23f60ac5.php 第 128 行.
NOTIC: [8] Undefined index: cat_id D:\wamp\www\dream\admin\Runtime\Cache\974995274876d32fbbcf610a23f60ac5.php 第 128 行.
NOTIC: [8] Undefined index: cat_id D:\wamp\www\dream\admin\Runtime\Cache\974995274876d32fbbcf610a23f60ac5.php 第 128 行.
NOTIC: [8] Undefined index: cat_id D:\wamp\www\dream\admin\Runtime\Cache\974995274876d32fbbcf610a23f60ac5.php 第 128 行.
NOTIC: [8] Undefined index: cat_id D:\wamp\www\dream\admin\Runtime\Cache\974995274876d32fbbcf610a23f60ac5.php 第 128 行.
INFO: ParseTemplate Behavior ::run [ RunTime:0.013069s ]
INFO: [ view_parse ] --END-- [ RunTime:0.013204s ]
INFO: [ view_filter ] --START--
INFO: ContentReplace Behavior ::run [ RunTime:0.000741s ]
INFO: TokenBuild Behavior ::run [ RunTime:0.000769s ]
INFO: WriteHtmlCache Behavior ::run [ RunTime:0.000777s ]
INFO: ShowRuntime Behavior ::run [ RunTime:0.000910s ]
INFO: [ view_filter ] --END-- [ RunTime:0.003626s ]
INFO: [ view_end ] --START--
INFO: ShowPageTrace Behavior ::run [ RunTime:0.000897s ]
INFO: [ view_end ] --END-- [ RunTime:0.001050s ]

[ 2014-05-13T16:30:44+08:00 ] 0.0.0.0 /dream/admin.php/Category/edit/id/6
INFO: [ route_check ] --START--
INFO: CheckRoute Behavior ::run [ RunTime:0.000957s ]
INFO: [ route_check ] --END-- [ RunTime:0.001098s ]
INFO: [ app_begin ] --START--
INFO: ReadHtmlCache Behavior ::run [ RunTime:0.000818s ]
INFO: [ app_begin ] --END-- [ RunTime:0.000946s ]
SQL: SHOW COLUMNS FROM `category` [ RunTime:0.006661s ]
SQL: SELECT * FROM `category`  [ RunTime:0.000526s ]
SQL: SHOW COLUMNS FROM `category` [ RunTime:0.004798s ]
SQL: SELECT * FROM `category` WHERE ( id=6 ) LIMIT 1   [ RunTime:0.000407s ]
SQL: SHOW COLUMNS FROM `module` [ RunTime:0.006573s ]
SQL: SELECT * FROM `module`  [ RunTime:0.000405s ]
INFO: [ view_parse ] --START--
INFO: ParseTemplate Behavior ::run [ RunTime:0.013038s ]
INFO: [ view_parse ] --END-- [ RunTime:0.013186s ]
INFO: [ view_filter ] --START--
INFO: ContentReplace Behavior ::run [ RunTime:0.000715s ]
INFO: TokenBuild Behavior ::run [ RunTime:0.000695s ]
INFO: WriteHtmlCache Behavior ::run [ RunTime:0.000527s ]
INFO: ShowRuntime Behavior ::run [ RunTime:0.000777s ]
INFO: [ view_filter ] --END-- [ RunTime:0.003070s ]
INFO: [ view_end ] --START--
INFO: ShowPageTrace Behavior ::run [ RunTime:0.000809s ]
INFO: [ view_end ] --END-- [ RunTime:0.000929s ]

[ 2014-05-13T16:30:49+08:00 ] 0.0.0.0 /dream/admin.php/Category
INFO: [ route_check ] --START--
INFO: CheckRoute Behavior ::run [ RunTime:0.000926s ]
INFO: [ route_check ] --END-- [ RunTime:0.001066s ]
INFO: [ app_begin ] --START--
INFO: ReadHtmlCache Behavior ::run [ RunTime:0.000783s ]
INFO: [ app_begin ] --END-- [ RunTime:0.000907s ]
SQL: SHOW COLUMNS FROM `category` [ RunTime:0.012875s ]
SQL: SELECT * FROM `category`  [ RunTime:0.001042s ]
INFO: [ view_parse ] --START--
NOTIC: [8] Undefined index: cat_id D:\wamp\www\dream\admin\Runtime\Cache\974995274876d32fbbcf610a23f60ac5.php 第 128 行.
NOTIC: [8] Undefined index: cat_id D:\wamp\www\dream\admin\Runtime\Cache\974995274876d32fbbcf610a23f60ac5.php 第 128 行.
NOTIC: [8] Undefined index: cat_id D:\wamp\www\dream\admin\Runtime\Cache\974995274876d32fbbcf610a23f60ac5.php 第 128 行.
NOTIC: [8] Undefined index: cat_id D:\wamp\www\dream\admin\Runtime\Cache\974995274876d32fbbcf610a23f60ac5.php 第 128 行.
NOTIC: [8] Undefined index: cat_id D:\wamp\www\dream\admin\Runtime\Cache\974995274876d32fbbcf610a23f60ac5.php 第 128 行.
NOTIC: [8] Undefined index: cat_id D:\wamp\www\dream\admin\Runtime\Cache\974995274876d32fbbcf610a23f60ac5.php 第 128 行.
NOTIC: [8] Undefined index: cat_id D:\wamp\www\dream\admin\Runtime\Cache\974995274876d32fbbcf610a23f60ac5.php 第 128 行.
NOTIC: [8] Undefined index: cat_id D:\wamp\www\dream\admin\Runtime\Cache\974995274876d32fbbcf610a23f60ac5.php 第 128 行.
NOTIC: [8] Undefined index: cat_id D:\wamp\www\dream\admin\Runtime\Cache\974995274876d32fbbcf610a23f60ac5.php 第 128 行.
NOTIC: [8] Undefined index: cat_id D:\wamp\www\dream\admin\Runtime\Cache\974995274876d32fbbcf610a23f60ac5.php 第 128 行.
NOTIC: [8] Undefined index: cat_id D:\wamp\www\dream\admin\Runtime\Cache\974995274876d32fbbcf610a23f60ac5.php 第 128 行.
NOTIC: [8] Undefined index: cat_id D:\wamp\www\dream\admin\Runtime\Cache\974995274876d32fbbcf610a23f60ac5.php 第 128 行.
NOTIC: [8] Undefined index: cat_id D:\wamp\www\dream\admin\Runtime\Cache\974995274876d32fbbcf610a23f60ac5.php 第 128 行.
NOTIC: [8] Undefined index: cat_id D:\wamp\www\dream\admin\Runtime\Cache\974995274876d32fbbcf610a23f60ac5.php 第 128 行.
NOTIC: [8] Undefined index: cat_id D:\wamp\www\dream\admin\Runtime\Cache\974995274876d32fbbcf610a23f60ac5.php 第 128 行.
NOTIC: [8] Undefined index: cat_id D:\wamp\www\dream\admin\Runtime\Cache\974995274876d32fbbcf610a23f60ac5.php 第 128 行.
NOTIC: [8] Undefined index: cat_id D:\wamp\www\dream\admin\Runtime\Cache\974995274876d32fbbcf610a23f60ac5.php 第 128 行.
NOTIC: [8] Undefined index: cat_id D:\wamp\www\dream\admin\Runtime\Cache\974995274876d32fbbcf610a23f60ac5.php 第 128 行.
INFO: ParseTemplate Behavior ::run [ RunTime:0.029208s ]
INFO: [ view_parse ] --END-- [ RunTime:0.029576s ]
INFO: [ view_filter ] --START--
INFO: ContentReplace Behavior ::run [ RunTime:0.002002s ]
INFO: TokenBuild Behavior ::run [ RunTime:0.001620s ]
INFO: WriteHtmlCache Behavior ::run [ RunTime:0.001204s ]
INFO: ShowRuntime Behavior ::run [ RunTime:0.001661s ]
INFO: [ view_filter ] --END-- [ RunTime:0.007335s ]
INFO: [ view_end ] --START--
INFO: ShowPageTrace Behavior ::run [ RunTime:0.001710s ]
INFO: [ view_end ] --END-- [ RunTime:0.001959s ]

[ 2014-05-13T16:30:50+08:00 ] 0.0.0.0 /dream/admin.php/Category/edit/id/6
INFO: [ route_check ] --START--
INFO: CheckRoute Behavior ::run [ RunTime:0.000879s ]
INFO: [ route_check ] --END-- [ RunTime:0.001019s ]
INFO: [ app_begin ] --START--
INFO: ReadHtmlCache Behavior ::run [ RunTime:0.000794s ]
INFO: [ app_begin ] --END-- [ RunTime:0.000928s ]
SQL: SHOW COLUMNS FROM `category` [ RunTime:0.006604s ]
SQL: SELECT * FROM `category`  [ RunTime:0.000537s ]
SQL: SHOW COLUMNS FROM `category` [ RunTime:0.004147s ]
SQL: SELECT * FROM `category` WHERE ( id=6 ) LIMIT 1   [ RunTime:0.000370s ]
SQL: SHOW COLUMNS FROM `module` [ RunTime:0.005130s ]
SQL: SELECT * FROM `module`  [ RunTime:0.000318s ]
INFO: [ view_parse ] --START--
INFO: ParseTemplate Behavior ::run [ RunTime:0.013503s ]
INFO: [ view_parse ] --END-- [ RunTime:0.013658s ]
INFO: [ view_filter ] --START--
INFO: ContentReplace Behavior ::run [ RunTime:0.000747s ]
INFO: TokenBuild Behavior ::run [ RunTime:0.000643s ]
INFO: WriteHtmlCache Behavior ::run [ RunTime:0.000513s ]
INFO: ShowRuntime Behavior ::run [ RunTime:0.000729s ]
INFO: [ view_filter ] --END-- [ RunTime:0.002972s ]
INFO: [ view_end ] --START--
INFO: ShowPageTrace Behavior ::run [ RunTime:0.000761s ]
INFO: [ view_end ] --END-- [ RunTime:0.000882s ]

[ 2014-05-13T16:30:52+08:00 ] 0.0.0.0 /dream/admin.php/Category
INFO: [ route_check ] --START--
INFO: CheckRoute Behavior ::run [ RunTime:0.000886s ]
INFO: [ route_check ] --END-- [ RunTime:0.001029s ]
INFO: [ app_begin ] --START--
INFO: ReadHtmlCache Behavior ::run [ RunTime:0.000765s ]
INFO: [ app_begin ] --END-- [ RunTime:0.000896s ]
SQL: SHOW COLUMNS FROM `category` [ RunTime:0.019119s ]
SQL: SELECT * FROM `category`  [ RunTime:0.000545s ]
INFO: [ view_parse ] --START--
NOTIC: [8] Undefined index: cat_id D:\wamp\www\dream\admin\Runtime\Cache\974995274876d32fbbcf610a23f60ac5.php 第 128 行.
NOTIC: [8] Undefined index: cat_id D:\wamp\www\dream\admin\Runtime\Cache\974995274876d32fbbcf610a23f60ac5.php 第 128 行.
NOTIC: [8] Undefined index: cat_id D:\wamp\www\dream\admin\Runtime\Cache\974995274876d32fbbcf610a23f60ac5.php 第 128 行.
NOTIC: [8] Undefined index: cat_id D:\wamp\www\dream\admin\Runtime\Cache\974995274876d32fbbcf610a23f60ac5.php 第 128 行.
NOTIC: [8] Undefined index: cat_id D:\wamp\www\dream\admin\Runtime\Cache\974995274876d32fbbcf610a23f60ac5.php 第 128 行.
NOTIC: [8] Undefined index: cat_id D:\wamp\www\dream\admin\Runtime\Cache\974995274876d32fbbcf610a23f60ac5.php 第 128 行.
NOTIC: [8] Undefined index: cat_id D:\wamp\www\dream\admin\Runtime\Cache\974995274876d32fbbcf610a23f60ac5.php 第 128 行.
NOTIC: [8] Undefined index: cat_id D:\wamp\www\dream\admin\Runtime\Cache\974995274876d32fbbcf610a23f60ac5.php 第 128 行.
NOTIC: [8] Undefined index: cat_id D:\wamp\www\dream\admin\Runtime\Cache\974995274876d32fbbcf610a23f60ac5.php 第 128 行.
NOTIC: [8] Undefined index: cat_id D:\wamp\www\dream\admin\Runtime\Cache\974995274876d32fbbcf610a23f60ac5.php 第 128 行.
NOTIC: [8] Undefined index: cat_id D:\wamp\www\dream\admin\Runtime\Cache\974995274876d32fbbcf610a23f60ac5.php 第 128 行.
NOTIC: [8] Undefined index: cat_id D:\wamp\www\dream\admin\Runtime\Cache\974995274876d32fbbcf610a23f60ac5.php 第 128 行.
NOTIC: [8] Undefined index: cat_id D:\wamp\www\dream\admin\Runtime\Cache\974995274876d32fbbcf610a23f60ac5.php 第 128 行.
NOTIC: [8] Undefined index: cat_id D:\wamp\www\dream\admin\Runtime\Cache\974995274876d32fbbcf610a23f60ac5.php 第 128 行.
NOTIC: [8] Undefined index: cat_id D:\wamp\www\dream\admin\Runtime\Cache\974995274876d32fbbcf610a23f60ac5.php 第 128 行.
NOTIC: [8] Undefined index: cat_id D:\wamp\www\dream\admin\Runtime\Cache\974995274876d32fbbcf610a23f60ac5.php 第 128 行.
NOTIC: [8] Undefined index: cat_id D:\wamp\www\dream\admin\Runtime\Cache\974995274876d32fbbcf610a23f60ac5.php 第 128 行.
NOTIC: [8] Undefined index: cat_id D:\wamp\www\dream\admin\Runtime\Cache\974995274876d32fbbcf610a23f60ac5.php 第 128 行.
INFO: ParseTemplate Behavior ::run [ RunTime:0.013668s ]
INFO: [ view_parse ] --END-- [ RunTime:0.013800s ]
INFO: [ view_filter ] --START--
INFO: ContentReplace Behavior ::run [ RunTime:0.000785s ]
INFO: TokenBuild Behavior ::run [ RunTime:0.000676s ]
INFO: WriteHtmlCache Behavior ::run [ RunTime:0.000511s ]
INFO: ShowRuntime Behavior ::run [ RunTime:0.000753s ]
INFO: [ view_filter ] --END-- [ RunTime:0.003123s ]
INFO: [ view_end ] --START--
INFO: ShowPageTrace Behavior ::run [ RunTime:0.000782s ]
INFO: [ view_end ] --END-- [ RunTime:0.000903s ]

[ 2014-05-13T16:30:55+08:00 ] 0.0.0.0 /dream/admin.php/Category/edit/id/18
INFO: [ route_check ] --START--
INFO: CheckRoute Behavior ::run [ RunTime:0.000943s ]
INFO: [ route_check ] --END-- [ RunTime:0.001084s ]
INFO: [ app_begin ] --START--
INFO: ReadHtmlCache Behavior ::run [ RunTime:0.000780s ]
INFO: [ app_begin ] --END-- [ RunTime:0.000906s ]
SQL: SHOW COLUMNS FROM `category` [ RunTime:0.006560s ]
SQL: SELECT * FROM `category`  [ RunTime:0.000511s ]
SQL: SHOW COLUMNS FROM `category` [ RunTime:0.004217s ]
SQL: SELECT * FROM `category` WHERE ( id=18 ) LIMIT 1   [ RunTime:0.000362s ]
SQL: SHOW COLUMNS FROM `module` [ RunTime:0.004982s ]
SQL: SELECT * FROM `module`  [ RunTime:0.000314s ]
INFO: [ view_parse ] --START--
INFO: ParseTemplate Behavior ::run [ RunTime:0.013397s ]
INFO: [ view_parse ] --END-- [ RunTime:0.013566s ]
INFO: [ view_filter ] --START--
INFO: ContentReplace Behavior ::run [ RunTime:0.000683s ]
INFO: TokenBuild Behavior ::run [ RunTime:0.000690s ]
INFO: WriteHtmlCache Behavior ::run [ RunTime:0.000534s ]
INFO: ShowRuntime Behavior ::run [ RunTime:0.000766s ]
INFO: [ view_filter ] --END-- [ RunTime:0.003008s ]
INFO: [ view_end ] --START--
INFO: ShowPageTrace Behavior ::run [ RunTime:0.000811s ]
INFO: [ view_end ] --END-- [ RunTime:0.000930s ]

[ 2014-05-13T16:30:59+08:00 ] 0.0.0.0 /dream/admin.php/Category/doEdit
INFO: [ route_check ] --START--
INFO: CheckRoute Behavior ::run [ RunTime:0.000932s ]
INFO: [ route_check ] --END-- [ RunTime:0.001071s ]
INFO: [ app_begin ] --START--
INFO: ReadHtmlCache Behavior ::run [ RunTime:0.000851s ]
INFO: [ app_begin ] --END-- [ RunTime:0.000976s ]
SQL: SHOW COLUMNS FROM `category` [ RunTime:0.006452s ]
SQL: UPDATE `category` SET `moduleid`='6',`parentdir`='Guestbook/',`catname`='信息反馈',`parentid`='19',`listorder`='0',`isshow`='0' WHERE ( `id` = '18' ) [ RunTime:0.000426s ]
INFO: [ view_parse ] --START--
INFO: ParseTemplate Behavior ::run [ RunTime:0.104464s ]
INFO: [ view_parse ] --END-- [ RunTime:0.104706s ]
INFO: [ view_filter ] --START--
INFO: ContentReplace Behavior ::run [ RunTime:0.001409s ]
INFO: TokenBuild Behavior ::run [ RunTime:0.001577s ]
INFO: WriteHtmlCache Behavior ::run [ RunTime:0.001141s ]
INFO: ShowRuntime Behavior ::run [ RunTime:0.001653s ]
INFO: [ view_filter ] --END-- [ RunTime:0.006492s ]
INFO: [ view_end ] --START--
INFO: ShowPageTrace Behavior ::run [ RunTime:0.001749s ]
INFO: [ view_end ] --END-- [ RunTime:0.002019s ]

