[ 2014-04-02T14:07:51+08:00 ] 0.0.0.0 /dream/admin.php
INFO: [ app_begin ] --START--
INFO: ReadHtmlCache Behavior ::run [ RunTime:0.001762s ]
INFO: [ app_begin ] --END-- [ RunTime:0.001937s ]

[ 2014-04-02T14:07:51+08:00 ] 0.0.0.0 /dream/admin.php/Login/index.html
INFO: [ route_check ] --START--
INFO: CheckRoute Behavior ::run [ RunTime:0.001458s ]
INFO: [ route_check ] --END-- [ RunTime:0.001625s ]
INFO: [ app_begin ] --START--
INFO: ReadHtmlCache Behavior ::run [ RunTime:0.001298s ]
INFO: [ app_begin ] --END-- [ RunTime:0.001425s ]
INFO: [ view_parse ] --START--
INFO: ParseTemplate Behavior ::run [ RunTime:0.092848s ]
INFO: [ view_parse ] --END-- [ RunTime:0.093163s ]
INFO: [ view_filter ] --START--
INFO: ContentReplace Behavior ::run [ RunTime:0.002431s ]
INFO: TokenBuild Behavior ::run [ RunTime:0.003080s ]
INFO: WriteHtmlCache Behavior ::run [ RunTime:0.002199s ]
INFO: ShowRuntime Behavior ::run [ RunTime:0.002427s ]
INFO: [ view_filter ] --END-- [ RunTime:0.010848s ]
INFO: [ view_end ] --START--
INFO: ShowPageTrace Behavior ::run [ RunTime:0.002376s ]
INFO: [ view_end ] --END-- [ RunTime:0.002629s ]

[ 2014-04-02T14:07:57+08:00 ] 0.0.0.0 /dream/admin.php/Login/doLogin
INFO: [ route_check ] --START--
INFO: CheckRoute Behavior ::run [ RunTime:0.002100s ]
INFO: [ route_check ] --END-- [ RunTime:0.002302s ]
INFO: [ app_begin ] --START--
INFO: ReadHtmlCache Behavior ::run [ RunTime:0.001792s ]
INFO: [ app_begin ] --END-- [ RunTime:0.001975s ]
SQL: SHOW COLUMNS FROM `user` [ RunTime:0.391984s ]
SQL: SELECT `uid` FROM `user` WHERE ( `username` = 'admin' ) LIMIT 1   [ RunTime:0.000635s ]

[ 2014-04-02T14:07:57+08:00 ] 0.0.0.0 /dream/admin.php/Index/index.html
INFO: [ route_check ] --START--
INFO: CheckRoute Behavior ::run [ RunTime:0.001826s ]
INFO: [ route_check ] --END-- [ RunTime:0.002139s ]
INFO: [ app_begin ] --START--
INFO: ReadHtmlCache Behavior ::run [ RunTime:0.001514s ]
INFO: [ app_begin ] --END-- [ RunTime:0.001664s ]
INFO: [ view_parse ] --START--
INFO: ParseTemplate Behavior ::run [ RunTime:0.035099s ]
INFO: [ view_parse ] --END-- [ RunTime:0.035279s ]
INFO: [ view_filter ] --START--
INFO: ContentReplace Behavior ::run [ RunTime:0.001197s ]
INFO: TokenBuild Behavior ::run [ RunTime:0.001197s ]
INFO: WriteHtmlCache Behavior ::run [ RunTime:0.001100s ]
INFO: ShowRuntime Behavior ::run [ RunTime:0.001325s ]
INFO: [ view_filter ] --END-- [ RunTime:0.005226s ]
INFO: [ view_end ] --START--
INFO: ShowPageTrace Behavior ::run [ RunTime:0.001343s ]
INFO: [ view_end ] --END-- [ RunTime:0.001491s ]

[ 2014-04-02T14:07:58+08:00 ] 0.0.0.0 /dream/admin.php/Public/main.html
INFO: [ route_check ] --START--
INFO: CheckRoute Behavior ::run [ RunTime:0.001848s ]
INFO: [ route_check ] --END-- [ RunTime:0.002088s ]
INFO: [ app_begin ] --START--
INFO: ReadHtmlCache Behavior ::run [ RunTime:0.001267s ]
INFO: [ app_begin ] --END-- [ RunTime:0.001509s ]
INFO: [ view_parse ] --START--
INFO: ParseTemplate Behavior ::run [ RunTime:0.022874s ]
INFO: [ view_parse ] --END-- [ RunTime:0.023045s ]
INFO: [ view_filter ] --START--
INFO: ContentReplace Behavior ::run [ RunTime:0.000855s ]
INFO: TokenBuild Behavior ::run [ RunTime:0.000835s ]
INFO: WriteHtmlCache Behavior ::run [ RunTime:0.000703s ]
INFO: ShowRuntime Behavior ::run [ RunTime:0.000935s ]
INFO: [ view_filter ] --END-- [ RunTime:0.003693s ]
INFO: [ view_end ] --START--
INFO: ShowPageTrace Behavior ::run [ RunTime:0.000961s ]
INFO: [ view_end ] --END-- [ RunTime:0.001092s ]

[ 2014-04-02T14:07:58+08:00 ] 0.0.0.0 /dream/admin.php/Public/top.html
INFO: [ route_check ] --START--
INFO: CheckRoute Behavior ::run [ RunTime:0.002121s ]
INFO: [ route_check ] --END-- [ RunTime:0.002390s ]
INFO: [ app_begin ] --START--
INFO: ReadHtmlCache Behavior ::run [ RunTime:0.001703s ]
INFO: [ app_begin ] --END-- [ RunTime:0.002020s ]
INFO: [ view_parse ] --START--
INFO: ParseTemplate Behavior ::run [ RunTime:0.029738s ]
INFO: [ view_parse ] --END-- [ RunTime:0.029894s ]
INFO: [ view_filter ] --START--
INFO: ContentReplace Behavior ::run [ RunTime:0.001074s ]
INFO: TokenBuild Behavior ::run [ RunTime:0.001013s ]
INFO: WriteHtmlCache Behavior ::run [ RunTime:0.000859s ]
INFO: ShowRuntime Behavior ::run [ RunTime:0.001617s ]
INFO: [ view_filter ] --END-- [ RunTime:0.004928s ]
INFO: [ view_end ] --START--
INFO: ShowPageTrace Behavior ::run [ RunTime:0.001377s ]
INFO: [ view_end ] --END-- [ RunTime:0.001532s ]

[ 2014-04-02T14:07:58+08:00 ] 0.0.0.0 /dream/admin.php/Public/menu.html
INFO: [ route_check ] --START--
INFO: CheckRoute Behavior ::run [ RunTime:0.001985s ]
INFO: [ route_check ] --END-- [ RunTime:0.002237s ]
INFO: [ app_begin ] --START--
INFO: ReadHtmlCache Behavior ::run [ RunTime:0.001624s ]
INFO: [ app_begin ] --END-- [ RunTime:0.001820s ]
SQL: SHOW COLUMNS FROM `module` [ RunTime:0.044191s ]
SQL: SELECT * FROM `module` ORDER BY id  [ RunTime:0.001348s ]
INFO: [ view_parse ] --START--
NOTIC: [8] Undefined index: channel D:\wamp\www\dream\admin\Runtime\Cache\344adff84fc2b75cfa6026542dd95e8c.php 第 12 行.
NOTIC: [8] Undefined index: channel D:\wamp\www\dream\admin\Runtime\Cache\344adff84fc2b75cfa6026542dd95e8c.php 第 31 行.
NOTIC: [8] Undefined index: channel D:\wamp\www\dream\admin\Runtime\Cache\344adff84fc2b75cfa6026542dd95e8c.php 第 56 行.
NOTIC: [8] Undefined index: channel D:\wamp\www\dream\admin\Runtime\Cache\344adff84fc2b75cfa6026542dd95e8c.php 第 85 行.
NOTIC: [8] Undefined index: channel D:\wamp\www\dream\admin\Runtime\Cache\344adff84fc2b75cfa6026542dd95e8c.php 第 114 行.
INFO: ParseTemplate Behavior ::run [ RunTime:0.037727s ]
INFO: [ view_parse ] --END-- [ RunTime:0.037932s ]
INFO: [ view_filter ] --START--
INFO: ContentReplace Behavior ::run [ RunTime:0.001258s ]
INFO: TokenBuild Behavior ::run [ RunTime:0.001021s ]
INFO: WriteHtmlCache Behavior ::run [ RunTime:0.000873s ]
INFO: ShowRuntime Behavior ::run [ RunTime:0.001226s ]
INFO: [ view_filter ] --END-- [ RunTime:0.004763s ]
INFO: [ view_end ] --START--
INFO: ShowPageTrace Behavior ::run [ RunTime:0.001209s ]
INFO: [ view_end ] --END-- [ RunTime:0.001336s ]

[ 2014-04-02T14:08:01+08:00 ] 0.0.0.0 /dream/admin.php/Public/menu/channel/3
INFO: [ route_check ] --START--
INFO: CheckRoute Behavior ::run [ RunTime:0.001155s ]
INFO: [ route_check ] --END-- [ RunTime:0.001313s ]
INFO: [ app_begin ] --START--
INFO: ReadHtmlCache Behavior ::run [ RunTime:0.000928s ]
INFO: [ app_begin ] --END-- [ RunTime:0.001055s ]
SQL: SHOW COLUMNS FROM `module` [ RunTime:0.005937s ]
SQL: SELECT * FROM `module` ORDER BY id  [ RunTime:0.000453s ]
INFO: [ view_parse ] --START--
INFO: ParseTemplate Behavior ::run [ RunTime:0.012824s ]
INFO: [ view_parse ] --END-- [ RunTime:0.013015s ]
INFO: [ view_filter ] --START--
INFO: ContentReplace Behavior ::run [ RunTime:0.000839s ]
INFO: TokenBuild Behavior ::run [ RunTime:0.000839s ]
INFO: WriteHtmlCache Behavior ::run [ RunTime:0.000687s ]
INFO: ShowRuntime Behavior ::run [ RunTime:0.000922s ]
INFO: [ view_filter ] --END-- [ RunTime:0.003634s ]
INFO: [ view_end ] --START--
INFO: ShowPageTrace Behavior ::run [ RunTime:0.000975s ]
INFO: [ view_end ] --END-- [ RunTime:0.001099s ]

[ 2014-04-02T14:08:02+08:00 ] 0.0.0.0 /dream/admin.php/Produce/index
INFO: [ route_check ] --START--
INFO: CheckRoute Behavior ::run [ RunTime:0.001162s ]
INFO: [ route_check ] --END-- [ RunTime:0.001309s ]
INFO: [ app_begin ] --START--
INFO: ReadHtmlCache Behavior ::run [ RunTime:0.001022s ]
INFO: [ app_begin ] --END-- [ RunTime:0.001162s ]
SQL: SHOW COLUMNS FROM `produce` [ RunTime:0.007159s ]
SQL: SELECT * FROM `produce` ORDER BY id  [ RunTime:0.000610s ]
SQL: SHOW COLUMNS FROM `category` [ RunTime:0.006022s ]
SQL: SELECT * FROM `category` WHERE ( 1=1 AND id='5' ) LIMIT 1   [ RunTime:0.014393s ]
SQL: SELECT * FROM `category` WHERE ( 1=1 AND id='4' ) LIMIT 1   [ RunTime:0.000318s ]
SQL: SELECT * FROM `category` WHERE ( 1=1 AND id='13' ) LIMIT 1   [ RunTime:0.000318s ]
SQL: SELECT * FROM `category` WHERE ( 1=1 AND id='13' ) LIMIT 1   [ RunTime:0.000314s ]
SQL: SELECT * FROM `category` WHERE ( 1=1 AND id='7' ) LIMIT 1   [ RunTime:0.000362s ]
SQL: SELECT * FROM `category` WHERE ( 1=1 AND id='4' ) LIMIT 1   [ RunTime:0.000387s ]
SQL: SELECT * FROM `category` WHERE ( 1=1 AND id='4' ) LIMIT 1   [ RunTime:0.000440s ]
SQL: SELECT * FROM `category` WHERE ( 1=1 AND id='4' ) LIMIT 1   [ RunTime:0.000385s ]
SQL: SELECT * FROM `category` WHERE ( 1=1 AND id='4' ) LIMIT 1   [ RunTime:0.000384s ]
SQL: SELECT * FROM `category` WHERE ( 1=1 AND id='4' ) LIMIT 1   [ RunTime:0.000380s ]
INFO: [ view_parse ] --START--
NOTIC: [8] Undefined variable: page D:\wamp\www\dream\admin\Runtime\Cache\21acc93ad0cf25a87809727a7f91f73b.php 第 91 行.
INFO: ParseTemplate Behavior ::run [ RunTime:0.058997s ]
INFO: [ view_parse ] --END-- [ RunTime:0.059184s ]
INFO: [ view_filter ] --START--
INFO: ContentReplace Behavior ::run [ RunTime:0.001257s ]
INFO: TokenBuild Behavior ::run [ RunTime:0.001127s ]
INFO: WriteHtmlCache Behavior ::run [ RunTime:0.000853s ]
INFO: ShowRuntime Behavior ::run [ RunTime:0.001168s ]
INFO: [ view_filter ] --END-- [ RunTime:0.004944s ]
INFO: [ view_end ] --START--
INFO: ShowPageTrace Behavior ::run [ RunTime:0.001253s ]
INFO: [ view_end ] --END-- [ RunTime:0.001415s ]

[ 2014-04-02T14:08:04+08:00 ] 0.0.0.0 /dream/admin.php/Produce/edit/id/8
INFO: [ route_check ] --START--
INFO: CheckRoute Behavior ::run [ RunTime:0.001051s ]
INFO: [ route_check ] --END-- [ RunTime:0.001197s ]
INFO: [ app_begin ] --START--
INFO: ReadHtmlCache Behavior ::run [ RunTime:0.001476s ]
INFO: [ app_begin ] --END-- [ RunTime:0.001732s ]
SQL: SHOW COLUMNS FROM `produce` [ RunTime:0.006353s ]
SQL: SELECT * FROM `produce` WHERE ( id=8 ) LIMIT 1   [ RunTime:0.000374s ]
SQL: SHOW COLUMNS FROM `category` [ RunTime:0.005180s ]
SQL: SELECT * FROM `category` WHERE ( id=7 ) LIMIT 1   [ RunTime:0.000353s ]
SQL: SHOW COLUMNS FROM `category` [ RunTime:0.004018s ]
NOTIC: [8] Undefined variable: mlist D:\wamp\www\dream\admin\Lib\Action\ProduceAction.class.php 第 53 行.
INFO: [ view_parse ] --START--
INFO: ParseTemplate Behavior ::run [ RunTime:0.025625s ]
INFO: [ view_parse ] --END-- [ RunTime:0.025778s ]
INFO: [ view_filter ] --START--
INFO: ContentReplace Behavior ::run [ RunTime:0.000830s ]
INFO: TokenBuild Behavior ::run [ RunTime:0.000775s ]
INFO: WriteHtmlCache Behavior ::run [ RunTime:0.000670s ]
INFO: ShowRuntime Behavior ::run [ RunTime:0.000900s ]
INFO: [ view_filter ] --END-- [ RunTime:0.003550s ]
INFO: [ view_end ] --START--
INFO: ShowPageTrace Behavior ::run [ RunTime:0.000917s ]
INFO: [ view_end ] --END-- [ RunTime:0.001038s ]

[ 2014-04-02T14:08:08+08:00 ] 0.0.0.0 /dream/admin.php/Produce/doAdd
INFO: [ route_check ] --START--
INFO: CheckRoute Behavior ::run [ RunTime:0.001319s ]
INFO: [ route_check ] --END-- [ RunTime:0.001473s ]
INFO: [ app_begin ] --START--
INFO: ReadHtmlCache Behavior ::run [ RunTime:0.001308s ]
INFO: [ app_begin ] --END-- [ RunTime:0.001455s ]
SQL: SHOW COLUMNS FROM `produce` [ RunTime:0.006302s ]
INFO: [ view_parse ] --START--
INFO: ParseTemplate Behavior ::run [ RunTime:0.030814s ]
INFO: [ view_parse ] --END-- [ RunTime:0.030986s ]
INFO: [ view_filter ] --START--
INFO: ContentReplace Behavior ::run [ RunTime:0.001044s ]
INFO: TokenBuild Behavior ::run [ RunTime:0.001045s ]
INFO: WriteHtmlCache Behavior ::run [ RunTime:0.000879s ]
INFO: ShowRuntime Behavior ::run [ RunTime:0.001124s ]
INFO: [ view_filter ] --END-- [ RunTime:0.004430s ]
INFO: [ view_end ] --START--
INFO: ShowPageTrace Behavior ::run [ RunTime:0.001798s ]
INFO: [ view_end ] --END-- [ RunTime:0.001983s ]

[ 2014-04-02T14:08:13+08:00 ] 0.0.0.0 /dream/admin.php/Produce/index
INFO: [ route_check ] --START--
INFO: CheckRoute Behavior ::run [ RunTime:0.002686s ]
INFO: [ route_check ] --END-- [ RunTime:0.002985s ]
INFO: [ app_begin ] --START--
INFO: ReadHtmlCache Behavior ::run [ RunTime:0.002174s ]
INFO: [ app_begin ] --END-- [ RunTime:0.002501s ]
SQL: SHOW COLUMNS FROM `produce` [ RunTime:0.006647s ]
SQL: SELECT * FROM `produce` ORDER BY id  [ RunTime:0.000513s ]
SQL: SHOW COLUMNS FROM `category` [ RunTime:0.005215s ]
SQL: SELECT * FROM `category` WHERE ( 1=1 AND id='5' ) LIMIT 1   [ RunTime:0.000359s ]
SQL: SELECT * FROM `category` WHERE ( 1=1 AND id='4' ) LIMIT 1   [ RunTime:0.000263s ]
SQL: SELECT * FROM `category` WHERE ( 1=1 AND id='13' ) LIMIT 1   [ RunTime:0.000243s ]
SQL: SELECT * FROM `category` WHERE ( 1=1 AND id='13' ) LIMIT 1   [ RunTime:0.000247s ]
SQL: SELECT * FROM `category` WHERE ( 1=1 AND id='7' ) LIMIT 1   [ RunTime:0.000248s ]
SQL: SELECT * FROM `category` WHERE ( 1=1 AND id='4' ) LIMIT 1   [ RunTime:0.000244s ]
SQL: SELECT * FROM `category` WHERE ( 1=1 AND id='4' ) LIMIT 1   [ RunTime:0.000238s ]
SQL: SELECT * FROM `category` WHERE ( 1=1 AND id='4' ) LIMIT 1   [ RunTime:0.000283s ]
SQL: SELECT * FROM `category` WHERE ( 1=1 AND id='4' ) LIMIT 1   [ RunTime:0.000266s ]
SQL: SELECT * FROM `category` WHERE ( 1=1 AND id='4' ) LIMIT 1   [ RunTime:0.000239s ]
INFO: [ view_parse ] --START--
NOTIC: [8] Undefined variable: page D:\wamp\www\dream\admin\Runtime\Cache\21acc93ad0cf25a87809727a7f91f73b.php 第 91 行.
INFO: ParseTemplate Behavior ::run [ RunTime:0.012108s ]
INFO: [ view_parse ] --END-- [ RunTime:0.012320s ]
INFO: [ view_filter ] --START--
INFO: ContentReplace Behavior ::run [ RunTime:0.001340s ]
INFO: TokenBuild Behavior ::run [ RunTime:0.001024s ]
INFO: WriteHtmlCache Behavior ::run [ RunTime:0.000820s ]
INFO: ShowRuntime Behavior ::run [ RunTime:0.001086s ]
INFO: [ view_filter ] --END-- [ RunTime:0.004676s ]
INFO: [ view_end ] --START--
INFO: ShowPageTrace Behavior ::run [ RunTime:0.001152s ]
INFO: [ view_end ] --END-- [ RunTime:0.001275s ]

[ 2014-04-02T14:08:16+08:00 ] 0.0.0.0 /dream/admin.php/Public/menu/channel/4
INFO: [ route_check ] --START--
INFO: CheckRoute Behavior ::run [ RunTime:0.001263s ]
INFO: [ route_check ] --END-- [ RunTime:0.001411s ]
INFO: [ app_begin ] --START--
INFO: ReadHtmlCache Behavior ::run [ RunTime:0.001068s ]
INFO: [ app_begin ] --END-- [ RunTime:0.001193s ]
SQL: SHOW COLUMNS FROM `module` [ RunTime:0.006171s ]
SQL: SELECT * FROM `module` ORDER BY id  [ RunTime:0.000437s ]
INFO: [ view_parse ] --START--
INFO: ParseTemplate Behavior ::run [ RunTime:0.013971s ]
INFO: [ view_parse ] --END-- [ RunTime:0.014122s ]
INFO: [ view_filter ] --START--
INFO: ContentReplace Behavior ::run [ RunTime:0.000977s ]
INFO: TokenBuild Behavior ::run [ RunTime:0.000982s ]
INFO: WriteHtmlCache Behavior ::run [ RunTime:0.000894s ]
INFO: ShowRuntime Behavior ::run [ RunTime:0.001180s ]
INFO: [ view_filter ] --END-- [ RunTime:0.004377s ]
INFO: [ view_end ] --START--
INFO: ShowPageTrace Behavior ::run [ RunTime:0.001168s ]
INFO: [ view_end ] --END-- [ RunTime:0.001299s ]

[ 2014-04-02T14:08:17+08:00 ] 0.0.0.0 /dream/admin.php/Public/menu/channel/4
INFO: [ route_check ] --START--
INFO: CheckRoute Behavior ::run [ RunTime:0.001309s ]
INFO: [ route_check ] --END-- [ RunTime:0.001473s ]
INFO: [ app_begin ] --START--
INFO: ReadHtmlCache Behavior ::run [ RunTime:0.001222s ]
INFO: [ app_begin ] --END-- [ RunTime:0.001367s ]
SQL: SHOW COLUMNS FROM `module` [ RunTime:0.006336s ]
SQL: SELECT * FROM `module` ORDER BY id  [ RunTime:0.000463s ]
INFO: [ view_parse ] --START--
INFO: ParseTemplate Behavior ::run [ RunTime:0.013768s ]
INFO: [ view_parse ] --END-- [ RunTime:0.013920s ]
INFO: [ view_filter ] --START--
INFO: ContentReplace Behavior ::run [ RunTime:0.001001s ]
INFO: TokenBuild Behavior ::run [ RunTime:0.000993s ]
INFO: WriteHtmlCache Behavior ::run [ RunTime:0.000847s ]
INFO: ShowRuntime Behavior ::run [ RunTime:0.001068s ]
INFO: [ view_filter ] --END-- [ RunTime:0.004273s ]
INFO: [ view_end ] --START--
INFO: ShowPageTrace Behavior ::run [ RunTime:0.001127s ]
INFO: [ view_end ] --END-- [ RunTime:0.001249s ]

[ 2014-04-02T14:08:19+08:00 ] 0.0.0.0 /dream/admin.php/Article/index
INFO: [ route_check ] --START--
INFO: CheckRoute Behavior ::run [ RunTime:0.001379s ]
INFO: [ route_check ] --END-- [ RunTime:0.001533s ]
INFO: [ app_begin ] --START--
INFO: ReadHtmlCache Behavior ::run [ RunTime:0.001190s ]
INFO: [ app_begin ] --END-- [ RunTime:0.001338s ]
SQL: SHOW COLUMNS FROM `article` [ RunTime:0.006749s ]
SQL: SELECT * FROM `article` ORDER BY id  [ RunTime:0.000466s ]
SQL: SHOW COLUMNS FROM `category` [ RunTime:0.005641s ]
SQL: SELECT * FROM `category` WHERE ( 1=1 AND id='1' ) LIMIT 1   [ RunTime:0.000375s ]
SQL: SELECT * FROM `category` WHERE ( 1=1 AND id='1' ) LIMIT 1   [ RunTime:0.000252s ]
SQL: SELECT * FROM `category` WHERE ( 1=1 AND id='26' ) LIMIT 1   [ RunTime:0.000244s ]
SQL: SELECT * FROM `category` WHERE ( 1=1 AND id='1' ) LIMIT 1   [ RunTime:0.000239s ]
SQL: SELECT * FROM `category` WHERE ( 1=1 AND id='1' ) LIMIT 1   [ RunTime:0.000252s ]
SQL: SELECT * FROM `category` WHERE ( 1=1 AND id='10' ) LIMIT 1   [ RunTime:0.000238s ]
INFO: [ view_parse ] --START--
NOTIC: [8] Undefined variable: page D:\wamp\www\dream\admin\Runtime\Cache\6a0fa1355e20b485f823227ab394fc93.php 第 92 行.
INFO: ParseTemplate Behavior ::run [ RunTime:0.037230s ]
INFO: [ view_parse ] --END-- [ RunTime:0.037371s ]
INFO: [ view_filter ] --START--
INFO: ContentReplace Behavior ::run [ RunTime:0.001008s ]
INFO: TokenBuild Behavior ::run [ RunTime:0.000972s ]
INFO: WriteHtmlCache Behavior ::run [ RunTime:0.000827s ]
INFO: ShowRuntime Behavior ::run [ RunTime:0.001075s ]
INFO: [ view_filter ] --END-- [ RunTime:0.004221s ]
INFO: [ view_end ] --START--
INFO: ShowPageTrace Behavior ::run [ RunTime:0.001097s ]
INFO: [ view_end ] --END-- [ RunTime:0.001219s ]

[ 2014-04-02T14:08:21+08:00 ] 0.0.0.0 /dream/admin.php/Article/edit/id/12
INFO: [ route_check ] --START--
INFO: CheckRoute Behavior ::run [ RunTime:0.001292s ]
INFO: [ route_check ] --END-- [ RunTime:0.001440s ]
INFO: [ app_begin ] --START--
INFO: ReadHtmlCache Behavior ::run [ RunTime:0.001217s ]
INFO: [ app_begin ] --END-- [ RunTime:0.001371s ]
SQL: SHOW COLUMNS FROM `article` [ RunTime:0.005873s ]
SQL: SELECT `cid` FROM `article` WHERE ( id=12 ) LIMIT 1   [ RunTime:0.000295s ]
SQL: SHOW COLUMNS FROM `category` [ RunTime:0.005031s ]
SQL: SELECT `moduleid` FROM `category` WHERE ( id=26 ) LIMIT 1   [ RunTime:0.000290s ]
SQL: SELECT * FROM `category` WHERE ( moduleid =2 )  [ RunTime:0.000350s ]
SQL: SHOW COLUMNS FROM `article` [ RunTime:0.003810s ]
SQL: SELECT * FROM `article` WHERE ( id=12 ) LIMIT 1   [ RunTime:0.000335s ]
SQL: SHOW COLUMNS FROM `category` [ RunTime:0.003697s ]
SQL: SELECT * FROM `category` WHERE ( 1=1 AND id='26' ) LIMIT 1   [ RunTime:0.000374s ]
INFO: [ view_parse ] --START--
NOTIC: [8] Use of undefined constant img - assumed 'img' D:\wamp\www\dream\admin\Runtime\Cache\4c7fd10fa1d942b33dfdf820618c379f.php 第 66 行.
NOTIC: [8] Array to string conversion D:\wamp\www\dream\admin\Runtime\Cache\4c7fd10fa1d942b33dfdf820618c379f.php 第 66 行.
NOTIC: [8] Undefined index: form D:\wamp\www\dream\admin\Runtime\Cache\4c7fd10fa1d942b33dfdf820618c379f.php 第 79 行.
INFO: ParseTemplate Behavior ::run [ RunTime:0.033640s ]
INFO: [ view_parse ] --END-- [ RunTime:0.033839s ]
INFO: [ view_filter ] --START--
INFO: ContentReplace Behavior ::run [ RunTime:0.001630s ]
INFO: TokenBuild Behavior ::run [ RunTime:0.001644s ]
INFO: WriteHtmlCache Behavior ::run [ RunTime:0.001038s ]
INFO: ShowRuntime Behavior ::run [ RunTime:0.001122s ]
INFO: [ view_filter ] --END-- [ RunTime:0.005981s ]
INFO: [ view_end ] --START--
INFO: ShowPageTrace Behavior ::run [ RunTime:0.001141s ]
INFO: [ view_end ] --END-- [ RunTime:0.001265s ]

[ 2014-04-02T14:08:25+08:00 ] 0.0.0.0 /dream/admin.php/Article/doEdit
INFO: [ route_check ] --START--
INFO: CheckRoute Behavior ::run [ RunTime:0.002044s ]
INFO: [ route_check ] --END-- [ RunTime:0.002313s ]
INFO: [ app_begin ] --START--
INFO: ReadHtmlCache Behavior ::run [ RunTime:0.001364s ]
INFO: [ app_begin ] --END-- [ RunTime:0.001567s ]
SQL: SHOW COLUMNS FROM `article` [ RunTime:0.007600s ]
SQL: UPDATE `article` SET `cid`=26,`title`='测试栏目9789545454',`content`='测试栏目测试栏目测试栏目测试栏目测试栏目测试栏目测试栏目测试栏目测试栏目测试栏目测试栏目测试栏目蝇营狗苟',`from`='',`author`='管理员',`addtime`='2013-07-25 00:00:00' WHERE ( `id` = 12 ) [ RunTime:0.000478s ]
INFO: [ view_parse ] --START--
INFO: ParseTemplate Behavior ::run [ RunTime:0.014347s ]
INFO: [ view_parse ] --END-- [ RunTime:0.014602s ]
INFO: [ view_filter ] --START--
INFO: ContentReplace Behavior ::run [ RunTime:0.001467s ]
INFO: TokenBuild Behavior ::run [ RunTime:0.001507s ]
INFO: WriteHtmlCache Behavior ::run [ RunTime:0.001408s ]
INFO: ShowRuntime Behavior ::run [ RunTime:0.001377s ]
INFO: [ view_filter ] --END-- [ RunTime:0.006373s ]
INFO: [ view_end ] --START--
INFO: ShowPageTrace Behavior ::run [ RunTime:0.001225s ]
INFO: [ view_end ] --END-- [ RunTime:0.001357s ]

[ 2014-04-02T14:08:26+08:00 ] 0.0.0.0 /dream/admin.php/Article/index
INFO: [ route_check ] --START--
INFO: CheckRoute Behavior ::run [ RunTime:0.001891s ]
INFO: [ route_check ] --END-- [ RunTime:0.002171s ]
INFO: [ app_begin ] --START--
INFO: ReadHtmlCache Behavior ::run [ RunTime:0.001302s ]
INFO: [ app_begin ] --END-- [ RunTime:0.001452s ]
SQL: SHOW COLUMNS FROM `article` [ RunTime:0.006785s ]
SQL: SELECT * FROM `article` ORDER BY id  [ RunTime:0.000445s ]
SQL: SHOW COLUMNS FROM `category` [ RunTime:0.005285s ]
SQL: SELECT * FROM `category` WHERE ( 1=1 AND id='1' ) LIMIT 1   [ RunTime:0.000386s ]
SQL: SELECT * FROM `category` WHERE ( 1=1 AND id='1' ) LIMIT 1   [ RunTime:0.000402s ]
SQL: SELECT * FROM `category` WHERE ( 1=1 AND id='26' ) LIMIT 1   [ RunTime:0.000303s ]
SQL: SELECT * FROM `category` WHERE ( 1=1 AND id='1' ) LIMIT 1   [ RunTime:0.000246s ]
SQL: SELECT * FROM `category` WHERE ( 1=1 AND id='1' ) LIMIT 1   [ RunTime:0.000252s ]
SQL: SELECT * FROM `category` WHERE ( 1=1 AND id='10' ) LIMIT 1   [ RunTime:0.000245s ]
INFO: [ view_parse ] --START--
NOTIC: [8] Undefined variable: page D:\wamp\www\dream\admin\Runtime\Cache\6a0fa1355e20b485f823227ab394fc93.php 第 92 行.
INFO: ParseTemplate Behavior ::run [ RunTime:0.011552s ]
INFO: [ view_parse ] --END-- [ RunTime:0.011686s ]
INFO: [ view_filter ] --START--
INFO: ContentReplace Behavior ::run [ RunTime:0.001043s ]
INFO: TokenBuild Behavior ::run [ RunTime:0.000980s ]
INFO: WriteHtmlCache Behavior ::run [ RunTime:0.000829s ]
INFO: ShowRuntime Behavior ::run [ RunTime:0.001084s ]
INFO: [ view_filter ] --END-- [ RunTime:0.004275s ]
INFO: [ view_end ] --START--
INFO: ShowPageTrace Behavior ::run [ RunTime:0.001147s ]
INFO: [ view_end ] --END-- [ RunTime:0.001269s ]

[ 2014-04-02T14:08:28+08:00 ] 0.0.0.0 /dream/admin.php/Article/add
INFO: [ route_check ] --START--
INFO: CheckRoute Behavior ::run [ RunTime:0.001290s ]
INFO: [ route_check ] --END-- [ RunTime:0.001445s ]
INFO: [ app_begin ] --START--
INFO: ReadHtmlCache Behavior ::run [ RunTime:0.001545s ]
INFO: [ app_begin ] --END-- [ RunTime:0.001722s ]
NOTIC: [8] Undefined offset: 0 D:\wamp\www\dream\admin\Lib\ORG\Category.class.php 第 34 行.
NOTIC: [8] Undefined offset: 1 D:\wamp\www\dream\admin\Lib\ORG\Category.class.php 第 35 行.
NOTIC: [8] Undefined offset: 2 D:\wamp\www\dream\admin\Lib\ORG\Category.class.php 第 36 行.
NOTIC: [8] Undefined offset: 3 D:\wamp\www\dream\admin\Lib\ORG\Category.class.php 第 37 行.

[ 2014-04-02T14:08:28+08:00 ] 0.0.0.0 /dream/admin.php/Article/index.html
INFO: [ route_check ] --START--
INFO: CheckRoute Behavior ::run [ RunTime:0.001310s ]
INFO: [ route_check ] --END-- [ RunTime:0.001459s ]
INFO: [ app_begin ] --START--
INFO: ReadHtmlCache Behavior ::run [ RunTime:0.001075s ]
INFO: [ app_begin ] --END-- [ RunTime:0.001201s ]
SQL: SHOW COLUMNS FROM `article` [ RunTime:0.006141s ]
SQL: SELECT * FROM `article` ORDER BY id  [ RunTime:0.000403s ]
SQL: SHOW COLUMNS FROM `category` [ RunTime:0.004991s ]
SQL: SELECT * FROM `category` WHERE ( 1=1 AND id='1' ) LIMIT 1   [ RunTime:0.000392s ]
SQL: SELECT * FROM `category` WHERE ( 1=1 AND id='1' ) LIMIT 1   [ RunTime:0.000274s ]
SQL: SELECT * FROM `category` WHERE ( 1=1 AND id='26' ) LIMIT 1   [ RunTime:0.000282s ]
SQL: SELECT * FROM `category` WHERE ( 1=1 AND id='1' ) LIMIT 1   [ RunTime:0.000280s ]
SQL: SELECT * FROM `category` WHERE ( 1=1 AND id='1' ) LIMIT 1   [ RunTime:0.000277s ]
SQL: SELECT * FROM `category` WHERE ( 1=1 AND id='10' ) LIMIT 1   [ RunTime:0.000277s ]
INFO: [ view_parse ] --START--
NOTIC: [8] Undefined variable: page D:\wamp\www\dream\admin\Runtime\Cache\6a0fa1355e20b485f823227ab394fc93.php 第 92 行.
INFO: ParseTemplate Behavior ::run [ RunTime:0.012081s ]
INFO: [ view_parse ] --END-- [ RunTime:0.012217s ]
INFO: [ view_filter ] --START--
INFO: ContentReplace Behavior ::run [ RunTime:0.001052s ]
INFO: TokenBuild Behavior ::run [ RunTime:0.000994s ]
INFO: WriteHtmlCache Behavior ::run [ RunTime:0.000825s ]
INFO: ShowRuntime Behavior ::run [ RunTime:0.001069s ]
INFO: [ view_filter ] --END-- [ RunTime:0.004278s ]
INFO: [ view_end ] --START--
INFO: ShowPageTrace Behavior ::run [ RunTime:0.001142s ]
INFO: [ view_end ] --END-- [ RunTime:0.001266s ]

[ 2014-04-02T14:08:30+08:00 ] 0.0.0.0 /dream/admin.php/Article/add
INFO: [ route_check ] --START--
INFO: CheckRoute Behavior ::run [ RunTime:0.001274s ]
INFO: [ route_check ] --END-- [ RunTime:0.001433s ]
INFO: [ app_begin ] --START--
INFO: ReadHtmlCache Behavior ::run [ RunTime:0.001417s ]
INFO: [ app_begin ] --END-- [ RunTime:0.001621s ]
NOTIC: [8] Undefined offset: 0 D:\wamp\www\dream\admin\Lib\ORG\Category.class.php 第 34 行.
NOTIC: [8] Undefined offset: 1 D:\wamp\www\dream\admin\Lib\ORG\Category.class.php 第 35 行.
NOTIC: [8] Undefined offset: 2 D:\wamp\www\dream\admin\Lib\ORG\Category.class.php 第 36 行.
NOTIC: [8] Undefined offset: 3 D:\wamp\www\dream\admin\Lib\ORG\Category.class.php 第 37 行.

[ 2014-04-02T14:08:30+08:00 ] 0.0.0.0 /dream/admin.php/Article/index.html
INFO: [ route_check ] --START--
INFO: CheckRoute Behavior ::run [ RunTime:0.001332s ]
INFO: [ route_check ] --END-- [ RunTime:0.001491s ]
INFO: [ app_begin ] --START--
INFO: ReadHtmlCache Behavior ::run [ RunTime:0.001081s ]
INFO: [ app_begin ] --END-- [ RunTime:0.001206s ]
SQL: SHOW COLUMNS FROM `article` [ RunTime:0.005948s ]
SQL: SELECT * FROM `article` ORDER BY id  [ RunTime:0.000427s ]
SQL: SHOW COLUMNS FROM `category` [ RunTime:0.005139s ]
SQL: SELECT * FROM `category` WHERE ( 1=1 AND id='1' ) LIMIT 1   [ RunTime:0.000367s ]
SQL: SELECT * FROM `category` WHERE ( 1=1 AND id='1' ) LIMIT 1   [ RunTime:0.000287s ]
SQL: SELECT * FROM `category` WHERE ( 1=1 AND id='26' ) LIMIT 1   [ RunTime:0.000287s ]
SQL: SELECT * FROM `category` WHERE ( 1=1 AND id='1' ) LIMIT 1   [ RunTime:0.000281s ]
SQL: SELECT * FROM `category` WHERE ( 1=1 AND id='1' ) LIMIT 1   [ RunTime:0.000248s ]
SQL: SELECT * FROM `category` WHERE ( 1=1 AND id='10' ) LIMIT 1   [ RunTime:0.000240s ]
INFO: [ view_parse ] --START--
NOTIC: [8] Undefined variable: page D:\wamp\www\dream\admin\Runtime\Cache\6a0fa1355e20b485f823227ab394fc93.php 第 92 行.
INFO: ParseTemplate Behavior ::run [ RunTime:0.011579s ]
INFO: [ view_parse ] --END-- [ RunTime:0.011715s ]
INFO: [ view_filter ] --START--
INFO: ContentReplace Behavior ::run [ RunTime:0.001057s ]
INFO: TokenBuild Behavior ::run [ RunTime:0.001279s ]
INFO: WriteHtmlCache Behavior ::run [ RunTime:0.000920s ]
INFO: ShowRuntime Behavior ::run [ RunTime:0.001104s ]
INFO: [ view_filter ] --END-- [ RunTime:0.004738s ]
INFO: [ view_end ] --START--
INFO: ShowPageTrace Behavior ::run [ RunTime:0.001144s ]
INFO: [ view_end ] --END-- [ RunTime:0.001269s ]

[ 2014-04-02T14:08:31+08:00 ] 0.0.0.0 /dream/admin.php/Article/index
INFO: [ route_check ] --START--
INFO: CheckRoute Behavior ::run [ RunTime:0.001547s ]
INFO: [ route_check ] --END-- [ RunTime:0.001748s ]
INFO: [ app_begin ] --START--
INFO: ReadHtmlCache Behavior ::run [ RunTime:0.001457s ]
INFO: [ app_begin ] --END-- [ RunTime:0.001629s ]
SQL: SHOW COLUMNS FROM `article` [ RunTime:0.006209s ]
SQL: SELECT * FROM `article` ORDER BY id  [ RunTime:0.000444s ]
SQL: SHOW COLUMNS FROM `category` [ RunTime:0.005796s ]
SQL: SELECT * FROM `category` WHERE ( 1=1 AND id='1' ) LIMIT 1   [ RunTime:0.000427s ]
SQL: SELECT * FROM `category` WHERE ( 1=1 AND id='1' ) LIMIT 1   [ RunTime:0.000356s ]
SQL: SELECT * FROM `category` WHERE ( 1=1 AND id='26' ) LIMIT 1   [ RunTime:0.000339s ]
SQL: SELECT * FROM `category` WHERE ( 1=1 AND id='1' ) LIMIT 1   [ RunTime:0.000344s ]
SQL: SELECT * FROM `category` WHERE ( 1=1 AND id='1' ) LIMIT 1   [ RunTime:0.000331s ]
SQL: SELECT * FROM `category` WHERE ( 1=1 AND id='10' ) LIMIT 1   [ RunTime:0.000338s ]
INFO: [ view_parse ] --START--
NOTIC: [8] Undefined variable: page D:\wamp\www\dream\admin\Runtime\Cache\6a0fa1355e20b485f823227ab394fc93.php 第 92 行.
INFO: ParseTemplate Behavior ::run [ RunTime:0.015418s ]
INFO: [ view_parse ] --END-- [ RunTime:0.015564s ]
INFO: [ view_filter ] --START--
INFO: ContentReplace Behavior ::run [ RunTime:0.001084s ]
INFO: TokenBuild Behavior ::run [ RunTime:0.001029s ]
INFO: WriteHtmlCache Behavior ::run [ RunTime:0.000824s ]
INFO: ShowRuntime Behavior ::run [ RunTime:0.001100s ]
INFO: [ view_filter ] --END-- [ RunTime:0.004388s ]
INFO: [ view_end ] --START--
INFO: ShowPageTrace Behavior ::run [ RunTime:0.001220s ]
INFO: [ view_end ] --END-- [ RunTime:0.001344s ]

[ 2014-04-02T14:08:35+08:00 ] 0.0.0.0 /dream/admin.php/Article/edit/id/63
INFO: [ route_check ] --START--
INFO: CheckRoute Behavior ::run [ RunTime:0.001213s ]
INFO: [ route_check ] --END-- [ RunTime:0.001357s ]
INFO: [ app_begin ] --START--
INFO: ReadHtmlCache Behavior ::run [ RunTime:0.001161s ]
INFO: [ app_begin ] --END-- [ RunTime:0.001310s ]
SQL: SHOW COLUMNS FROM `article` [ RunTime:0.005836s ]
SQL: SELECT `cid` FROM `article` WHERE ( id=63 ) LIMIT 1   [ RunTime:0.000304s ]
SQL: SHOW COLUMNS FROM `category` [ RunTime:0.004839s ]
SQL: SELECT `moduleid` FROM `category` WHERE ( id=10 ) LIMIT 1   [ RunTime:0.000282s ]
SQL: SELECT * FROM `category` WHERE ( moduleid =2 )  [ RunTime:0.000349s ]
SQL: SHOW COLUMNS FROM `article` [ RunTime:0.003478s ]
SQL: SELECT * FROM `article` WHERE ( id=63 ) LIMIT 1   [ RunTime:0.000293s ]
SQL: SHOW COLUMNS FROM `category` [ RunTime:0.003925s ]
SQL: SELECT * FROM `category` WHERE ( 1=1 AND id='10' ) LIMIT 1   [ RunTime:0.000385s ]
INFO: [ view_parse ] --START--
NOTIC: [8] Use of undefined constant img - assumed 'img' D:\wamp\www\dream\admin\Runtime\Cache\4c7fd10fa1d942b33dfdf820618c379f.php 第 66 行.
NOTIC: [8] Array to string conversion D:\wamp\www\dream\admin\Runtime\Cache\4c7fd10fa1d942b33dfdf820618c379f.php 第 66 行.
NOTIC: [8] Undefined index: form D:\wamp\www\dream\admin\Runtime\Cache\4c7fd10fa1d942b33dfdf820618c379f.php 第 79 行.
INFO: ParseTemplate Behavior ::run [ RunTime:0.012953s ]
INFO: [ view_parse ] --END-- [ RunTime:0.013117s ]
INFO: [ view_filter ] --START--
INFO: ContentReplace Behavior ::run [ RunTime:0.000998s ]
INFO: TokenBuild Behavior ::run [ RunTime:0.000971s ]
INFO: WriteHtmlCache Behavior ::run [ RunTime:0.000838s ]
INFO: ShowRuntime Behavior ::run [ RunTime:0.001065s ]
INFO: [ view_filter ] --END-- [ RunTime:0.004212s ]
INFO: [ view_end ] --START--
INFO: ShowPageTrace Behavior ::run [ RunTime:0.001095s ]
INFO: [ view_end ] --END-- [ RunTime:0.001217s ]

[ 2014-04-02T14:08:41+08:00 ] 0.0.0.0 /dream/admin.php/Article/doEdit
INFO: [ route_check ] --START--
INFO: CheckRoute Behavior ::run [ RunTime:0.001349s ]
INFO: [ route_check ] --END-- [ RunTime:0.001535s ]
INFO: [ app_begin ] --START--
INFO: ReadHtmlCache Behavior ::run [ RunTime:0.001142s ]
INFO: [ app_begin ] --END-- [ RunTime:0.001299s ]
SQL: SHOW COLUMNS FROM `article` [ RunTime:0.005885s ]
SQL: UPDATE `article` SET `cid`=10,`title`='行业资讯7888',`content`='行业资讯行业资讯行业资讯行业资讯行业资讯行业资讯行业资讯行业资讯行业资讯行业资讯行业资讯行业资讯行业资讯',`from`='',`author`='管理员',`addtime`='2013-09-09 00:00:00' WHERE ( `id` = 63 ) [ RunTime:0.000382s ]
INFO: [ view_parse ] --START--
INFO: ParseTemplate Behavior ::run [ RunTime:0.010260s ]
INFO: [ view_parse ] --END-- [ RunTime:0.010411s ]
INFO: [ view_filter ] --START--
INFO: ContentReplace Behavior ::run [ RunTime:0.000998s ]
INFO: TokenBuild Behavior ::run [ RunTime:0.000992s ]
INFO: WriteHtmlCache Behavior ::run [ RunTime:0.000860s ]
INFO: ShowRuntime Behavior ::run [ RunTime:0.001174s ]
INFO: [ view_filter ] --END-- [ RunTime:0.004393s ]
INFO: [ view_end ] --START--
INFO: ShowPageTrace Behavior ::run [ RunTime:0.001198s ]
INFO: [ view_end ] --END-- [ RunTime:0.001330s ]

[ 2014-04-02T14:08:42+08:00 ] 0.0.0.0 /dream/admin.php/Article/index
INFO: [ route_check ] --START--
INFO: CheckRoute Behavior ::run [ RunTime:0.001734s ]
INFO: [ route_check ] --END-- [ RunTime:0.001905s ]
INFO: [ app_begin ] --START--
INFO: ReadHtmlCache Behavior ::run [ RunTime:0.001251s ]
INFO: [ app_begin ] --END-- [ RunTime:0.001403s ]
SQL: SHOW COLUMNS FROM `article` [ RunTime:0.007270s ]
SQL: SELECT * FROM `article` ORDER BY id  [ RunTime:0.000472s ]
SQL: SHOW COLUMNS FROM `category` [ RunTime:0.005533s ]
SQL: SELECT * FROM `category` WHERE ( 1=1 AND id='1' ) LIMIT 1   [ RunTime:0.000416s ]
SQL: SELECT * FROM `category` WHERE ( 1=1 AND id='1' ) LIMIT 1   [ RunTime:0.000284s ]
SQL: SELECT * FROM `category` WHERE ( 1=1 AND id='26' ) LIMIT 1   [ RunTime:0.000287s ]
SQL: SELECT * FROM `category` WHERE ( 1=1 AND id='1' ) LIMIT 1   [ RunTime:0.000315s ]
SQL: SELECT * FROM `category` WHERE ( 1=1 AND id='1' ) LIMIT 1   [ RunTime:0.000297s ]
SQL: SELECT * FROM `category` WHERE ( 1=1 AND id='10' ) LIMIT 1   [ RunTime:0.000295s ]
INFO: [ view_parse ] --START--
NOTIC: [8] Undefined variable: page D:\wamp\www\dream\admin\Runtime\Cache\6a0fa1355e20b485f823227ab394fc93.php 第 92 行.
INFO: ParseTemplate Behavior ::run [ RunTime:0.012404s ]
INFO: [ view_parse ] --END-- [ RunTime:0.012544s ]
INFO: [ view_filter ] --START--
INFO: ContentReplace Behavior ::run [ RunTime:0.001036s ]
INFO: TokenBuild Behavior ::run [ RunTime:0.001011s ]
INFO: WriteHtmlCache Behavior ::run [ RunTime:0.000828s ]
INFO: ShowRuntime Behavior ::run [ RunTime:0.001070s ]
INFO: [ view_filter ] --END-- [ RunTime:0.004352s ]
INFO: [ view_end ] --START--
INFO: ShowPageTrace Behavior ::run [ RunTime:0.001122s ]
INFO: [ view_end ] --END-- [ RunTime:0.001246s ]

[ 2014-04-02T14:19:57+08:00 ] 0.0.0.0 /dream/admin.php/Article/edit/id/63
INFO: [ route_check ] --START--
INFO: CheckRoute Behavior ::run [ RunTime:0.001503s ]
INFO: [ route_check ] --END-- [ RunTime:0.001646s ]
INFO: [ app_begin ] --START--
INFO: ReadHtmlCache Behavior ::run [ RunTime:0.001292s ]
INFO: [ app_begin ] --END-- [ RunTime:0.001434s ]
SQL: SHOW COLUMNS FROM `article` [ RunTime:0.006138s ]
SQL: SELECT `cid` FROM `article` WHERE ( id=63 ) LIMIT 1   [ RunTime:0.000317s ]
SQL: SHOW COLUMNS FROM `category` [ RunTime:0.006303s ]
SQL: SELECT `moduleid` FROM `category` WHERE ( id=10 ) LIMIT 1   [ RunTime:0.000287s ]
SQL: SELECT * FROM `category` WHERE ( moduleid =2 )  [ RunTime:0.000352s ]
SQL: SHOW COLUMNS FROM `article` [ RunTime:0.003828s ]
SQL: SELECT * FROM `article` WHERE ( id=63 ) LIMIT 1   [ RunTime:0.000304s ]
SQL: SHOW COLUMNS FROM `category` [ RunTime:0.003694s ]
SQL: SELECT * FROM `category` WHERE ( 1=1 AND id='10' ) LIMIT 1   [ RunTime:0.000337s ]
INFO: [ view_parse ] --START--
NOTIC: [8] Use of undefined constant img - assumed 'img' D:\wamp\www\dream\admin\Runtime\Cache\4c7fd10fa1d942b33dfdf820618c379f.php 第 66 行.
NOTIC: [8] Array to string conversion D:\wamp\www\dream\admin\Runtime\Cache\4c7fd10fa1d942b33dfdf820618c379f.php 第 66 行.
NOTIC: [8] Undefined index: form D:\wamp\www\dream\admin\Runtime\Cache\4c7fd10fa1d942b33dfdf820618c379f.php 第 79 行.
INFO: ParseTemplate Behavior ::run [ RunTime:0.019321s ]
INFO: [ view_parse ] --END-- [ RunTime:0.019464s ]
INFO: [ view_filter ] --START--
INFO: ContentReplace Behavior ::run [ RunTime:0.001145s ]
INFO: TokenBuild Behavior ::run [ RunTime:0.001169s ]
INFO: WriteHtmlCache Behavior ::run [ RunTime:0.000965s ]
INFO: ShowRuntime Behavior ::run [ RunTime:0.001552s ]
INFO: [ view_filter ] --END-- [ RunTime:0.005176s ]
INFO: [ view_end ] --START--
INFO: ShowPageTrace Behavior ::run [ RunTime:0.001271s ]
INFO: [ view_end ] --END-- [ RunTime:0.001397s ]

[ 2014-04-02T14:20:06+08:00 ] 0.0.0.0 /dream/admin.php/Article/doEdit
INFO: [ route_check ] --START--
INFO: CheckRoute Behavior ::run [ RunTime:0.001703s ]
INFO: [ route_check ] --END-- [ RunTime:0.001923s ]
INFO: [ app_begin ] --START--
INFO: ReadHtmlCache Behavior ::run [ RunTime:0.001716s ]
INFO: [ app_begin ] --END-- [ RunTime:0.001960s ]
SQL: SHOW COLUMNS FROM `article` [ RunTime:0.006387s ]
SQL: UPDATE `article` SET `cid`=10,`title`='行业资讯7888开始',`content`='行业资讯行业资讯行业资讯行业资讯行业资讯行业资讯行业资讯行业资讯行业资讯行业资讯行业资讯行业资讯行业资讯',`from`='',`author`='管理员',`addtime`='2013-09-09 00:00:00' WHERE ( `id` = 63 ) [ RunTime:0.000438s ]
INFO: [ view_parse ] --START--
INFO: ParseTemplate Behavior ::run [ RunTime:0.011129s ]
INFO: [ view_parse ] --END-- [ RunTime:0.011286s ]
INFO: [ view_filter ] --START--
INFO: ContentReplace Behavior ::run [ RunTime:0.001239s ]
INFO: TokenBuild Behavior ::run [ RunTime:0.001259s ]
INFO: WriteHtmlCache Behavior ::run [ RunTime:0.001082s ]
INFO: ShowRuntime Behavior ::run [ RunTime:0.001772s ]
INFO: [ view_filter ] --END-- [ RunTime:0.005793s ]
INFO: [ view_end ] --START--
INFO: ShowPageTrace Behavior ::run [ RunTime:0.001335s ]
INFO: [ view_end ] --END-- [ RunTime:0.001475s ]

[ 2014-04-02T14:20:07+08:00 ] 0.0.0.0 /dream/admin.php/Article/index
INFO: [ route_check ] --START--
INFO: CheckRoute Behavior ::run [ RunTime:0.001435s ]
INFO: [ route_check ] --END-- [ RunTime:0.001585s ]
INFO: [ app_begin ] --START--
INFO: ReadHtmlCache Behavior ::run [ RunTime:0.001269s ]
INFO: [ app_begin ] --END-- [ RunTime:0.001395s ]
SQL: SHOW COLUMNS FROM `article` [ RunTime:0.007401s ]
SQL: SELECT * FROM `article` ORDER BY id  [ RunTime:0.000407s ]
SQL: SHOW COLUMNS FROM `category` [ RunTime:0.005141s ]
SQL: SELECT * FROM `category` WHERE ( 1=1 AND id='1' ) LIMIT 1   [ RunTime:0.000494s ]
SQL: SELECT * FROM `category` WHERE ( 1=1 AND id='1' ) LIMIT 1   [ RunTime:0.000276s ]
SQL: SELECT * FROM `category` WHERE ( 1=1 AND id='26' ) LIMIT 1   [ RunTime:0.000248s ]
SQL: SELECT * FROM `category` WHERE ( 1=1 AND id='1' ) LIMIT 1   [ RunTime:0.000239s ]
SQL: SELECT * FROM `category` WHERE ( 1=1 AND id='1' ) LIMIT 1   [ RunTime:0.000257s ]
SQL: SELECT * FROM `category` WHERE ( 1=1 AND id='10' ) LIMIT 1   [ RunTime:0.000240s ]
INFO: [ view_parse ] --START--
NOTIC: [8] Undefined variable: page D:\wamp\www\dream\admin\Runtime\Cache\6a0fa1355e20b485f823227ab394fc93.php 第 92 行.
INFO: ParseTemplate Behavior ::run [ RunTime:0.012411s ]
INFO: [ view_parse ] --END-- [ RunTime:0.012546s ]
INFO: [ view_filter ] --START--
INFO: ContentReplace Behavior ::run [ RunTime:0.001158s ]
INFO: TokenBuild Behavior ::run [ RunTime:0.001111s ]
INFO: WriteHtmlCache Behavior ::run [ RunTime:0.001006s ]
INFO: ShowRuntime Behavior ::run [ RunTime:0.001705s ]
INFO: [ view_filter ] --END-- [ RunTime:0.005391s ]
INFO: [ view_end ] --START--
INFO: ShowPageTrace Behavior ::run [ RunTime:0.001306s ]
INFO: [ view_end ] --END-- [ RunTime:0.001430s ]

