[ 2014-04-14T15:55:16+08:00 ] 0.0.0.0 /dream/admin.php
INFO: [ app_begin ] --START--
INFO: ReadHtmlCache Behavior ::run [ RunTime:0.001728s ]
INFO: [ app_begin ] --END-- [ RunTime:0.002066s ]
INFO: [ view_parse ] --START--
INFO: ParseTemplate Behavior ::run [ RunTime:0.043788s ]
INFO: [ view_parse ] --END-- [ RunTime:0.044090s ]
INFO: [ view_filter ] --START--
INFO: ContentReplace Behavior ::run [ RunTime:0.001222s ]
INFO: TokenBuild Behavior ::run [ RunTime:0.001120s ]
INFO: WriteHtmlCache Behavior ::run [ RunTime:0.000805s ]
INFO: ShowRuntime Behavior ::run [ RunTime:0.001296s ]
INFO: [ view_filter ] --END-- [ RunTime:0.005201s ]
INFO: [ view_end ] --START--
INFO: ShowPageTrace Behavior ::run [ RunTime:0.001356s ]
INFO: [ view_end ] --END-- [ RunTime:0.001601s ]

[ 2014-04-14T15:55:16+08:00 ] 0.0.0.0 /dream/admin.php/Public/top.html
INFO: [ route_check ] --START--
INFO: CheckRoute Behavior ::run [ RunTime:0.001263s ]
INFO: [ route_check ] --END-- [ RunTime:0.001534s ]
INFO: [ app_begin ] --START--
INFO: ReadHtmlCache Behavior ::run [ RunTime:0.000875s ]
INFO: [ app_begin ] --END-- [ RunTime:0.001123s ]
INFO: [ view_parse ] --START--
INFO: ParseTemplate Behavior ::run [ RunTime:0.043850s ]
INFO: [ view_parse ] --END-- [ RunTime:0.044064s ]
INFO: [ view_filter ] --START--
INFO: ContentReplace Behavior ::run [ RunTime:0.000435s ]
INFO: TokenBuild Behavior ::run [ RunTime:0.000424s ]
INFO: WriteHtmlCache Behavior ::run [ RunTime:0.000359s ]
INFO: ShowRuntime Behavior ::run [ RunTime:0.000540s ]
INFO: [ view_filter ] --END-- [ RunTime:0.002086s ]
INFO: [ view_end ] --START--
INFO: ShowPageTrace Behavior ::run [ RunTime:0.000546s ]
INFO: [ view_end ] --END-- [ RunTime:0.000663s ]

[ 2014-04-14T15:55:16+08:00 ] 0.0.0.0 /dream/admin.php/Public/menu.html
INFO: [ route_check ] --START--
INFO: CheckRoute Behavior ::run [ RunTime:0.001991s ]
INFO: [ route_check ] --END-- [ RunTime:0.002474s ]
INFO: [ app_begin ] --START--
INFO: ReadHtmlCache Behavior ::run [ RunTime:0.001769s ]
INFO: [ app_begin ] --END-- [ RunTime:0.002052s ]
SQL: SHOW COLUMNS FROM `module` [ RunTime:0.072923s ]
SQL: SELECT * FROM `module` ORDER BY id  [ RunTime:0.000636s ]
INFO: [ view_parse ] --START--
NOTIC: [8] Undefined index: channel D:\wamp\www\dream\admin\Runtime\Cache\344adff84fc2b75cfa6026542dd95e8c.php 第 12 行.
NOTIC: [8] Undefined index: channel D:\wamp\www\dream\admin\Runtime\Cache\344adff84fc2b75cfa6026542dd95e8c.php 第 31 行.
NOTIC: [8] Undefined index: channel D:\wamp\www\dream\admin\Runtime\Cache\344adff84fc2b75cfa6026542dd95e8c.php 第 56 行.
NOTIC: [8] Undefined index: channel D:\wamp\www\dream\admin\Runtime\Cache\344adff84fc2b75cfa6026542dd95e8c.php 第 85 行.
NOTIC: [8] Undefined index: channel D:\wamp\www\dream\admin\Runtime\Cache\344adff84fc2b75cfa6026542dd95e8c.php 第 114 行.
INFO: ParseTemplate Behavior ::run [ RunTime:0.038107s ]
INFO: [ view_parse ] --END-- [ RunTime:0.038322s ]
INFO: [ view_filter ] --START--
INFO: ContentReplace Behavior ::run [ RunTime:0.000933s ]
INFO: TokenBuild Behavior ::run [ RunTime:0.000823s ]
INFO: WriteHtmlCache Behavior ::run [ RunTime:0.000673s ]
INFO: ShowRuntime Behavior ::run [ RunTime:0.000967s ]
INFO: [ view_filter ] --END-- [ RunTime:0.003804s ]
INFO: [ view_end ] --START--
INFO: ShowPageTrace Behavior ::run [ RunTime:0.000970s ]
INFO: [ view_end ] --END-- [ RunTime:0.001107s ]

[ 2014-04-14T15:55:16+08:00 ] 0.0.0.0 /dream/admin.php/Public/main.html
INFO: [ route_check ] --START--
INFO: CheckRoute Behavior ::run [ RunTime:0.001941s ]
INFO: [ route_check ] --END-- [ RunTime:0.002174s ]
INFO: [ app_begin ] --START--
INFO: ReadHtmlCache Behavior ::run [ RunTime:0.001501s ]
INFO: [ app_begin ] --END-- [ RunTime:0.001758s ]
INFO: [ view_parse ] --START--
INFO: ParseTemplate Behavior ::run [ RunTime:0.045178s ]
INFO: [ view_parse ] --END-- [ RunTime:0.045410s ]
INFO: [ view_filter ] --START--
INFO: ContentReplace Behavior ::run [ RunTime:0.001339s ]
INFO: TokenBuild Behavior ::run [ RunTime:0.001593s ]
INFO: WriteHtmlCache Behavior ::run [ RunTime:0.001170s ]
INFO: ShowRuntime Behavior ::run [ RunTime:0.001627s ]
INFO: [ view_filter ] --END-- [ RunTime:0.006602s ]
INFO: [ view_end ] --START--
INFO: ShowPageTrace Behavior ::run [ RunTime:0.002122s ]
INFO: [ view_end ] --END-- [ RunTime:0.002539s ]

[ 2014-04-14T15:55:19+08:00 ] 0.0.0.0 /dream/admin.php/Public/menu/channel/2
INFO: [ route_check ] --START--
INFO: CheckRoute Behavior ::run [ RunTime:0.001016s ]
INFO: [ route_check ] --END-- [ RunTime:0.001157s ]
INFO: [ app_begin ] --START--
INFO: ReadHtmlCache Behavior ::run [ RunTime:0.000867s ]
INFO: [ app_begin ] --END-- [ RunTime:0.000990s ]
SQL: SHOW COLUMNS FROM `module` [ RunTime:0.006287s ]
SQL: SELECT * FROM `module` ORDER BY id  [ RunTime:0.000426s ]
INFO: [ view_parse ] --START--
INFO: ParseTemplate Behavior ::run [ RunTime:0.012512s ]
INFO: [ view_parse ] --END-- [ RunTime:0.012654s ]
INFO: [ view_filter ] --START--
INFO: ContentReplace Behavior ::run [ RunTime:0.000766s ]
INFO: TokenBuild Behavior ::run [ RunTime:0.000727s ]
INFO: WriteHtmlCache Behavior ::run [ RunTime:0.000578s ]
INFO: ShowRuntime Behavior ::run [ RunTime:0.000809s ]
INFO: [ view_filter ] --END-- [ RunTime:0.003205s ]
INFO: [ view_end ] --START--
INFO: ShowPageTrace Behavior ::run [ RunTime:0.000847s ]
INFO: [ view_end ] --END-- [ RunTime:0.000964s ]

[ 2014-04-14T15:55:21+08:00 ] 0.0.0.0 /dream/admin.php/Public/menu/channel/3
INFO: [ route_check ] --START--
INFO: CheckRoute Behavior ::run [ RunTime:0.000998s ]
INFO: [ route_check ] --END-- [ RunTime:0.001160s ]
INFO: [ app_begin ] --START--
INFO: ReadHtmlCache Behavior ::run [ RunTime:0.000843s ]
INFO: [ app_begin ] --END-- [ RunTime:0.000968s ]
SQL: SHOW COLUMNS FROM `module` [ RunTime:0.005836s ]
SQL: SELECT * FROM `module` ORDER BY id  [ RunTime:0.000435s ]
INFO: [ view_parse ] --START--
INFO: ParseTemplate Behavior ::run [ RunTime:0.012162s ]
INFO: [ view_parse ] --END-- [ RunTime:0.012316s ]
INFO: [ view_filter ] --START--
INFO: ContentReplace Behavior ::run [ RunTime:0.000731s ]
INFO: TokenBuild Behavior ::run [ RunTime:0.000798s ]
INFO: WriteHtmlCache Behavior ::run [ RunTime:0.000779s ]
INFO: ShowRuntime Behavior ::run [ RunTime:0.000831s ]
INFO: [ view_filter ] --END-- [ RunTime:0.003521s ]
INFO: [ view_end ] --START--
INFO: ShowPageTrace Behavior ::run [ RunTime:0.000861s ]
INFO: [ view_end ] --END-- [ RunTime:0.000979s ]

[ 2014-04-14T15:55:24+08:00 ] 0.0.0.0 /dream/admin.php/category/add
INFO: [ route_check ] --START--
INFO: CheckRoute Behavior ::run [ RunTime:0.001028s ]
INFO: [ route_check ] --END-- [ RunTime:0.001189s ]
INFO: [ app_begin ] --START--
INFO: ReadHtmlCache Behavior ::run [ RunTime:0.000834s ]
INFO: [ app_begin ] --END-- [ RunTime:0.000958s ]
ERR: 无法加载模块:category

[ 2014-04-14T15:55:25+08:00 ] 0.0.0.0 /dream/admin.php/category/index
INFO: [ route_check ] --START--
INFO: CheckRoute Behavior ::run [ RunTime:0.000969s ]
INFO: [ route_check ] --END-- [ RunTime:0.001110s ]
INFO: [ app_begin ] --START--
INFO: ReadHtmlCache Behavior ::run [ RunTime:0.000819s ]
INFO: [ app_begin ] --END-- [ RunTime:0.000941s ]
ERR: 无法加载模块:category

[ 2014-04-14T15:55:27+08:00 ] 0.0.0.0 /dream/admin.php/Produce/index
INFO: [ route_check ] --START--
INFO: CheckRoute Behavior ::run [ RunTime:0.001161s ]
INFO: [ route_check ] --END-- [ RunTime:0.001302s ]
INFO: [ app_begin ] --START--
INFO: ReadHtmlCache Behavior ::run [ RunTime:0.000829s ]
INFO: [ app_begin ] --END-- [ RunTime:0.000953s ]
SQL: SHOW COLUMNS FROM `produce` [ RunTime:0.007052s ]
SQL: SELECT * FROM `produce` ORDER BY id  [ RunTime:0.000671s ]
SQL: SHOW COLUMNS FROM `category` [ RunTime:0.005145s ]
SQL: SELECT * FROM `category` WHERE ( 1=1 AND id='5' ) LIMIT 1   [ RunTime:0.000354s ]
SQL: SELECT * FROM `category` WHERE ( 1=1 AND id='4' ) LIMIT 1   [ RunTime:0.000250s ]
SQL: SELECT * FROM `category` WHERE ( 1=1 AND id='13' ) LIMIT 1   [ RunTime:0.000245s ]
SQL: SELECT * FROM `category` WHERE ( 1=1 AND id='13' ) LIMIT 1   [ RunTime:0.000240s ]
SQL: SELECT * FROM `category` WHERE ( 1=1 AND id='7' ) LIMIT 1   [ RunTime:0.000238s ]
SQL: SELECT * FROM `category` WHERE ( 1=1 AND id='4' ) LIMIT 1   [ RunTime:0.000234s ]
SQL: SELECT * FROM `category` WHERE ( 1=1 AND id='4' ) LIMIT 1   [ RunTime:0.000237s ]
SQL: SELECT * FROM `category` WHERE ( 1=1 AND id='4' ) LIMIT 1   [ RunTime:0.000317s ]
SQL: SELECT * FROM `category` WHERE ( 1=1 AND id='4' ) LIMIT 1   [ RunTime:0.000275s ]
SQL: SELECT * FROM `category` WHERE ( 1=1 AND id='4' ) LIMIT 1   [ RunTime:0.000237s ]
INFO: [ view_parse ] --START--
NOTIC: [8] Undefined variable: page D:\wamp\www\dream\admin\Runtime\Cache\21acc93ad0cf25a87809727a7f91f73b.php 第 91 行.
INFO: ParseTemplate Behavior ::run [ RunTime:0.030488s ]
INFO: [ view_parse ] --END-- [ RunTime:0.030638s ]
INFO: [ view_filter ] --START--
INFO: ContentReplace Behavior ::run [ RunTime:0.000775s ]
INFO: TokenBuild Behavior ::run [ RunTime:0.000739s ]
INFO: WriteHtmlCache Behavior ::run [ RunTime:0.000544s ]
INFO: ShowRuntime Behavior ::run [ RunTime:0.000830s ]
INFO: [ view_filter ] --END-- [ RunTime:0.003223s ]
INFO: [ view_end ] --START--
INFO: ShowPageTrace Behavior ::run [ RunTime:0.000947s ]
INFO: [ view_end ] --END-- [ RunTime:0.001072s ]

[ 2014-04-14T15:55:29+08:00 ] 0.0.0.0 /dream/admin.php/Produce/edit/id/1
INFO: [ route_check ] --START--
INFO: CheckRoute Behavior ::run [ RunTime:0.000730s ]
INFO: [ route_check ] --END-- [ RunTime:0.000879s ]
INFO: [ app_begin ] --START--
INFO: ReadHtmlCache Behavior ::run [ RunTime:0.000554s ]
INFO: [ app_begin ] --END-- [ RunTime:0.000677s ]
SQL: SHOW COLUMNS FROM `produce` [ RunTime:0.006447s ]
SQL: SELECT * FROM `produce` WHERE ( id=1 ) LIMIT 1   [ RunTime:0.000331s ]
SQL: SHOW COLUMNS FROM `category` [ RunTime:0.005881s ]
SQL: SELECT * FROM `category` WHERE ( id=5 ) LIMIT 1   [ RunTime:0.000381s ]
SQL: SHOW COLUMNS FROM `category` [ RunTime:0.003779s ]
NOTIC: [8] Undefined variable: mlist D:\wamp\www\dream\admin\Lib\Action\ProduceAction.class.php 第 53 行.
INFO: [ view_parse ] --START--
INFO: ParseTemplate Behavior ::run [ RunTime:0.029187s ]
INFO: [ view_parse ] --END-- [ RunTime:0.029336s ]
INFO: [ view_filter ] --START--
INFO: ContentReplace Behavior ::run [ RunTime:0.000429s ]
INFO: TokenBuild Behavior ::run [ RunTime:0.000419s ]
INFO: WriteHtmlCache Behavior ::run [ RunTime:0.000272s ]
INFO: ShowRuntime Behavior ::run [ RunTime:0.000508s ]
INFO: [ view_filter ] --END-- [ RunTime:0.001955s ]
INFO: [ view_end ] --START--
INFO: ShowPageTrace Behavior ::run [ RunTime:0.000540s ]
INFO: [ view_end ] --END-- [ RunTime:0.000659s ]

[ 2014-04-14T15:55:33+08:00 ] 0.0.0.0 /dream/admin.php/Produce/index
INFO: [ route_check ] --START--
INFO: CheckRoute Behavior ::run [ RunTime:0.000996s ]
INFO: [ route_check ] --END-- [ RunTime:0.001142s ]
INFO: [ app_begin ] --START--
INFO: ReadHtmlCache Behavior ::run [ RunTime:0.000876s ]
INFO: [ app_begin ] --END-- [ RunTime:0.000998s ]
SQL: SHOW COLUMNS FROM `produce` [ RunTime:0.006562s ]
SQL: SELECT * FROM `produce` ORDER BY id  [ RunTime:0.000486s ]
SQL: SHOW COLUMNS FROM `category` [ RunTime:0.005105s ]
SQL: SELECT * FROM `category` WHERE ( 1=1 AND id='5' ) LIMIT 1   [ RunTime:0.000348s ]
SQL: SELECT * FROM `category` WHERE ( 1=1 AND id='4' ) LIMIT 1   [ RunTime:0.000251s ]
SQL: SELECT * FROM `category` WHERE ( 1=1 AND id='13' ) LIMIT 1   [ RunTime:0.000241s ]
SQL: SELECT * FROM `category` WHERE ( 1=1 AND id='13' ) LIMIT 1   [ RunTime:0.000331s ]
SQL: SELECT * FROM `category` WHERE ( 1=1 AND id='7' ) LIMIT 1   [ RunTime:0.000333s ]
SQL: SELECT * FROM `category` WHERE ( 1=1 AND id='4' ) LIMIT 1   [ RunTime:0.000312s ]
SQL: SELECT * FROM `category` WHERE ( 1=1 AND id='4' ) LIMIT 1   [ RunTime:0.000317s ]
SQL: SELECT * FROM `category` WHERE ( 1=1 AND id='4' ) LIMIT 1   [ RunTime:0.000308s ]
SQL: SELECT * FROM `category` WHERE ( 1=1 AND id='4' ) LIMIT 1   [ RunTime:0.000292s ]
SQL: SELECT * FROM `category` WHERE ( 1=1 AND id='4' ) LIMIT 1   [ RunTime:0.000309s ]
INFO: [ view_parse ] --START--
NOTIC: [8] Undefined variable: page D:\wamp\www\dream\admin\Runtime\Cache\21acc93ad0cf25a87809727a7f91f73b.php 第 91 行.
INFO: ParseTemplate Behavior ::run [ RunTime:0.010889s ]
INFO: [ view_parse ] --END-- [ RunTime:0.011071s ]
INFO: [ view_filter ] --START--
INFO: ContentReplace Behavior ::run [ RunTime:0.001017s ]
INFO: TokenBuild Behavior ::run [ RunTime:0.000824s ]
INFO: WriteHtmlCache Behavior ::run [ RunTime:0.000703s ]
INFO: ShowRuntime Behavior ::run [ RunTime:0.000866s ]
INFO: [ view_filter ] --END-- [ RunTime:0.003789s ]
INFO: [ view_end ] --START--
INFO: ShowPageTrace Behavior ::run [ RunTime:0.000917s ]
INFO: [ view_end ] --END-- [ RunTime:0.001036s ]

[ 2014-04-14T15:55:35+08:00 ] 0.0.0.0 /dream/admin.php/Produce/edit/id/13
INFO: [ route_check ] --START--
INFO: CheckRoute Behavior ::run [ RunTime:0.000660s ]
INFO: [ route_check ] --END-- [ RunTime:0.000799s ]
INFO: [ app_begin ] --START--
INFO: ReadHtmlCache Behavior ::run [ RunTime:0.000586s ]
INFO: [ app_begin ] --END-- [ RunTime:0.000713s ]
SQL: SHOW COLUMNS FROM `produce` [ RunTime:0.006071s ]
SQL: SELECT * FROM `produce` WHERE ( id=13 ) LIMIT 1   [ RunTime:0.000361s ]
SQL: SHOW COLUMNS FROM `category` [ RunTime:0.004834s ]
SQL: SELECT * FROM `category` WHERE ( id=4 ) LIMIT 1   [ RunTime:0.000337s ]
SQL: SHOW COLUMNS FROM `category` [ RunTime:0.004137s ]
NOTIC: [8] Undefined variable: mlist D:\wamp\www\dream\admin\Lib\Action\ProduceAction.class.php 第 53 行.
INFO: [ view_parse ] --START--
INFO: ParseTemplate Behavior ::run [ RunTime:0.009390s ]
INFO: [ view_parse ] --END-- [ RunTime:0.009538s ]
INFO: [ view_filter ] --START--
INFO: ContentReplace Behavior ::run [ RunTime:0.000431s ]
INFO: TokenBuild Behavior ::run [ RunTime:0.000434s ]
INFO: WriteHtmlCache Behavior ::run [ RunTime:0.000283s ]
INFO: ShowRuntime Behavior ::run [ RunTime:0.000558s ]
INFO: [ view_filter ] --END-- [ RunTime:0.002045s ]
INFO: [ view_end ] --START--
INFO: ShowPageTrace Behavior ::run [ RunTime:0.000549s ]
INFO: [ view_end ] --END-- [ RunTime:0.000669s ]

[ 2014-04-14T15:55:37+08:00 ] 0.0.0.0 /dream/admin.php/Public/menu/channel/4
INFO: [ route_check ] --START--
INFO: CheckRoute Behavior ::run [ RunTime:0.000672s ]
INFO: [ route_check ] --END-- [ RunTime:0.000815s ]
INFO: [ app_begin ] --START--
INFO: ReadHtmlCache Behavior ::run [ RunTime:0.000538s ]
INFO: [ app_begin ] --END-- [ RunTime:0.000661s ]
SQL: SHOW COLUMNS FROM `module` [ RunTime:0.006040s ]
SQL: SELECT * FROM `module` ORDER BY id  [ RunTime:0.000433s ]
INFO: [ view_parse ] --START--
INFO: ParseTemplate Behavior ::run [ RunTime:0.011095s ]
INFO: [ view_parse ] --END-- [ RunTime:0.011247s ]
INFO: [ view_filter ] --START--
INFO: ContentReplace Behavior ::run [ RunTime:0.000423s ]
INFO: TokenBuild Behavior ::run [ RunTime:0.000422s ]
INFO: WriteHtmlCache Behavior ::run [ RunTime:0.000275s ]
INFO: ShowRuntime Behavior ::run [ RunTime:0.000524s ]
INFO: [ view_filter ] --END-- [ RunTime:0.001973s ]
INFO: [ view_end ] --START--
INFO: ShowPageTrace Behavior ::run [ RunTime:0.000538s ]
INFO: [ view_end ] --END-- [ RunTime:0.000656s ]

[ 2014-04-14T15:55:40+08:00 ] 0.0.0.0 /dream/admin.php/category/index
INFO: [ route_check ] --START--
INFO: CheckRoute Behavior ::run [ RunTime:0.000650s ]
INFO: [ route_check ] --END-- [ RunTime:0.000793s ]
INFO: [ app_begin ] --START--
INFO: ReadHtmlCache Behavior ::run [ RunTime:0.000538s ]
INFO: [ app_begin ] --END-- [ RunTime:0.000664s ]
ERR: 无法加载模块:category

[ 2014-04-14T15:55:41+08:00 ] 0.0.0.0 /dream/admin.php/category/add
INFO: [ route_check ] --START--
INFO: CheckRoute Behavior ::run [ RunTime:0.000652s ]
INFO: [ route_check ] --END-- [ RunTime:0.000797s ]
INFO: [ app_begin ] --START--
INFO: ReadHtmlCache Behavior ::run [ RunTime:0.000546s ]
INFO: [ app_begin ] --END-- [ RunTime:0.000669s ]
ERR: 无法加载模块:category

[ 2014-04-14T15:55:42+08:00 ] 0.0.0.0 /dream/admin.php/Article/index
INFO: [ route_check ] --START--
INFO: CheckRoute Behavior ::run [ RunTime:0.000895s ]
INFO: [ route_check ] --END-- [ RunTime:0.001092s ]
INFO: [ app_begin ] --START--
INFO: ReadHtmlCache Behavior ::run [ RunTime:0.000926s ]
INFO: [ app_begin ] --END-- [ RunTime:0.001152s ]
SQL: SHOW COLUMNS FROM `article` [ RunTime:0.006229s ]
SQL: SELECT * FROM `article` ORDER BY id  [ RunTime:0.000437s ]
SQL: SHOW COLUMNS FROM `category` [ RunTime:0.005176s ]
SQL: SELECT * FROM `category` WHERE ( 1=1 AND id='1' ) LIMIT 1   [ RunTime:0.000487s ]
SQL: SELECT * FROM `category` WHERE ( 1=1 AND id='1' ) LIMIT 1   [ RunTime:0.000369s ]
SQL: SELECT * FROM `category` WHERE ( 1=1 AND id='26' ) LIMIT 1   [ RunTime:0.000304s ]
SQL: SELECT * FROM `category` WHERE ( 1=1 AND id='1' ) LIMIT 1   [ RunTime:0.000286s ]
SQL: SELECT * FROM `category` WHERE ( 1=1 AND id='1' ) LIMIT 1   [ RunTime:0.000313s ]
SQL: SELECT * FROM `category` WHERE ( 1=1 AND id='10' ) LIMIT 1   [ RunTime:0.000301s ]
INFO: [ view_parse ] --START--
NOTIC: [8] Undefined variable: page D:\wamp\www\dream\admin\Runtime\Cache\6a0fa1355e20b485f823227ab394fc93.php 第 92 行.
INFO: ParseTemplate Behavior ::run [ RunTime:0.027495s ]
INFO: [ view_parse ] --END-- [ RunTime:0.027646s ]
INFO: [ view_filter ] --START--
INFO: ContentReplace Behavior ::run [ RunTime:0.000445s ]
INFO: TokenBuild Behavior ::run [ RunTime:0.000430s ]
INFO: WriteHtmlCache Behavior ::run [ RunTime:0.000277s ]
INFO: ShowRuntime Behavior ::run [ RunTime:0.000520s ]
INFO: [ view_filter ] --END-- [ RunTime:0.002032s ]
INFO: [ view_end ] --START--
INFO: ShowPageTrace Behavior ::run [ RunTime:0.000601s ]
INFO: [ view_end ] --END-- [ RunTime:0.000736s ]

[ 2014-04-14T15:55:43+08:00 ] 0.0.0.0 /dream/admin.php/Public/menu/channel/2
INFO: [ route_check ] --START--
INFO: CheckRoute Behavior ::run [ RunTime:0.000965s ]
INFO: [ route_check ] --END-- [ RunTime:0.001103s ]
INFO: [ app_begin ] --START--
INFO: ReadHtmlCache Behavior ::run [ RunTime:0.000990s ]
INFO: [ app_begin ] --END-- [ RunTime:0.001167s ]
SQL: SHOW COLUMNS FROM `module` [ RunTime:0.006280s ]
SQL: SELECT * FROM `module` ORDER BY id  [ RunTime:0.000421s ]
INFO: [ view_parse ] --START--
INFO: ParseTemplate Behavior ::run [ RunTime:0.011829s ]
INFO: [ view_parse ] --END-- [ RunTime:0.011980s ]
INFO: [ view_filter ] --START--
INFO: ContentReplace Behavior ::run [ RunTime:0.000784s ]
INFO: TokenBuild Behavior ::run [ RunTime:0.000745s ]
INFO: WriteHtmlCache Behavior ::run [ RunTime:0.000591s ]
INFO: ShowRuntime Behavior ::run [ RunTime:0.000838s ]
INFO: [ view_filter ] --END-- [ RunTime:0.003320s ]
INFO: [ view_end ] --START--
INFO: ShowPageTrace Behavior ::run [ RunTime:0.000879s ]
INFO: [ view_end ] --END-- [ RunTime:0.001074s ]

[ 2014-04-14T15:55:44+08:00 ] 0.0.0.0 /dream/admin.php/Public/menu/channel/1
INFO: [ route_check ] --START--
INFO: CheckRoute Behavior ::run [ RunTime:0.001025s ]
INFO: [ route_check ] --END-- [ RunTime:0.001170s ]
INFO: [ app_begin ] --START--
INFO: ReadHtmlCache Behavior ::run [ RunTime:0.001028s ]
INFO: [ app_begin ] --END-- [ RunTime:0.001168s ]
SQL: SHOW COLUMNS FROM `module` [ RunTime:0.006318s ]
SQL: SELECT * FROM `module` ORDER BY id  [ RunTime:0.000425s ]
INFO: [ view_parse ] --START--
INFO: ParseTemplate Behavior ::run [ RunTime:0.011640s ]
INFO: [ view_parse ] --END-- [ RunTime:0.011783s ]
INFO: [ view_filter ] --START--
INFO: ContentReplace Behavior ::run [ RunTime:0.000729s ]
INFO: TokenBuild Behavior ::run [ RunTime:0.000740s ]
INFO: WriteHtmlCache Behavior ::run [ RunTime:0.000674s ]
INFO: ShowRuntime Behavior ::run [ RunTime:0.001352s ]
INFO: [ view_filter ] --END-- [ RunTime:0.003901s ]
INFO: [ view_end ] --START--
INFO: ShowPageTrace Behavior ::run [ RunTime:0.000965s ]
INFO: [ view_end ] --END-- [ RunTime:0.001093s ]

[ 2014-04-14T15:55:47+08:00 ] 0.0.0.0 /dream/admin.php/Public/main.html
INFO: [ route_check ] --START--
INFO: CheckRoute Behavior ::run [ RunTime:0.000984s ]
INFO: [ route_check ] --END-- [ RunTime:0.001123s ]
INFO: [ app_begin ] --START--
INFO: ReadHtmlCache Behavior ::run [ RunTime:0.000851s ]
INFO: [ app_begin ] --END-- [ RunTime:0.000974s ]
INFO: [ view_parse ] --START--
INFO: ParseTemplate Behavior ::run [ RunTime:0.008664s ]
INFO: [ view_parse ] --END-- [ RunTime:0.008867s ]
INFO: [ view_filter ] --START--
INFO: ContentReplace Behavior ::run [ RunTime:0.001177s ]
INFO: TokenBuild Behavior ::run [ RunTime:0.000978s ]
INFO: WriteHtmlCache Behavior ::run [ RunTime:0.000818s ]
INFO: ShowRuntime Behavior ::run [ RunTime:0.001153s ]
INFO: [ view_filter ] --END-- [ RunTime:0.004639s ]
INFO: [ view_end ] --START--
INFO: ShowPageTrace Behavior ::run [ RunTime:0.001150s ]
INFO: [ view_end ] --END-- [ RunTime:0.001348s ]

[ 2014-04-14T15:55:49+08:00 ] 0.0.0.0 /dream/admin.php/Public/menu/channel/main.html
INFO: [ route_check ] --START--
INFO: CheckRoute Behavior ::run [ RunTime:0.000974s ]
INFO: [ route_check ] --END-- [ RunTime:0.001112s ]
INFO: [ app_begin ] --START--
INFO: ReadHtmlCache Behavior ::run [ RunTime:0.000838s ]
INFO: [ app_begin ] --END-- [ RunTime:0.000960s ]
SQL: SHOW COLUMNS FROM `module` [ RunTime:0.033863s ]
SQL: SELECT * FROM `module` ORDER BY id  [ RunTime:0.000810s ]
INFO: [ view_parse ] --START--
INFO: ParseTemplate Behavior ::run [ RunTime:0.025118s ]
INFO: [ view_parse ] --END-- [ RunTime:0.025405s ]
INFO: [ view_filter ] --START--
INFO: ContentReplace Behavior ::run [ RunTime:0.001625s ]
INFO: TokenBuild Behavior ::run [ RunTime:0.001530s ]
INFO: WriteHtmlCache Behavior ::run [ RunTime:0.001230s ]
INFO: ShowRuntime Behavior ::run [ RunTime:0.001717s ]
INFO: [ view_filter ] --END-- [ RunTime:0.006781s ]
INFO: [ view_end ] --START--
INFO: ShowPageTrace Behavior ::run [ RunTime:0.001402s ]
INFO: [ view_end ] --END-- [ RunTime:0.001619s ]

[ 2014-04-14T15:55:51+08:00 ] 0.0.0.0 /dream/admin.php/Index/pws
INFO: [ route_check ] --START--
INFO: CheckRoute Behavior ::run [ RunTime:0.000963s ]
INFO: [ route_check ] --END-- [ RunTime:0.001098s ]
INFO: [ app_begin ] --START--
INFO: ReadHtmlCache Behavior ::run [ RunTime:0.000970s ]
INFO: [ app_begin ] --END-- [ RunTime:0.001096s ]
INFO: [ view_parse ] --START--
INFO: ParseTemplate Behavior ::run [ RunTime:0.073698s ]
INFO: [ view_parse ] --END-- [ RunTime:0.074042s ]
INFO: [ view_filter ] --START--
INFO: ContentReplace Behavior ::run [ RunTime:0.002385s ]
INFO: TokenBuild Behavior ::run [ RunTime:0.002589s ]
INFO: WriteHtmlCache Behavior ::run [ RunTime:0.002603s ]
INFO: ShowRuntime Behavior ::run [ RunTime:0.001918s ]
INFO: [ view_filter ] --END-- [ RunTime:0.010709s ]
INFO: [ view_end ] --START--
INFO: ShowPageTrace Behavior ::run [ RunTime:0.001673s ]
INFO: [ view_end ] --END-- [ RunTime:0.001892s ]

[ 2014-04-14T15:55:53+08:00 ] 0.0.0.0 /dream/admin.php/Index/cache
INFO: [ route_check ] --START--
INFO: CheckRoute Behavior ::run [ RunTime:0.000993s ]
INFO: [ route_check ] --END-- [ RunTime:0.001145s ]
INFO: [ app_begin ] --START--
INFO: ReadHtmlCache Behavior ::run [ RunTime:0.000850s ]
INFO: [ app_begin ] --END-- [ RunTime:0.000972s ]

[ 2014-04-14T15:55:55+08:00 ] 0.0.0.0 /dream/admin.php/Public/menu/channel/1
INFO: [ route_check ] --START--
INFO: CheckRoute Behavior ::run [ RunTime:0.000985s ]
INFO: [ route_check ] --END-- [ RunTime:0.001130s ]
INFO: [ app_begin ] --START--
INFO: ReadHtmlCache Behavior ::run [ RunTime:0.000856s ]
INFO: [ app_begin ] --END-- [ RunTime:0.000982s ]
SQL: SHOW COLUMNS FROM `module` [ RunTime:0.006073s ]
SQL: SELECT * FROM `module` ORDER BY id  [ RunTime:0.000448s ]
INFO: [ view_parse ] --START--
INFO: ParseTemplate Behavior ::run [ RunTime:0.012052s ]
INFO: [ view_parse ] --END-- [ RunTime:0.012200s ]
INFO: [ view_filter ] --START--
INFO: ContentReplace Behavior ::run [ RunTime:0.000746s ]
INFO: TokenBuild Behavior ::run [ RunTime:0.000756s ]
INFO: WriteHtmlCache Behavior ::run [ RunTime:0.000603s ]
INFO: ShowRuntime Behavior ::run [ RunTime:0.000935s ]
INFO: [ view_filter ] --END-- [ RunTime:0.003433s ]
INFO: [ view_end ] --START--
INFO: ShowPageTrace Behavior ::run [ RunTime:0.000971s ]
INFO: [ view_end ] --END-- [ RunTime:0.001097s ]

[ 2014-04-14T15:55:56+08:00 ] 0.0.0.0 /dream/admin.php/Login/logout
INFO: [ route_check ] --START--
INFO: CheckRoute Behavior ::run [ RunTime:0.000983s ]
INFO: [ route_check ] --END-- [ RunTime:0.001123s ]
INFO: [ app_begin ] --START--
INFO: ReadHtmlCache Behavior ::run [ RunTime:0.000838s ]
INFO: [ app_begin ] --END-- [ RunTime:0.000961s ]

[ 2014-04-14T15:55:56+08:00 ] 0.0.0.0 /dream/admin.php/Login/index.html
INFO: [ route_check ] --START--
INFO: CheckRoute Behavior ::run [ RunTime:0.000985s ]
INFO: [ route_check ] --END-- [ RunTime:0.001124s ]
INFO: [ app_begin ] --START--
INFO: ReadHtmlCache Behavior ::run [ RunTime:0.000838s ]
INFO: [ app_begin ] --END-- [ RunTime:0.000969s ]
INFO: [ view_parse ] --START--
INFO: ParseTemplate Behavior ::run [ RunTime:0.063961s ]
INFO: [ view_parse ] --END-- [ RunTime:0.064196s ]
INFO: [ view_filter ] --START--
INFO: ContentReplace Behavior ::run [ RunTime:0.001572s ]
INFO: TokenBuild Behavior ::run [ RunTime:0.001654s ]
INFO: WriteHtmlCache Behavior ::run [ RunTime:0.001176s ]
INFO: ShowRuntime Behavior ::run [ RunTime:0.001294s ]
INFO: [ view_filter ] --END-- [ RunTime:0.006337s ]
INFO: [ view_end ] --START--
INFO: ShowPageTrace Behavior ::run [ RunTime:0.001221s ]
INFO: [ view_end ] --END-- [ RunTime:0.001386s ]

[ 2014-04-14T15:56:03+08:00 ] 0.0.0.0 /dream/admin.php/Login/doLogin
INFO: [ route_check ] --START--
INFO: CheckRoute Behavior ::run [ RunTime:0.001190s ]
INFO: [ route_check ] --END-- [ RunTime:0.001337s ]
INFO: [ app_begin ] --START--
INFO: ReadHtmlCache Behavior ::run [ RunTime:0.000857s ]
INFO: [ app_begin ] --END-- [ RunTime:0.000984s ]
SQL: SHOW COLUMNS FROM `user` [ RunTime:0.133507s ]
SQL: SELECT `uid` FROM `user` WHERE ( `username` = 'yourphp' ) LIMIT 1   [ RunTime:0.000353s ]
INFO: [ view_parse ] --START--
INFO: ParseTemplate Behavior ::run [ RunTime:0.040510s ]
INFO: [ view_parse ] --END-- [ RunTime:0.040665s ]
INFO: [ view_filter ] --START--
INFO: ContentReplace Behavior ::run [ RunTime:0.000742s ]
INFO: TokenBuild Behavior ::run [ RunTime:0.000736s ]
INFO: WriteHtmlCache Behavior ::run [ RunTime:0.000546s ]
INFO: ShowRuntime Behavior ::run [ RunTime:0.000823s ]
INFO: [ view_filter ] --END-- [ RunTime:0.003180s ]
INFO: [ view_end ] --START--
INFO: ShowPageTrace Behavior ::run [ RunTime:0.000884s ]
INFO: [ view_end ] --END-- [ RunTime:0.001002s ]

[ 2014-04-14T15:56:06+08:00 ] 0.0.0.0 /dream/admin.php/Login/index
INFO: [ route_check ] --START--
INFO: CheckRoute Behavior ::run [ RunTime:0.001001s ]
INFO: [ route_check ] --END-- [ RunTime:0.001139s ]
INFO: [ app_begin ] --START--
INFO: ReadHtmlCache Behavior ::run [ RunTime:0.000837s ]
INFO: [ app_begin ] --END-- [ RunTime:0.000961s ]
INFO: [ view_parse ] --START--
INFO: ParseTemplate Behavior ::run [ RunTime:0.009034s ]
INFO: [ view_parse ] --END-- [ RunTime:0.009199s ]
INFO: [ view_filter ] --START--
INFO: ContentReplace Behavior ::run [ RunTime:0.000771s ]
INFO: TokenBuild Behavior ::run [ RunTime:0.000758s ]
INFO: WriteHtmlCache Behavior ::run [ RunTime:0.000571s ]
INFO: ShowRuntime Behavior ::run [ RunTime:0.000842s ]
INFO: [ view_filter ] --END-- [ RunTime:0.003322s ]
INFO: [ view_end ] --START--
INFO: ShowPageTrace Behavior ::run [ RunTime:0.000926s ]
INFO: [ view_end ] --END-- [ RunTime:0.001078s ]

[ 2014-04-14T15:56:10+08:00 ] 0.0.0.0 /dream/admin.php/Login/doLogin
INFO: [ route_check ] --START--
INFO: CheckRoute Behavior ::run [ RunTime:0.000969s ]
INFO: [ route_check ] --END-- [ RunTime:0.001109s ]
INFO: [ app_begin ] --START--
INFO: ReadHtmlCache Behavior ::run [ RunTime:0.001365s ]
INFO: [ app_begin ] --END-- [ RunTime:0.001520s ]
SQL: SHOW COLUMNS FROM `user` [ RunTime:0.005744s ]
SQL: SELECT `uid` FROM `user` WHERE ( `username` = 'admin' ) LIMIT 1   [ RunTime:0.000288s ]

[ 2014-04-14T15:56:10+08:00 ] 0.0.0.0 /dream/admin.php/Index/index.html
INFO: [ route_check ] --START--
INFO: CheckRoute Behavior ::run [ RunTime:0.001002s ]
INFO: [ route_check ] --END-- [ RunTime:0.001138s ]
INFO: [ app_begin ] --START--
INFO: ReadHtmlCache Behavior ::run [ RunTime:0.000818s ]
INFO: [ app_begin ] --END-- [ RunTime:0.000939s ]
INFO: [ view_parse ] --START--
INFO: ParseTemplate Behavior ::run [ RunTime:0.008624s ]
INFO: [ view_parse ] --END-- [ RunTime:0.008795s ]
INFO: [ view_filter ] --START--
INFO: ContentReplace Behavior ::run [ RunTime:0.000900s ]
INFO: TokenBuild Behavior ::run [ RunTime:0.001020s ]
INFO: WriteHtmlCache Behavior ::run [ RunTime:0.000696s ]
INFO: ShowRuntime Behavior ::run [ RunTime:0.001339s ]
INFO: [ view_filter ] --END-- [ RunTime:0.004424s ]
INFO: [ view_end ] --START--
INFO: ShowPageTrace Behavior ::run [ RunTime:0.001084s ]
INFO: [ view_end ] --END-- [ RunTime:0.001249s ]

[ 2014-04-14T15:56:10+08:00 ] 0.0.0.0 /dream/admin.php/Public/top.html
INFO: [ route_check ] --START--
INFO: CheckRoute Behavior ::run [ RunTime:0.001532s ]
INFO: [ route_check ] --END-- [ RunTime:0.001793s ]
INFO: [ app_begin ] --START--
INFO: ReadHtmlCache Behavior ::run [ RunTime:0.001343s ]
INFO: [ app_begin ] --END-- [ RunTime:0.001576s ]
INFO: [ view_parse ] --START--
INFO: ParseTemplate Behavior ::run [ RunTime:0.013608s ]
INFO: [ view_parse ] --END-- [ RunTime:0.013855s ]
INFO: [ view_filter ] --START--
INFO: ContentReplace Behavior ::run [ RunTime:0.001237s ]
INFO: TokenBuild Behavior ::run [ RunTime:0.001175s ]
INFO: WriteHtmlCache Behavior ::run [ RunTime:0.000814s ]
INFO: ShowRuntime Behavior ::run [ RunTime:0.001001s ]
INFO: [ view_filter ] --END-- [ RunTime:0.004794s ]
INFO: [ view_end ] --START--
INFO: ShowPageTrace Behavior ::run [ RunTime:0.000883s ]
INFO: [ view_end ] --END-- [ RunTime:0.001006s ]

[ 2014-04-14T15:56:10+08:00 ] 0.0.0.0 /dream/admin.php/Public/menu.html
INFO: [ route_check ] --START--
INFO: CheckRoute Behavior ::run [ RunTime:0.001019s ]
INFO: [ route_check ] --END-- [ RunTime:0.001241s ]
INFO: [ app_begin ] --START--
INFO: ReadHtmlCache Behavior ::run [ RunTime:0.000962s ]
INFO: [ app_begin ] --END-- [ RunTime:0.001203s ]
SQL: SHOW COLUMNS FROM `module` [ RunTime:0.005603s ]
SQL: SELECT * FROM `module` ORDER BY id  [ RunTime:0.000685s ]
INFO: [ view_parse ] --START--
NOTIC: [8] Undefined index: channel D:\wamp\www\dream\admin\Runtime\Cache\344adff84fc2b75cfa6026542dd95e8c.php 第 12 行.
NOTIC: [8] Undefined index: channel D:\wamp\www\dream\admin\Runtime\Cache\344adff84fc2b75cfa6026542dd95e8c.php 第 31 行.
NOTIC: [8] Undefined index: channel D:\wamp\www\dream\admin\Runtime\Cache\344adff84fc2b75cfa6026542dd95e8c.php 第 56 行.
NOTIC: [8] Undefined index: channel D:\wamp\www\dream\admin\Runtime\Cache\344adff84fc2b75cfa6026542dd95e8c.php 第 85 行.
NOTIC: [8] Undefined index: channel D:\wamp\www\dream\admin\Runtime\Cache\344adff84fc2b75cfa6026542dd95e8c.php 第 114 行.
INFO: ParseTemplate Behavior ::run [ RunTime:0.014373s ]
INFO: [ view_parse ] --END-- [ RunTime:0.014656s ]
INFO: [ view_filter ] --START--
INFO: ContentReplace Behavior ::run [ RunTime:0.000449s ]
INFO: TokenBuild Behavior ::run [ RunTime:0.000514s ]
INFO: WriteHtmlCache Behavior ::run [ RunTime:0.000289s ]
INFO: ShowRuntime Behavior ::run [ RunTime:0.000913s ]
INFO: [ view_filter ] --END-- [ RunTime:0.002533s ]
INFO: [ view_end ] --START--
INFO: ShowPageTrace Behavior ::run [ RunTime:0.000639s ]
INFO: [ view_end ] --END-- [ RunTime:0.000761s ]

[ 2014-04-14T15:56:10+08:00 ] 0.0.0.0 /dream/admin.php/Public/main.html
INFO: [ route_check ] --START--
INFO: CheckRoute Behavior ::run [ RunTime:0.001874s ]
INFO: [ route_check ] --END-- [ RunTime:0.002424s ]
INFO: [ app_begin ] --START--
INFO: ReadHtmlCache Behavior ::run [ RunTime:0.001416s ]
INFO: [ app_begin ] --END-- [ RunTime:0.001689s ]
INFO: [ view_parse ] --START--
INFO: ParseTemplate Behavior ::run [ RunTime:0.013247s ]
INFO: [ view_parse ] --END-- [ RunTime:0.013605s ]
INFO: [ view_filter ] --START--
INFO: ContentReplace Behavior ::run [ RunTime:0.000992s ]
INFO: TokenBuild Behavior ::run [ RunTime:0.001318s ]
INFO: WriteHtmlCache Behavior ::run [ RunTime:0.001363s ]
INFO: ShowRuntime Behavior ::run [ RunTime:0.001427s ]
INFO: [ view_filter ] --END-- [ RunTime:0.005892s ]
INFO: [ view_end ] --START--
INFO: ShowPageTrace Behavior ::run [ RunTime:0.001526s ]
INFO: [ view_end ] --END-- [ RunTime:0.001765s ]

[ 2014-04-14T15:56:14+08:00 ] 0.0.0.0 /dream/admin.php/Public/menu/channel/5
INFO: [ route_check ] --START--
INFO: CheckRoute Behavior ::run [ RunTime:0.001009s ]
INFO: [ route_check ] --END-- [ RunTime:0.001150s ]
INFO: [ app_begin ] --START--
INFO: ReadHtmlCache Behavior ::run [ RunTime:0.000861s ]
INFO: [ app_begin ] --END-- [ RunTime:0.000984s ]
SQL: SHOW COLUMNS FROM `module` [ RunTime:0.006324s ]
SQL: SELECT * FROM `module` ORDER BY id  [ RunTime:0.000418s ]
INFO: [ view_parse ] --START--
INFO: ParseTemplate Behavior ::run [ RunTime:0.012978s ]
INFO: [ view_parse ] --END-- [ RunTime:0.013190s ]
INFO: [ view_filter ] --START--
INFO: ContentReplace Behavior ::run [ RunTime:0.001254s ]
INFO: TokenBuild Behavior ::run [ RunTime:0.000865s ]
INFO: WriteHtmlCache Behavior ::run [ RunTime:0.000637s ]
INFO: ShowRuntime Behavior ::run [ RunTime:0.000866s ]
INFO: [ view_filter ] --END-- [ RunTime:0.004069s ]
INFO: [ view_end ] --START--
INFO: ShowPageTrace Behavior ::run [ RunTime:0.001034s ]
INFO: [ view_end ] --END-- [ RunTime:0.001168s ]

[ 2014-04-14T15:56:16+08:00 ] 0.0.0.0 /dream/admin.php/Config
INFO: [ route_check ] --START--
INFO: CheckRoute Behavior ::run [ RunTime:0.000989s ]
INFO: [ route_check ] --END-- [ RunTime:0.001130s ]
INFO: [ app_begin ] --START--
INFO: ReadHtmlCache Behavior ::run [ RunTime:0.000856s ]
INFO: [ app_begin ] --END-- [ RunTime:0.000979s ]
SQL: SHOW COLUMNS FROM `config` [ RunTime:0.007229s ]
SQL: SELECT * FROM `config`  [ RunTime:0.000404s ]
INFO: [ view_parse ] --START--
INFO: ParseTemplate Behavior ::run [ RunTime:0.026931s ]
INFO: [ view_parse ] --END-- [ RunTime:0.027084s ]
INFO: [ view_filter ] --START--
INFO: ContentReplace Behavior ::run [ RunTime:0.000788s ]
INFO: TokenBuild Behavior ::run [ RunTime:0.000754s ]
INFO: WriteHtmlCache Behavior ::run [ RunTime:0.000607s ]
INFO: ShowRuntime Behavior ::run [ RunTime:0.000847s ]
INFO: [ view_filter ] --END-- [ RunTime:0.003328s ]
INFO: [ view_end ] --START--
INFO: ShowPageTrace Behavior ::run [ RunTime:0.000881s ]
INFO: [ view_end ] --END-- [ RunTime:0.000999s ]

[ 2014-04-14T15:56:19+08:00 ] 0.0.0.0 /dream/admin.php/Rotate/add
INFO: [ route_check ] --START--
INFO: CheckRoute Behavior ::run [ RunTime:0.001116s ]
INFO: [ route_check ] --END-- [ RunTime:0.001316s ]
INFO: [ app_begin ] --START--
INFO: ReadHtmlCache Behavior ::run [ RunTime:0.000932s ]
INFO: [ app_begin ] --END-- [ RunTime:0.001063s ]
INFO: [ view_parse ] --START--
INFO: ParseTemplate Behavior ::run [ RunTime:0.047714s ]
INFO: [ view_parse ] --END-- [ RunTime:0.047881s ]
INFO: [ view_filter ] --START--
INFO: ContentReplace Behavior ::run [ RunTime:0.000782s ]
INFO: TokenBuild Behavior ::run [ RunTime:0.000754s ]
INFO: WriteHtmlCache Behavior ::run [ RunTime:0.000607s ]
INFO: ShowRuntime Behavior ::run [ RunTime:0.000860s ]
INFO: [ view_filter ] --END-- [ RunTime:0.003359s ]
INFO: [ view_end ] --START--
INFO: ShowPageTrace Behavior ::run [ RunTime:0.000896s ]
INFO: [ view_end ] --END-- [ RunTime:0.001065s ]

[ 2014-04-14T15:56:21+08:00 ] 0.0.0.0 /dream/admin.php/Rotate/index
INFO: [ route_check ] --START--
INFO: CheckRoute Behavior ::run [ RunTime:0.001007s ]
INFO: [ route_check ] --END-- [ RunTime:0.001150s ]
INFO: [ app_begin ] --START--
INFO: ReadHtmlCache Behavior ::run [ RunTime:0.000962s ]
INFO: [ app_begin ] --END-- [ RunTime:0.001106s ]
SQL: SHOW COLUMNS FROM `rotate` [ RunTime:0.005753s ]
SQL: SELECT * FROM `rotate` ORDER BY sort desc,id desc  [ RunTime:0.000308s ]
INFO: [ view_parse ] --START--
NOTIC: [8] Undefined variable: alist D:\wamp\www\dream\admin\Runtime\Cache\34ee2342247f8358afe33345fe494d8d.php 第 78 行.
NOTIC: [8] Undefined variable: page D:\wamp\www\dream\admin\Runtime\Cache\34ee2342247f8358afe33345fe494d8d.php 第 108 行.
INFO: ParseTemplate Behavior ::run [ RunTime:0.048939s ]
INFO: [ view_parse ] --END-- [ RunTime:0.049074s ]
INFO: [ view_filter ] --START--
INFO: ContentReplace Behavior ::run [ RunTime:0.000794s ]
INFO: TokenBuild Behavior ::run [ RunTime:0.000754s ]
INFO: WriteHtmlCache Behavior ::run [ RunTime:0.000607s ]
INFO: ShowRuntime Behavior ::run [ RunTime:0.000840s ]
INFO: [ view_filter ] --END-- [ RunTime:0.003330s ]
INFO: [ view_end ] --START--
INFO: ShowPageTrace Behavior ::run [ RunTime:0.000881s ]
INFO: [ view_end ] --END-- [ RunTime:0.000999s ]

[ 2014-04-14T15:58:01+08:00 ] 0.0.0.0 /dream/admin.php/Public/menu/channel/5
INFO: [ route_check ] --START--
INFO: CheckRoute Behavior ::run [ RunTime:0.001110s ]
INFO: [ route_check ] --END-- [ RunTime:0.001249s ]
INFO: [ app_begin ] --START--
INFO: ReadHtmlCache Behavior ::run [ RunTime:0.000877s ]
INFO: [ app_begin ] --END-- [ RunTime:0.001001s ]
SQL: SHOW COLUMNS FROM `module` [ RunTime:0.011526s ]
SQL: SELECT * FROM `module` ORDER BY id  [ RunTime:0.001043s ]
INFO: [ view_parse ] --START--
INFO: ParseTemplate Behavior ::run [ RunTime:0.021428s ]
INFO: [ view_parse ] --END-- [ RunTime:0.021805s ]
INFO: [ view_filter ] --START--
INFO: ContentReplace Behavior ::run [ RunTime:0.001045s ]
INFO: TokenBuild Behavior ::run [ RunTime:0.001023s ]
INFO: WriteHtmlCache Behavior ::run [ RunTime:0.000869s ]
INFO: ShowRuntime Behavior ::run [ RunTime:0.001224s ]
INFO: [ view_filter ] --END-- [ RunTime:0.004627s ]
INFO: [ view_end ] --START--
INFO: ShowPageTrace Behavior ::run [ RunTime:0.001507s ]
INFO: [ view_end ] --END-- [ RunTime:0.001978s ]

[ 2014-04-14T15:58:02+08:00 ] 0.0.0.0 /dream/admin.php/Config
INFO: [ route_check ] --START--
INFO: CheckRoute Behavior ::run [ RunTime:0.001023s ]
INFO: [ route_check ] --END-- [ RunTime:0.001161s ]
INFO: [ app_begin ] --START--
INFO: ReadHtmlCache Behavior ::run [ RunTime:0.000882s ]
INFO: [ app_begin ] --END-- [ RunTime:0.001006s ]
SQL: SHOW COLUMNS FROM `config` [ RunTime:0.005882s ]
SQL: SELECT * FROM `config`  [ RunTime:0.000386s ]
INFO: [ view_parse ] --START--
INFO: ParseTemplate Behavior ::run [ RunTime:0.009942s ]
INFO: [ view_parse ] --END-- [ RunTime:0.010100s ]
INFO: [ view_filter ] --START--
INFO: ContentReplace Behavior ::run [ RunTime:0.000826s ]
INFO: TokenBuild Behavior ::run [ RunTime:0.000802s ]
INFO: WriteHtmlCache Behavior ::run [ RunTime:0.000805s ]
INFO: ShowRuntime Behavior ::run [ RunTime:0.000924s ]
INFO: [ view_filter ] --END-- [ RunTime:0.003726s ]
INFO: [ view_end ] --START--
INFO: ShowPageTrace Behavior ::run [ RunTime:0.000941s ]
INFO: [ view_end ] --END-- [ RunTime:0.001073s ]

