[ 2014-04-04T14:40:12+08:00 ] 0.0.0.0 /dream/admin.php
INFO: [ app_begin ] --START--
INFO: ReadHtmlCache Behavior ::run [ RunTime:0.000950s ]
INFO: [ app_begin ] --END-- [ RunTime:0.001100s ]

[ 2014-04-04T14:40:12+08:00 ] 0.0.0.0 /dream/admin.php/Login/index.html
INFO: [ route_check ] --START--
INFO: CheckRoute Behavior ::run [ RunTime:0.001038s ]
INFO: [ route_check ] --END-- [ RunTime:0.001182s ]
INFO: [ app_begin ] --START--
INFO: ReadHtmlCache Behavior ::run [ RunTime:0.000894s ]
INFO: [ app_begin ] --END-- [ RunTime:0.001018s ]
INFO: [ view_parse ] --START--
INFO: ParseTemplate Behavior ::run [ RunTime:0.041814s ]
INFO: [ view_parse ] --END-- [ RunTime:0.041978s ]
INFO: [ view_filter ] --START--
INFO: ContentReplace Behavior ::run [ RunTime:0.000855s ]
INFO: TokenBuild Behavior ::run [ RunTime:0.000766s ]
INFO: WriteHtmlCache Behavior ::run [ RunTime:0.000623s ]
INFO: ShowRuntime Behavior ::run [ RunTime:0.000849s ]
INFO: [ view_filter ] --END-- [ RunTime:0.003425s ]
INFO: [ view_end ] --START--
INFO: ShowPageTrace Behavior ::run [ RunTime:0.000898s ]
INFO: [ view_end ] --END-- [ RunTime:0.001019s ]

[ 2014-04-04T14:40:18+08:00 ] 0.0.0.0 /dream/admin.php/Login/doLogin
INFO: [ route_check ] --START--
INFO: CheckRoute Behavior ::run [ RunTime:0.000936s ]
INFO: [ route_check ] --END-- [ RunTime:0.001074s ]
INFO: [ app_begin ] --START--
INFO: ReadHtmlCache Behavior ::run [ RunTime:0.000640s ]
INFO: [ app_begin ] --END-- [ RunTime:0.000763s ]
SQL: SHOW COLUMNS FROM `user` [ RunTime:0.049502s ]
SQL: SELECT `uid` FROM `user` WHERE ( `username` = 'admin' ) LIMIT 1   [ RunTime:0.000349s ]

[ 2014-04-04T14:40:18+08:00 ] 0.0.0.0 /dream/admin.php/Index/index.html
INFO: [ route_check ] --START--
INFO: CheckRoute Behavior ::run [ RunTime:0.000649s ]
INFO: [ route_check ] --END-- [ RunTime:0.000789s ]
INFO: [ app_begin ] --START--
INFO: ReadHtmlCache Behavior ::run [ RunTime:0.000534s ]
INFO: [ app_begin ] --END-- [ RunTime:0.000656s ]
INFO: [ view_parse ] --START--
INFO: ParseTemplate Behavior ::run [ RunTime:0.034495s ]
INFO: [ view_parse ] --END-- [ RunTime:0.034677s ]
INFO: [ view_filter ] --START--
INFO: ContentReplace Behavior ::run [ RunTime:0.000555s ]
INFO: TokenBuild Behavior ::run [ RunTime:0.000545s ]
INFO: WriteHtmlCache Behavior ::run [ RunTime:0.000413s ]
INFO: ShowRuntime Behavior ::run [ RunTime:0.000627s ]
INFO: [ view_filter ] --END-- [ RunTime:0.002501s ]
INFO: [ view_end ] --START--
INFO: ShowPageTrace Behavior ::run [ RunTime:0.000669s ]
INFO: [ view_end ] --END-- [ RunTime:0.000799s ]

[ 2014-04-04T14:40:18+08:00 ] 0.0.0.0 /dream/admin.php/Public/top.html
INFO: [ route_check ] --START--
INFO: CheckRoute Behavior ::run [ RunTime:0.001147s ]
INFO: [ route_check ] --END-- [ RunTime:0.001417s ]
INFO: [ app_begin ] --START--
INFO: ReadHtmlCache Behavior ::run [ RunTime:0.000987s ]
INFO: [ app_begin ] --END-- [ RunTime:0.001219s ]
INFO: [ view_parse ] --START--
INFO: ParseTemplate Behavior ::run [ RunTime:0.027457s ]
INFO: [ view_parse ] --END-- [ RunTime:0.027732s ]
INFO: [ view_filter ] --START--
INFO: ContentReplace Behavior ::run [ RunTime:0.000726s ]
INFO: TokenBuild Behavior ::run [ RunTime:0.000921s ]
INFO: WriteHtmlCache Behavior ::run [ RunTime:0.000568s ]
INFO: ShowRuntime Behavior ::run [ RunTime:0.001238s ]
INFO: [ view_filter ] --END-- [ RunTime:0.004172s ]
INFO: [ view_end ] --START--
INFO: ShowPageTrace Behavior ::run [ RunTime:0.001282s ]
INFO: [ view_end ] --END-- [ RunTime:0.001541s ]

[ 2014-04-04T14:40:19+08:00 ] 0.0.0.0 /dream/admin.php/Public/main.html
INFO: [ route_check ] --START--
INFO: CheckRoute Behavior ::run [ RunTime:0.001672s ]
INFO: [ route_check ] --END-- [ RunTime:0.001936s ]
INFO: [ app_begin ] --START--
INFO: ReadHtmlCache Behavior ::run [ RunTime:0.001586s ]
INFO: [ app_begin ] --END-- [ RunTime:0.001833s ]
INFO: [ view_parse ] --START--
INFO: ParseTemplate Behavior ::run [ RunTime:0.026750s ]
INFO: [ view_parse ] --END-- [ RunTime:0.027118s ]
INFO: [ view_filter ] --START--
INFO: ContentReplace Behavior ::run [ RunTime:0.001291s ]
INFO: TokenBuild Behavior ::run [ RunTime:0.000804s ]
INFO: WriteHtmlCache Behavior ::run [ RunTime:0.000648s ]
INFO: ShowRuntime Behavior ::run [ RunTime:0.000853s ]
INFO: [ view_filter ] --END-- [ RunTime:0.004001s ]
INFO: [ view_end ] --START--
INFO: ShowPageTrace Behavior ::run [ RunTime:0.000897s ]
INFO: [ view_end ] --END-- [ RunTime:0.001019s ]

[ 2014-04-04T14:40:19+08:00 ] 0.0.0.0 /dream/admin.php/Public/menu.html
INFO: [ route_check ] --START--
INFO: CheckRoute Behavior ::run [ RunTime:0.001623s ]
INFO: [ route_check ] --END-- [ RunTime:0.001941s ]
INFO: [ app_begin ] --START--
INFO: ReadHtmlCache Behavior ::run [ RunTime:0.000965s ]
INFO: [ app_begin ] --END-- [ RunTime:0.001190s ]
SQL: SHOW COLUMNS FROM `module` [ RunTime:0.010136s ]
SQL: SELECT * FROM `module` ORDER BY id  [ RunTime:0.000609s ]
INFO: [ view_parse ] --START--
NOTIC: [8] Undefined index: channel D:\wamp\www\dream\admin\Runtime\Cache\344adff84fc2b75cfa6026542dd95e8c.php 第 12 行.
NOTIC: [8] Undefined index: channel D:\wamp\www\dream\admin\Runtime\Cache\344adff84fc2b75cfa6026542dd95e8c.php 第 31 行.
NOTIC: [8] Undefined index: channel D:\wamp\www\dream\admin\Runtime\Cache\344adff84fc2b75cfa6026542dd95e8c.php 第 56 行.
NOTIC: [8] Undefined index: channel D:\wamp\www\dream\admin\Runtime\Cache\344adff84fc2b75cfa6026542dd95e8c.php 第 85 行.
NOTIC: [8] Undefined index: channel D:\wamp\www\dream\admin\Runtime\Cache\344adff84fc2b75cfa6026542dd95e8c.php 第 114 行.
INFO: ParseTemplate Behavior ::run [ RunTime:0.095404s ]
INFO: [ view_parse ] --END-- [ RunTime:0.095603s ]
INFO: [ view_filter ] --START--
INFO: ContentReplace Behavior ::run [ RunTime:0.000758s ]
INFO: TokenBuild Behavior ::run [ RunTime:0.000753s ]
INFO: WriteHtmlCache Behavior ::run [ RunTime:0.000540s ]
INFO: ShowRuntime Behavior ::run [ RunTime:0.000956s ]
INFO: [ view_filter ] --END-- [ RunTime:0.003486s ]
INFO: [ view_end ] --START--
INFO: ShowPageTrace Behavior ::run [ RunTime:0.001092s ]
INFO: [ view_end ] --END-- [ RunTime:0.001241s ]

[ 2014-04-04T14:40:21+08:00 ] 0.0.0.0 /dream/admin.php/Public/menu/channel/2
INFO: [ route_check ] --START--
INFO: CheckRoute Behavior ::run [ RunTime:0.002045s ]
INFO: [ route_check ] --END-- [ RunTime:0.002341s ]
INFO: [ app_begin ] --START--
INFO: ReadHtmlCache Behavior ::run [ RunTime:0.001793s ]
INFO: [ app_begin ] --END-- [ RunTime:0.002056s ]
SQL: SHOW COLUMNS FROM `module` [ RunTime:0.026833s ]
SQL: SELECT * FROM `module` ORDER BY id  [ RunTime:0.000499s ]
INFO: [ view_parse ] --START--
INFO: ParseTemplate Behavior ::run [ RunTime:0.015105s ]
INFO: [ view_parse ] --END-- [ RunTime:0.015293s ]
INFO: [ view_filter ] --START--
INFO: ContentReplace Behavior ::run [ RunTime:0.000977s ]
INFO: TokenBuild Behavior ::run [ RunTime:0.001100s ]
INFO: WriteHtmlCache Behavior ::run [ RunTime:0.000774s ]
INFO: ShowRuntime Behavior ::run [ RunTime:0.001494s ]
INFO: [ view_filter ] --END-- [ RunTime:0.004812s ]
INFO: [ view_end ] --START--
INFO: ShowPageTrace Behavior ::run [ RunTime:0.001215s ]
INFO: [ view_end ] --END-- [ RunTime:0.001349s ]

[ 2014-04-04T14:40:23+08:00 ] 0.0.0.0 /dream/admin.php/Public/menu/channel/4
INFO: [ route_check ] --START--
INFO: CheckRoute Behavior ::run [ RunTime:0.000991s ]
INFO: [ route_check ] --END-- [ RunTime:0.001137s ]
INFO: [ app_begin ] --START--
INFO: ReadHtmlCache Behavior ::run [ RunTime:0.000847s ]
INFO: [ app_begin ] --END-- [ RunTime:0.000974s ]
SQL: SHOW COLUMNS FROM `module` [ RunTime:0.005948s ]
SQL: SELECT * FROM `module` ORDER BY id  [ RunTime:0.000470s ]
INFO: [ view_parse ] --START--
INFO: ParseTemplate Behavior ::run [ RunTime:0.012616s ]
INFO: [ view_parse ] --END-- [ RunTime:0.012770s ]
INFO: [ view_filter ] --START--
INFO: ContentReplace Behavior ::run [ RunTime:0.000803s ]
INFO: TokenBuild Behavior ::run [ RunTime:0.000755s ]
INFO: WriteHtmlCache Behavior ::run [ RunTime:0.000610s ]
INFO: ShowRuntime Behavior ::run [ RunTime:0.000839s ]
INFO: [ view_filter ] --END-- [ RunTime:0.003340s ]
INFO: [ view_end ] --START--
INFO: ShowPageTrace Behavior ::run [ RunTime:0.000901s ]
INFO: [ view_end ] --END-- [ RunTime:0.001042s ]

[ 2014-04-04T14:40:25+08:00 ] 0.0.0.0 /dream/admin.php/Article/index
INFO: [ route_check ] --START--
INFO: CheckRoute Behavior ::run [ RunTime:0.000987s ]
INFO: [ route_check ] --END-- [ RunTime:0.001139s ]
INFO: [ app_begin ] --START--
INFO: ReadHtmlCache Behavior ::run [ RunTime:0.000869s ]
INFO: [ app_begin ] --END-- [ RunTime:0.000999s ]
SQL: SHOW COLUMNS FROM `article` [ RunTime:0.007512s ]
SQL: SELECT * FROM `article` ORDER BY id  [ RunTime:0.000417s ]
SQL: SHOW COLUMNS FROM `category` [ RunTime:0.005139s ]
SQL: SELECT * FROM `category` WHERE ( 1=1 AND id='1' ) LIMIT 1   [ RunTime:0.011616s ]
SQL: SELECT * FROM `category` WHERE ( 1=1 AND id='1' ) LIMIT 1   [ RunTime:0.000394s ]
SQL: SELECT * FROM `category` WHERE ( 1=1 AND id='26' ) LIMIT 1   [ RunTime:0.000380s ]
SQL: SELECT * FROM `category` WHERE ( 1=1 AND id='1' ) LIMIT 1   [ RunTime:0.000364s ]
SQL: SELECT * FROM `category` WHERE ( 1=1 AND id='1' ) LIMIT 1   [ RunTime:0.000307s ]
SQL: SELECT * FROM `category` WHERE ( 1=1 AND id='10' ) LIMIT 1   [ RunTime:0.000320s ]
INFO: [ view_parse ] --START--
NOTIC: [8] Undefined variable: page D:\wamp\www\dream\admin\Runtime\Cache\6a0fa1355e20b485f823227ab394fc93.php 第 92 行.
INFO: ParseTemplate Behavior ::run [ RunTime:0.016024s ]
INFO: [ view_parse ] --END-- [ RunTime:0.016194s ]
INFO: [ view_filter ] --START--
INFO: ContentReplace Behavior ::run [ RunTime:0.000798s ]
INFO: TokenBuild Behavior ::run [ RunTime:0.000758s ]
INFO: WriteHtmlCache Behavior ::run [ RunTime:0.000611s ]
INFO: ShowRuntime Behavior ::run [ RunTime:0.000896s ]
INFO: [ view_filter ] --END-- [ RunTime:0.003407s ]
INFO: [ view_end ] --START--
INFO: ShowPageTrace Behavior ::run [ RunTime:0.000949s ]
INFO: [ view_end ] --END-- [ RunTime:0.001071s ]

[ 2014-04-04T14:40:38+08:00 ] 0.0.0.0 /dream/admin.php/Article/index
INFO: [ route_check ] --START--
INFO: CheckRoute Behavior ::run [ RunTime:0.001028s ]
INFO: [ route_check ] --END-- [ RunTime:0.001178s ]
INFO: [ app_begin ] --START--
INFO: ReadHtmlCache Behavior ::run [ RunTime:0.001207s ]
INFO: [ app_begin ] --END-- [ RunTime:0.001371s ]
SQL: SHOW COLUMNS FROM `article` [ RunTime:0.006153s ]
SQL: SELECT * FROM `article` ORDER BY id  [ RunTime:0.000435s ]
SQL: SHOW COLUMNS FROM `category` [ RunTime:0.004827s ]
SQL: SELECT * FROM `category` WHERE ( 1=1 AND id='1' ) LIMIT 1   [ RunTime:0.000349s ]
SQL: SELECT * FROM `category` WHERE ( 1=1 AND id='1' ) LIMIT 1   [ RunTime:0.000251s ]
SQL: SELECT * FROM `category` WHERE ( 1=1 AND id='26' ) LIMIT 1   [ RunTime:0.000248s ]
SQL: SELECT * FROM `category` WHERE ( 1=1 AND id='1' ) LIMIT 1   [ RunTime:0.000239s ]
SQL: SELECT * FROM `category` WHERE ( 1=1 AND id='1' ) LIMIT 1   [ RunTime:0.000257s ]
SQL: SELECT * FROM `category` WHERE ( 1=1 AND id='10' ) LIMIT 1   [ RunTime:0.000257s ]
INFO: [ view_parse ] --START--
NOTIC: [8] Undefined variable: page D:\wamp\www\dream\admin\Runtime\Cache\6a0fa1355e20b485f823227ab394fc93.php 第 92 行.
INFO: ParseTemplate Behavior ::run [ RunTime:0.010519s ]
INFO: [ view_parse ] --END-- [ RunTime:0.010654s ]
INFO: [ view_filter ] --START--
INFO: ContentReplace Behavior ::run [ RunTime:0.000770s ]
INFO: TokenBuild Behavior ::run [ RunTime:0.000851s ]
INFO: WriteHtmlCache Behavior ::run [ RunTime:0.000632s ]
INFO: ShowRuntime Behavior ::run [ RunTime:0.000844s ]
INFO: [ view_filter ] --END-- [ RunTime:0.003437s ]
INFO: [ view_end ] --START--
INFO: ShowPageTrace Behavior ::run [ RunTime:0.000881s ]
INFO: [ view_end ] --END-- [ RunTime:0.001000s ]

[ 2014-04-04T14:57:19+08:00 ] 0.0.0.0 /dream/admin.php/Article/index
INFO: [ route_check ] --START--
INFO: CheckRoute Behavior ::run [ RunTime:0.001129s ]
INFO: [ route_check ] --END-- [ RunTime:0.001280s ]
INFO: [ app_begin ] --START--
INFO: ReadHtmlCache Behavior ::run [ RunTime:0.000644s ]
INFO: [ app_begin ] --END-- [ RunTime:0.000769s ]
SQL: SHOW COLUMNS FROM `article` [ RunTime:0.006395s ]
SQL: SELECT * FROM `article` ORDER BY id  [ RunTime:0.000411s ]
SQL: SHOW COLUMNS FROM `category` [ RunTime:0.005059s ]
SQL: SELECT * FROM `category` WHERE ( 1=1 AND id='1' ) LIMIT 1   [ RunTime:0.000420s ]
SQL: SELECT * FROM `category` WHERE ( 1=1 AND id='1' ) LIMIT 1   [ RunTime:0.000284s ]
SQL: SELECT * FROM `category` WHERE ( 1=1 AND id='26' ) LIMIT 1   [ RunTime:0.000300s ]
SQL: SELECT * FROM `category` WHERE ( 1=1 AND id='1' ) LIMIT 1   [ RunTime:0.000260s ]
SQL: SELECT * FROM `category` WHERE ( 1=1 AND id='1' ) LIMIT 1   [ RunTime:0.000256s ]
SQL: SELECT * FROM `category` WHERE ( 1=1 AND id='10' ) LIMIT 1   [ RunTime:0.000245s ]
INFO: [ view_parse ] --START--
NOTIC: [8] Undefined variable: page D:\wamp\www\dream\admin\Runtime\Cache\6a0fa1355e20b485f823227ab394fc93.php 第 92 行.
INFO: ParseTemplate Behavior ::run [ RunTime:0.010996s ]
INFO: [ view_parse ] --END-- [ RunTime:0.011127s ]
INFO: [ view_filter ] --START--
INFO: ContentReplace Behavior ::run [ RunTime:0.000563s ]
INFO: TokenBuild Behavior ::run [ RunTime:0.000526s ]
INFO: WriteHtmlCache Behavior ::run [ RunTime:0.000385s ]
INFO: ShowRuntime Behavior ::run [ RunTime:0.000621s ]
INFO: [ view_filter ] --END-- [ RunTime:0.002423s ]
INFO: [ view_end ] --START--
INFO: ShowPageTrace Behavior ::run [ RunTime:0.000653s ]
INFO: [ view_end ] --END-- [ RunTime:0.000779s ]

