[ 2014-06-09T11:01:09+08:00 ] ::1 /kucms/
INFO: [ app_init ] --START--
INFO: Run Behavior\BuildLiteBehavior [ RunTime:0.000066s ]
INFO: [ app_init ] --END-- [ RunTime:0.016967s ]

[ 2014-06-09T11:01:52+08:00 ] ::1 /kucms/
INFO: [ app_init ] --START--
INFO: Run Behavior\BuildLiteBehavior [ RunTime:0.000031s ]
INFO: [ app_init ] --END-- [ RunTime:0.000569s ]

[ 2014-06-09T11:01:52+08:00 ] ::1 /kucms/
INFO: [ app_init ] --START--
INFO: Run Behavior\BuildLiteBehavior [ RunTime:0.000031s ]
INFO: [ app_init ] --END-- [ RunTime:0.000608s ]

[ 2014-06-09T11:01:53+08:00 ] ::1 /kucms/
INFO: [ app_init ] --START--
INFO: Run Behavior\BuildLiteBehavior [ RunTime:0.000028s ]
INFO: [ app_init ] --END-- [ RunTime:0.000516s ]

[ 2014-06-09T11:02:48+08:00 ] ::1 /kucms/
INFO: [ app_init ] --START--
INFO: Run Behavior\BuildLiteBehavior [ RunTime:0.000029s ]
INFO: [ app_init ] --END-- [ RunTime:0.000521s ]

[ 2014-06-09T11:02:49+08:00 ] ::1 /kucms/
INFO: [ app_init ] --START--
INFO: Run Behavior\BuildLiteBehavior [ RunTime:0.000027s ]
INFO: [ app_init ] --END-- [ RunTime:0.000508s ]

[ 2014-06-09T11:02:49+08:00 ] ::1 /kucms/
INFO: [ app_init ] --START--
INFO: Run Behavior\BuildLiteBehavior [ RunTime:0.000029s ]
INFO: [ app_init ] --END-- [ RunTime:0.000522s ]

[ 2014-06-09T11:02:49+08:00 ] ::1 /kucms/
INFO: [ app_init ] --START--
INFO: Run Behavior\BuildLiteBehavior [ RunTime:0.000033s ]
INFO: [ app_init ] --END-- [ RunTime:0.000584s ]

[ 2014-06-09T11:04:44+08:00 ] ::1 /kucms/
INFO: [ app_init ] --START--
INFO: Run Behavior\BuildLiteBehavior [ RunTime:0.000031s ]
INFO: [ app_init ] --END-- [ RunTime:0.000528s ]

[ 2014-06-09T11:04:44+08:00 ] ::1 /kucms/
INFO: [ app_init ] --START--
INFO: Run Behavior\BuildLiteBehavior [ RunTime:0.000028s ]
INFO: [ app_init ] --END-- [ RunTime:0.000508s ]

[ 2014-06-09T11:04:45+08:00 ] ::1 /kucms/
INFO: [ app_init ] --START--
INFO: Run Behavior\BuildLiteBehavior [ RunTime:0.000031s ]
INFO: [ app_init ] --END-- [ RunTime:0.000573s ]

[ 2014-06-09T11:06:09+08:00 ] ::1 /kucms/
INFO: [ app_init ] --START--
INFO: Run Behavior\BuildLiteBehavior [ RunTime:0.000044s ]
INFO: [ app_init ] --END-- [ RunTime:0.000750s ]

[ 2014-06-09T11:06:10+08:00 ] ::1 /kucms/
INFO: [ app_init ] --START--
INFO: Run Behavior\BuildLiteBehavior [ RunTime:0.000048s ]
INFO: [ app_init ] --END-- [ RunTime:0.000770s ]

[ 2014-06-09T11:06:10+08:00 ] ::1 /kucms/
INFO: [ app_init ] --START--
INFO: Run Behavior\BuildLiteBehavior [ RunTime:0.000031s ]
INFO: [ app_init ] --END-- [ RunTime:0.000625s ]

[ 2014-06-09T11:06:40+08:00 ] ::1 /kucms/
INFO: [ app_init ] --START--
INFO: Run Behavior\BuildLiteBehavior [ RunTime:0.000029s ]
INFO: [ app_init ] --END-- [ RunTime:0.000518s ]

[ 2014-06-09T11:06:41+08:00 ] ::1 /kucms/
INFO: [ app_init ] --START--
INFO: Run Behavior\BuildLiteBehavior [ RunTime:0.000029s ]
INFO: [ app_init ] --END-- [ RunTime:0.000520s ]

[ 2014-06-09T11:06:41+08:00 ] ::1 /kucms/
INFO: [ app_init ] --START--
INFO: Run Behavior\BuildLiteBehavior [ RunTime:0.000031s ]
INFO: [ app_init ] --END-- [ RunTime:0.000524s ]

[ 2014-06-09T11:06:42+08:00 ] ::1 /kucms/
INFO: [ app_init ] --START--
INFO: Run Behavior\BuildLiteBehavior [ RunTime:0.000032s ]
INFO: [ app_init ] --END-- [ RunTime:0.000684s ]

[ 2014-06-09T11:06:52+08:00 ] ::1 /kucms/
INFO: [ app_init ] --START--
INFO: Run Behavior\BuildLiteBehavior [ RunTime:0.000029s ]
INFO: [ app_init ] --END-- [ RunTime:0.000517s ]

[ 2014-06-09T11:09:02+08:00 ] ::1 /kucms/
INFO: [ app_init ] --START--
INFO: Run Behavior\BuildLiteBehavior [ RunTime:0.000030s ]
INFO: [ app_init ] --END-- [ RunTime:0.000608s ]

[ 2014-06-09T11:10:26+08:00 ] ::1 /kucms/index.php
INFO: [ app_init ] --START--
INFO: Run Behavior\BuildLiteBehavior [ RunTime:0.000031s ]
INFO: [ app_init ] --END-- [ RunTime:0.000584s ]

[ 2014-06-09T11:10:26+08:00 ] ::1 /kucms/index.php/Home/List/index/module/Page/id/112
INFO: [ app_init ] --START--
INFO: Run Behavior\BuildLiteBehavior [ RunTime:0.000030s ]
INFO: [ app_init ] --END-- [ RunTime:0.000553s ]

[ 2014-06-09T11:10:29+08:00 ] ::1 /kucms/index.php/Home/List/index/module/Page/id/114
INFO: [ app_init ] --START--
INFO: Run Behavior\BuildLiteBehavior [ RunTime:0.000029s ]
INFO: [ app_init ] --END-- [ RunTime:0.000534s ]

[ 2014-06-09T11:10:31+08:00 ] ::1 /kucms/index.php
INFO: [ app_init ] --START--
INFO: Run Behavior\BuildLiteBehavior [ RunTime:0.000057s ]
INFO: [ app_init ] --END-- [ RunTime:0.000818s ]

[ 2014-06-09T14:01:25+08:00 ] ::1 /kucms/index.php
INFO: [ app_init ] --START--
INFO: Run Behavior\BuildLiteBehavior [ RunTime:0.000031s ]
INFO: [ app_init ] --END-- [ RunTime:0.000549s ]

[ 2014-06-09T14:10:56+08:00 ] ::1 /kucms/index.php/Home/List/index/module/Page/id/112
INFO: [ app_init ] --START--
INFO: Run Behavior\BuildLiteBehavior [ RunTime:0.000030s ]
INFO: [ app_init ] --END-- [ RunTime:0.000533s ]

[ 2014-06-09T14:10:57+08:00 ] ::1 /kucms/index.php
INFO: [ app_init ] --START--
INFO: Run Behavior\BuildLiteBehavior [ RunTime:0.000029s ]
INFO: [ app_init ] --END-- [ RunTime:0.000513s ]

[ 2014-06-09T14:11:16+08:00 ] ::1 /kucms/index.php
INFO: [ app_init ] --START--
INFO: Run Behavior\BuildLiteBehavior [ RunTime:0.000031s ]
INFO: [ app_init ] --END-- [ RunTime:0.000530s ]

[ 2014-06-09T14:12:12+08:00 ] ::1 /kucms/index.php
INFO: [ app_init ] --START--
INFO: Run Behavior\BuildLiteBehavior [ RunTime:0.000031s ]
INFO: [ app_init ] --END-- [ RunTime:0.000539s ]

[ 2014-06-09T14:12:13+08:00 ] ::1 /kucms/index.php
INFO: [ app_init ] --START--
INFO: Run Behavior\BuildLiteBehavior [ RunTime:0.000031s ]
INFO: [ app_init ] --END-- [ RunTime:0.000539s ]

[ 2014-06-09T14:13:41+08:00 ] ::1 /kucms/index.php
INFO: [ app_init ] --START--
INFO: Run Behavior\BuildLiteBehavior [ RunTime:0.000030s ]
INFO: [ app_init ] --END-- [ RunTime:0.000546s ]

[ 2014-06-09T14:14:42+08:00 ] ::1 /kucms/index.php
INFO: [ app_init ] --START--
INFO: Run Behavior\BuildLiteBehavior [ RunTime:0.000032s ]
INFO: [ app_init ] --END-- [ RunTime:0.000538s ]

[ 2014-06-09T14:14:43+08:00 ] ::1 /kucms/index.php
INFO: [ app_init ] --START--
INFO: Run Behavior\BuildLiteBehavior [ RunTime:0.000031s ]
INFO: [ app_init ] --END-- [ RunTime:0.000527s ]

[ 2014-06-09T14:15:03+08:00 ] ::1 /kucms/index.php
INFO: [ app_init ] --START--
INFO: Run Behavior\BuildLiteBehavior [ RunTime:0.000033s ]
INFO: [ app_init ] --END-- [ RunTime:0.000558s ]

[ 2014-06-09T14:16:04+08:00 ] ::1 /kucms/index.php
INFO: [ app_init ] --START--
INFO: Run Behavior\BuildLiteBehavior [ RunTime:0.000030s ]
INFO: [ app_init ] --END-- [ RunTime:0.000522s ]

[ 2014-06-09T14:17:53+08:00 ] ::1 /kucms/index.php
INFO: [ app_init ] --START--
INFO: Run Behavior\BuildLiteBehavior [ RunTime:0.000053s ]
INFO: [ app_init ] --END-- [ RunTime:0.000837s ]

[ 2014-06-09T14:18:12+08:00 ] ::1 /kucms/index.php/admin
INFO: [ app_init ] --START--
INFO: Run Behavior\BuildLiteBehavior [ RunTime:0.000048s ]
INFO: [ app_init ] --END-- [ RunTime:0.000659s ]
INFO: [ app_begin ] --START--
INFO: Run Behavior\ReadHtmlCacheBehavior [ RunTime:0.001013s ]
INFO: [ app_begin ] --END-- [ RunTime:0.001158s ]
INFO: [ view_parse ] --START--
INFO: [ template_filter ] --START--
INFO: Run Behavior\ContentReplaceBehavior [ RunTime:0.000063s ]
INFO: [ template_filter ] --END-- [ RunTime:0.000197s ]
INFO: Run Behavior\ParseTemplateBehavior [ RunTime:0.026993s ]
INFO: [ view_parse ] --END-- [ RunTime:0.027152s ]
INFO: [ view_filter ] --START--
INFO: Run Behavior\WriteHtmlCacheBehavior [ RunTime:0.000817s ]
INFO: [ view_filter ] --END-- [ RunTime:0.000955s ]
INFO: [ app_end ] --START--
INFO: Run Behavior\ShowPageTraceBehavior [ RunTime:0.001100s ]
INFO: [ app_end ] --END-- [ RunTime:0.001247s ]

[ 2014-06-09T14:18:12+08:00 ] ::1 /kucms/index.php/Admin/Public/top.html
INFO: [ app_init ] --START--
INFO: Run Behavior\BuildLiteBehavior [ RunTime:0.000055s ]
INFO: [ app_init ] --END-- [ RunTime:0.000979s ]
INFO: [ app_begin ] --START--
INFO: Run Behavior\ReadHtmlCacheBehavior [ RunTime:0.001543s ]
INFO: [ app_begin ] --END-- [ RunTime:0.001834s ]
INFO: [ view_parse ] --START--
INFO: [ template_filter ] --START--
INFO: Run Behavior\ContentReplaceBehavior [ RunTime:0.000080s ]
INFO: [ template_filter ] --END-- [ RunTime:0.000215s ]
INFO: Run Behavior\ParseTemplateBehavior [ RunTime:0.066000s ]
INFO: [ view_parse ] --END-- [ RunTime:0.066152s ]
INFO: [ view_filter ] --START--
INFO: Run Behavior\WriteHtmlCacheBehavior [ RunTime:0.000645s ]
INFO: [ view_filter ] --END-- [ RunTime:0.000769s ]
INFO: [ app_end ] --START--
INFO: Run Behavior\ShowPageTraceBehavior [ RunTime:0.000926s ]
INFO: [ app_end ] --END-- [ RunTime:0.001053s ]

[ 2014-06-09T14:18:12+08:00 ] ::1 /kucms/index.php/Admin/Public/main.html
INFO: [ app_init ] --START--
INFO: Run Behavior\BuildLiteBehavior [ RunTime:0.000055s ]
INFO: [ app_init ] --END-- [ RunTime:0.000930s ]
INFO: [ app_begin ] --START--
INFO: Run Behavior\ReadHtmlCacheBehavior [ RunTime:0.001220s ]
INFO: [ app_begin ] --END-- [ RunTime:0.001450s ]
INFO: [ view_parse ] --START--
INFO: [ template_filter ] --START--
INFO: Run Behavior\ContentReplaceBehavior [ RunTime:0.000081s ]
INFO: [ template_filter ] --END-- [ RunTime:0.000220s ]
INFO: Run Behavior\ParseTemplateBehavior [ RunTime:0.041241s ]
INFO: [ view_parse ] --END-- [ RunTime:0.041510s ]
INFO: [ view_filter ] --START--
INFO: Run Behavior\WriteHtmlCacheBehavior [ RunTime:0.000897s ]
INFO: [ view_filter ] --END-- [ RunTime:0.001133s ]
INFO: [ app_end ] --START--
INFO: Run Behavior\ShowPageTraceBehavior [ RunTime:0.001274s ]
INFO: [ app_end ] --END-- [ RunTime:0.001492s ]

[ 2014-06-09T14:18:12+08:00 ] ::1 /kucms/index.php/Admin/Public/menu.html
INFO: [ app_init ] --START--
INFO: Run Behavior\BuildLiteBehavior [ RunTime:0.000055s ]
INFO: [ app_init ] --END-- [ RunTime:0.000982s ]
INFO: [ app_begin ] --START--
INFO: Run Behavior\ReadHtmlCacheBehavior [ RunTime:0.001057s ]
INFO: [ app_begin ] --END-- [ RunTime:0.001201s ]
SQL: SHOW COLUMNS FROM `module` [ RunTime:0.009790s ]
SQL: SELECT * FROM `module` ORDER BY id  [ RunTime:0.010768s ]
INFO: [ view_parse ] --START--
INFO: [ template_filter ] --START--
INFO: Run Behavior\ContentReplaceBehavior [ RunTime:0.000093s ]
INFO: [ template_filter ] --END-- [ RunTime:0.000225s ]
NOTIC: [8] Undefined index: channel D:\wamp\www\kucms\Application\Runtime\Cache\Admin\fc6fd01631273ba50d3bc9f2f442211f.php 第 12 行.
NOTIC: [8] Undefined index: channel D:\wamp\www\kucms\Application\Runtime\Cache\Admin\fc6fd01631273ba50d3bc9f2f442211f.php 第 31 行.
NOTIC: [8] Undefined index: channel D:\wamp\www\kucms\Application\Runtime\Cache\Admin\fc6fd01631273ba50d3bc9f2f442211f.php 第 54 行.
NOTIC: [8] Undefined index: channel D:\wamp\www\kucms\Application\Runtime\Cache\Admin\fc6fd01631273ba50d3bc9f2f442211f.php 第 84 行.
NOTIC: [8] Undefined index: channel D:\wamp\www\kucms\Application\Runtime\Cache\Admin\fc6fd01631273ba50d3bc9f2f442211f.php 第 114 行.
INFO: Run Behavior\ParseTemplateBehavior [ RunTime:0.195686s ]
INFO: [ view_parse ] --END-- [ RunTime:0.195902s ]
INFO: [ view_filter ] --START--
INFO: Run Behavior\WriteHtmlCacheBehavior [ RunTime:0.000997s ]
INFO: [ view_filter ] --END-- [ RunTime:0.001236s ]
INFO: [ app_end ] --START--
INFO: Run Behavior\ShowPageTraceBehavior [ RunTime:0.001231s ]
INFO: [ app_end ] --END-- [ RunTime:0.001365s ]

[ 2014-06-09T14:18:14+08:00 ] ::1 /kucms/index.php/Admin/Public/menu/channel/2
INFO: [ app_init ] --START--
INFO: Run Behavior\BuildLiteBehavior [ RunTime:0.000030s ]
INFO: [ app_init ] --END-- [ RunTime:0.000572s ]
INFO: [ app_begin ] --START--
INFO: Run Behavior\ReadHtmlCacheBehavior [ RunTime:0.000895s ]
INFO: [ app_begin ] --END-- [ RunTime:0.001021s ]
SQL: SHOW COLUMNS FROM `module` [ RunTime:0.006753s ]
SQL: SELECT * FROM `module` ORDER BY id  [ RunTime:0.000492s ]
INFO: [ view_parse ] --START--
INFO: [ template_filter ] --START--
INFO: Run Behavior\ContentReplaceBehavior [ RunTime:0.000093s ]
INFO: [ template_filter ] --END-- [ RunTime:0.000226s ]
INFO: Run Behavior\ParseTemplateBehavior [ RunTime:0.020561s ]
INFO: [ view_parse ] --END-- [ RunTime:0.020726s ]
INFO: [ view_filter ] --START--
INFO: Run Behavior\WriteHtmlCacheBehavior [ RunTime:0.000667s ]
INFO: [ view_filter ] --END-- [ RunTime:0.000791s ]
INFO: [ app_end ] --START--
INFO: Run Behavior\ShowPageTraceBehavior [ RunTime:0.000922s ]
INFO: [ app_end ] --END-- [ RunTime:0.001041s ]

[ 2014-06-09T14:18:16+08:00 ] ::1 /kucms/index.php/Admin/Category
INFO: [ app_init ] --START--
INFO: Run Behavior\BuildLiteBehavior [ RunTime:0.000030s ]
INFO: [ app_init ] --END-- [ RunTime:0.000572s ]
INFO: [ app_begin ] --START--
INFO: Run Behavior\ReadHtmlCacheBehavior [ RunTime:0.001489s ]
INFO: [ app_begin ] --END-- [ RunTime:0.001689s ]
SQL: SHOW COLUMNS FROM `category` [ RunTime:0.013676s ]
SQL: SELECT `id`,`cname`,`fid`,`moduleid`,`path`,`isshow`,`sort`,concat(path,'-',id) AS `bpath` FROM `category` ORDER BY bpath asc  [ RunTime:0.010630s ]
SQL: SHOW COLUMNS FROM `module` [ RunTime:0.013013s ]
SQL: SELECT * FROM `module` WHERE ( 1=1 AND id='3' ) LIMIT 1   [ RunTime:0.020341s ]
SQL: SELECT * FROM `module` WHERE ( 1=1 AND id='1' ) LIMIT 1   [ RunTime:0.000503s ]
SQL: SELECT * FROM `module` WHERE ( 1=1 AND id='4' ) LIMIT 1   [ RunTime:0.000445s ]
SQL: SELECT * FROM `module` WHERE ( 1=1 AND id='1' ) LIMIT 1   [ RunTime:0.000441s ]
SQL: SELECT * FROM `module` WHERE ( 1=1 AND id='3' ) LIMIT 1   [ RunTime:0.000435s ]
SQL: SELECT * FROM `module` WHERE ( 1=1 AND id='1' ) LIMIT 1   [ RunTime:0.000433s ]
SQL: SELECT * FROM `module` WHERE ( 1=1 AND id='1' ) LIMIT 1   [ RunTime:0.000515s ]
SQL: SELECT * FROM `module` WHERE ( 1=1 AND id='1' ) LIMIT 1   [ RunTime:0.000645s ]
SQL: SELECT * FROM `module` WHERE ( 1=1 AND id='1' ) LIMIT 1   [ RunTime:0.000464s ]
SQL: SELECT * FROM `module` WHERE ( 1=1 AND id='2' ) LIMIT 1   [ RunTime:0.000450s ]
SQL: SELECT * FROM `module` WHERE ( 1=1 AND id='2' ) LIMIT 1   [ RunTime:0.000436s ]
SQL: SELECT * FROM `module` WHERE ( 1=1 AND id='1' ) LIMIT 1   [ RunTime:0.000466s ]
SQL: SELECT * FROM `module` WHERE ( 1=1 AND id='2' ) LIMIT 1   [ RunTime:0.000478s ]
INFO: [ view_parse ] --START--
INFO: [ template_filter ] --START--
INFO: Run Behavior\ContentReplaceBehavior [ RunTime:0.000196s ]
INFO: [ template_filter ] --END-- [ RunTime:0.000478s ]
NOTIC: [8] Undefined index: cat_id D:\wamp\www\kucms\Application\Runtime\Cache\Admin\9bfef0f9f473c596f668b6c9a32bfd5c.php 第 127 行.
NOTIC: [8] Undefined index: cat_id D:\wamp\www\kucms\Application\Runtime\Cache\Admin\9bfef0f9f473c596f668b6c9a32bfd5c.php 第 127 行.
NOTIC: [8] Undefined index: cat_id D:\wamp\www\kucms\Application\Runtime\Cache\Admin\9bfef0f9f473c596f668b6c9a32bfd5c.php 第 127 行.
NOTIC: [8] Undefined index: cat_id D:\wamp\www\kucms\Application\Runtime\Cache\Admin\9bfef0f9f473c596f668b6c9a32bfd5c.php 第 127 行.
NOTIC: [8] Undefined index: cat_id D:\wamp\www\kucms\Application\Runtime\Cache\Admin\9bfef0f9f473c596f668b6c9a32bfd5c.php 第 127 行.
NOTIC: [8] Undefined index: cat_id D:\wamp\www\kucms\Application\Runtime\Cache\Admin\9bfef0f9f473c596f668b6c9a32bfd5c.php 第 127 行.
NOTIC: [8] Undefined index: cat_id D:\wamp\www\kucms\Application\Runtime\Cache\Admin\9bfef0f9f473c596f668b6c9a32bfd5c.php 第 127 行.
NOTIC: [8] Undefined index: cat_id D:\wamp\www\kucms\Application\Runtime\Cache\Admin\9bfef0f9f473c596f668b6c9a32bfd5c.php 第 127 行.
NOTIC: [8] Undefined index: cat_id D:\wamp\www\kucms\Application\Runtime\Cache\Admin\9bfef0f9f473c596f668b6c9a32bfd5c.php 第 127 行.
NOTIC: [8] Undefined index: cat_id D:\wamp\www\kucms\Application\Runtime\Cache\Admin\9bfef0f9f473c596f668b6c9a32bfd5c.php 第 127 行.
NOTIC: [8] Undefined index: cat_id D:\wamp\www\kucms\Application\Runtime\Cache\Admin\9bfef0f9f473c596f668b6c9a32bfd5c.php 第 127 行.
NOTIC: [8] Undefined index: cat_id D:\wamp\www\kucms\Application\Runtime\Cache\Admin\9bfef0f9f473c596f668b6c9a32bfd5c.php 第 127 行.
NOTIC: [8] Undefined index: cat_id D:\wamp\www\kucms\Application\Runtime\Cache\Admin\9bfef0f9f473c596f668b6c9a32bfd5c.php 第 127 行.
INFO: Run Behavior\ParseTemplateBehavior [ RunTime:0.118413s ]
INFO: [ view_parse ] --END-- [ RunTime:0.118625s ]
INFO: [ view_filter ] --START--
INFO: Run Behavior\WriteHtmlCacheBehavior [ RunTime:0.000983s ]
INFO: [ view_filter ] --END-- [ RunTime:0.001163s ]
INFO: [ app_end ] --START--
INFO: Run Behavior\ShowPageTraceBehavior [ RunTime:0.001283s ]
INFO: [ app_end ] --END-- [ RunTime:0.001448s ]

[ 2014-06-09T14:18:21+08:00 ] ::1 /kucms/index.php/Admin/Category/add
INFO: [ app_init ] --START--
INFO: Run Behavior\BuildLiteBehavior [ RunTime:0.000031s ]
INFO: [ app_init ] --END-- [ RunTime:0.000555s ]
INFO: [ app_begin ] --START--
INFO: Run Behavior\ReadHtmlCacheBehavior [ RunTime:0.000932s ]
INFO: [ app_begin ] --END-- [ RunTime:0.001088s ]
SQL: SHOW COLUMNS FROM `category` [ RunTime:0.007153s ]
SQL: SELECT `id`,`cname`,`fid`,`moduleid`,`path`,concat(path,'-',id) AS `bpath` FROM `category` ORDER BY bpath  [ RunTime:0.000456s ]
SQL: SHOW COLUMNS FROM `module` [ RunTime:0.006322s ]
SQL: SELECT * FROM `module`  [ RunTime:0.000399s ]
INFO: [ view_parse ] --START--
INFO: [ template_filter ] --START--
INFO: Run Behavior\ContentReplaceBehavior [ RunTime:0.000102s ]
INFO: [ template_filter ] --END-- [ RunTime:0.000290s ]
INFO: Run Behavior\ParseTemplateBehavior [ RunTime:0.034057s ]
INFO: [ view_parse ] --END-- [ RunTime:0.034204s ]
INFO: [ view_filter ] --START--
INFO: Run Behavior\WriteHtmlCacheBehavior [ RunTime:0.000790s ]
INFO: [ view_filter ] --END-- [ RunTime:0.000913s ]
INFO: [ app_end ] --START--
INFO: Run Behavior\ShowPageTraceBehavior [ RunTime:0.000932s ]
INFO: [ app_end ] --END-- [ RunTime:0.001052s ]

[ 2014-06-09T14:18:42+08:00 ] ::1 /kucms/index.php/Admin/Category/doAdd
INFO: [ app_init ] --START--
INFO: Run Behavior\BuildLiteBehavior [ RunTime:0.000031s ]
INFO: [ app_init ] --END-- [ RunTime:0.000541s ]
INFO: [ app_begin ] --START--
INFO: Run Behavior\ReadHtmlCacheBehavior [ RunTime:0.000920s ]
INFO: [ app_begin ] --END-- [ RunTime:0.001048s ]
SQL: SHOW COLUMNS FROM `category` [ RunTime:0.021695s ]
SQL: INSERT INTO `category` (`moduleid`,`template`,`cname`,`fid`,`catdir`,`sort`,`isshow`,`path`) VALUES ('3','1','最新产品','0','','0','1',0) [ RunTime:0.141558s ]
SQL: SHOW COLUMNS FROM `module` [ RunTime:0.011734s ]
INFO: [ view_parse ] --START--
INFO: [ template_filter ] --START--
INFO: Run Behavior\ContentReplaceBehavior [ RunTime:0.000130s ]
INFO: [ template_filter ] --END-- [ RunTime:0.000408s ]
INFO: Run Behavior\ParseTemplateBehavior [ RunTime:0.091061s ]
INFO: [ view_parse ] --END-- [ RunTime:0.091353s ]
INFO: [ view_filter ] --START--
INFO: Run Behavior\WriteHtmlCacheBehavior [ RunTime:0.001395s ]
INFO: [ view_filter ] --END-- [ RunTime:0.001637s ]
INFO: [ app_end ] --START--
INFO: Run Behavior\ShowPageTraceBehavior [ RunTime:0.001916s ]
INFO: [ app_end ] --END-- [ RunTime:0.002161s ]

[ 2014-06-09T14:18:43+08:00 ] ::1 /kucms/index.php/Admin/Category/index
INFO: [ app_init ] --START--
INFO: Run Behavior\BuildLiteBehavior [ RunTime:0.000032s ]
INFO: [ app_init ] --END-- [ RunTime:0.000543s ]
INFO: [ app_begin ] --START--
INFO: Run Behavior\ReadHtmlCacheBehavior [ RunTime:0.001062s ]
INFO: [ app_begin ] --END-- [ RunTime:0.001199s ]
SQL: SHOW COLUMNS FROM `category` [ RunTime:0.016685s ]
SQL: SELECT `id`,`cname`,`fid`,`moduleid`,`path`,`isshow`,`sort`,concat(path,'-',id) AS `bpath` FROM `category` ORDER BY bpath asc  [ RunTime:0.001096s ]
SQL: SHOW COLUMNS FROM `module` [ RunTime:0.011334s ]
SQL: SELECT * FROM `module` WHERE ( 1=1 AND id='3' ) LIMIT 1   [ RunTime:0.000407s ]
SQL: SELECT * FROM `module` WHERE ( 1=1 AND id='1' ) LIMIT 1   [ RunTime:0.000326s ]
SQL: SELECT * FROM `module` WHERE ( 1=1 AND id='4' ) LIMIT 1   [ RunTime:0.000244s ]
SQL: SELECT * FROM `module` WHERE ( 1=1 AND id='1' ) LIMIT 1   [ RunTime:0.000228s ]
SQL: SELECT * FROM `module` WHERE ( 1=1 AND id='3' ) LIMIT 1   [ RunTime:0.000234s ]
SQL: SELECT * FROM `module` WHERE ( 1=1 AND id='3' ) LIMIT 1   [ RunTime:0.000237s ]
SQL: SELECT * FROM `module` WHERE ( 1=1 AND id='1' ) LIMIT 1   [ RunTime:0.000228s ]
SQL: SELECT * FROM `module` WHERE ( 1=1 AND id='1' ) LIMIT 1   [ RunTime:0.000226s ]
SQL: SELECT * FROM `module` WHERE ( 1=1 AND id='1' ) LIMIT 1   [ RunTime:0.000223s ]
SQL: SELECT * FROM `module` WHERE ( 1=1 AND id='1' ) LIMIT 1   [ RunTime:0.000224s ]
SQL: SELECT * FROM `module` WHERE ( 1=1 AND id='2' ) LIMIT 1   [ RunTime:0.000230s ]
SQL: SELECT * FROM `module` WHERE ( 1=1 AND id='2' ) LIMIT 1   [ RunTime:0.000228s ]
SQL: SELECT * FROM `module` WHERE ( 1=1 AND id='1' ) LIMIT 1   [ RunTime:0.000223s ]
SQL: SELECT * FROM `module` WHERE ( 1=1 AND id='2' ) LIMIT 1   [ RunTime:0.000224s ]
INFO: [ view_parse ] --START--
INFO: [ template_filter ] --START--
INFO: Run Behavior\ContentReplaceBehavior [ RunTime:0.000099s ]
INFO: [ template_filter ] --END-- [ RunTime:0.000235s ]
NOTIC: [8] Undefined index: cat_id D:\wamp\www\kucms\Application\Runtime\Cache\Admin\9bfef0f9f473c596f668b6c9a32bfd5c.php 第 127 行.
NOTIC: [8] Undefined index: cat_id D:\wamp\www\kucms\Application\Runtime\Cache\Admin\9bfef0f9f473c596f668b6c9a32bfd5c.php 第 127 行.
NOTIC: [8] Undefined index: cat_id D:\wamp\www\kucms\Application\Runtime\Cache\Admin\9bfef0f9f473c596f668b6c9a32bfd5c.php 第 127 行.
NOTIC: [8] Undefined index: cat_id D:\wamp\www\kucms\Application\Runtime\Cache\Admin\9bfef0f9f473c596f668b6c9a32bfd5c.php 第 127 行.
NOTIC: [8] Undefined index: cat_id D:\wamp\www\kucms\Application\Runtime\Cache\Admin\9bfef0f9f473c596f668b6c9a32bfd5c.php 第 127 行.
NOTIC: [8] Undefined index: cat_id D:\wamp\www\kucms\Application\Runtime\Cache\Admin\9bfef0f9f473c596f668b6c9a32bfd5c.php 第 127 行.
NOTIC: [8] Undefined index: cat_id D:\wamp\www\kucms\Application\Runtime\Cache\Admin\9bfef0f9f473c596f668b6c9a32bfd5c.php 第 127 行.
NOTIC: [8] Undefined index: cat_id D:\wamp\www\kucms\Application\Runtime\Cache\Admin\9bfef0f9f473c596f668b6c9a32bfd5c.php 第 127 行.
NOTIC: [8] Undefined index: cat_id D:\wamp\www\kucms\Application\Runtime\Cache\Admin\9bfef0f9f473c596f668b6c9a32bfd5c.php 第 127 行.
NOTIC: [8] Undefined index: cat_id D:\wamp\www\kucms\Application\Runtime\Cache\Admin\9bfef0f9f473c596f668b6c9a32bfd5c.php 第 127 行.
NOTIC: [8] Undefined index: cat_id D:\wamp\www\kucms\Application\Runtime\Cache\Admin\9bfef0f9f473c596f668b6c9a32bfd5c.php 第 127 行.
NOTIC: [8] Undefined index: cat_id D:\wamp\www\kucms\Application\Runtime\Cache\Admin\9bfef0f9f473c596f668b6c9a32bfd5c.php 第 127 行.
NOTIC: [8] Undefined index: cat_id D:\wamp\www\kucms\Application\Runtime\Cache\Admin\9bfef0f9f473c596f668b6c9a32bfd5c.php 第 127 行.
NOTIC: [8] Undefined index: cat_id D:\wamp\www\kucms\Application\Runtime\Cache\Admin\9bfef0f9f473c596f668b6c9a32bfd5c.php 第 127 行.
INFO: Run Behavior\ParseTemplateBehavior [ RunTime:0.055978s ]
INFO: [ view_parse ] --END-- [ RunTime:0.056106s ]
INFO: [ view_filter ] --START--
INFO: Run Behavior\WriteHtmlCacheBehavior [ RunTime:0.000733s ]
INFO: [ view_filter ] --END-- [ RunTime:0.000870s ]
INFO: [ app_end ] --START--
INFO: Run Behavior\ShowPageTraceBehavior [ RunTime:0.001382s ]
INFO: [ app_end ] --END-- [ RunTime:0.001683s ]

[ 2014-06-09T14:18:47+08:00 ] ::1 /kucms/index.php/Admin/Category/add
INFO: [ app_init ] --START--
INFO: Run Behavior\BuildLiteBehavior [ RunTime:0.000029s ]
INFO: [ app_init ] --END-- [ RunTime:0.000572s ]
INFO: [ app_begin ] --START--
INFO: Run Behavior\ReadHtmlCacheBehavior [ RunTime:0.000921s ]
INFO: [ app_begin ] --END-- [ RunTime:0.001047s ]
SQL: SHOW COLUMNS FROM `category` [ RunTime:0.013865s ]
SQL: SELECT `id`,`cname`,`fid`,`moduleid`,`path`,concat(path,'-',id) AS `bpath` FROM `category` ORDER BY bpath  [ RunTime:0.000877s ]
SQL: SHOW COLUMNS FROM `module` [ RunTime:0.011652s ]
SQL: SELECT * FROM `module`  [ RunTime:0.000706s ]
INFO: [ view_parse ] --START--
INFO: [ template_filter ] --START--
INFO: Run Behavior\ContentReplaceBehavior [ RunTime:0.000136s ]
INFO: [ template_filter ] --END-- [ RunTime:0.000336s ]
INFO: Run Behavior\ParseTemplateBehavior [ RunTime:0.034093s ]
INFO: [ view_parse ] --END-- [ RunTime:0.034319s ]
INFO: [ view_filter ] --START--
INFO: Run Behavior\WriteHtmlCacheBehavior [ RunTime:0.000880s ]
INFO: [ view_filter ] --END-- [ RunTime:0.001043s ]
INFO: [ app_end ] --START--
INFO: Run Behavior\ShowPageTraceBehavior [ RunTime:0.001475s ]
INFO: [ app_end ] --END-- [ RunTime:0.001701s ]

[ 2014-06-09T14:19:01+08:00 ] ::1 /kucms/index.php/Admin/Category/doAdd
INFO: [ app_init ] --START--
INFO: Run Behavior\BuildLiteBehavior [ RunTime:0.000029s ]
INFO: [ app_init ] --END-- [ RunTime:0.000517s ]
INFO: [ app_begin ] --START--
INFO: Run Behavior\ReadHtmlCacheBehavior [ RunTime:0.000890s ]
INFO: [ app_begin ] --END-- [ RunTime:0.001016s ]
SQL: SHOW COLUMNS FROM `category` [ RunTime:0.006629s ]
SQL: SELECT * FROM `category` WHERE ( id=116 ) LIMIT 1   [ RunTime:0.000424s ]
SQL: SHOW COLUMNS FROM `module` [ RunTime:0.006248s ]
SQL: SELECT * FROM `module` WHERE ( 1=1 AND id='3' ) LIMIT 1   [ RunTime:0.000361s ]
SQL: INSERT INTO `category` (`moduleid`,`template`,`cname`,`fid`,`catdir`,`sort`,`isshow`,`path`) VALUES ('3','1','小小产品','116','','0','1','0-116') [ RunTime:0.000310s ]
INFO: [ view_parse ] --START--
INFO: [ template_filter ] --START--
INFO: Run Behavior\ContentReplaceBehavior [ RunTime:0.000063s ]
INFO: [ template_filter ] --END-- [ RunTime:0.000191s ]
INFO: Run Behavior\ParseTemplateBehavior [ RunTime:0.012726s ]
INFO: [ view_parse ] --END-- [ RunTime:0.012875s ]
INFO: [ view_filter ] --START--
INFO: Run Behavior\WriteHtmlCacheBehavior [ RunTime:0.000635s ]
INFO: [ view_filter ] --END-- [ RunTime:0.000754s ]
INFO: [ app_end ] --START--
INFO: Run Behavior\ShowPageTraceBehavior [ RunTime:0.000947s ]
INFO: [ app_end ] --END-- [ RunTime:0.001066s ]

[ 2014-06-09T14:19:03+08:00 ] ::1 /kucms/index.php/Admin/Category/index
INFO: [ app_init ] --START--
INFO: Run Behavior\BuildLiteBehavior [ RunTime:0.000034s ]
INFO: [ app_init ] --END-- [ RunTime:0.000565s ]
INFO: [ app_begin ] --START--
INFO: Run Behavior\ReadHtmlCacheBehavior [ RunTime:0.000955s ]
INFO: [ app_begin ] --END-- [ RunTime:0.001117s ]
SQL: SHOW COLUMNS FROM `category` [ RunTime:0.014170s ]
SQL: SELECT `id`,`cname`,`fid`,`moduleid`,`path`,`isshow`,`sort`,concat(path,'-',id) AS `bpath` FROM `category` ORDER BY bpath asc  [ RunTime:0.001213s ]
SQL: SHOW COLUMNS FROM `module` [ RunTime:0.014988s ]
SQL: SELECT * FROM `module` WHERE ( 1=1 AND id='3' ) LIMIT 1   [ RunTime:0.000527s ]
SQL: SELECT * FROM `module` WHERE ( 1=1 AND id='1' ) LIMIT 1   [ RunTime:0.000422s ]
SQL: SELECT * FROM `module` WHERE ( 1=1 AND id='4' ) LIMIT 1   [ RunTime:0.000265s ]
SQL: SELECT * FROM `module` WHERE ( 1=1 AND id='1' ) LIMIT 1   [ RunTime:0.000255s ]
SQL: SELECT * FROM `module` WHERE ( 1=1 AND id='3' ) LIMIT 1   [ RunTime:0.000248s ]
SQL: SELECT * FROM `module` WHERE ( 1=1 AND id='3' ) LIMIT 1   [ RunTime:0.000305s ]
SQL: SELECT * FROM `module` WHERE ( 1=1 AND id='3' ) LIMIT 1   [ RunTime:0.000264s ]
SQL: SELECT * FROM `module` WHERE ( 1=1 AND id='1' ) LIMIT 1   [ RunTime:0.000249s ]
SQL: SELECT * FROM `module` WHERE ( 1=1 AND id='1' ) LIMIT 1   [ RunTime:0.000240s ]
SQL: SELECT * FROM `module` WHERE ( 1=1 AND id='1' ) LIMIT 1   [ RunTime:0.000320s ]
SQL: SELECT * FROM `module` WHERE ( 1=1 AND id='1' ) LIMIT 1   [ RunTime:0.000330s ]
SQL: SELECT * FROM `module` WHERE ( 1=1 AND id='2' ) LIMIT 1   [ RunTime:0.000310s ]
SQL: SELECT * FROM `module` WHERE ( 1=1 AND id='2' ) LIMIT 1   [ RunTime:0.000304s ]
SQL: SELECT * FROM `module` WHERE ( 1=1 AND id='1' ) LIMIT 1   [ RunTime:0.000299s ]
SQL: SELECT * FROM `module` WHERE ( 1=1 AND id='2' ) LIMIT 1   [ RunTime:0.000298s ]
INFO: [ view_parse ] --START--
INFO: [ template_filter ] --START--
INFO: Run Behavior\ContentReplaceBehavior [ RunTime:0.000094s ]
INFO: [ template_filter ] --END-- [ RunTime:0.000221s ]
NOTIC: [8] Undefined index: cat_id D:\wamp\www\kucms\Application\Runtime\Cache\Admin\9bfef0f9f473c596f668b6c9a32bfd5c.php 第 127 行.
NOTIC: [8] Undefined index: cat_id D:\wamp\www\kucms\Application\Runtime\Cache\Admin\9bfef0f9f473c596f668b6c9a32bfd5c.php 第 127 行.
NOTIC: [8] Undefined index: cat_id D:\wamp\www\kucms\Application\Runtime\Cache\Admin\9bfef0f9f473c596f668b6c9a32bfd5c.php 第 127 行.
NOTIC: [8] Undefined index: cat_id D:\wamp\www\kucms\Application\Runtime\Cache\Admin\9bfef0f9f473c596f668b6c9a32bfd5c.php 第 127 行.
NOTIC: [8] Undefined index: cat_id D:\wamp\www\kucms\Application\Runtime\Cache\Admin\9bfef0f9f473c596f668b6c9a32bfd5c.php 第 127 行.
NOTIC: [8] Undefined index: cat_id D:\wamp\www\kucms\Application\Runtime\Cache\Admin\9bfef0f9f473c596f668b6c9a32bfd5c.php 第 127 行.
NOTIC: [8] Undefined index: cat_id D:\wamp\www\kucms\Application\Runtime\Cache\Admin\9bfef0f9f473c596f668b6c9a32bfd5c.php 第 127 行.
NOTIC: [8] Undefined index: cat_id D:\wamp\www\kucms\Application\Runtime\Cache\Admin\9bfef0f9f473c596f668b6c9a32bfd5c.php 第 127 行.
NOTIC: [8] Undefined index: cat_id D:\wamp\www\kucms\Application\Runtime\Cache\Admin\9bfef0f9f473c596f668b6c9a32bfd5c.php 第 127 行.
NOTIC: [8] Undefined index: cat_id D:\wamp\www\kucms\Application\Runtime\Cache\Admin\9bfef0f9f473c596f668b6c9a32bfd5c.php 第 127 行.
NOTIC: [8] Undefined index: cat_id D:\wamp\www\kucms\Application\Runtime\Cache\Admin\9bfef0f9f473c596f668b6c9a32bfd5c.php 第 127 行.
NOTIC: [8] Undefined index: cat_id D:\wamp\www\kucms\Application\Runtime\Cache\Admin\9bfef0f9f473c596f668b6c9a32bfd5c.php 第 127 行.
NOTIC: [8] Undefined index: cat_id D:\wamp\www\kucms\Application\Runtime\Cache\Admin\9bfef0f9f473c596f668b6c9a32bfd5c.php 第 127 行.
NOTIC: [8] Undefined index: cat_id D:\wamp\www\kucms\Application\Runtime\Cache\Admin\9bfef0f9f473c596f668b6c9a32bfd5c.php 第 127 行.
NOTIC: [8] Undefined index: cat_id D:\wamp\www\kucms\Application\Runtime\Cache\Admin\9bfef0f9f473c596f668b6c9a32bfd5c.php 第 127 行.
INFO: Run Behavior\ParseTemplateBehavior [ RunTime:0.021806s ]
INFO: [ view_parse ] --END-- [ RunTime:0.021986s ]
INFO: [ view_filter ] --START--
INFO: Run Behavior\WriteHtmlCacheBehavior [ RunTime:0.000895s ]
INFO: [ view_filter ] --END-- [ RunTime:0.001099s ]
INFO: [ app_end ] --START--
INFO: Run Behavior\ShowPageTraceBehavior [ RunTime:0.001307s ]
INFO: [ app_end ] --END-- [ RunTime:0.001511s ]

[ 2014-06-09T14:19:10+08:00 ] ::1 /kucms/index.php
INFO: [ app_init ] --START--
INFO: Run Behavior\BuildLiteBehavior [ RunTime:0.000030s ]
INFO: [ app_init ] --END-- [ RunTime:0.000535s ]

[ 2014-06-09T14:19:13+08:00 ] ::1 /kucms/index.php/Home/List/index/module/Produce/id/116
INFO: [ app_init ] --START--
INFO: Run Behavior\BuildLiteBehavior [ RunTime:0.000028s ]
INFO: [ app_init ] --END-- [ RunTime:0.000525s ]

[ 2014-06-09T14:24:25+08:00 ] ::1 /kucms/index.php
INFO: [ app_init ] --START--
INFO: Run Behavior\BuildLiteBehavior [ RunTime:0.000030s ]
INFO: [ app_init ] --END-- [ RunTime:0.000535s ]

[ 2014-06-09T14:24:53+08:00 ] ::1 /kucms/index.php
INFO: [ app_init ] --START--
INFO: Run Behavior\BuildLiteBehavior [ RunTime:0.000030s ]
INFO: [ app_init ] --END-- [ RunTime:0.000530s ]

[ 2014-06-09T14:27:12+08:00 ] ::1 /kucms/index.php
INFO: [ app_init ] --START--
INFO: Run Behavior\BuildLiteBehavior [ RunTime:0.000032s ]
INFO: [ app_init ] --END-- [ RunTime:0.000552s ]

[ 2014-06-09T14:27:13+08:00 ] ::1 /kucms/index.php
INFO: [ app_init ] --START--
INFO: Run Behavior\BuildLiteBehavior [ RunTime:0.000029s ]
INFO: [ app_init ] --END-- [ RunTime:0.000524s ]

[ 2014-06-09T14:27:13+08:00 ] ::1 /kucms/index.php
INFO: [ app_init ] --START--
INFO: Run Behavior\BuildLiteBehavior [ RunTime:0.000032s ]
INFO: [ app_init ] --END-- [ RunTime:0.000545s ]

[ 2014-06-09T14:27:14+08:00 ] ::1 /kucms/index.php
INFO: [ app_init ] --START--
INFO: Run Behavior\BuildLiteBehavior [ RunTime:0.000031s ]
INFO: [ app_init ] --END-- [ RunTime:0.000547s ]

[ 2014-06-09T14:27:35+08:00 ] ::1 /kucms/index.php
INFO: [ app_init ] --START--
INFO: Run Behavior\BuildLiteBehavior [ RunTime:0.000031s ]
INFO: [ app_init ] --END-- [ RunTime:0.000556s ]

[ 2014-06-09T14:33:58+08:00 ] ::1 /kucms/index.php/admin
INFO: [ app_init ] --START--
INFO: Run Behavior\BuildLiteBehavior [ RunTime:0.000048s ]
INFO: [ app_init ] --END-- [ RunTime:0.000634s ]
INFO: [ app_begin ] --START--
INFO: Run Behavior\ReadHtmlCacheBehavior [ RunTime:0.000899s ]
INFO: [ app_begin ] --END-- [ RunTime:0.001054s ]
INFO: [ view_parse ] --START--
INFO: [ template_filter ] --START--
INFO: Run Behavior\ContentReplaceBehavior [ RunTime:0.000064s ]
INFO: [ template_filter ] --END-- [ RunTime:0.000197s ]
INFO: Run Behavior\ParseTemplateBehavior [ RunTime:0.008867s ]
INFO: [ view_parse ] --END-- [ RunTime:0.009028s ]
INFO: [ view_filter ] --START--
INFO: Run Behavior\WriteHtmlCacheBehavior [ RunTime:0.000540s ]
INFO: [ view_filter ] --END-- [ RunTime:0.000657s ]
INFO: [ app_end ] --START--
INFO: Run Behavior\ShowPageTraceBehavior [ RunTime:0.000788s ]
INFO: [ app_end ] --END-- [ RunTime:0.000906s ]

[ 2014-06-09T14:33:58+08:00 ] ::1 /kucms/index.php/Admin/Public/top.html
INFO: [ app_init ] --START--
INFO: Run Behavior\BuildLiteBehavior [ RunTime:0.000050s ]
INFO: [ app_init ] --END-- [ RunTime:0.000846s ]
INFO: [ app_begin ] --START--
INFO: Run Behavior\ReadHtmlCacheBehavior [ RunTime:0.001192s ]
INFO: [ app_begin ] --END-- [ RunTime:0.001460s ]
INFO: [ view_parse ] --START--
INFO: [ template_filter ] --START--
INFO: Run Behavior\ContentReplaceBehavior [ RunTime:0.000142s ]
INFO: [ template_filter ] --END-- [ RunTime:0.000395s ]
INFO: Run Behavior\ParseTemplateBehavior [ RunTime:0.014495s ]
INFO: [ view_parse ] --END-- [ RunTime:0.014743s ]
INFO: [ view_filter ] --START--
INFO: Run Behavior\WriteHtmlCacheBehavior [ RunTime:0.000926s ]
INFO: [ view_filter ] --END-- [ RunTime:0.001161s ]
INFO: [ app_end ] --START--
INFO: Run Behavior\ShowPageTraceBehavior [ RunTime:0.001207s ]
INFO: [ app_end ] --END-- [ RunTime:0.001507s ]

[ 2014-06-09T14:33:58+08:00 ] ::1 /kucms/index.php/Admin/Public/menu.html
INFO: [ app_init ] --START--
INFO: Run Behavior\BuildLiteBehavior [ RunTime:0.000057s ]
INFO: [ app_init ] --END-- [ RunTime:0.000954s ]
INFO: [ app_begin ] --START--
INFO: Run Behavior\ReadHtmlCacheBehavior [ RunTime:0.001462s ]
INFO: [ app_begin ] --END-- [ RunTime:0.001692s ]
SQL: SHOW COLUMNS FROM `module` [ RunTime:0.014340s ]
SQL: SELECT * FROM `module` ORDER BY id  [ RunTime:0.000621s ]
INFO: [ view_parse ] --START--
INFO: [ template_filter ] --START--
INFO: Run Behavior\ContentReplaceBehavior [ RunTime:0.000095s ]
INFO: [ template_filter ] --END-- [ RunTime:0.000231s ]
NOTIC: [8] Undefined index: channel D:\wamp\www\kucms\Application\Runtime\Cache\Admin\fc6fd01631273ba50d3bc9f2f442211f.php 第 12 行.
NOTIC: [8] Undefined index: channel D:\wamp\www\kucms\Application\Runtime\Cache\Admin\fc6fd01631273ba50d3bc9f2f442211f.php 第 31 行.
NOTIC: [8] Undefined index: channel D:\wamp\www\kucms\Application\Runtime\Cache\Admin\fc6fd01631273ba50d3bc9f2f442211f.php 第 54 行.
NOTIC: [8] Undefined index: channel D:\wamp\www\kucms\Application\Runtime\Cache\Admin\fc6fd01631273ba50d3bc9f2f442211f.php 第 84 行.
NOTIC: [8] Undefined index: channel D:\wamp\www\kucms\Application\Runtime\Cache\Admin\fc6fd01631273ba50d3bc9f2f442211f.php 第 114 行.
INFO: Run Behavior\ParseTemplateBehavior [ RunTime:0.013840s ]
INFO: [ view_parse ] --END-- [ RunTime:0.013971s ]
INFO: [ view_filter ] --START--
INFO: Run Behavior\WriteHtmlCacheBehavior [ RunTime:0.000665s ]
INFO: [ view_filter ] --END-- [ RunTime:0.000793s ]
INFO: [ app_end ] --START--
INFO: Run Behavior\ShowPageTraceBehavior [ RunTime:0.001320s ]
INFO: [ app_end ] --END-- [ RunTime:0.001517s ]

[ 2014-06-09T14:33:58+08:00 ] ::1 /kucms/index.php/Admin/Public/main.html
INFO: [ app_init ] --START--
INFO: Run Behavior\BuildLiteBehavior [ RunTime:0.000033s ]
INFO: [ app_init ] --END-- [ RunTime:0.000792s ]
INFO: [ app_begin ] --START--
INFO: Run Behavior\ReadHtmlCacheBehavior [ RunTime:0.001622s ]
INFO: [ app_begin ] --END-- [ RunTime:0.001818s ]
INFO: [ view_parse ] --START--
INFO: [ template_filter ] --START--
INFO: Run Behavior\ContentReplaceBehavior [ RunTime:0.000082s ]
INFO: [ template_filter ] --END-- [ RunTime:0.000223s ]
INFO: Run Behavior\ParseTemplateBehavior [ RunTime:0.012589s ]
INFO: [ view_parse ] --END-- [ RunTime:0.012784s ]
INFO: [ view_filter ] --START--
INFO: Run Behavior\WriteHtmlCacheBehavior [ RunTime:0.001601s ]
INFO: [ view_filter ] --END-- [ RunTime:0.001879s ]
INFO: [ app_end ] --START--
INFO: Run Behavior\ShowPageTraceBehavior [ RunTime:0.002710s ]
INFO: [ app_end ] --END-- [ RunTime:0.002975s ]

[ 2014-06-09T14:34:00+08:00 ] ::1 /kucms/index.php/Admin/Public/menu/channel/2
INFO: [ app_init ] --START--
INFO: Run Behavior\BuildLiteBehavior [ RunTime:0.000029s ]
INFO: [ app_init ] --END-- [ RunTime:0.000530s ]
INFO: [ app_begin ] --START--
INFO: Run Behavior\ReadHtmlCacheBehavior [ RunTime:0.000747s ]
INFO: [ app_begin ] --END-- [ RunTime:0.000871s ]
SQL: SHOW COLUMNS FROM `module` [ RunTime:0.013162s ]
SQL: SELECT * FROM `module` ORDER BY id  [ RunTime:0.000962s ]
INFO: [ view_parse ] --START--
INFO: [ template_filter ] --START--
INFO: Run Behavior\ContentReplaceBehavior [ RunTime:0.000199s ]
INFO: [ template_filter ] --END-- [ RunTime:0.000459s ]
INFO: Run Behavior\ParseTemplateBehavior [ RunTime:0.044062s ]
INFO: [ view_parse ] --END-- [ RunTime:0.044339s ]
INFO: [ view_filter ] --START--
INFO: Run Behavior\WriteHtmlCacheBehavior [ RunTime:0.001040s ]
INFO: [ view_filter ] --END-- [ RunTime:0.001284s ]
INFO: [ app_end ] --START--
INFO: Run Behavior\ShowPageTraceBehavior [ RunTime:0.002137s ]
INFO: [ app_end ] --END-- [ RunTime:0.002437s ]

[ 2014-06-09T14:34:01+08:00 ] ::1 /kucms/index.php/Admin/Public/menu/channel/2
INFO: [ app_init ] --START--
INFO: Run Behavior\BuildLiteBehavior [ RunTime:0.000052s ]
INFO: [ app_init ] --END-- [ RunTime:0.000714s ]
INFO: [ app_begin ] --START--
INFO: Run Behavior\ReadHtmlCacheBehavior [ RunTime:0.000923s ]
INFO: [ app_begin ] --END-- [ RunTime:0.001101s ]
SQL: SHOW COLUMNS FROM `module` [ RunTime:0.007643s ]
SQL: SELECT * FROM `module` ORDER BY id  [ RunTime:0.000504s ]
INFO: [ view_parse ] --START--
INFO: [ template_filter ] --START--
INFO: Run Behavior\ContentReplaceBehavior [ RunTime:0.000153s ]
INFO: [ template_filter ] --END-- [ RunTime:0.000380s ]
INFO: Run Behavior\ParseTemplateBehavior [ RunTime:0.016110s ]
INFO: [ view_parse ] --END-- [ RunTime:0.016350s ]
INFO: [ view_filter ] --START--
INFO: Run Behavior\WriteHtmlCacheBehavior [ RunTime:0.000516s ]
INFO: [ view_filter ] --END-- [ RunTime:0.000651s ]
INFO: [ app_end ] --START--
INFO: Run Behavior\ShowPageTraceBehavior [ RunTime:0.000883s ]
INFO: [ app_end ] --END-- [ RunTime:0.001021s ]

[ 2014-06-09T14:34:03+08:00 ] ::1 /kucms/index.php/Admin/Category
INFO: [ app_init ] --START--
INFO: Run Behavior\BuildLiteBehavior [ RunTime:0.000029s ]
INFO: [ app_init ] --END-- [ RunTime:0.000515s ]
INFO: [ app_begin ] --START--
INFO: Run Behavior\ReadHtmlCacheBehavior [ RunTime:0.000776s ]
INFO: [ app_begin ] --END-- [ RunTime:0.000906s ]
SQL: SHOW COLUMNS FROM `category` [ RunTime:0.011506s ]
SQL: SELECT `id`,`cname`,`fid`,`moduleid`,`path`,`isshow`,`sort`,concat(path,'-',id) AS `bpath` FROM `category` ORDER BY bpath asc  [ RunTime:0.000643s ]
SQL: SHOW COLUMNS FROM `module` [ RunTime:0.006149s ]
SQL: SELECT * FROM `module` WHERE ( 1=1 AND id='3' ) LIMIT 1   [ RunTime:0.000370s ]
SQL: SELECT * FROM `module` WHERE ( 1=1 AND id='1' ) LIMIT 1   [ RunTime:0.000238s ]
SQL: SELECT * FROM `module` WHERE ( 1=1 AND id='4' ) LIMIT 1   [ RunTime:0.000236s ]
SQL: SELECT * FROM `module` WHERE ( 1=1 AND id='1' ) LIMIT 1   [ RunTime:0.000270s ]
SQL: SELECT * FROM `module` WHERE ( 1=1 AND id='3' ) LIMIT 1   [ RunTime:0.000242s ]
SQL: SELECT * FROM `module` WHERE ( 1=1 AND id='3' ) LIMIT 1   [ RunTime:0.000236s ]
SQL: SELECT * FROM `module` WHERE ( 1=1 AND id='3' ) LIMIT 1   [ RunTime:0.000242s ]
SQL: SELECT * FROM `module` WHERE ( 1=1 AND id='1' ) LIMIT 1   [ RunTime:0.000244s ]
SQL: SELECT * FROM `module` WHERE ( 1=1 AND id='1' ) LIMIT 1   [ RunTime:0.000231s ]
SQL: SELECT * FROM `module` WHERE ( 1=1 AND id='1' ) LIMIT 1   [ RunTime:0.000244s ]
SQL: SELECT * FROM `module` WHERE ( 1=1 AND id='1' ) LIMIT 1   [ RunTime:0.000248s ]
SQL: SELECT * FROM `module` WHERE ( 1=1 AND id='2' ) LIMIT 1   [ RunTime:0.000242s ]
SQL: SELECT * FROM `module` WHERE ( 1=1 AND id='2' ) LIMIT 1   [ RunTime:0.000238s ]
SQL: SELECT * FROM `module` WHERE ( 1=1 AND id='1' ) LIMIT 1   [ RunTime:0.000248s ]
SQL: SELECT * FROM `module` WHERE ( 1=1 AND id='2' ) LIMIT 1   [ RunTime:0.000249s ]
INFO: [ view_parse ] --START--
INFO: [ template_filter ] --START--
INFO: Run Behavior\ContentReplaceBehavior [ RunTime:0.000094s ]
INFO: [ template_filter ] --END-- [ RunTime:0.000228s ]
NOTIC: [8] Undefined index: cat_id D:\wamp\www\kucms\Application\Runtime\Cache\Admin\9bfef0f9f473c596f668b6c9a32bfd5c.php 第 127 行.
NOTIC: [8] Undefined index: cat_id D:\wamp\www\kucms\Application\Runtime\Cache\Admin\9bfef0f9f473c596f668b6c9a32bfd5c.php 第 127 行.
NOTIC: [8] Undefined index: cat_id D:\wamp\www\kucms\Application\Runtime\Cache\Admin\9bfef0f9f473c596f668b6c9a32bfd5c.php 第 127 行.
NOTIC: [8] Undefined index: cat_id D:\wamp\www\kucms\Application\Runtime\Cache\Admin\9bfef0f9f473c596f668b6c9a32bfd5c.php 第 127 行.
NOTIC: [8] Undefined index: cat_id D:\wamp\www\kucms\Application\Runtime\Cache\Admin\9bfef0f9f473c596f668b6c9a32bfd5c.php 第 127 行.
NOTIC: [8] Undefined index: cat_id D:\wamp\www\kucms\Application\Runtime\Cache\Admin\9bfef0f9f473c596f668b6c9a32bfd5c.php 第 127 行.
NOTIC: [8] Undefined index: cat_id D:\wamp\www\kucms\Application\Runtime\Cache\Admin\9bfef0f9f473c596f668b6c9a32bfd5c.php 第 127 行.
NOTIC: [8] Undefined index: cat_id D:\wamp\www\kucms\Application\Runtime\Cache\Admin\9bfef0f9f473c596f668b6c9a32bfd5c.php 第 127 行.
NOTIC: [8] Undefined index: cat_id D:\wamp\www\kucms\Application\Runtime\Cache\Admin\9bfef0f9f473c596f668b6c9a32bfd5c.php 第 127 行.
NOTIC: [8] Undefined index: cat_id D:\wamp\www\kucms\Application\Runtime\Cache\Admin\9bfef0f9f473c596f668b6c9a32bfd5c.php 第 127 行.
NOTIC: [8] Undefined index: cat_id D:\wamp\www\kucms\Application\Runtime\Cache\Admin\9bfef0f9f473c596f668b6c9a32bfd5c.php 第 127 行.
NOTIC: [8] Undefined index: cat_id D:\wamp\www\kucms\Application\Runtime\Cache\Admin\9bfef0f9f473c596f668b6c9a32bfd5c.php 第 127 行.
NOTIC: [8] Undefined index: cat_id D:\wamp\www\kucms\Application\Runtime\Cache\Admin\9bfef0f9f473c596f668b6c9a32bfd5c.php 第 127 行.
NOTIC: [8] Undefined index: cat_id D:\wamp\www\kucms\Application\Runtime\Cache\Admin\9bfef0f9f473c596f668b6c9a32bfd5c.php 第 127 行.
NOTIC: [8] Undefined index: cat_id D:\wamp\www\kucms\Application\Runtime\Cache\Admin\9bfef0f9f473c596f668b6c9a32bfd5c.php 第 127 行.
INFO: Run Behavior\ParseTemplateBehavior [ RunTime:0.121088s ]
INFO: [ view_parse ] --END-- [ RunTime:0.121340s ]
INFO: [ view_filter ] --START--
INFO: Run Behavior\WriteHtmlCacheBehavior [ RunTime:0.001134s ]
INFO: [ view_filter ] --END-- [ RunTime:0.001378s ]
INFO: [ app_end ] --START--
INFO: Run Behavior\ShowPageTraceBehavior [ RunTime:0.001641s ]
INFO: [ app_end ] --END-- [ RunTime:0.001887s ]

[ 2014-06-09T15:27:34+08:00 ] ::1 /kucms/index.php
INFO: [ app_init ] --START--
INFO: Run Behavior\BuildLiteBehavior [ RunTime:0.000030s ]
INFO: [ app_init ] --END-- [ RunTime:0.000546s ]

[ 2014-06-09T15:32:26+08:00 ] ::1 /kucms/index.php
INFO: [ app_init ] --START--
INFO: Run Behavior\BuildLiteBehavior [ RunTime:0.000030s ]
INFO: [ app_init ] --END-- [ RunTime:0.000542s ]

[ 2014-06-09T15:32:31+08:00 ] ::1 /kucms/index.php/Home/List/index/module//id/116
INFO: [ app_init ] --START--
INFO: Run Behavior\BuildLiteBehavior [ RunTime:0.000030s ]
INFO: [ app_init ] --END-- [ RunTime:0.000533s ]
ERR: 参数错误或者未定义:id

[ 2014-06-09T15:43:21+08:00 ] ::1 /kucms/index.php
INFO: [ app_init ] --START--
INFO: Run Behavior\BuildLiteBehavior [ RunTime:0.000030s ]
INFO: [ app_init ] --END-- [ RunTime:0.000533s ]

