[ 2014-07-06T21:39:57+08:00 ] ::1 /kucms/
INFO: [ app_init ] --START--
INFO: Run Behavior\BuildLiteBehavior [ RunTime:0.000114s ]
INFO: [ app_init ] --END-- [ RunTime:0.074302s ]

[ 2014-07-06T21:40:05+08:00 ] ::1 /kucms/index.php/Home/Category/index/id/114
INFO: [ app_init ] --START--
INFO: Run Behavior\BuildLiteBehavior [ RunTime:0.000045s ]
INFO: [ app_init ] --END-- [ RunTime:0.000821s ]

[ 2014-07-06T21:40:07+08:00 ] ::1 /kucms/index.php/Home/Category/index/id/97
INFO: [ app_init ] --START--
INFO: Run Behavior\BuildLiteBehavior [ RunTime:0.000041s ]
INFO: [ app_init ] --END-- [ RunTime:0.000842s ]

[ 2014-07-06T21:40:09+08:00 ] ::1 /kucms/index.php
INFO: [ app_init ] --START--
INFO: Run Behavior\BuildLiteBehavior [ RunTime:0.000039s ]
INFO: [ app_init ] --END-- [ RunTime:0.000835s ]

[ 2014-07-06T21:40:11+08:00 ] ::1 /kucms/index.php/Home/Category/index/id/95
INFO: [ app_init ] --START--
INFO: Run Behavior\BuildLiteBehavior [ RunTime:0.000041s ]
INFO: [ app_init ] --END-- [ RunTime:0.000884s ]

[ 2014-07-06T21:40:12+08:00 ] ::1 /kucms/index.php/Home/Category/index/id/114
INFO: [ app_init ] --START--
INFO: Run Behavior\BuildLiteBehavior [ RunTime:0.000046s ]
INFO: [ app_init ] --END-- [ RunTime:0.000804s ]

[ 2014-07-06T21:40:16+08:00 ] ::1 /kucms/index.php
INFO: [ app_init ] --START--
INFO: Run Behavior\BuildLiteBehavior [ RunTime:0.000040s ]
INFO: [ app_init ] --END-- [ RunTime:0.000728s ]

[ 2014-07-06T21:40:18+08:00 ] ::1 /kucms/index.php/Home/Category/index/id/97
INFO: [ app_init ] --START--
INFO: Run Behavior\BuildLiteBehavior [ RunTime:0.000045s ]
INFO: [ app_init ] --END-- [ RunTime:0.000703s ]

[ 2014-07-06T21:40:20+08:00 ] ::1 /kucms/index.php/Home/Category/index/id/114
INFO: [ app_init ] --START--
INFO: Run Behavior\BuildLiteBehavior [ RunTime:0.000046s ]
INFO: [ app_init ] --END-- [ RunTime:0.000721s ]

[ 2014-07-06T21:40:52+08:00 ] ::1 /kucms/index.php/admin
INFO: [ app_init ] --START--
INFO: Run Behavior\BuildLiteBehavior [ RunTime:0.000042s ]
INFO: [ app_init ] --END-- [ RunTime:0.000715s ]
INFO: [ app_begin ] --START--
INFO: Run Behavior\ReadHtmlCacheBehavior [ RunTime:0.000815s ]
INFO: [ app_begin ] --END-- [ RunTime:0.001061s ]
INFO: [ view_parse ] --START--
INFO: [ template_filter ] --START--
INFO: Run Behavior\ContentReplaceBehavior [ RunTime:0.000244s ]
INFO: [ template_filter ] --END-- [ RunTime:0.000741s ]
INFO: Run Behavior\ParseTemplateBehavior [ RunTime:0.106684s ]
INFO: [ view_parse ] --END-- [ RunTime:0.107156s ]
INFO: [ view_filter ] --START--
INFO: Run Behavior\WriteHtmlCacheBehavior [ RunTime:0.001068s ]
INFO: [ view_filter ] --END-- [ RunTime:0.001576s ]
INFO: [ app_end ] --START--
INFO: Run Behavior\ShowPageTraceBehavior [ RunTime:0.001772s ]
INFO: [ app_end ] --END-- [ RunTime:0.002283s ]

[ 2014-07-06T21:40:52+08:00 ] ::1 /kucms/index.php/Admin/Public/top.html
INFO: [ app_init ] --START--
INFO: Run Behavior\BuildLiteBehavior [ RunTime:0.000074s ]
INFO: [ app_init ] --END-- [ RunTime:0.001109s ]
INFO: [ app_begin ] --START--
INFO: Run Behavior\ReadHtmlCacheBehavior [ RunTime:0.000994s ]
INFO: [ app_begin ] --END-- [ RunTime:0.001324s ]
INFO: [ view_parse ] --START--
INFO: [ template_filter ] --START--
INFO: Run Behavior\ContentReplaceBehavior [ RunTime:0.000142s ]
INFO: [ template_filter ] --END-- [ RunTime:0.000364s ]
INFO: Run Behavior\ParseTemplateBehavior [ RunTime:0.061186s ]
INFO: [ view_parse ] --END-- [ RunTime:0.061427s ]
INFO: [ view_filter ] --START--
INFO: Run Behavior\WriteHtmlCacheBehavior [ RunTime:0.000540s ]
INFO: [ view_filter ] --END-- [ RunTime:0.000717s ]
INFO: [ app_end ] --START--
INFO: Run Behavior\ShowPageTraceBehavior [ RunTime:0.000768s ]
INFO: [ app_end ] --END-- [ RunTime:0.000939s ]

[ 2014-07-06T21:40:53+08:00 ] ::1 /kucms/index.php/Admin/Public/menu.html
INFO: [ app_init ] --START--
INFO: Run Behavior\BuildLiteBehavior [ RunTime:0.000068s ]
INFO: [ app_init ] --END-- [ RunTime:0.001809s ]
INFO: [ app_begin ] --START--
INFO: Run Behavior\ReadHtmlCacheBehavior [ RunTime:0.000767s ]
INFO: [ app_begin ] --END-- [ RunTime:0.000963s ]
NOTIC: [8192] mysql_connect(): The mysql extension is deprecated and will be removed in the future: use mysqli or PDO instead D:\wamp\www\kucms\ThinkPHP\Library\Think\Db\Driver\Mysql.class.php 第 52 行.
SQL: SHOW COLUMNS FROM `module` [ RunTime:0.011427s ]
SQL: SELECT * FROM `module` ORDER BY id  [ RunTime:0.000803s ]
INFO: [ view_parse ] --START--
INFO: [ template_filter ] --START--
INFO: Run Behavior\ContentReplaceBehavior [ RunTime:0.000185s ]
INFO: [ template_filter ] --END-- [ RunTime:0.000589s ]
NOTIC: [8] Undefined index: channel D:\wamp\www\kucms\Application\Runtime\Cache\Admin\fc6fd01631273ba50d3bc9f2f442211f.php 第 12 行.
NOTIC: [8] Undefined index: channel D:\wamp\www\kucms\Application\Runtime\Cache\Admin\fc6fd01631273ba50d3bc9f2f442211f.php 第 31 行.
NOTIC: [8] Undefined index: channel D:\wamp\www\kucms\Application\Runtime\Cache\Admin\fc6fd01631273ba50d3bc9f2f442211f.php 第 54 行.
NOTIC: [8] Undefined index: channel D:\wamp\www\kucms\Application\Runtime\Cache\Admin\fc6fd01631273ba50d3bc9f2f442211f.php 第 84 行.
NOTIC: [8] Undefined index: channel D:\wamp\www\kucms\Application\Runtime\Cache\Admin\fc6fd01631273ba50d3bc9f2f442211f.php 第 114 行.
INFO: Run Behavior\ParseTemplateBehavior [ RunTime:0.152046s ]
INFO: [ view_parse ] --END-- [ RunTime:0.152322s ]
INFO: [ view_filter ] --START--
INFO: Run Behavior\WriteHtmlCacheBehavior [ RunTime:0.000734s ]
INFO: [ view_filter ] --END-- [ RunTime:0.000931s ]
INFO: [ app_end ] --START--
INFO: Run Behavior\ShowPageTraceBehavior [ RunTime:0.000905s ]
INFO: [ app_end ] --END-- [ RunTime:0.001099s ]

[ 2014-07-06T21:40:53+08:00 ] ::1 /kucms/index.php/Admin/Public/main.html
INFO: [ app_init ] --START--
INFO: Run Behavior\BuildLiteBehavior [ RunTime:0.000039s ]
INFO: [ app_init ] --END-- [ RunTime:0.000712s ]
INFO: [ app_begin ] --START--
INFO: Run Behavior\ReadHtmlCacheBehavior [ RunTime:0.001104s ]
INFO: [ app_begin ] --END-- [ RunTime:0.001369s ]
INFO: [ view_parse ] --START--
INFO: [ template_filter ] --START--
INFO: Run Behavior\ContentReplaceBehavior [ RunTime:0.000404s ]
INFO: [ template_filter ] --END-- [ RunTime:0.001335s ]
INFO: Run Behavior\ParseTemplateBehavior [ RunTime:0.177559s ]
INFO: [ view_parse ] --END-- [ RunTime:0.177946s ]
INFO: [ view_filter ] --START--
INFO: Run Behavior\WriteHtmlCacheBehavior [ RunTime:0.001102s ]
INFO: [ view_filter ] --END-- [ RunTime:0.001379s ]
INFO: [ app_end ] --START--
INFO: Run Behavior\ShowPageTraceBehavior [ RunTime:0.001038s ]
INFO: [ app_end ] --END-- [ RunTime:0.001248s ]

[ 2014-07-06T21:40:55+08:00 ] ::1 /kucms/index.php/Admin/Public/menu/channel/2
INFO: [ app_init ] --START--
INFO: Run Behavior\BuildLiteBehavior [ RunTime:0.000041s ]
INFO: [ app_init ] --END-- [ RunTime:0.000844s ]
INFO: [ app_begin ] --START--
INFO: Run Behavior\ReadHtmlCacheBehavior [ RunTime:0.001073s ]
INFO: [ app_begin ] --END-- [ RunTime:0.001367s ]
NOTIC: [8192] mysql_connect(): The mysql extension is deprecated and will be removed in the future: use mysqli or PDO instead D:\wamp\www\kucms\ThinkPHP\Library\Think\Db\Driver\Mysql.class.php 第 52 行.
SQL: SHOW COLUMNS FROM `module` [ RunTime:0.010895s ]
SQL: SELECT * FROM `module` ORDER BY id  [ RunTime:0.000778s ]
INFO: [ view_parse ] --START--
INFO: [ template_filter ] --START--
INFO: Run Behavior\ContentReplaceBehavior [ RunTime:0.000376s ]
INFO: [ template_filter ] --END-- [ RunTime:0.000756s ]
INFO: Run Behavior\ParseTemplateBehavior [ RunTime:0.076925s ]
INFO: [ view_parse ] --END-- [ RunTime:0.077144s ]
INFO: [ view_filter ] --START--
INFO: Run Behavior\WriteHtmlCacheBehavior [ RunTime:0.000654s ]
INFO: [ view_filter ] --END-- [ RunTime:0.000825s ]
INFO: [ app_end ] --START--
INFO: Run Behavior\ShowPageTraceBehavior [ RunTime:0.000848s ]
INFO: [ app_end ] --END-- [ RunTime:0.001086s ]

[ 2014-07-06T21:40:56+08:00 ] ::1 /kucms/index.php/Admin/Page
INFO: [ app_init ] --START--
INFO: Run Behavior\BuildLiteBehavior [ RunTime:0.000045s ]
INFO: [ app_init ] --END-- [ RunTime:0.000713s ]
INFO: [ app_begin ] --START--
INFO: Run Behavior\ReadHtmlCacheBehavior [ RunTime:0.000883s ]
INFO: [ app_begin ] --END-- [ RunTime:0.001066s ]
NOTIC: [8192] mysql_connect(): The mysql extension is deprecated and will be removed in the future: use mysqli or PDO instead D:\wamp\www\kucms\ThinkPHP\Library\Think\Db\Driver\Mysql.class.php 第 52 行.
SQL: SHOW COLUMNS FROM `page` [ RunTime:0.009985s ]
SQL: SELECT COUNT(id) AS tp_count FROM `page` LIMIT 1   [ RunTime:0.000674s ]
SQL: SELECT * FROM `page` ORDER BY id desc LIMIT 0,5   [ RunTime:0.017008s ]
SQL: SHOW COLUMNS FROM `category` [ RunTime:0.010205s ]
SQL: SELECT * FROM `category` WHERE ( 1=1 AND id='101' ) LIMIT 1   [ RunTime:0.000710s ]
SQL: SELECT * FROM `category` WHERE ( 1=1 AND id='1' ) LIMIT 1   [ RunTime:0.000493s ]
SQL: SELECT * FROM `category` WHERE ( 1=1 AND id='1' ) LIMIT 1   [ RunTime:0.000424s ]
SQL: SELECT * FROM `category` WHERE ( 1=1 AND id='1' ) LIMIT 1   [ RunTime:0.000487s ]
SQL: SELECT * FROM `category` WHERE ( 1=1 AND id='1' ) LIMIT 1   [ RunTime:0.000487s ]
INFO: [ view_parse ] --START--
INFO: [ template_filter ] --START--
INFO: Run Behavior\ContentReplaceBehavior [ RunTime:0.000126s ]
INFO: [ template_filter ] --END-- [ RunTime:0.000327s ]
NOTIC: [8] Undefined index: id D:\wamp\www\kucms\Application\Runtime\Cache\Admin\31929939fdb8e605f69fbacf2b873270.php 第 66 行.
NOTIC: [8] Undefined index: catname D:\wamp\www\kucms\Application\Runtime\Cache\Admin\31929939fdb8e605f69fbacf2b873270.php 第 80 行.
NOTIC: [8] Undefined index: catname D:\wamp\www\kucms\Application\Runtime\Cache\Admin\31929939fdb8e605f69fbacf2b873270.php 第 80 行.
NOTIC: [8] Undefined index: catname D:\wamp\www\kucms\Application\Runtime\Cache\Admin\31929939fdb8e605f69fbacf2b873270.php 第 80 行.
NOTIC: [8] Undefined index: catname D:\wamp\www\kucms\Application\Runtime\Cache\Admin\31929939fdb8e605f69fbacf2b873270.php 第 80 行.
NOTIC: [8] Undefined index: catname D:\wamp\www\kucms\Application\Runtime\Cache\Admin\31929939fdb8e605f69fbacf2b873270.php 第 80 行.
INFO: Run Behavior\ParseTemplateBehavior [ RunTime:0.061511s ]
INFO: [ view_parse ] --END-- [ RunTime:0.061770s ]
INFO: [ view_filter ] --START--
INFO: Run Behavior\WriteHtmlCacheBehavior [ RunTime:0.000604s ]
INFO: [ view_filter ] --END-- [ RunTime:0.000776s ]
INFO: [ app_end ] --START--
INFO: Run Behavior\ShowPageTraceBehavior [ RunTime:0.000885s ]
INFO: [ app_end ] --END-- [ RunTime:0.001060s ]

[ 2014-07-06T21:40:59+08:00 ] ::1 /kucms/index.php/Admin/Page/edit/id/39
INFO: [ app_init ] --START--
INFO: Run Behavior\BuildLiteBehavior [ RunTime:0.000045s ]
INFO: [ app_init ] --END-- [ RunTime:0.000877s ]
INFO: [ app_begin ] --START--
INFO: Run Behavior\ReadHtmlCacheBehavior [ RunTime:0.000830s ]
INFO: [ app_begin ] --END-- [ RunTime:0.001025s ]
NOTIC: [8192] mysql_connect(): The mysql extension is deprecated and will be removed in the future: use mysqli or PDO instead D:\wamp\www\kucms\ThinkPHP\Library\Think\Db\Driver\Mysql.class.php 第 52 行.
SQL: SHOW COLUMNS FROM `page` [ RunTime:0.009752s ]
SQL: SELECT * FROM `page` WHERE ( id=39 ) LIMIT 1   [ RunTime:0.000685s ]
SQL: SHOW COLUMNS FROM `category` [ RunTime:0.008340s ]
SQL: SELECT `moduleid` FROM `category` WHERE ( id=101 ) LIMIT 1   [ RunTime:0.000650s ]
SQL: SELECT `id`,`fid`,`cname`,concat(path,'-',id) AS `bpath` FROM `category` WHERE ( moduleid=1 ) ORDER BY bpath  [ RunTime:0.000754s ]
INFO: [ view_parse ] --START--
INFO: [ template_filter ] --START--
INFO: Run Behavior\ContentReplaceBehavior [ RunTime:0.000326s ]
INFO: [ template_filter ] --END-- [ RunTime:0.000808s ]
NOTIC: [8] Use of undefined constant cid - assumed 'cid' D:\wamp\www\kucms\Application\Runtime\Cache\Admin\561ad36cdc82fa6a201ec093759f7734.php 第 56 行.
NOTIC: [8] Array to string conversion D:\wamp\www\kucms\Application\Runtime\Cache\Admin\561ad36cdc82fa6a201ec093759f7734.php 第 56 行.
NOTIC: [8] Use of undefined constant cid - assumed 'cid' D:\wamp\www\kucms\Application\Runtime\Cache\Admin\561ad36cdc82fa6a201ec093759f7734.php 第 56 行.
NOTIC: [8] Array to string conversion D:\wamp\www\kucms\Application\Runtime\Cache\Admin\561ad36cdc82fa6a201ec093759f7734.php 第 56 行.
NOTIC: [8] Use of undefined constant cid - assumed 'cid' D:\wamp\www\kucms\Application\Runtime\Cache\Admin\561ad36cdc82fa6a201ec093759f7734.php 第 56 行.
NOTIC: [8] Array to string conversion D:\wamp\www\kucms\Application\Runtime\Cache\Admin\561ad36cdc82fa6a201ec093759f7734.php 第 56 行.
NOTIC: [8] Use of undefined constant cid - assumed 'cid' D:\wamp\www\kucms\Application\Runtime\Cache\Admin\561ad36cdc82fa6a201ec093759f7734.php 第 56 行.
NOTIC: [8] Array to string conversion D:\wamp\www\kucms\Application\Runtime\Cache\Admin\561ad36cdc82fa6a201ec093759f7734.php 第 56 行.
NOTIC: [8] Use of undefined constant cid - assumed 'cid' D:\wamp\www\kucms\Application\Runtime\Cache\Admin\561ad36cdc82fa6a201ec093759f7734.php 第 56 行.
NOTIC: [8] Array to string conversion D:\wamp\www\kucms\Application\Runtime\Cache\Admin\561ad36cdc82fa6a201ec093759f7734.php 第 56 行.
NOTIC: [8] Use of undefined constant cid - assumed 'cid' D:\wamp\www\kucms\Application\Runtime\Cache\Admin\561ad36cdc82fa6a201ec093759f7734.php 第 56 行.
NOTIC: [8] Array to string conversion D:\wamp\www\kucms\Application\Runtime\Cache\Admin\561ad36cdc82fa6a201ec093759f7734.php 第 56 行.
NOTIC: [8] Use of undefined constant cid - assumed 'cid' D:\wamp\www\kucms\Application\Runtime\Cache\Admin\561ad36cdc82fa6a201ec093759f7734.php 第 56 行.
NOTIC: [8] Array to string conversion D:\wamp\www\kucms\Application\Runtime\Cache\Admin\561ad36cdc82fa6a201ec093759f7734.php 第 56 行.
NOTIC: [8] Use of undefined constant cid - assumed 'cid' D:\wamp\www\kucms\Application\Runtime\Cache\Admin\561ad36cdc82fa6a201ec093759f7734.php 第 56 行.
NOTIC: [8] Array to string conversion D:\wamp\www\kucms\Application\Runtime\Cache\Admin\561ad36cdc82fa6a201ec093759f7734.php 第 56 行.
NOTIC: [8] Use of undefined constant img - assumed 'img' D:\wamp\www\kucms\Application\Runtime\Cache\Admin\561ad36cdc82fa6a201ec093759f7734.php 第 66 行.
NOTIC: [8] Array to string conversion D:\wamp\www\kucms\Application\Runtime\Cache\Admin\561ad36cdc82fa6a201ec093759f7734.php 第 66 行.
NOTIC: [8] Undefined index: form D:\wamp\www\kucms\Application\Runtime\Cache\Admin\561ad36cdc82fa6a201ec093759f7734.php 第 79 行.
INFO: Run Behavior\ParseTemplateBehavior [ RunTime:0.135931s ]
INFO: [ view_parse ] --END-- [ RunTime:0.136198s ]
INFO: [ view_filter ] --START--
INFO: Run Behavior\WriteHtmlCacheBehavior [ RunTime:0.000876s ]
INFO: [ view_filter ] --END-- [ RunTime:0.001179s ]
INFO: [ app_end ] --START--
INFO: Run Behavior\ShowPageTraceBehavior [ RunTime:0.001453s ]
INFO: [ app_end ] --END-- [ RunTime:0.001748s ]

[ 2014-07-06T21:41:02+08:00 ] ::1 /kucms/index.php/Admin/Produce
INFO: [ app_init ] --START--
INFO: Run Behavior\BuildLiteBehavior [ RunTime:0.000044s ]
INFO: [ app_init ] --END-- [ RunTime:0.000694s ]
INFO: [ app_begin ] --START--
INFO: Run Behavior\ReadHtmlCacheBehavior [ RunTime:0.000855s ]
INFO: [ app_begin ] --END-- [ RunTime:0.001034s ]
NOTIC: [8192] mysql_connect(): The mysql extension is deprecated and will be removed in the future: use mysqli or PDO instead D:\wamp\www\kucms\ThinkPHP\Library\Think\Db\Driver\Mysql.class.php 第 52 行.
SQL: SHOW COLUMNS FROM `produce` [ RunTime:0.009778s ]
SQL: SELECT * FROM `produce` ORDER BY id asc  [ RunTime:0.000722s ]
SQL: SHOW COLUMNS FROM `category` [ RunTime:0.008348s ]
SQL: SELECT * FROM `category` WHERE ( 1=1 AND id='114' ) LIMIT 1   [ RunTime:0.000723s ]
SQL: SELECT * FROM `category` WHERE ( 1=1 AND id='115' ) LIMIT 1   [ RunTime:0.000526s ]
INFO: [ view_parse ] --START--
INFO: [ template_filter ] --START--
INFO: Run Behavior\ContentReplaceBehavior [ RunTime:0.000129s ]
INFO: [ template_filter ] --END-- [ RunTime:0.000331s ]
NOTIC: [8] Undefined variable: page D:\wamp\www\kucms\Application\Runtime\Cache\Admin\831f47898d9ce509fc518a264796f30c.php 第 90 行.
INFO: Run Behavior\ParseTemplateBehavior [ RunTime:0.047643s ]
INFO: [ view_parse ] --END-- [ RunTime:0.047915s ]
INFO: [ view_filter ] --START--
INFO: Run Behavior\WriteHtmlCacheBehavior [ RunTime:0.000599s ]
INFO: [ view_filter ] --END-- [ RunTime:0.000770s ]
INFO: [ app_end ] --START--
INFO: Run Behavior\ShowPageTraceBehavior [ RunTime:0.000914s ]
INFO: [ app_end ] --END-- [ RunTime:0.001090s ]

[ 2014-07-06T21:41:04+08:00 ] ::1 /kucms/index.php/Admin/Produce/edit/id/26
INFO: [ app_init ] --START--
INFO: Run Behavior\BuildLiteBehavior [ RunTime:0.000044s ]
INFO: [ app_init ] --END-- [ RunTime:0.000795s ]
INFO: [ app_begin ] --START--
INFO: Run Behavior\ReadHtmlCacheBehavior [ RunTime:0.000664s ]
INFO: [ app_begin ] --END-- [ RunTime:0.000855s ]
NOTIC: [8192] mysql_connect(): The mysql extension is deprecated and will be removed in the future: use mysqli or PDO instead D:\wamp\www\kucms\ThinkPHP\Library\Think\Db\Driver\Mysql.class.php 第 52 行.
SQL: SHOW COLUMNS FROM `produce` [ RunTime:0.010401s ]
SQL: SELECT * FROM `produce` WHERE ( id=26 ) LIMIT 1   [ RunTime:0.000779s ]
SQL: SHOW COLUMNS FROM `category` [ RunTime:0.008311s ]
SQL: SELECT `moduleid` FROM `category` WHERE ( id=115 ) LIMIT 1   [ RunTime:0.000654s ]
SQL: SELECT * FROM `category` WHERE ( moduleid=3 )  [ RunTime:0.000491s ]
INFO: [ view_parse ] --START--
INFO: [ template_filter ] --START--
INFO: Run Behavior\ContentReplaceBehavior [ RunTime:0.000144s ]
INFO: [ template_filter ] --END-- [ RunTime:0.000345s ]
NOTIC: [8] Use of undefined constant img - assumed 'img' D:\wamp\www\kucms\Application\Runtime\Cache\Admin\640c8e66c3dee7b0b2d86346f29c1e9a.php 第 75 行.
NOTIC: [8] Array to string conversion D:\wamp\www\kucms\Application\Runtime\Cache\Admin\640c8e66c3dee7b0b2d86346f29c1e9a.php 第 75 行.
INFO: Run Behavior\ParseTemplateBehavior [ RunTime:0.085219s ]
INFO: [ view_parse ] --END-- [ RunTime:0.085429s ]
INFO: [ view_filter ] --START--
INFO: Run Behavior\WriteHtmlCacheBehavior [ RunTime:0.000607s ]
INFO: [ view_filter ] --END-- [ RunTime:0.000776s ]
INFO: [ app_end ] --START--
INFO: Run Behavior\ShowPageTraceBehavior [ RunTime:0.000793s ]
INFO: [ app_end ] --END-- [ RunTime:0.000982s ]

[ 2014-07-06T21:41:11+08:00 ] ::1 /kucms/index.php/Admin/Produce/Edit
INFO: [ app_init ] --START--
INFO: Run Behavior\BuildLiteBehavior [ RunTime:0.000044s ]
INFO: [ app_init ] --END-- [ RunTime:0.000747s ]
INFO: [ app_begin ] --START--
INFO: Run Behavior\ReadHtmlCacheBehavior [ RunTime:0.000836s ]
INFO: [ app_begin ] --END-- [ RunTime:0.001032s ]
NOTIC: [8192] mysql_connect(): The mysql extension is deprecated and will be removed in the future: use mysqli or PDO instead D:\wamp\www\kucms\ThinkPHP\Library\Think\Db\Driver\Mysql.class.php 第 52 行.
SQL: SHOW COLUMNS FROM `produce` [ RunTime:0.022245s ]

[ 2014-07-06T21:41:21+08:00 ] ::1 /kucms/index.php/Admin/Produce
INFO: [ app_init ] --START--
INFO: Run Behavior\BuildLiteBehavior [ RunTime:0.000047s ]
INFO: [ app_init ] --END-- [ RunTime:0.000751s ]
INFO: [ app_begin ] --START--
INFO: Run Behavior\ReadHtmlCacheBehavior [ RunTime:0.000875s ]
INFO: [ app_begin ] --END-- [ RunTime:0.001059s ]
NOTIC: [8192] mysql_connect(): The mysql extension is deprecated and will be removed in the future: use mysqli or PDO instead D:\wamp\www\kucms\ThinkPHP\Library\Think\Db\Driver\Mysql.class.php 第 52 行.
SQL: SHOW COLUMNS FROM `produce` [ RunTime:0.009316s ]
SQL: SELECT * FROM `produce` ORDER BY id asc  [ RunTime:0.000786s ]
SQL: SHOW COLUMNS FROM `category` [ RunTime:0.007661s ]
SQL: SELECT * FROM `category` WHERE ( 1=1 AND id='114' ) LIMIT 1   [ RunTime:0.000753s ]
SQL: SELECT * FROM `category` WHERE ( 1=1 AND id='115' ) LIMIT 1   [ RunTime:0.000457s ]
INFO: [ view_parse ] --START--
INFO: [ template_filter ] --START--
INFO: Run Behavior\ContentReplaceBehavior [ RunTime:0.000125s ]
INFO: [ template_filter ] --END-- [ RunTime:0.000319s ]
NOTIC: [8] Undefined variable: page D:\wamp\www\kucms\Application\Runtime\Cache\Admin\831f47898d9ce509fc518a264796f30c.php 第 90 行.
INFO: Run Behavior\ParseTemplateBehavior [ RunTime:0.014024s ]
INFO: [ view_parse ] --END-- [ RunTime:0.014216s ]
INFO: [ view_filter ] --START--
INFO: Run Behavior\WriteHtmlCacheBehavior [ RunTime:0.000600s ]
INFO: [ view_filter ] --END-- [ RunTime:0.000772s ]
INFO: [ app_end ] --START--
INFO: Run Behavior\ShowPageTraceBehavior [ RunTime:0.000746s ]
INFO: [ app_end ] --END-- [ RunTime:0.000919s ]

