[ 2014-06-05T14:15:50+08:00 ] ::1 /kucms/
INFO: [ app_init ] --START--
INFO: Run Behavior\BuildLiteBehavior [ RunTime:0.000036s ]
INFO: [ app_init ] --END-- [ RunTime:0.030348s ]

[ 2014-06-05T14:16:17+08:00 ] ::1 /kucms/
INFO: [ app_init ] --START--
INFO: Run Behavior\BuildLiteBehavior [ RunTime:0.000033s ]
INFO: [ app_init ] --END-- [ RunTime:0.000663s ]

[ 2014-06-05T14:17:23+08:00 ] ::1 /kucms/
INFO: [ app_init ] --START--
INFO: Run Behavior\BuildLiteBehavior [ RunTime:0.000067s ]
INFO: [ app_init ] --END-- [ RunTime:0.001473s ]

[ 2014-06-05T14:20:35+08:00 ] ::1 /kucms/
INFO: [ app_init ] --START--
INFO: Run Behavior\BuildLiteBehavior [ RunTime:0.000060s ]
INFO: [ app_init ] --END-- [ RunTime:0.001282s ]

[ 2014-06-05T14:28:00+08:00 ] ::1 /kucms/
INFO: [ app_init ] --START--
INFO: Run Behavior\BuildLiteBehavior [ RunTime:0.000028s ]
INFO: [ app_init ] --END-- [ RunTime:0.000526s ]

[ 2014-06-05T14:28:37+08:00 ] ::1 /kucms/
INFO: [ app_init ] --START--
INFO: Run Behavior\BuildLiteBehavior [ RunTime:0.000030s ]
INFO: [ app_init ] --END-- [ RunTime:0.000583s ]

[ 2014-06-05T14:28:39+08:00 ] ::1 /kucms/
INFO: [ app_init ] --START--
INFO: Run Behavior\BuildLiteBehavior [ RunTime:0.000031s ]
INFO: [ app_init ] --END-- [ RunTime:0.000538s ]

[ 2014-06-05T14:28:39+08:00 ] ::1 /kucms/
INFO: [ app_init ] --START--
INFO: Run Behavior\BuildLiteBehavior [ RunTime:0.000028s ]
INFO: [ app_init ] --END-- [ RunTime:0.000515s ]

[ 2014-06-05T14:28:40+08:00 ] ::1 /kucms/
INFO: [ app_init ] --START--
INFO: Run Behavior\BuildLiteBehavior [ RunTime:0.000031s ]
INFO: [ app_init ] --END-- [ RunTime:0.000536s ]

[ 2014-06-05T14:28:47+08:00 ] ::1 /kucms/
INFO: [ app_init ] --START--
INFO: Run Behavior\BuildLiteBehavior [ RunTime:0.000031s ]
INFO: [ app_init ] --END-- [ RunTime:0.000558s ]

[ 2014-06-05T14:28:48+08:00 ] ::1 /kucms/
INFO: [ app_init ] --START--
INFO: Run Behavior\BuildLiteBehavior [ RunTime:0.000031s ]
INFO: [ app_init ] --END-- [ RunTime:0.000595s ]

[ 2014-06-05T14:30:00+08:00 ] ::1 /kucms/index.php/Home/List/index/module/Produce/id/95
INFO: [ app_init ] --START--
INFO: Run Behavior\BuildLiteBehavior [ RunTime:0.000030s ]
INFO: [ app_init ] --END-- [ RunTime:0.000530s ]

[ 2014-06-05T14:30:48+08:00 ] ::1 /kucms/index.php/Home/List/index/module/Produce/id/95
INFO: [ app_init ] --START--
INFO: Run Behavior\BuildLiteBehavior [ RunTime:0.000029s ]
INFO: [ app_init ] --END-- [ RunTime:0.000532s ]

[ 2014-06-05T14:30:49+08:00 ] ::1 /kucms/index.php/Home/List/index/module/Produce/id/95
INFO: [ app_init ] --START--
INFO: Run Behavior\BuildLiteBehavior [ RunTime:0.000030s ]
INFO: [ app_init ] --END-- [ RunTime:0.000530s ]

[ 2014-06-05T14:30:50+08:00 ] ::1 /kucms/index.php/Home/List/index/module/Produce/id/95
INFO: [ app_init ] --START--
INFO: Run Behavior\BuildLiteBehavior [ RunTime:0.000030s ]
INFO: [ app_init ] --END-- [ RunTime:0.000534s ]

[ 2014-06-05T14:30:50+08:00 ] ::1 /kucms/index.php/Home/List/index/module/Produce/id/95
INFO: [ app_init ] --START--
INFO: Run Behavior\BuildLiteBehavior [ RunTime:0.000029s ]
INFO: [ app_init ] --END-- [ RunTime:0.000521s ]

[ 2014-06-05T14:31:49+08:00 ] ::1 /kucms/index.php/Home/List/index/module/Produce/id/95
INFO: [ app_init ] --START--
INFO: Run Behavior\BuildLiteBehavior [ RunTime:0.000029s ]
INFO: [ app_init ] --END-- [ RunTime:0.000528s ]

[ 2014-06-05T14:31:50+08:00 ] ::1 /kucms/index.php/Home/List/index/module/Produce/id/95
INFO: [ app_init ] --START--
INFO: Run Behavior\BuildLiteBehavior [ RunTime:0.000030s ]
INFO: [ app_init ] --END-- [ RunTime:0.000555s ]

[ 2014-06-05T14:44:13+08:00 ] ::1 /kucms/index.php/Home/List/index/module/Produce/id/95
INFO: [ app_init ] --START--
INFO: Run Behavior\BuildLiteBehavior [ RunTime:0.000032s ]
INFO: [ app_init ] --END-- [ RunTime:0.000627s ]

[ 2014-06-05T14:44:29+08:00 ] ::1 /kucms/index.php/Home/List/index/module/Produce/id/95
INFO: [ app_init ] --START--
INFO: Run Behavior\BuildLiteBehavior [ RunTime:0.000029s ]
INFO: [ app_init ] --END-- [ RunTime:0.000521s ]

[ 2014-06-05T14:44:30+08:00 ] ::1 /kucms/index.php/Home/List/index/module/Produce/id/95
INFO: [ app_init ] --START--
INFO: Run Behavior\BuildLiteBehavior [ RunTime:0.000030s ]
INFO: [ app_init ] --END-- [ RunTime:0.000604s ]

[ 2014-06-05T14:44:30+08:00 ] ::1 /kucms/index.php/Home/List/index/module/Produce/id/95
INFO: [ app_init ] --START--
INFO: Run Behavior\BuildLiteBehavior [ RunTime:0.000029s ]
INFO: [ app_init ] --END-- [ RunTime:0.000512s ]

[ 2014-06-05T14:44:31+08:00 ] ::1 /kucms/index.php/Home/List/index/module/Produce/id/95
INFO: [ app_init ] --START--
INFO: Run Behavior\BuildLiteBehavior [ RunTime:0.000029s ]
INFO: [ app_init ] --END-- [ RunTime:0.000517s ]

[ 2014-06-05T14:44:32+08:00 ] ::1 /kucms/index.php
INFO: [ app_init ] --START--
INFO: Run Behavior\BuildLiteBehavior [ RunTime:0.000029s ]
INFO: [ app_init ] --END-- [ RunTime:0.000525s ]

[ 2014-06-05T14:44:44+08:00 ] ::1 /kucms/index.php
INFO: [ app_init ] --START--
INFO: Run Behavior\BuildLiteBehavior [ RunTime:0.000029s ]
INFO: [ app_init ] --END-- [ RunTime:0.000517s ]

[ 2014-06-05T14:44:54+08:00 ] ::1 /kucms/index.php
INFO: [ app_init ] --START--
INFO: Run Behavior\BuildLiteBehavior [ RunTime:0.000056s ]
INFO: [ app_init ] --END-- [ RunTime:0.001035s ]

[ 2014-06-05T14:50:02+08:00 ] ::1 /kucms/index.php
INFO: [ app_init ] --START--
INFO: Run Behavior\BuildLiteBehavior [ RunTime:0.000030s ]
INFO: [ app_init ] --END-- [ RunTime:0.000533s ]

[ 2014-06-05T14:51:24+08:00 ] ::1 /kucms/index.php
INFO: [ app_init ] --START--
INFO: Run Behavior\BuildLiteBehavior [ RunTime:0.000029s ]
INFO: [ app_init ] --END-- [ RunTime:0.000522s ]

[ 2014-06-05T14:51:25+08:00 ] ::1 /kucms/index.php
INFO: [ app_init ] --START--
INFO: Run Behavior\BuildLiteBehavior [ RunTime:0.000030s ]
INFO: [ app_init ] --END-- [ RunTime:0.000523s ]

[ 2014-06-05T14:51:25+08:00 ] ::1 /kucms/index.php
INFO: [ app_init ] --START--
INFO: Run Behavior\BuildLiteBehavior [ RunTime:0.000059s ]
INFO: [ app_init ] --END-- [ RunTime:0.001034s ]

[ 2014-06-05T14:51:26+08:00 ] ::1 /kucms/index.php
INFO: [ app_init ] --START--
INFO: Run Behavior\BuildLiteBehavior [ RunTime:0.000031s ]
INFO: [ app_init ] --END-- [ RunTime:0.000535s ]

[ 2014-06-05T15:01:38+08:00 ] ::1 /kucms/index.php
INFO: [ app_init ] --START--
INFO: Run Behavior\BuildLiteBehavior [ RunTime:0.000031s ]
INFO: [ app_init ] --END-- [ RunTime:0.000564s ]

[ 2014-06-05T15:02:02+08:00 ] ::1 /kucms/index.php
INFO: [ app_init ] --START--
INFO: Run Behavior\BuildLiteBehavior [ RunTime:0.000039s ]
INFO: [ app_init ] --END-- [ RunTime:0.000845s ]

[ 2014-06-05T15:04:41+08:00 ] ::1 /kucms/index.php
INFO: [ app_init ] --START--
INFO: Run Behavior\BuildLiteBehavior [ RunTime:0.000029s ]
INFO: [ app_init ] --END-- [ RunTime:0.000525s ]

[ 2014-06-05T15:05:51+08:00 ] ::1 /kucms/index.php
INFO: [ app_init ] --START--
INFO: Run Behavior\BuildLiteBehavior [ RunTime:0.000030s ]
INFO: [ app_init ] --END-- [ RunTime:0.000530s ]

[ 2014-06-05T15:06:45+08:00 ] ::1 /kucms/index.php
INFO: [ app_init ] --START--
INFO: Run Behavior\BuildLiteBehavior [ RunTime:0.000031s ]
INFO: [ app_init ] --END-- [ RunTime:0.000570s ]

[ 2014-06-05T15:07:28+08:00 ] ::1 /kucms/index.php
INFO: [ app_init ] --START--
INFO: Run Behavior\BuildLiteBehavior [ RunTime:0.000029s ]
INFO: [ app_init ] --END-- [ RunTime:0.000530s ]

[ 2014-06-05T15:09:05+08:00 ] ::1 /kucms/index.php
INFO: [ app_init ] --START--
INFO: Run Behavior\BuildLiteBehavior [ RunTime:0.000058s ]
INFO: [ app_init ] --END-- [ RunTime:0.000883s ]

[ 2014-06-05T15:09:24+08:00 ] ::1 /kucms/index.php
INFO: [ app_init ] --START--
INFO: Run Behavior\BuildLiteBehavior [ RunTime:0.000030s ]
INFO: [ app_init ] --END-- [ RunTime:0.000539s ]

[ 2014-06-05T15:09:36+08:00 ] ::1 /kucms/index.php
INFO: [ app_init ] --START--
INFO: Run Behavior\BuildLiteBehavior [ RunTime:0.000030s ]
INFO: [ app_init ] --END-- [ RunTime:0.000527s ]

[ 2014-06-05T15:12:19+08:00 ] ::1 /kucms/index.php
INFO: [ app_init ] --START--
INFO: Run Behavior\BuildLiteBehavior [ RunTime:0.000029s ]
INFO: [ app_init ] --END-- [ RunTime:0.000522s ]

[ 2014-06-05T15:13:25+08:00 ] ::1 /kucms/index.php
INFO: [ app_init ] --START--
INFO: Run Behavior\BuildLiteBehavior [ RunTime:0.000030s ]
INFO: [ app_init ] --END-- [ RunTime:0.000535s ]

[ 2014-06-05T16:08:47+08:00 ] ::1 /kucms/index.php
INFO: [ app_init ] --START--
INFO: Run Behavior\BuildLiteBehavior [ RunTime:0.000030s ]
INFO: [ app_init ] --END-- [ RunTime:0.000539s ]

