[ 2014-06-03T10:39:48+08:00 ] ::1 /kucms/
INFO: [ app_init ] --START--
INFO: Run Behavior\BuildLiteBehavior [ RunTime:0.000064s ]
INFO: [ app_init ] --END-- [ RunTime:0.022582s ]
INFO: [ app_begin ] --START--
INFO: Run Behavior\ReadHtmlCacheBehavior [ RunTime:0.025586s ]
INFO: [ app_begin ] --END-- [ RunTime:0.025878s ]
SQL: SHOW COLUMNS FROM `category` [ RunTime:0.008824s ]
NOTIC: [8] Undefined variable: cate D:\wamp\www\kucms\Application\Home\Controller\BaseController.class.php 第 8 行.

[ 2014-06-03T10:40:58+08:00 ] ::1 /kucms/
INFO: [ app_init ] --START--
INFO: Run Behavior\BuildLiteBehavior [ RunTime:0.000028s ]
INFO: [ app_init ] --END-- [ RunTime:0.000528s ]
INFO: [ app_begin ] --START--
INFO: Run Behavior\ReadHtmlCacheBehavior [ RunTime:0.000901s ]
INFO: [ app_begin ] --END-- [ RunTime:0.001027s ]
SQL: SHOW COLUMNS FROM `category` [ RunTime:0.007379s ]
NOTIC: [8] Undefined variable: cate D:\wamp\www\kucms\Application\Home\Controller\BaseController.class.php 第 8 行.

[ 2014-06-03T10:40:59+08:00 ] ::1 /kucms/
INFO: [ app_init ] --START--
INFO: Run Behavior\BuildLiteBehavior [ RunTime:0.000028s ]
INFO: [ app_init ] --END-- [ RunTime:0.000522s ]
INFO: [ app_begin ] --START--
INFO: Run Behavior\ReadHtmlCacheBehavior [ RunTime:0.000818s ]
INFO: [ app_begin ] --END-- [ RunTime:0.000943s ]
SQL: SHOW COLUMNS FROM `category` [ RunTime:0.007539s ]
NOTIC: [8] Undefined variable: cate D:\wamp\www\kucms\Application\Home\Controller\BaseController.class.php 第 8 行.

[ 2014-06-03T10:40:59+08:00 ] ::1 /kucms/
INFO: [ app_init ] --START--
INFO: Run Behavior\BuildLiteBehavior [ RunTime:0.000036s ]
INFO: [ app_init ] --END-- [ RunTime:0.000551s ]
INFO: [ app_begin ] --START--
INFO: Run Behavior\ReadHtmlCacheBehavior [ RunTime:0.000897s ]
INFO: [ app_begin ] --END-- [ RunTime:0.001030s ]
SQL: SHOW COLUMNS FROM `category` [ RunTime:0.016589s ]
NOTIC: [8] Undefined variable: cate D:\wamp\www\kucms\Application\Home\Controller\BaseController.class.php 第 8 行.

[ 2014-06-03T10:42:49+08:00 ] ::1 /kucms/
INFO: [ app_init ] --START--
INFO: Run Behavior\BuildLiteBehavior [ RunTime:0.000029s ]
INFO: [ app_init ] --END-- [ RunTime:0.000537s ]
INFO: [ app_begin ] --START--
INFO: Run Behavior\ReadHtmlCacheBehavior [ RunTime:0.000813s ]
INFO: [ app_begin ] --END-- [ RunTime:0.000938s ]
SQL: SHOW COLUMNS FROM `category` [ RunTime:0.007643s ]
SQL: SELECT `id`,`cname`,`fid`,`path`,`isshow`,concat(path,'-',id) AS `bpath` FROM `category` ORDER BY bpath asc  [ RunTime:0.000423s ]
NOTIC: [8] Undefined variable: clist D:\wamp\www\kucms\Application\Home\Controller\BaseController.class.php 第 9 行.
NOTIC: [2] Invalid argument supplied for foreach() D:\wamp\www\kucms\Application\Home\Controller\BaseController.class.php 第 9 行.
SQL: SHOW COLUMNS FROM `config` [ RunTime:0.036891s ]
SQL: SELECT `varname`,`value` FROM `config`  [ RunTime:0.000368s ]
NOTIC: [8] Undefined variable: clist D:\wamp\www\kucms\Application\Home\Controller\BaseController.class.php 第 21 行.
NOTIC: [8] Undefined variable: clist D:\wamp\www\kucms\Application\Home\Controller\BaseController.class.php 第 22 行.
SQL: SHOW COLUMNS FROM `article` [ RunTime:0.032320s ]
SQL: SELECT * FROM `article` ORDER BY id desc LIMIT 5   [ RunTime:0.000469s ]
INFO: [ view_parse ] --START--
INFO: [ template_filter ] --START--
INFO: Run Behavior\ContentReplaceBehavior [ RunTime:0.000126s ]
INFO: [ template_filter ] --END-- [ RunTime:0.000259s ]
NOTIC: [8] Undefined variable: produce D:\wamp\www\kucms\Application\Runtime\Cache\Home\2a94b8bda04ff446dcedd42276fc99ee.php 第 49 行.
NOTIC: [8] Undefined variable: produce D:\wamp\www\kucms\Application\Runtime\Cache\Home\2a94b8bda04ff446dcedd42276fc99ee.php 第 78 行.
NOTIC: [8] Undefined variable: produce D:\wamp\www\kucms\Application\Runtime\Cache\Home\2a94b8bda04ff446dcedd42276fc99ee.php 第 81 行.
NOTIC: [8] Undefined variable: produce D:\wamp\www\kucms\Application\Runtime\Cache\Home\2a94b8bda04ff446dcedd42276fc99ee.php 第 87 行.
NOTIC: [8] Undefined variable: produce D:\wamp\www\kucms\Application\Runtime\Cache\Home\2a94b8bda04ff446dcedd42276fc99ee.php 第 90 行.
NOTIC: [8] Undefined variable: produce D:\wamp\www\kucms\Application\Runtime\Cache\Home\2a94b8bda04ff446dcedd42276fc99ee.php 第 96 行.
NOTIC: [8] Undefined variable: produce D:\wamp\www\kucms\Application\Runtime\Cache\Home\2a94b8bda04ff446dcedd42276fc99ee.php 第 99 行.
NOTIC: [8] Undefined variable: produce D:\wamp\www\kucms\Application\Runtime\Cache\Home\2a94b8bda04ff446dcedd42276fc99ee.php 第 105 行.
NOTIC: [8] Undefined variable: produce D:\wamp\www\kucms\Application\Runtime\Cache\Home\2a94b8bda04ff446dcedd42276fc99ee.php 第 108 行.
NOTIC: [8] Undefined variable: produce D:\wamp\www\kucms\Application\Runtime\Cache\Home\2a94b8bda04ff446dcedd42276fc99ee.php 第 114 行.
NOTIC: [8] Undefined variable: produce D:\wamp\www\kucms\Application\Runtime\Cache\Home\2a94b8bda04ff446dcedd42276fc99ee.php 第 117 行.
NOTIC: [8] Undefined variable: produce D:\wamp\www\kucms\Application\Runtime\Cache\Home\2a94b8bda04ff446dcedd42276fc99ee.php 第 123 行.
NOTIC: [8] Undefined variable: produce D:\wamp\www\kucms\Application\Runtime\Cache\Home\2a94b8bda04ff446dcedd42276fc99ee.php 第 126 行.
NOTIC: [8] Undefined variable: produce D:\wamp\www\kucms\Application\Runtime\Cache\Home\2a94b8bda04ff446dcedd42276fc99ee.php 第 132 行.
NOTIC: [8] Undefined variable: produce D:\wamp\www\kucms\Application\Runtime\Cache\Home\2a94b8bda04ff446dcedd42276fc99ee.php 第 135 行.
INFO: Run Behavior\ParseTemplateBehavior [ RunTime:0.171834s ]
INFO: [ view_parse ] --END-- [ RunTime:0.171962s ]
INFO: [ view_filter ] --START--
INFO: Run Behavior\WriteHtmlCacheBehavior [ RunTime:0.013720s ]
INFO: [ view_filter ] --END-- [ RunTime:0.013861s ]
INFO: [ app_end ] --START--
INFO: Run Behavior\ShowPageTraceBehavior [ RunTime:0.023729s ]
INFO: [ app_end ] --END-- [ RunTime:0.023867s ]

[ 2014-06-03T10:42:52+08:00 ] ::1 /kucms/index.php
INFO: [ app_init ] --START--
INFO: Run Behavior\BuildLiteBehavior [ RunTime:0.000029s ]
INFO: [ app_init ] --END-- [ RunTime:0.000538s ]
INFO: [ app_begin ] --START--
INFO: Run Behavior\ReadHtmlCacheBehavior [ RunTime:0.000823s ]
INFO: [ app_begin ] --END-- [ RunTime:0.000947s ]
SQL: SHOW COLUMNS FROM `category` [ RunTime:0.018224s ]
SQL: SELECT `id`,`cname`,`fid`,`path`,`isshow`,concat(path,'-',id) AS `bpath` FROM `category` ORDER BY bpath asc  [ RunTime:0.000456s ]
NOTIC: [8] Undefined variable: clist D:\wamp\www\kucms\Application\Home\Controller\BaseController.class.php 第 9 行.
NOTIC: [2] Invalid argument supplied for foreach() D:\wamp\www\kucms\Application\Home\Controller\BaseController.class.php 第 9 行.
SQL: SHOW COLUMNS FROM `config` [ RunTime:0.006270s ]
SQL: SELECT `varname`,`value` FROM `config`  [ RunTime:0.000350s ]
NOTIC: [8] Undefined variable: clist D:\wamp\www\kucms\Application\Home\Controller\BaseController.class.php 第 21 行.
NOTIC: [8] Undefined variable: clist D:\wamp\www\kucms\Application\Home\Controller\BaseController.class.php 第 22 行.
SQL: SHOW COLUMNS FROM `article` [ RunTime:0.006853s ]
SQL: SELECT * FROM `article` ORDER BY id desc LIMIT 5   [ RunTime:0.000403s ]
INFO: [ view_parse ] --START--
INFO: [ template_filter ] --START--
INFO: Run Behavior\ContentReplaceBehavior [ RunTime:0.000139s ]
INFO: [ template_filter ] --END-- [ RunTime:0.000274s ]
NOTIC: [8] Undefined variable: produce D:\wamp\www\kucms\Application\Runtime\Cache\Home\2a94b8bda04ff446dcedd42276fc99ee.php 第 49 行.
NOTIC: [8] Undefined variable: produce D:\wamp\www\kucms\Application\Runtime\Cache\Home\2a94b8bda04ff446dcedd42276fc99ee.php 第 78 行.
NOTIC: [8] Undefined variable: produce D:\wamp\www\kucms\Application\Runtime\Cache\Home\2a94b8bda04ff446dcedd42276fc99ee.php 第 81 行.
NOTIC: [8] Undefined variable: produce D:\wamp\www\kucms\Application\Runtime\Cache\Home\2a94b8bda04ff446dcedd42276fc99ee.php 第 87 行.
NOTIC: [8] Undefined variable: produce D:\wamp\www\kucms\Application\Runtime\Cache\Home\2a94b8bda04ff446dcedd42276fc99ee.php 第 90 行.
NOTIC: [8] Undefined variable: produce D:\wamp\www\kucms\Application\Runtime\Cache\Home\2a94b8bda04ff446dcedd42276fc99ee.php 第 96 行.
NOTIC: [8] Undefined variable: produce D:\wamp\www\kucms\Application\Runtime\Cache\Home\2a94b8bda04ff446dcedd42276fc99ee.php 第 99 行.
NOTIC: [8] Undefined variable: produce D:\wamp\www\kucms\Application\Runtime\Cache\Home\2a94b8bda04ff446dcedd42276fc99ee.php 第 105 行.
NOTIC: [8] Undefined variable: produce D:\wamp\www\kucms\Application\Runtime\Cache\Home\2a94b8bda04ff446dcedd42276fc99ee.php 第 108 行.
NOTIC: [8] Undefined variable: produce D:\wamp\www\kucms\Application\Runtime\Cache\Home\2a94b8bda04ff446dcedd42276fc99ee.php 第 114 行.
NOTIC: [8] Undefined variable: produce D:\wamp\www\kucms\Application\Runtime\Cache\Home\2a94b8bda04ff446dcedd42276fc99ee.php 第 117 行.
NOTIC: [8] Undefined variable: produce D:\wamp\www\kucms\Application\Runtime\Cache\Home\2a94b8bda04ff446dcedd42276fc99ee.php 第 123 行.
NOTIC: [8] Undefined variable: produce D:\wamp\www\kucms\Application\Runtime\Cache\Home\2a94b8bda04ff446dcedd42276fc99ee.php 第 126 行.
NOTIC: [8] Undefined variable: produce D:\wamp\www\kucms\Application\Runtime\Cache\Home\2a94b8bda04ff446dcedd42276fc99ee.php 第 132 行.
NOTIC: [8] Undefined variable: produce D:\wamp\www\kucms\Application\Runtime\Cache\Home\2a94b8bda04ff446dcedd42276fc99ee.php 第 135 行.
INFO: Run Behavior\ParseTemplateBehavior [ RunTime:0.030288s ]
INFO: [ view_parse ] --END-- [ RunTime:0.030416s ]
INFO: [ view_filter ] --START--
INFO: Run Behavior\WriteHtmlCacheBehavior [ RunTime:0.000718s ]
INFO: [ view_filter ] --END-- [ RunTime:0.000834s ]
INFO: [ app_end ] --START--
INFO: Run Behavior\ShowPageTraceBehavior [ RunTime:0.000845s ]
INFO: [ app_end ] --END-- [ RunTime:0.000962s ]

[ 2014-06-03T10:42:53+08:00 ] ::1 /kucms/index.php
INFO: [ app_init ] --START--
INFO: Run Behavior\BuildLiteBehavior [ RunTime:0.000054s ]
INFO: [ app_init ] --END-- [ RunTime:0.000809s ]
INFO: [ app_begin ] --START--
INFO: Run Behavior\ReadHtmlCacheBehavior [ RunTime:0.000930s ]
INFO: [ app_begin ] --END-- [ RunTime:0.001070s ]
SQL: SHOW COLUMNS FROM `category` [ RunTime:0.008190s ]
SQL: SELECT `id`,`cname`,`fid`,`path`,`isshow`,concat(path,'-',id) AS `bpath` FROM `category` ORDER BY bpath asc  [ RunTime:0.000471s ]
NOTIC: [8] Undefined variable: clist D:\wamp\www\kucms\Application\Home\Controller\BaseController.class.php 第 9 行.
NOTIC: [2] Invalid argument supplied for foreach() D:\wamp\www\kucms\Application\Home\Controller\BaseController.class.php 第 9 行.
SQL: SHOW COLUMNS FROM `config` [ RunTime:0.006082s ]
SQL: SELECT `varname`,`value` FROM `config`  [ RunTime:0.000327s ]
NOTIC: [8] Undefined variable: clist D:\wamp\www\kucms\Application\Home\Controller\BaseController.class.php 第 21 行.
NOTIC: [8] Undefined variable: clist D:\wamp\www\kucms\Application\Home\Controller\BaseController.class.php 第 22 行.
SQL: SHOW COLUMNS FROM `article` [ RunTime:0.006867s ]
SQL: SELECT * FROM `article` ORDER BY id desc LIMIT 5   [ RunTime:0.000479s ]
INFO: [ view_parse ] --START--
INFO: [ template_filter ] --START--
INFO: Run Behavior\ContentReplaceBehavior [ RunTime:0.000126s ]
INFO: [ template_filter ] --END-- [ RunTime:0.000256s ]
NOTIC: [8] Undefined variable: produce D:\wamp\www\kucms\Application\Runtime\Cache\Home\2a94b8bda04ff446dcedd42276fc99ee.php 第 49 行.
NOTIC: [8] Undefined variable: produce D:\wamp\www\kucms\Application\Runtime\Cache\Home\2a94b8bda04ff446dcedd42276fc99ee.php 第 78 行.
NOTIC: [8] Undefined variable: produce D:\wamp\www\kucms\Application\Runtime\Cache\Home\2a94b8bda04ff446dcedd42276fc99ee.php 第 81 行.
NOTIC: [8] Undefined variable: produce D:\wamp\www\kucms\Application\Runtime\Cache\Home\2a94b8bda04ff446dcedd42276fc99ee.php 第 87 行.
NOTIC: [8] Undefined variable: produce D:\wamp\www\kucms\Application\Runtime\Cache\Home\2a94b8bda04ff446dcedd42276fc99ee.php 第 90 行.
NOTIC: [8] Undefined variable: produce D:\wamp\www\kucms\Application\Runtime\Cache\Home\2a94b8bda04ff446dcedd42276fc99ee.php 第 96 行.
NOTIC: [8] Undefined variable: produce D:\wamp\www\kucms\Application\Runtime\Cache\Home\2a94b8bda04ff446dcedd42276fc99ee.php 第 99 行.
NOTIC: [8] Undefined variable: produce D:\wamp\www\kucms\Application\Runtime\Cache\Home\2a94b8bda04ff446dcedd42276fc99ee.php 第 105 行.
NOTIC: [8] Undefined variable: produce D:\wamp\www\kucms\Application\Runtime\Cache\Home\2a94b8bda04ff446dcedd42276fc99ee.php 第 108 行.
NOTIC: [8] Undefined variable: produce D:\wamp\www\kucms\Application\Runtime\Cache\Home\2a94b8bda04ff446dcedd42276fc99ee.php 第 114 行.
NOTIC: [8] Undefined variable: produce D:\wamp\www\kucms\Application\Runtime\Cache\Home\2a94b8bda04ff446dcedd42276fc99ee.php 第 117 行.
NOTIC: [8] Undefined variable: produce D:\wamp\www\kucms\Application\Runtime\Cache\Home\2a94b8bda04ff446dcedd42276fc99ee.php 第 123 行.
NOTIC: [8] Undefined variable: produce D:\wamp\www\kucms\Application\Runtime\Cache\Home\2a94b8bda04ff446dcedd42276fc99ee.php 第 126 行.
NOTIC: [8] Undefined variable: produce D:\wamp\www\kucms\Application\Runtime\Cache\Home\2a94b8bda04ff446dcedd42276fc99ee.php 第 132 行.
NOTIC: [8] Undefined variable: produce D:\wamp\www\kucms\Application\Runtime\Cache\Home\2a94b8bda04ff446dcedd42276fc99ee.php 第 135 行.
INFO: Run Behavior\ParseTemplateBehavior [ RunTime:0.029309s ]
INFO: [ view_parse ] --END-- [ RunTime:0.029437s ]
INFO: [ view_filter ] --START--
INFO: Run Behavior\WriteHtmlCacheBehavior [ RunTime:0.000630s ]
INFO: [ view_filter ] --END-- [ RunTime:0.000744s ]
INFO: [ app_end ] --START--
INFO: Run Behavior\ShowPageTraceBehavior [ RunTime:0.000841s ]
INFO: [ app_end ] --END-- [ RunTime:0.000959s ]

[ 2014-06-03T10:43:09+08:00 ] ::1 /kucms/index.php
INFO: [ app_init ] --START--
INFO: Run Behavior\BuildLiteBehavior [ RunTime:0.000031s ]
INFO: [ app_init ] --END-- [ RunTime:0.000561s ]
INFO: [ app_begin ] --START--
INFO: Run Behavior\ReadHtmlCacheBehavior [ RunTime:0.000833s ]
INFO: [ app_begin ] --END-- [ RunTime:0.000959s ]
SQL: SHOW COLUMNS FROM `category` [ RunTime:0.008637s ]
SQL: SELECT `id`,`cname`,`fid`,`path`,`isshow`,concat(path,'-',id) AS `bpath` FROM `category` ORDER BY bpath asc  [ RunTime:0.000443s ]
SQL: SHOW COLUMNS FROM `module` [ RunTime:0.020948s ]
NOTIC: [8] Undefined index: moduleid D:\wamp\www\kucms\Application\Home\Controller\BaseController.class.php 第 11 行.
SQL: SELECT * FROM `module` WHERE ( id= ) LIMIT 1   [ RunTime:0.000211s ]
ERR: 1064:You have an error in your SQL syntax; check the manual that corresponds to your MySQL server version for the right syntax to use near ') LIMIT 1' at line 1
 [ SQL语句 ] : SELECT * FROM `module` WHERE ( id= ) LIMIT 1  
NOTIC: [8] Undefined index: moduleid D:\wamp\www\kucms\Application\Home\Controller\BaseController.class.php 第 11 行.
SQL: SELECT * FROM `module` WHERE ( id= ) LIMIT 1   [ RunTime:0.000162s ]
ERR: 1064:You have an error in your SQL syntax; check the manual that corresponds to your MySQL server version for the right syntax to use near ') LIMIT 1' at line 1
 [ SQL语句 ] : SELECT * FROM `module` WHERE ( id= ) LIMIT 1  
NOTIC: [8] Undefined index: moduleid D:\wamp\www\kucms\Application\Home\Controller\BaseController.class.php 第 11 行.
SQL: SELECT * FROM `module` WHERE ( id= ) LIMIT 1   [ RunTime:0.000157s ]
ERR: 1064:You have an error in your SQL syntax; check the manual that corresponds to your MySQL server version for the right syntax to use near ') LIMIT 1' at line 1
 [ SQL语句 ] : SELECT * FROM `module` WHERE ( id= ) LIMIT 1  
NOTIC: [8] Undefined index: moduleid D:\wamp\www\kucms\Application\Home\Controller\BaseController.class.php 第 11 行.
SQL: SELECT * FROM `module` WHERE ( id= ) LIMIT 1   [ RunTime:0.000155s ]
ERR: 1064:You have an error in your SQL syntax; check the manual that corresponds to your MySQL server version for the right syntax to use near ') LIMIT 1' at line 1
 [ SQL语句 ] : SELECT * FROM `module` WHERE ( id= ) LIMIT 1  
NOTIC: [8] Undefined index: moduleid D:\wamp\www\kucms\Application\Home\Controller\BaseController.class.php 第 11 行.
SQL: SELECT * FROM `module` WHERE ( id= ) LIMIT 1   [ RunTime:0.000219s ]
ERR: 1064:You have an error in your SQL syntax; check the manual that corresponds to your MySQL server version for the right syntax to use near ') LIMIT 1' at line 1
 [ SQL语句 ] : SELECT * FROM `module` WHERE ( id= ) LIMIT 1  
NOTIC: [8] Undefined index: moduleid D:\wamp\www\kucms\Application\Home\Controller\BaseController.class.php 第 11 行.
SQL: SELECT * FROM `module` WHERE ( id= ) LIMIT 1   [ RunTime:0.000178s ]
ERR: 1064:You have an error in your SQL syntax; check the manual that corresponds to your MySQL server version for the right syntax to use near ') LIMIT 1' at line 1
 [ SQL语句 ] : SELECT * FROM `module` WHERE ( id= ) LIMIT 1  
NOTIC: [8] Undefined index: moduleid D:\wamp\www\kucms\Application\Home\Controller\BaseController.class.php 第 11 行.
SQL: SELECT * FROM `module` WHERE ( id= ) LIMIT 1   [ RunTime:0.000162s ]
ERR: 1064:You have an error in your SQL syntax; check the manual that corresponds to your MySQL server version for the right syntax to use near ') LIMIT 1' at line 1
 [ SQL语句 ] : SELECT * FROM `module` WHERE ( id= ) LIMIT 1  
NOTIC: [8] Undefined index: moduleid D:\wamp\www\kucms\Application\Home\Controller\BaseController.class.php 第 11 行.
SQL: SELECT * FROM `module` WHERE ( id= ) LIMIT 1   [ RunTime:0.000152s ]
ERR: 1064:You have an error in your SQL syntax; check the manual that corresponds to your MySQL server version for the right syntax to use near ') LIMIT 1' at line 1
 [ SQL语句 ] : SELECT * FROM `module` WHERE ( id= ) LIMIT 1  
NOTIC: [8] Undefined index: moduleid D:\wamp\www\kucms\Application\Home\Controller\BaseController.class.php 第 11 行.
SQL: SELECT * FROM `module` WHERE ( id= ) LIMIT 1   [ RunTime:0.000150s ]
ERR: 1064:You have an error in your SQL syntax; check the manual that corresponds to your MySQL server version for the right syntax to use near ') LIMIT 1' at line 1
 [ SQL语句 ] : SELECT * FROM `module` WHERE ( id= ) LIMIT 1  
NOTIC: [8] Undefined index: moduleid D:\wamp\www\kucms\Application\Home\Controller\BaseController.class.php 第 11 行.
SQL: SELECT * FROM `module` WHERE ( id= ) LIMIT 1   [ RunTime:0.000149s ]
ERR: 1064:You have an error in your SQL syntax; check the manual that corresponds to your MySQL server version for the right syntax to use near ') LIMIT 1' at line 1
 [ SQL语句 ] : SELECT * FROM `module` WHERE ( id= ) LIMIT 1  
NOTIC: [8] Undefined index: moduleid D:\wamp\www\kucms\Application\Home\Controller\BaseController.class.php 第 11 行.
SQL: SELECT * FROM `module` WHERE ( id= ) LIMIT 1   [ RunTime:0.000137s ]
ERR: 1064:You have an error in your SQL syntax; check the manual that corresponds to your MySQL server version for the right syntax to use near ') LIMIT 1' at line 1
 [ SQL语句 ] : SELECT * FROM `module` WHERE ( id= ) LIMIT 1  
NOTIC: [8] Undefined index: moduleid D:\wamp\www\kucms\Application\Home\Controller\BaseController.class.php 第 11 行.
SQL: SELECT * FROM `module` WHERE ( id= ) LIMIT 1   [ RunTime:0.000144s ]
ERR: 1064:You have an error in your SQL syntax; check the manual that corresponds to your MySQL server version for the right syntax to use near ') LIMIT 1' at line 1
 [ SQL语句 ] : SELECT * FROM `module` WHERE ( id= ) LIMIT 1  
NOTIC: [8] Undefined index: moduleid D:\wamp\www\kucms\Application\Home\Controller\BaseController.class.php 第 11 行.
SQL: SELECT * FROM `module` WHERE ( id= ) LIMIT 1   [ RunTime:0.000148s ]
ERR: 1064:You have an error in your SQL syntax; check the manual that corresponds to your MySQL server version for the right syntax to use near ') LIMIT 1' at line 1
 [ SQL语句 ] : SELECT * FROM `module` WHERE ( id= ) LIMIT 1  
SQL: SHOW COLUMNS FROM `config` [ RunTime:0.006033s ]
SQL: SELECT `varname`,`value` FROM `config`  [ RunTime:0.000315s ]
SQL: SHOW COLUMNS FROM `article` [ RunTime:0.006519s ]
SQL: SELECT * FROM `article` ORDER BY id desc LIMIT 5   [ RunTime:0.000419s ]
INFO: [ view_parse ] --START--
INFO: [ template_filter ] --START--
INFO: Run Behavior\ContentReplaceBehavior [ RunTime:0.000120s ]
INFO: [ template_filter ] --END-- [ RunTime:0.000252s ]
NOTIC: [2] Illegal string offset 'cname' D:\wamp\www\kucms\Application\Runtime\Cache\Home\2a94b8bda04ff446dcedd42276fc99ee.php 第 39 行.
NOTIC: [2] Illegal string offset 'cname' D:\wamp\www\kucms\Application\Runtime\Cache\Home\2a94b8bda04ff446dcedd42276fc99ee.php 第 39 行.
NOTIC: [2] Illegal string offset 'cname' D:\wamp\www\kucms\Application\Runtime\Cache\Home\2a94b8bda04ff446dcedd42276fc99ee.php 第 39 行.
NOTIC: [2] Illegal string offset 'cname' D:\wamp\www\kucms\Application\Runtime\Cache\Home\2a94b8bda04ff446dcedd42276fc99ee.php 第 39 行.
NOTIC: [2] Illegal string offset 'cname' D:\wamp\www\kucms\Application\Runtime\Cache\Home\2a94b8bda04ff446dcedd42276fc99ee.php 第 39 行.
NOTIC: [2] Illegal string offset 'cname' D:\wamp\www\kucms\Application\Runtime\Cache\Home\2a94b8bda04ff446dcedd42276fc99ee.php 第 39 行.
NOTIC: [8] Undefined variable: produce D:\wamp\www\kucms\Application\Runtime\Cache\Home\2a94b8bda04ff446dcedd42276fc99ee.php 第 49 行.
NOTIC: [8] Undefined variable: produce D:\wamp\www\kucms\Application\Runtime\Cache\Home\2a94b8bda04ff446dcedd42276fc99ee.php 第 78 行.
NOTIC: [8] Undefined variable: produce D:\wamp\www\kucms\Application\Runtime\Cache\Home\2a94b8bda04ff446dcedd42276fc99ee.php 第 81 行.
NOTIC: [8] Undefined variable: produce D:\wamp\www\kucms\Application\Runtime\Cache\Home\2a94b8bda04ff446dcedd42276fc99ee.php 第 87 行.
NOTIC: [8] Undefined variable: produce D:\wamp\www\kucms\Application\Runtime\Cache\Home\2a94b8bda04ff446dcedd42276fc99ee.php 第 90 行.
NOTIC: [8] Undefined variable: produce D:\wamp\www\kucms\Application\Runtime\Cache\Home\2a94b8bda04ff446dcedd42276fc99ee.php 第 96 行.
NOTIC: [8] Undefined variable: produce D:\wamp\www\kucms\Application\Runtime\Cache\Home\2a94b8bda04ff446dcedd42276fc99ee.php 第 99 行.
NOTIC: [8] Undefined variable: produce D:\wamp\www\kucms\Application\Runtime\Cache\Home\2a94b8bda04ff446dcedd42276fc99ee.php 第 105 行.
NOTIC: [8] Undefined variable: produce D:\wamp\www\kucms\Application\Runtime\Cache\Home\2a94b8bda04ff446dcedd42276fc99ee.php 第 108 行.
NOTIC: [8] Undefined variable: produce D:\wamp\www\kucms\Application\Runtime\Cache\Home\2a94b8bda04ff446dcedd42276fc99ee.php 第 114 行.
NOTIC: [8] Undefined variable: produce D:\wamp\www\kucms\Application\Runtime\Cache\Home\2a94b8bda04ff446dcedd42276fc99ee.php 第 117 行.
NOTIC: [8] Undefined variable: produce D:\wamp\www\kucms\Application\Runtime\Cache\Home\2a94b8bda04ff446dcedd42276fc99ee.php 第 123 行.
NOTIC: [8] Undefined variable: produce D:\wamp\www\kucms\Application\Runtime\Cache\Home\2a94b8bda04ff446dcedd42276fc99ee.php 第 126 行.
NOTIC: [8] Undefined variable: produce D:\wamp\www\kucms\Application\Runtime\Cache\Home\2a94b8bda04ff446dcedd42276fc99ee.php 第 132 行.
NOTIC: [8] Undefined variable: produce D:\wamp\www\kucms\Application\Runtime\Cache\Home\2a94b8bda04ff446dcedd42276fc99ee.php 第 135 行.
INFO: Run Behavior\ParseTemplateBehavior [ RunTime:0.030102s ]
INFO: [ view_parse ] --END-- [ RunTime:0.030228s ]
INFO: [ view_filter ] --START--
INFO: Run Behavior\WriteHtmlCacheBehavior [ RunTime:0.000618s ]
INFO: [ view_filter ] --END-- [ RunTime:0.000731s ]
INFO: [ app_end ] --START--
INFO: Run Behavior\ShowPageTraceBehavior [ RunTime:0.000842s ]
INFO: [ app_end ] --END-- [ RunTime:0.000959s ]

[ 2014-06-03T10:44:01+08:00 ] ::1 /kucms/index.php
INFO: [ app_init ] --START--
INFO: Run Behavior\BuildLiteBehavior [ RunTime:0.000028s ]
INFO: [ app_init ] --END-- [ RunTime:0.000521s ]
INFO: [ app_begin ] --START--
INFO: Run Behavior\ReadHtmlCacheBehavior [ RunTime:0.000965s ]
INFO: [ app_begin ] --END-- [ RunTime:0.001093s ]
SQL: SHOW COLUMNS FROM `category` [ RunTime:0.008504s ]
SQL: SELECT `id`,`cname`,`fid`,`path`,`moduleid`,`isshow`,concat(path,'-',id) AS `bpath` FROM `category` ORDER BY bpath asc  [ RunTime:0.000435s ]
SQL: SHOW COLUMNS FROM `module` [ RunTime:0.006082s ]
SQL: SELECT * FROM `module` WHERE ( id=3 ) LIMIT 1   [ RunTime:0.000424s ]
SQL: SELECT * FROM `module` WHERE ( id=1 ) LIMIT 1   [ RunTime:0.000235s ]
SQL: SELECT * FROM `module` WHERE ( id=4 ) LIMIT 1   [ RunTime:0.000236s ]
SQL: SELECT * FROM `module` WHERE ( id=1 ) LIMIT 1   [ RunTime:0.000224s ]
SQL: SELECT * FROM `module` WHERE ( id=3 ) LIMIT 1   [ RunTime:0.000225s ]
SQL: SELECT * FROM `module` WHERE ( id=1 ) LIMIT 1   [ RunTime:0.000242s ]
SQL: SELECT * FROM `module` WHERE ( id=1 ) LIMIT 1   [ RunTime:0.000226s ]
SQL: SELECT * FROM `module` WHERE ( id=1 ) LIMIT 1   [ RunTime:0.000221s ]
SQL: SELECT * FROM `module` WHERE ( id=1 ) LIMIT 1   [ RunTime:0.000216s ]
SQL: SELECT * FROM `module` WHERE ( id=2 ) LIMIT 1   [ RunTime:0.000218s ]
SQL: SELECT * FROM `module` WHERE ( id=2 ) LIMIT 1   [ RunTime:0.000225s ]
SQL: SELECT * FROM `module` WHERE ( id=1 ) LIMIT 1   [ RunTime:0.000270s ]
SQL: SELECT * FROM `module` WHERE ( id=2 ) LIMIT 1   [ RunTime:0.000461s ]
SQL: SHOW COLUMNS FROM `config` [ RunTime:0.005980s ]
SQL: SELECT `varname`,`value` FROM `config`  [ RunTime:0.000319s ]
SQL: SHOW COLUMNS FROM `article` [ RunTime:0.006735s ]
SQL: SELECT * FROM `article` ORDER BY id desc LIMIT 5   [ RunTime:0.000441s ]
INFO: [ view_parse ] --START--
INFO: [ template_filter ] --START--
INFO: Run Behavior\ContentReplaceBehavior [ RunTime:0.000134s ]
INFO: [ template_filter ] --END-- [ RunTime:0.000275s ]
NOTIC: [2] Illegal string offset 'cname' D:\wamp\www\kucms\Application\Runtime\Cache\Home\2a94b8bda04ff446dcedd42276fc99ee.php 第 39 行.
NOTIC: [2] Illegal string offset 'cname' D:\wamp\www\kucms\Application\Runtime\Cache\Home\2a94b8bda04ff446dcedd42276fc99ee.php 第 39 行.
NOTIC: [2] Illegal string offset 'cname' D:\wamp\www\kucms\Application\Runtime\Cache\Home\2a94b8bda04ff446dcedd42276fc99ee.php 第 39 行.
NOTIC: [2] Illegal string offset 'cname' D:\wamp\www\kucms\Application\Runtime\Cache\Home\2a94b8bda04ff446dcedd42276fc99ee.php 第 39 行.
NOTIC: [2] Illegal string offset 'cname' D:\wamp\www\kucms\Application\Runtime\Cache\Home\2a94b8bda04ff446dcedd42276fc99ee.php 第 39 行.
NOTIC: [2] Illegal string offset 'cname' D:\wamp\www\kucms\Application\Runtime\Cache\Home\2a94b8bda04ff446dcedd42276fc99ee.php 第 39 行.
NOTIC: [2] Illegal string offset 'cname' D:\wamp\www\kucms\Application\Runtime\Cache\Home\2a94b8bda04ff446dcedd42276fc99ee.php 第 39 行.
NOTIC: [2] Illegal string offset 'cname' D:\wamp\www\kucms\Application\Runtime\Cache\Home\2a94b8bda04ff446dcedd42276fc99ee.php 第 39 行.
NOTIC: [8] Undefined variable: produce D:\wamp\www\kucms\Application\Runtime\Cache\Home\2a94b8bda04ff446dcedd42276fc99ee.php 第 49 行.
NOTIC: [8] Undefined variable: produce D:\wamp\www\kucms\Application\Runtime\Cache\Home\2a94b8bda04ff446dcedd42276fc99ee.php 第 78 行.
NOTIC: [8] Undefined variable: produce D:\wamp\www\kucms\Application\Runtime\Cache\Home\2a94b8bda04ff446dcedd42276fc99ee.php 第 81 行.
NOTIC: [8] Undefined variable: produce D:\wamp\www\kucms\Application\Runtime\Cache\Home\2a94b8bda04ff446dcedd42276fc99ee.php 第 87 行.
NOTIC: [8] Undefined variable: produce D:\wamp\www\kucms\Application\Runtime\Cache\Home\2a94b8bda04ff446dcedd42276fc99ee.php 第 90 行.
NOTIC: [8] Undefined variable: produce D:\wamp\www\kucms\Application\Runtime\Cache\Home\2a94b8bda04ff446dcedd42276fc99ee.php 第 96 行.
NOTIC: [8] Undefined variable: produce D:\wamp\www\kucms\Application\Runtime\Cache\Home\2a94b8bda04ff446dcedd42276fc99ee.php 第 99 行.
NOTIC: [8] Undefined variable: produce D:\wamp\www\kucms\Application\Runtime\Cache\Home\2a94b8bda04ff446dcedd42276fc99ee.php 第 105 行.
NOTIC: [8] Undefined variable: produce D:\wamp\www\kucms\Application\Runtime\Cache\Home\2a94b8bda04ff446dcedd42276fc99ee.php 第 108 行.
NOTIC: [8] Undefined variable: produce D:\wamp\www\kucms\Application\Runtime\Cache\Home\2a94b8bda04ff446dcedd42276fc99ee.php 第 114 行.
NOTIC: [8] Undefined variable: produce D:\wamp\www\kucms\Application\Runtime\Cache\Home\2a94b8bda04ff446dcedd42276fc99ee.php 第 117 行.
NOTIC: [8] Undefined variable: produce D:\wamp\www\kucms\Application\Runtime\Cache\Home\2a94b8bda04ff446dcedd42276fc99ee.php 第 123 行.
NOTIC: [8] Undefined variable: produce D:\wamp\www\kucms\Application\Runtime\Cache\Home\2a94b8bda04ff446dcedd42276fc99ee.php 第 126 行.
NOTIC: [8] Undefined variable: produce D:\wamp\www\kucms\Application\Runtime\Cache\Home\2a94b8bda04ff446dcedd42276fc99ee.php 第 132 行.
NOTIC: [8] Undefined variable: produce D:\wamp\www\kucms\Application\Runtime\Cache\Home\2a94b8bda04ff446dcedd42276fc99ee.php 第 135 行.
INFO: Run Behavior\ParseTemplateBehavior [ RunTime:0.029480s ]
INFO: [ view_parse ] --END-- [ RunTime:0.029633s ]
INFO: [ view_filter ] --START--
INFO: Run Behavior\WriteHtmlCacheBehavior [ RunTime:0.000619s ]
INFO: [ view_filter ] --END-- [ RunTime:0.000732s ]
INFO: [ app_end ] --START--
INFO: Run Behavior\ShowPageTraceBehavior [ RunTime:0.001094s ]
INFO: [ app_end ] --END-- [ RunTime:0.001222s ]

[ 2014-06-03T10:45:20+08:00 ] ::1 /kucms/index.php
INFO: [ app_init ] --START--
INFO: Run Behavior\BuildLiteBehavior [ RunTime:0.000031s ]
INFO: [ app_init ] --END-- [ RunTime:0.000560s ]
INFO: [ app_begin ] --START--
INFO: Run Behavior\ReadHtmlCacheBehavior [ RunTime:0.001487s ]
INFO: [ app_begin ] --END-- [ RunTime:0.001710s ]
SQL: SHOW COLUMNS FROM `category` [ RunTime:0.007863s ]
SQL: SELECT `id`,`cname`,`fid`,`path`,`moduleid`,`isshow`,concat(path,'-',id) AS `bpath` FROM `category` ORDER BY bpath asc  [ RunTime:0.000417s ]
SQL: SHOW COLUMNS FROM `module` [ RunTime:0.006177s ]
SQL: SELECT * FROM `module` WHERE ( id=3 ) LIMIT 1   [ RunTime:0.000353s ]
SQL: SELECT * FROM `module` WHERE ( id=1 ) LIMIT 1   [ RunTime:0.000256s ]
SQL: SELECT * FROM `module` WHERE ( id=4 ) LIMIT 1   [ RunTime:0.000296s ]
SQL: SELECT * FROM `module` WHERE ( id=1 ) LIMIT 1   [ RunTime:0.000378s ]
SQL: SELECT * FROM `module` WHERE ( id=3 ) LIMIT 1   [ RunTime:0.000255s ]
SQL: SELECT * FROM `module` WHERE ( id=1 ) LIMIT 1   [ RunTime:0.000280s ]
SQL: SELECT * FROM `module` WHERE ( id=1 ) LIMIT 1   [ RunTime:0.000475s ]
SQL: SELECT * FROM `module` WHERE ( id=1 ) LIMIT 1   [ RunTime:0.000553s ]
SQL: SELECT * FROM `module` WHERE ( id=1 ) LIMIT 1   [ RunTime:0.000523s ]
SQL: SELECT * FROM `module` WHERE ( id=2 ) LIMIT 1   [ RunTime:0.000353s ]
SQL: SELECT * FROM `module` WHERE ( id=2 ) LIMIT 1   [ RunTime:0.000242s ]
SQL: SELECT * FROM `module` WHERE ( id=1 ) LIMIT 1   [ RunTime:0.000250s ]
SQL: SELECT * FROM `module` WHERE ( id=2 ) LIMIT 1   [ RunTime:0.000239s ]
SQL: SHOW COLUMNS FROM `config` [ RunTime:0.006009s ]
SQL: SELECT `varname`,`value` FROM `config`  [ RunTime:0.000321s ]
SQL: SHOW COLUMNS FROM `article` [ RunTime:0.006229s ]
SQL: SELECT * FROM `article` ORDER BY id desc LIMIT 5   [ RunTime:0.000403s ]
INFO: [ view_parse ] --START--
INFO: [ template_filter ] --START--
INFO: Run Behavior\ContentReplaceBehavior [ RunTime:0.000123s ]
INFO: [ template_filter ] --END-- [ RunTime:0.000252s ]
NOTIC: [2] Illegal string offset 'cname' D:\wamp\www\kucms\Application\Runtime\Cache\Home\2a94b8bda04ff446dcedd42276fc99ee.php 第 39 行.
NOTIC: [2] Illegal string offset 'cname' D:\wamp\www\kucms\Application\Runtime\Cache\Home\2a94b8bda04ff446dcedd42276fc99ee.php 第 39 行.
NOTIC: [2] Illegal string offset 'cname' D:\wamp\www\kucms\Application\Runtime\Cache\Home\2a94b8bda04ff446dcedd42276fc99ee.php 第 39 行.
NOTIC: [2] Illegal string offset 'cname' D:\wamp\www\kucms\Application\Runtime\Cache\Home\2a94b8bda04ff446dcedd42276fc99ee.php 第 39 行.
NOTIC: [2] Illegal string offset 'cname' D:\wamp\www\kucms\Application\Runtime\Cache\Home\2a94b8bda04ff446dcedd42276fc99ee.php 第 39 行.
NOTIC: [2] Illegal string offset 'cname' D:\wamp\www\kucms\Application\Runtime\Cache\Home\2a94b8bda04ff446dcedd42276fc99ee.php 第 39 行.
NOTIC: [2] Illegal string offset 'cname' D:\wamp\www\kucms\Application\Runtime\Cache\Home\2a94b8bda04ff446dcedd42276fc99ee.php 第 39 行.
NOTIC: [2] Illegal string offset 'cname' D:\wamp\www\kucms\Application\Runtime\Cache\Home\2a94b8bda04ff446dcedd42276fc99ee.php 第 39 行.
NOTIC: [8] Undefined variable: produce D:\wamp\www\kucms\Application\Runtime\Cache\Home\2a94b8bda04ff446dcedd42276fc99ee.php 第 49 行.
NOTIC: [8] Undefined variable: produce D:\wamp\www\kucms\Application\Runtime\Cache\Home\2a94b8bda04ff446dcedd42276fc99ee.php 第 78 行.
NOTIC: [8] Undefined variable: produce D:\wamp\www\kucms\Application\Runtime\Cache\Home\2a94b8bda04ff446dcedd42276fc99ee.php 第 81 行.
NOTIC: [8] Undefined variable: produce D:\wamp\www\kucms\Application\Runtime\Cache\Home\2a94b8bda04ff446dcedd42276fc99ee.php 第 87 行.
NOTIC: [8] Undefined variable: produce D:\wamp\www\kucms\Application\Runtime\Cache\Home\2a94b8bda04ff446dcedd42276fc99ee.php 第 90 行.
NOTIC: [8] Undefined variable: produce D:\wamp\www\kucms\Application\Runtime\Cache\Home\2a94b8bda04ff446dcedd42276fc99ee.php 第 96 行.
NOTIC: [8] Undefined variable: produce D:\wamp\www\kucms\Application\Runtime\Cache\Home\2a94b8bda04ff446dcedd42276fc99ee.php 第 99 行.
NOTIC: [8] Undefined variable: produce D:\wamp\www\kucms\Application\Runtime\Cache\Home\2a94b8bda04ff446dcedd42276fc99ee.php 第 105 行.
NOTIC: [8] Undefined variable: produce D:\wamp\www\kucms\Application\Runtime\Cache\Home\2a94b8bda04ff446dcedd42276fc99ee.php 第 108 行.
NOTIC: [8] Undefined variable: produce D:\wamp\www\kucms\Application\Runtime\Cache\Home\2a94b8bda04ff446dcedd42276fc99ee.php 第 114 行.
NOTIC: [8] Undefined variable: produce D:\wamp\www\kucms\Application\Runtime\Cache\Home\2a94b8bda04ff446dcedd42276fc99ee.php 第 117 行.
NOTIC: [8] Undefined variable: produce D:\wamp\www\kucms\Application\Runtime\Cache\Home\2a94b8bda04ff446dcedd42276fc99ee.php 第 123 行.
NOTIC: [8] Undefined variable: produce D:\wamp\www\kucms\Application\Runtime\Cache\Home\2a94b8bda04ff446dcedd42276fc99ee.php 第 126 行.
NOTIC: [8] Undefined variable: produce D:\wamp\www\kucms\Application\Runtime\Cache\Home\2a94b8bda04ff446dcedd42276fc99ee.php 第 132 行.
NOTIC: [8] Undefined variable: produce D:\wamp\www\kucms\Application\Runtime\Cache\Home\2a94b8bda04ff446dcedd42276fc99ee.php 第 135 行.
INFO: Run Behavior\ParseTemplateBehavior [ RunTime:0.031835s ]
INFO: [ view_parse ] --END-- [ RunTime:0.031962s ]
INFO: [ view_filter ] --START--
INFO: Run Behavior\WriteHtmlCacheBehavior [ RunTime:0.000653s ]
INFO: [ view_filter ] --END-- [ RunTime:0.000770s ]
INFO: [ app_end ] --START--
INFO: Run Behavior\ShowPageTraceBehavior [ RunTime:0.000837s ]
INFO: [ app_end ] --END-- [ RunTime:0.000954s ]

[ 2014-06-03T10:47:44+08:00 ] ::1 /kucms/index.php
INFO: [ app_init ] --START--
INFO: Run Behavior\BuildLiteBehavior [ RunTime:0.000032s ]
INFO: [ app_init ] --END-- [ RunTime:0.000630s ]
INFO: [ app_begin ] --START--
INFO: Run Behavior\ReadHtmlCacheBehavior [ RunTime:0.000833s ]
INFO: [ app_begin ] --END-- [ RunTime:0.000962s ]
SQL: SHOW COLUMNS FROM `category` [ RunTime:0.007547s ]
SQL: SELECT `id`,`cname`,`fid`,`path`,`moduleid`,`isshow`,concat(path,'-',id) AS `bpath` FROM `category` WHERE ( isshow=1 ) ORDER BY bpath asc  [ RunTime:0.000463s ]
SQL: SHOW COLUMNS FROM `module` [ RunTime:0.006299s ]
SQL: SELECT * FROM `module` WHERE ( id=3 ) LIMIT 1   [ RunTime:0.000356s ]
SQL: SELECT * FROM `module` WHERE ( id=1 ) LIMIT 1   [ RunTime:0.000231s ]
SQL: SELECT * FROM `module` WHERE ( id=2 ) LIMIT 1   [ RunTime:0.000237s ]
SQL: SELECT * FROM `module` WHERE ( id=2 ) LIMIT 1   [ RunTime:0.000225s ]
SQL: SELECT * FROM `module` WHERE ( id=1 ) LIMIT 1   [ RunTime:0.000218s ]
SQL: SELECT * FROM `module` WHERE ( id=2 ) LIMIT 1   [ RunTime:0.000219s ]
SQL: SHOW COLUMNS FROM `config` [ RunTime:0.007230s ]
SQL: SELECT `varname`,`value` FROM `config`  [ RunTime:0.000323s ]
SQL: SHOW COLUMNS FROM `article` [ RunTime:0.006232s ]
SQL: SELECT * FROM `article` ORDER BY id desc LIMIT 5   [ RunTime:0.000411s ]
INFO: [ view_parse ] --START--
INFO: [ template_filter ] --START--
INFO: Run Behavior\ContentReplaceBehavior [ RunTime:0.000118s ]
INFO: [ template_filter ] --END-- [ RunTime:0.000244s ]
NOTIC: [2] Illegal string offset 'cname' D:\wamp\www\kucms\Application\Runtime\Cache\Home\2a94b8bda04ff446dcedd42276fc99ee.php 第 39 行.
NOTIC: [2] Illegal string offset 'cname' D:\wamp\www\kucms\Application\Runtime\Cache\Home\2a94b8bda04ff446dcedd42276fc99ee.php 第 39 行.
NOTIC: [2] Illegal string offset 'cname' D:\wamp\www\kucms\Application\Runtime\Cache\Home\2a94b8bda04ff446dcedd42276fc99ee.php 第 39 行.
NOTIC: [2] Illegal string offset 'cname' D:\wamp\www\kucms\Application\Runtime\Cache\Home\2a94b8bda04ff446dcedd42276fc99ee.php 第 39 行.
NOTIC: [2] Illegal string offset 'cname' D:\wamp\www\kucms\Application\Runtime\Cache\Home\2a94b8bda04ff446dcedd42276fc99ee.php 第 39 行.
NOTIC: [2] Illegal string offset 'cname' D:\wamp\www\kucms\Application\Runtime\Cache\Home\2a94b8bda04ff446dcedd42276fc99ee.php 第 39 行.
NOTIC: [2] Illegal string offset 'cname' D:\wamp\www\kucms\Application\Runtime\Cache\Home\2a94b8bda04ff446dcedd42276fc99ee.php 第 39 行.
NOTIC: [2] Illegal string offset 'cname' D:\wamp\www\kucms\Application\Runtime\Cache\Home\2a94b8bda04ff446dcedd42276fc99ee.php 第 39 行.
NOTIC: [8] Undefined variable: produce D:\wamp\www\kucms\Application\Runtime\Cache\Home\2a94b8bda04ff446dcedd42276fc99ee.php 第 49 行.
NOTIC: [8] Undefined variable: produce D:\wamp\www\kucms\Application\Runtime\Cache\Home\2a94b8bda04ff446dcedd42276fc99ee.php 第 78 行.
NOTIC: [8] Undefined variable: produce D:\wamp\www\kucms\Application\Runtime\Cache\Home\2a94b8bda04ff446dcedd42276fc99ee.php 第 81 行.
NOTIC: [8] Undefined variable: produce D:\wamp\www\kucms\Application\Runtime\Cache\Home\2a94b8bda04ff446dcedd42276fc99ee.php 第 87 行.
NOTIC: [8] Undefined variable: produce D:\wamp\www\kucms\Application\Runtime\Cache\Home\2a94b8bda04ff446dcedd42276fc99ee.php 第 90 行.
NOTIC: [8] Undefined variable: produce D:\wamp\www\kucms\Application\Runtime\Cache\Home\2a94b8bda04ff446dcedd42276fc99ee.php 第 96 行.
NOTIC: [8] Undefined variable: produce D:\wamp\www\kucms\Application\Runtime\Cache\Home\2a94b8bda04ff446dcedd42276fc99ee.php 第 99 行.
NOTIC: [8] Undefined variable: produce D:\wamp\www\kucms\Application\Runtime\Cache\Home\2a94b8bda04ff446dcedd42276fc99ee.php 第 105 行.
NOTIC: [8] Undefined variable: produce D:\wamp\www\kucms\Application\Runtime\Cache\Home\2a94b8bda04ff446dcedd42276fc99ee.php 第 108 行.
NOTIC: [8] Undefined variable: produce D:\wamp\www\kucms\Application\Runtime\Cache\Home\2a94b8bda04ff446dcedd42276fc99ee.php 第 114 行.
NOTIC: [8] Undefined variable: produce D:\wamp\www\kucms\Application\Runtime\Cache\Home\2a94b8bda04ff446dcedd42276fc99ee.php 第 117 行.
NOTIC: [8] Undefined variable: produce D:\wamp\www\kucms\Application\Runtime\Cache\Home\2a94b8bda04ff446dcedd42276fc99ee.php 第 123 行.
NOTIC: [8] Undefined variable: produce D:\wamp\www\kucms\Application\Runtime\Cache\Home\2a94b8bda04ff446dcedd42276fc99ee.php 第 126 行.
NOTIC: [8] Undefined variable: produce D:\wamp\www\kucms\Application\Runtime\Cache\Home\2a94b8bda04ff446dcedd42276fc99ee.php 第 132 行.
NOTIC: [8] Undefined variable: produce D:\wamp\www\kucms\Application\Runtime\Cache\Home\2a94b8bda04ff446dcedd42276fc99ee.php 第 135 行.
INFO: Run Behavior\ParseTemplateBehavior [ RunTime:0.031226s ]
INFO: [ view_parse ] --END-- [ RunTime:0.031353s ]
INFO: [ view_filter ] --START--
INFO: Run Behavior\WriteHtmlCacheBehavior [ RunTime:0.000653s ]
INFO: [ view_filter ] --END-- [ RunTime:0.000784s ]
INFO: [ app_end ] --START--
INFO: Run Behavior\ShowPageTraceBehavior [ RunTime:0.000861s ]
INFO: [ app_end ] --END-- [ RunTime:0.000980s ]

[ 2014-06-03T11:14:26+08:00 ] ::1 /kucms/index.php
INFO: [ app_init ] --START--
INFO: Run Behavior\BuildLiteBehavior [ RunTime:0.000031s ]
INFO: [ app_init ] --END-- [ RunTime:0.000585s ]
INFO: [ app_begin ] --START--
INFO: Run Behavior\ReadHtmlCacheBehavior [ RunTime:0.000984s ]
INFO: [ app_begin ] --END-- [ RunTime:0.001137s ]

[ 2014-06-03T11:14:39+08:00 ] ::1 /kucms/index.php
INFO: [ app_init ] --START--
INFO: Run Behavior\BuildLiteBehavior [ RunTime:0.000031s ]
INFO: [ app_init ] --END-- [ RunTime:0.000616s ]
INFO: [ app_begin ] --START--
INFO: Run Behavior\ReadHtmlCacheBehavior [ RunTime:0.000968s ]
INFO: [ app_begin ] --END-- [ RunTime:0.001115s ]
SQL: SHOW COLUMNS FROM `category` [ RunTime:0.007473s ]
SQL: SELECT * FROM `category` WHERE ( `isshow` = 1 ) AND ( `fid` = 0 )  [ RunTime:0.000410s ]
SQL: SHOW COLUMNS FROM `article` [ RunTime:0.006396s ]
SQL: SELECT * FROM `article` ORDER BY id desc LIMIT 5   [ RunTime:0.000432s ]
INFO: [ view_parse ] --START--
INFO: [ template_filter ] --START--
INFO: Run Behavior\ContentReplaceBehavior [ RunTime:0.000121s ]
INFO: [ template_filter ] --END-- [ RunTime:0.000248s ]
NOTIC: [8] Undefined variable: site_name D:\wamp\www\kucms\Application\Runtime\Cache\Home\2a94b8bda04ff446dcedd42276fc99ee.php 第 11 行.
NOTIC: [8] Undefined variable: seo_description D:\wamp\www\kucms\Application\Runtime\Cache\Home\2a94b8bda04ff446dcedd42276fc99ee.php 第 12 行.
NOTIC: [8] Undefined variable: seo_keywords D:\wamp\www\kucms\Application\Runtime\Cache\Home\2a94b8bda04ff446dcedd42276fc99ee.php 第 13 行.
NOTIC: [8] Undefined index: module D:\wamp\www\kucms\Application\Runtime\Cache\Home\2a94b8bda04ff446dcedd42276fc99ee.php 第 24 行.
NOTIC: [2] Illegal string offset 'cname' D:\wamp\www\kucms\Application\Runtime\Cache\Home\2a94b8bda04ff446dcedd42276fc99ee.php 第 39 行.
NOTIC: [2] Illegal string offset 'cname' D:\wamp\www\kucms\Application\Runtime\Cache\Home\2a94b8bda04ff446dcedd42276fc99ee.php 第 39 行.
NOTIC: [2] Illegal string offset 'cname' D:\wamp\www\kucms\Application\Runtime\Cache\Home\2a94b8bda04ff446dcedd42276fc99ee.php 第 39 行.
NOTIC: [2] Illegal string offset 'cname' D:\wamp\www\kucms\Application\Runtime\Cache\Home\2a94b8bda04ff446dcedd42276fc99ee.php 第 39 行.
NOTIC: [2] Illegal string offset 'cname' D:\wamp\www\kucms\Application\Runtime\Cache\Home\2a94b8bda04ff446dcedd42276fc99ee.php 第 39 行.
NOTIC: [8] Uninitialized string offset: 0 D:\wamp\www\kucms\Application\Runtime\Cache\Home\2a94b8bda04ff446dcedd42276fc99ee.php 第 39 行.
NOTIC: [2] Illegal string offset 'cname' D:\wamp\www\kucms\Application\Runtime\Cache\Home\2a94b8bda04ff446dcedd42276fc99ee.php 第 39 行.
NOTIC: [2] Illegal string offset 'cname' D:\wamp\www\kucms\Application\Runtime\Cache\Home\2a94b8bda04ff446dcedd42276fc99ee.php 第 39 行.
NOTIC: [2] Illegal string offset 'cname' D:\wamp\www\kucms\Application\Runtime\Cache\Home\2a94b8bda04ff446dcedd42276fc99ee.php 第 39 行.
NOTIC: [8] Uninitialized string offset: 0 D:\wamp\www\kucms\Application\Runtime\Cache\Home\2a94b8bda04ff446dcedd42276fc99ee.php 第 39 行.
NOTIC: [2] Illegal string offset 'cname' D:\wamp\www\kucms\Application\Runtime\Cache\Home\2a94b8bda04ff446dcedd42276fc99ee.php 第 39 行.
NOTIC: [2] Illegal string offset 'cname' D:\wamp\www\kucms\Application\Runtime\Cache\Home\2a94b8bda04ff446dcedd42276fc99ee.php 第 39 行.
NOTIC: [8] Undefined variable: produce D:\wamp\www\kucms\Application\Runtime\Cache\Home\2a94b8bda04ff446dcedd42276fc99ee.php 第 49 行.
NOTIC: [8] Undefined variable: produce D:\wamp\www\kucms\Application\Runtime\Cache\Home\2a94b8bda04ff446dcedd42276fc99ee.php 第 78 行.
NOTIC: [8] Undefined variable: produce D:\wamp\www\kucms\Application\Runtime\Cache\Home\2a94b8bda04ff446dcedd42276fc99ee.php 第 81 行.
NOTIC: [8] Undefined variable: produce D:\wamp\www\kucms\Application\Runtime\Cache\Home\2a94b8bda04ff446dcedd42276fc99ee.php 第 87 行.
NOTIC: [8] Undefined variable: produce D:\wamp\www\kucms\Application\Runtime\Cache\Home\2a94b8bda04ff446dcedd42276fc99ee.php 第 90 行.
NOTIC: [8] Undefined variable: produce D:\wamp\www\kucms\Application\Runtime\Cache\Home\2a94b8bda04ff446dcedd42276fc99ee.php 第 96 行.
NOTIC: [8] Undefined variable: produce D:\wamp\www\kucms\Application\Runtime\Cache\Home\2a94b8bda04ff446dcedd42276fc99ee.php 第 99 行.
NOTIC: [8] Undefined variable: produce D:\wamp\www\kucms\Application\Runtime\Cache\Home\2a94b8bda04ff446dcedd42276fc99ee.php 第 105 行.
NOTIC: [8] Undefined variable: produce D:\wamp\www\kucms\Application\Runtime\Cache\Home\2a94b8bda04ff446dcedd42276fc99ee.php 第 108 行.
NOTIC: [8] Undefined variable: produce D:\wamp\www\kucms\Application\Runtime\Cache\Home\2a94b8bda04ff446dcedd42276fc99ee.php 第 114 行.
NOTIC: [8] Undefined variable: produce D:\wamp\www\kucms\Application\Runtime\Cache\Home\2a94b8bda04ff446dcedd42276fc99ee.php 第 117 行.
NOTIC: [8] Undefined variable: produce D:\wamp\www\kucms\Application\Runtime\Cache\Home\2a94b8bda04ff446dcedd42276fc99ee.php 第 123 行.
NOTIC: [8] Undefined variable: produce D:\wamp\www\kucms\Application\Runtime\Cache\Home\2a94b8bda04ff446dcedd42276fc99ee.php 第 126 行.
NOTIC: [8] Undefined variable: produce D:\wamp\www\kucms\Application\Runtime\Cache\Home\2a94b8bda04ff446dcedd42276fc99ee.php 第 132 行.
NOTIC: [8] Undefined variable: produce D:\wamp\www\kucms\Application\Runtime\Cache\Home\2a94b8bda04ff446dcedd42276fc99ee.php 第 135 行.
INFO: Run Behavior\ParseTemplateBehavior [ RunTime:0.047960s ]
INFO: [ view_parse ] --END-- [ RunTime:0.048088s ]
INFO: [ view_filter ] --START--
INFO: Run Behavior\WriteHtmlCacheBehavior [ RunTime:0.000632s ]
INFO: [ view_filter ] --END-- [ RunTime:0.000747s ]
INFO: [ app_end ] --START--
INFO: Run Behavior\ShowPageTraceBehavior [ RunTime:0.000835s ]
INFO: [ app_end ] --END-- [ RunTime:0.000952s ]

[ 2014-06-03T11:15:25+08:00 ] ::1 /kucms/index.php
INFO: [ app_init ] --START--
INFO: Run Behavior\BuildLiteBehavior [ RunTime:0.000028s ]
INFO: [ app_init ] --END-- [ RunTime:0.000533s ]
INFO: [ app_begin ] --START--
INFO: Run Behavior\ReadHtmlCacheBehavior [ RunTime:0.000941s ]
INFO: [ app_begin ] --END-- [ RunTime:0.001086s ]
SQL: SHOW COLUMNS FROM `category` [ RunTime:0.076232s ]
SQL: SELECT * FROM `category` WHERE ( `isshow` = 1 ) AND ( `fid` = 0 )  [ RunTime:0.000635s ]
SQL: SHOW COLUMNS FROM `module` [ RunTime:0.014413s ]
SQL: SELECT * FROM `module` WHERE ( id=3 ) LIMIT 1   [ RunTime:0.000637s ]
NOTIC: [8] Undefined index: bpath D:\wamp\www\kucms\Application\Home\Controller\BaseController.class.php 第 17 行.
SQL: SHOW COLUMNS FROM `config` [ RunTime:0.011100s ]
SQL: SELECT `varname`,`value` FROM `config`  [ RunTime:0.000468s ]
SQL: SHOW COLUMNS FROM `article` [ RunTime:0.008285s ]
SQL: SELECT * FROM `article` ORDER BY id desc LIMIT 5   [ RunTime:0.000499s ]
INFO: [ view_parse ] --START--
INFO: [ template_filter ] --START--
INFO: Run Behavior\ContentReplaceBehavior [ RunTime:0.000199s ]
INFO: [ template_filter ] --END-- [ RunTime:0.000446s ]
NOTIC: [2] Illegal string offset 'cname' D:\wamp\www\kucms\Application\Runtime\Cache\Home\2a94b8bda04ff446dcedd42276fc99ee.php 第 39 行.
NOTIC: [2] Illegal string offset 'cname' D:\wamp\www\kucms\Application\Runtime\Cache\Home\2a94b8bda04ff446dcedd42276fc99ee.php 第 39 行.
NOTIC: [2] Illegal string offset 'cname' D:\wamp\www\kucms\Application\Runtime\Cache\Home\2a94b8bda04ff446dcedd42276fc99ee.php 第 39 行.
NOTIC: [2] Illegal string offset 'cname' D:\wamp\www\kucms\Application\Runtime\Cache\Home\2a94b8bda04ff446dcedd42276fc99ee.php 第 39 行.
NOTIC: [2] Illegal string offset 'cname' D:\wamp\www\kucms\Application\Runtime\Cache\Home\2a94b8bda04ff446dcedd42276fc99ee.php 第 39 行.
NOTIC: [8] Uninitialized string offset: 0 D:\wamp\www\kucms\Application\Runtime\Cache\Home\2a94b8bda04ff446dcedd42276fc99ee.php 第 39 行.
NOTIC: [2] Illegal string offset 'cname' D:\wamp\www\kucms\Application\Runtime\Cache\Home\2a94b8bda04ff446dcedd42276fc99ee.php 第 39 行.
NOTIC: [2] Illegal string offset 'cname' D:\wamp\www\kucms\Application\Runtime\Cache\Home\2a94b8bda04ff446dcedd42276fc99ee.php 第 39 行.
NOTIC: [2] Illegal string offset 'cname' D:\wamp\www\kucms\Application\Runtime\Cache\Home\2a94b8bda04ff446dcedd42276fc99ee.php 第 39 行.
NOTIC: [8] Uninitialized string offset: 0 D:\wamp\www\kucms\Application\Runtime\Cache\Home\2a94b8bda04ff446dcedd42276fc99ee.php 第 39 行.
NOTIC: [2] Illegal string offset 'cname' D:\wamp\www\kucms\Application\Runtime\Cache\Home\2a94b8bda04ff446dcedd42276fc99ee.php 第 39 行.
NOTIC: [2] Illegal string offset 'cname' D:\wamp\www\kucms\Application\Runtime\Cache\Home\2a94b8bda04ff446dcedd42276fc99ee.php 第 39 行.
NOTIC: [2] Illegal string offset 'cname' D:\wamp\www\kucms\Application\Runtime\Cache\Home\2a94b8bda04ff446dcedd42276fc99ee.php 第 39 行.
NOTIC: [8] Undefined variable: produce D:\wamp\www\kucms\Application\Runtime\Cache\Home\2a94b8bda04ff446dcedd42276fc99ee.php 第 49 行.
NOTIC: [8] Undefined variable: produce D:\wamp\www\kucms\Application\Runtime\Cache\Home\2a94b8bda04ff446dcedd42276fc99ee.php 第 78 行.
NOTIC: [8] Undefined variable: produce D:\wamp\www\kucms\Application\Runtime\Cache\Home\2a94b8bda04ff446dcedd42276fc99ee.php 第 81 行.
NOTIC: [8] Undefined variable: produce D:\wamp\www\kucms\Application\Runtime\Cache\Home\2a94b8bda04ff446dcedd42276fc99ee.php 第 87 行.
NOTIC: [8] Undefined variable: produce D:\wamp\www\kucms\Application\Runtime\Cache\Home\2a94b8bda04ff446dcedd42276fc99ee.php 第 90 行.
NOTIC: [8] Undefined variable: produce D:\wamp\www\kucms\Application\Runtime\Cache\Home\2a94b8bda04ff446dcedd42276fc99ee.php 第 96 行.
NOTIC: [8] Undefined variable: produce D:\wamp\www\kucms\Application\Runtime\Cache\Home\2a94b8bda04ff446dcedd42276fc99ee.php 第 99 行.
NOTIC: [8] Undefined variable: produce D:\wamp\www\kucms\Application\Runtime\Cache\Home\2a94b8bda04ff446dcedd42276fc99ee.php 第 105 行.
NOTIC: [8] Undefined variable: produce D:\wamp\www\kucms\Application\Runtime\Cache\Home\2a94b8bda04ff446dcedd42276fc99ee.php 第 108 行.
NOTIC: [8] Undefined variable: produce D:\wamp\www\kucms\Application\Runtime\Cache\Home\2a94b8bda04ff446dcedd42276fc99ee.php 第 114 行.
NOTIC: [8] Undefined variable: produce D:\wamp\www\kucms\Application\Runtime\Cache\Home\2a94b8bda04ff446dcedd42276fc99ee.php 第 117 行.
NOTIC: [8] Undefined variable: produce D:\wamp\www\kucms\Application\Runtime\Cache\Home\2a94b8bda04ff446dcedd42276fc99ee.php 第 123 行.
NOTIC: [8] Undefined variable: produce D:\wamp\www\kucms\Application\Runtime\Cache\Home\2a94b8bda04ff446dcedd42276fc99ee.php 第 126 行.
NOTIC: [8] Undefined variable: produce D:\wamp\www\kucms\Application\Runtime\Cache\Home\2a94b8bda04ff446dcedd42276fc99ee.php 第 132 行.
NOTIC: [8] Undefined variable: produce D:\wamp\www\kucms\Application\Runtime\Cache\Home\2a94b8bda04ff446dcedd42276fc99ee.php 第 135 行.
INFO: Run Behavior\ParseTemplateBehavior [ RunTime:0.040843s ]
INFO: [ view_parse ] --END-- [ RunTime:0.040989s ]
INFO: [ view_filter ] --START--
INFO: Run Behavior\WriteHtmlCacheBehavior [ RunTime:0.000814s ]
INFO: [ view_filter ] --END-- [ RunTime:0.000939s ]
INFO: [ app_end ] --START--
INFO: Run Behavior\ShowPageTraceBehavior [ RunTime:0.000886s ]
INFO: [ app_end ] --END-- [ RunTime:0.001007s ]

[ 2014-06-03T16:02:47+08:00 ] ::1 /kucms/
INFO: [ app_init ] --START--
INFO: Run Behavior\BuildLiteBehavior [ RunTime:0.000031s ]
INFO: [ app_init ] --END-- [ RunTime:0.000639s ]
INFO: [ app_begin ] --START--
INFO: Run Behavior\ReadHtmlCacheBehavior [ RunTime:0.081705s ]
INFO: [ app_begin ] --END-- [ RunTime:0.081925s ]
SQL: SHOW COLUMNS FROM `category` [ RunTime:0.124015s ]
SQL: SELECT * FROM `category` WHERE ( `isshow` = 1 ) AND ( `fid` = 0 )  [ RunTime:0.000750s ]
SQL: SHOW COLUMNS FROM `module` [ RunTime:0.087876s ]
SQL: SELECT * FROM `module` WHERE ( id=3 ) LIMIT 1   [ RunTime:0.000710s ]
NOTIC: [8] Undefined index: bpath D:\wamp\www\kucms\Application\Home\Controller\BaseController.class.php 第 16 行.
SQL: SHOW COLUMNS FROM `config` [ RunTime:0.025458s ]
SQL: SELECT `varname`,`value` FROM `config`  [ RunTime:0.000350s ]
SQL: SHOW COLUMNS FROM `article` [ RunTime:0.059293s ]
SQL: SELECT * FROM `article` ORDER BY id desc LIMIT 5   [ RunTime:0.000437s ]
INFO: [ view_parse ] --START--
INFO: [ template_filter ] --START--
INFO: Run Behavior\ContentReplaceBehavior [ RunTime:0.000122s ]
INFO: [ template_filter ] --END-- [ RunTime:0.000257s ]
NOTIC: [2] Illegal string offset 'cname' D:\wamp\www\kucms\Application\Runtime\Cache\Home\2a94b8bda04ff446dcedd42276fc99ee.php 第 39 行.
NOTIC: [2] Illegal string offset 'cname' D:\wamp\www\kucms\Application\Runtime\Cache\Home\2a94b8bda04ff446dcedd42276fc99ee.php 第 39 行.
NOTIC: [2] Illegal string offset 'cname' D:\wamp\www\kucms\Application\Runtime\Cache\Home\2a94b8bda04ff446dcedd42276fc99ee.php 第 39 行.
NOTIC: [2] Illegal string offset 'cname' D:\wamp\www\kucms\Application\Runtime\Cache\Home\2a94b8bda04ff446dcedd42276fc99ee.php 第 39 行.
NOTIC: [2] Illegal string offset 'cname' D:\wamp\www\kucms\Application\Runtime\Cache\Home\2a94b8bda04ff446dcedd42276fc99ee.php 第 39 行.
NOTIC: [8] Uninitialized string offset: 0 D:\wamp\www\kucms\Application\Runtime\Cache\Home\2a94b8bda04ff446dcedd42276fc99ee.php 第 39 行.
NOTIC: [2] Illegal string offset 'cname' D:\wamp\www\kucms\Application\Runtime\Cache\Home\2a94b8bda04ff446dcedd42276fc99ee.php 第 39 行.
NOTIC: [2] Illegal string offset 'cname' D:\wamp\www\kucms\Application\Runtime\Cache\Home\2a94b8bda04ff446dcedd42276fc99ee.php 第 39 行.
NOTIC: [2] Illegal string offset 'cname' D:\wamp\www\kucms\Application\Runtime\Cache\Home\2a94b8bda04ff446dcedd42276fc99ee.php 第 39 行.
NOTIC: [8] Uninitialized string offset: 0 D:\wamp\www\kucms\Application\Runtime\Cache\Home\2a94b8bda04ff446dcedd42276fc99ee.php 第 39 行.
NOTIC: [2] Illegal string offset 'cname' D:\wamp\www\kucms\Application\Runtime\Cache\Home\2a94b8bda04ff446dcedd42276fc99ee.php 第 39 行.
NOTIC: [2] Illegal string offset 'cname' D:\wamp\www\kucms\Application\Runtime\Cache\Home\2a94b8bda04ff446dcedd42276fc99ee.php 第 39 行.
NOTIC: [2] Illegal string offset 'cname' D:\wamp\www\kucms\Application\Runtime\Cache\Home\2a94b8bda04ff446dcedd42276fc99ee.php 第 39 行.
NOTIC: [8] Undefined variable: produce D:\wamp\www\kucms\Application\Runtime\Cache\Home\2a94b8bda04ff446dcedd42276fc99ee.php 第 49 行.
NOTIC: [8] Undefined variable: produce D:\wamp\www\kucms\Application\Runtime\Cache\Home\2a94b8bda04ff446dcedd42276fc99ee.php 第 78 行.
NOTIC: [8] Undefined variable: produce D:\wamp\www\kucms\Application\Runtime\Cache\Home\2a94b8bda04ff446dcedd42276fc99ee.php 第 81 行.
NOTIC: [8] Undefined variable: produce D:\wamp\www\kucms\Application\Runtime\Cache\Home\2a94b8bda04ff446dcedd42276fc99ee.php 第 87 行.
NOTIC: [8] Undefined variable: produce D:\wamp\www\kucms\Application\Runtime\Cache\Home\2a94b8bda04ff446dcedd42276fc99ee.php 第 90 行.
NOTIC: [8] Undefined variable: produce D:\wamp\www\kucms\Application\Runtime\Cache\Home\2a94b8bda04ff446dcedd42276fc99ee.php 第 96 行.
NOTIC: [8] Undefined variable: produce D:\wamp\www\kucms\Application\Runtime\Cache\Home\2a94b8bda04ff446dcedd42276fc99ee.php 第 99 行.
NOTIC: [8] Undefined variable: produce D:\wamp\www\kucms\Application\Runtime\Cache\Home\2a94b8bda04ff446dcedd42276fc99ee.php 第 105 行.
NOTIC: [8] Undefined variable: produce D:\wamp\www\kucms\Application\Runtime\Cache\Home\2a94b8bda04ff446dcedd42276fc99ee.php 第 108 行.
NOTIC: [8] Undefined variable: produce D:\wamp\www\kucms\Application\Runtime\Cache\Home\2a94b8bda04ff446dcedd42276fc99ee.php 第 114 行.
NOTIC: [8] Undefined variable: produce D:\wamp\www\kucms\Application\Runtime\Cache\Home\2a94b8bda04ff446dcedd42276fc99ee.php 第 117 行.
NOTIC: [8] Undefined variable: produce D:\wamp\www\kucms\Application\Runtime\Cache\Home\2a94b8bda04ff446dcedd42276fc99ee.php 第 123 行.
NOTIC: [8] Undefined variable: produce D:\wamp\www\kucms\Application\Runtime\Cache\Home\2a94b8bda04ff446dcedd42276fc99ee.php 第 126 行.
NOTIC: [8] Undefined variable: produce D:\wamp\www\kucms\Application\Runtime\Cache\Home\2a94b8bda04ff446dcedd42276fc99ee.php 第 132 行.
NOTIC: [8] Undefined variable: produce D:\wamp\www\kucms\Application\Runtime\Cache\Home\2a94b8bda04ff446dcedd42276fc99ee.php 第 135 行.
INFO: Run Behavior\ParseTemplateBehavior [ RunTime:0.259820s ]
INFO: [ view_parse ] --END-- [ RunTime:0.260029s ]
INFO: [ view_filter ] --START--
INFO: Run Behavior\WriteHtmlCacheBehavior [ RunTime:0.032745s ]
INFO: [ view_filter ] --END-- [ RunTime:0.032953s ]
INFO: [ app_end ] --START--
INFO: Run Behavior\ShowPageTraceBehavior [ RunTime:0.040822s ]
INFO: [ app_end ] --END-- [ RunTime:0.040963s ]

[ 2014-06-03T16:02:48+08:00 ] ::1 /kucms/
INFO: [ app_init ] --START--
INFO: Run Behavior\BuildLiteBehavior [ RunTime:0.000029s ]
INFO: [ app_init ] --END-- [ RunTime:0.000531s ]
INFO: [ app_begin ] --START--
INFO: Run Behavior\ReadHtmlCacheBehavior [ RunTime:0.000808s ]
INFO: [ app_begin ] --END-- [ RunTime:0.000934s ]
SQL: SHOW COLUMNS FROM `category` [ RunTime:0.007508s ]
SQL: SELECT * FROM `category` WHERE ( `isshow` = 1 ) AND ( `fid` = 0 )  [ RunTime:0.000386s ]
SQL: SHOW COLUMNS FROM `module` [ RunTime:0.006235s ]
SQL: SELECT * FROM `module` WHERE ( id=3 ) LIMIT 1   [ RunTime:0.000351s ]
NOTIC: [8] Undefined index: bpath D:\wamp\www\kucms\Application\Home\Controller\BaseController.class.php 第 16 行.
SQL: SHOW COLUMNS FROM `config` [ RunTime:0.006031s ]
SQL: SELECT `varname`,`value` FROM `config`  [ RunTime:0.000334s ]
SQL: SHOW COLUMNS FROM `article` [ RunTime:0.006936s ]
SQL: SELECT * FROM `article` ORDER BY id desc LIMIT 5   [ RunTime:0.000417s ]
INFO: [ view_parse ] --START--
INFO: [ template_filter ] --START--
INFO: Run Behavior\ContentReplaceBehavior [ RunTime:0.000120s ]
INFO: [ template_filter ] --END-- [ RunTime:0.000278s ]
NOTIC: [2] Illegal string offset 'cname' D:\wamp\www\kucms\Application\Runtime\Cache\Home\2a94b8bda04ff446dcedd42276fc99ee.php 第 39 行.
NOTIC: [2] Illegal string offset 'cname' D:\wamp\www\kucms\Application\Runtime\Cache\Home\2a94b8bda04ff446dcedd42276fc99ee.php 第 39 行.
NOTIC: [2] Illegal string offset 'cname' D:\wamp\www\kucms\Application\Runtime\Cache\Home\2a94b8bda04ff446dcedd42276fc99ee.php 第 39 行.
NOTIC: [2] Illegal string offset 'cname' D:\wamp\www\kucms\Application\Runtime\Cache\Home\2a94b8bda04ff446dcedd42276fc99ee.php 第 39 行.
NOTIC: [2] Illegal string offset 'cname' D:\wamp\www\kucms\Application\Runtime\Cache\Home\2a94b8bda04ff446dcedd42276fc99ee.php 第 39 行.
NOTIC: [8] Uninitialized string offset: 0 D:\wamp\www\kucms\Application\Runtime\Cache\Home\2a94b8bda04ff446dcedd42276fc99ee.php 第 39 行.
NOTIC: [2] Illegal string offset 'cname' D:\wamp\www\kucms\Application\Runtime\Cache\Home\2a94b8bda04ff446dcedd42276fc99ee.php 第 39 行.
NOTIC: [2] Illegal string offset 'cname' D:\wamp\www\kucms\Application\Runtime\Cache\Home\2a94b8bda04ff446dcedd42276fc99ee.php 第 39 行.
NOTIC: [2] Illegal string offset 'cname' D:\wamp\www\kucms\Application\Runtime\Cache\Home\2a94b8bda04ff446dcedd42276fc99ee.php 第 39 行.
NOTIC: [8] Uninitialized string offset: 0 D:\wamp\www\kucms\Application\Runtime\Cache\Home\2a94b8bda04ff446dcedd42276fc99ee.php 第 39 行.
NOTIC: [2] Illegal string offset 'cname' D:\wamp\www\kucms\Application\Runtime\Cache\Home\2a94b8bda04ff446dcedd42276fc99ee.php 第 39 行.
NOTIC: [2] Illegal string offset 'cname' D:\wamp\www\kucms\Application\Runtime\Cache\Home\2a94b8bda04ff446dcedd42276fc99ee.php 第 39 行.
NOTIC: [2] Illegal string offset 'cname' D:\wamp\www\kucms\Application\Runtime\Cache\Home\2a94b8bda04ff446dcedd42276fc99ee.php 第 39 行.
NOTIC: [8] Undefined variable: produce D:\wamp\www\kucms\Application\Runtime\Cache\Home\2a94b8bda04ff446dcedd42276fc99ee.php 第 49 行.
NOTIC: [8] Undefined variable: produce D:\wamp\www\kucms\Application\Runtime\Cache\Home\2a94b8bda04ff446dcedd42276fc99ee.php 第 78 行.
NOTIC: [8] Undefined variable: produce D:\wamp\www\kucms\Application\Runtime\Cache\Home\2a94b8bda04ff446dcedd42276fc99ee.php 第 81 行.
NOTIC: [8] Undefined variable: produce D:\wamp\www\kucms\Application\Runtime\Cache\Home\2a94b8bda04ff446dcedd42276fc99ee.php 第 87 行.
NOTIC: [8] Undefined variable: produce D:\wamp\www\kucms\Application\Runtime\Cache\Home\2a94b8bda04ff446dcedd42276fc99ee.php 第 90 行.
NOTIC: [8] Undefined variable: produce D:\wamp\www\kucms\Application\Runtime\Cache\Home\2a94b8bda04ff446dcedd42276fc99ee.php 第 96 行.
NOTIC: [8] Undefined variable: produce D:\wamp\www\kucms\Application\Runtime\Cache\Home\2a94b8bda04ff446dcedd42276fc99ee.php 第 99 行.
NOTIC: [8] Undefined variable: produce D:\wamp\www\kucms\Application\Runtime\Cache\Home\2a94b8bda04ff446dcedd42276fc99ee.php 第 105 行.
NOTIC: [8] Undefined variable: produce D:\wamp\www\kucms\Application\Runtime\Cache\Home\2a94b8bda04ff446dcedd42276fc99ee.php 第 108 行.
NOTIC: [8] Undefined variable: produce D:\wamp\www\kucms\Application\Runtime\Cache\Home\2a94b8bda04ff446dcedd42276fc99ee.php 第 114 行.
NOTIC: [8] Undefined variable: produce D:\wamp\www\kucms\Application\Runtime\Cache\Home\2a94b8bda04ff446dcedd42276fc99ee.php 第 117 行.
NOTIC: [8] Undefined variable: produce D:\wamp\www\kucms\Application\Runtime\Cache\Home\2a94b8bda04ff446dcedd42276fc99ee.php 第 123 行.
NOTIC: [8] Undefined variable: produce D:\wamp\www\kucms\Application\Runtime\Cache\Home\2a94b8bda04ff446dcedd42276fc99ee.php 第 126 行.
NOTIC: [8] Undefined variable: produce D:\wamp\www\kucms\Application\Runtime\Cache\Home\2a94b8bda04ff446dcedd42276fc99ee.php 第 132 行.
NOTIC: [8] Undefined variable: produce D:\wamp\www\kucms\Application\Runtime\Cache\Home\2a94b8bda04ff446dcedd42276fc99ee.php 第 135 行.
INFO: Run Behavior\ParseTemplateBehavior [ RunTime:0.029100s ]
INFO: [ view_parse ] --END-- [ RunTime:0.029225s ]
INFO: [ view_filter ] --START--
INFO: Run Behavior\WriteHtmlCacheBehavior [ RunTime:0.000607s ]
INFO: [ view_filter ] --END-- [ RunTime:0.000722s ]
INFO: [ app_end ] --START--
INFO: Run Behavior\ShowPageTraceBehavior [ RunTime:0.000850s ]
INFO: [ app_end ] --END-- [ RunTime:0.000978s ]

[ 2014-06-03T16:02:59+08:00 ] ::1 /kucms/
INFO: [ app_init ] --START--
INFO: Run Behavior\BuildLiteBehavior [ RunTime:0.000028s ]
INFO: [ app_init ] --END-- [ RunTime:0.000516s ]

