[ 2013-09-04T10:11:08+08:00 ] 127.0.0.1 /dream/index.php
INFO: [ app_begin ] --START--
INFO: Run ReadHtmlCache Behavior [ RunTime:0.001208s ]
INFO: [ app_begin ] --END-- [ RunTime:0.001298s ]
SQL: SHOW COLUMNS FROM `bc_category` [ RunTime:0.003214s ]
SQL: SELECT * FROM `bc_category` ORDER BY id  [ RunTime:0.000668s ]
SQL: SHOW COLUMNS FROM `bc_config` [ RunTime:0.002327s ]
SQL: SELECT `varname`,`value` FROM `bc_config`  [ RunTime:0.000430s ]
SQL: SHOW COLUMNS FROM `bc_article` [ RunTime:0.002631s ]
SQL: SELECT * FROM `bc_article` ORDER BY id LIMIT 10   [ RunTime:0.000422s ]
SQL: SHOW COLUMNS FROM `bc_rotate` [ RunTime:0.002347s ]
SQL: SELECT * FROM `bc_rotate` ORDER BY sort desc,id desc  [ RunTime:0.000278s ]
SQL: SHOW COLUMNS FROM `bc_produce` [ RunTime:0.003410s ]
SQL: SELECT `id`,`name`,`img` FROM `bc_produce` WHERE ( is_show=1 )  [ RunTime:0.000313s ]
INFO: [ view_template ] --START--
INFO: Run LocationTemplate Behavior [ RunTime:0.001742s ]
INFO: [ view_template ] --END-- [ RunTime:0.001807s ]
INFO: [ view_parse ] --START--
NOTIC: [8] Undefined variable: new2 D:\wamp\www\dream\home\Runtime\Cache\d046431aa157c89f3a1c30c426be003b.php 第 130 行.
NOTIC: [8] Use of undefined constant cookie - assumed 'cookie' D:\wamp\www\dream\home\Runtime\Cache\d046431aa157c89f3a1c30c426be003b.php 第 158 行.
NOTIC: [8] Undefined variable: Think D:\wamp\www\dream\home\Runtime\Cache\d046431aa157c89f3a1c30c426be003b.php 第 158 行.
NOTIC: [8] Use of undefined constant user - assumed 'user' D:\wamp\www\dream\home\Runtime\Cache\d046431aa157c89f3a1c30c426be003b.php 第 158 行.
NOTIC: [8] Undefined index: user D:\wamp\www\dream\home\Runtime\Cache\d046431aa157c89f3a1c30c426be003b.php 第 163 行.
NOTIC: [8] Undefined variable: footnav D:\wamp\www\dream\home\Runtime\Cache\d046431aa157c89f3a1c30c426be003b.php 第 233 行.
INFO: Run ParseTemplate Behavior [ RunTime:0.020907s ]
INFO: [ view_parse ] --END-- [ RunTime:0.020975s ]
INFO: [ view_filter ] --START--
INFO: Run ContentReplace Behavior [ RunTime:0.001127s ]
INFO: Run TokenBuild Behavior [ RunTime:0.000987s ]
INFO: Run WriteHtmlCache Behavior [ RunTime:0.000870s ]
INFO: Run ShowRuntime Behavior [ RunTime:0.001060s ]
INFO: [ view_filter ] --END-- [ RunTime:0.004196s ]
INFO: [ view_end ] --START--
INFO: Run ShowPageTrace Behavior [ RunTime:0.001297s ]
INFO: [ view_end ] --END-- [ RunTime:0.001356s ]

[ 2013-09-04T10:11:08+08:00 ] 127.0.0.1 /dream/index.php/Index/verify/
INFO: [ route_check ] --START--
INFO: Run CheckRoute Behavior [ RunTime:0.002184s ]
INFO: [ route_check ] --END-- [ RunTime:0.002285s ]
INFO: [ app_begin ] --START--
INFO: Run ReadHtmlCache Behavior [ RunTime:0.002431s ]
INFO: [ app_begin ] --END-- [ RunTime:0.002614s ]
SQL: SHOW COLUMNS FROM `bc_category` [ RunTime:0.003627s ]
SQL: SELECT * FROM `bc_category` ORDER BY id  [ RunTime:0.000846s ]
SQL: SHOW COLUMNS FROM `bc_config` [ RunTime:0.002427s ]
SQL: SELECT `varname`,`value` FROM `bc_config`  [ RunTime:0.000516s ]

[ 2013-09-04T10:11:09+08:00 ] 127.0.0.1 /dream/index.php
INFO: [ app_begin ] --START--
INFO: Run ReadHtmlCache Behavior [ RunTime:0.000580s ]
INFO: [ app_begin ] --END-- [ RunTime:0.000675s ]
SQL: SHOW COLUMNS FROM `bc_category` [ RunTime:0.003446s ]
SQL: SELECT * FROM `bc_category` ORDER BY id  [ RunTime:0.000814s ]
SQL: SHOW COLUMNS FROM `bc_config` [ RunTime:0.002481s ]
SQL: SELECT `varname`,`value` FROM `bc_config`  [ RunTime:0.000301s ]
SQL: SHOW COLUMNS FROM `bc_article` [ RunTime:0.002651s ]
SQL: SELECT * FROM `bc_article` ORDER BY id LIMIT 10   [ RunTime:0.000531s ]
SQL: SHOW COLUMNS FROM `bc_rotate` [ RunTime:0.004402s ]
SQL: SELECT * FROM `bc_rotate` ORDER BY sort desc,id desc  [ RunTime:0.000413s ]
SQL: SHOW COLUMNS FROM `bc_produce` [ RunTime:0.002659s ]
SQL: SELECT `id`,`name`,`img` FROM `bc_produce` WHERE ( is_show=1 )  [ RunTime:0.000301s ]
INFO: [ view_template ] --START--
INFO: Run LocationTemplate Behavior [ RunTime:0.000551s ]
INFO: [ view_template ] --END-- [ RunTime:0.000616s ]
INFO: [ view_parse ] --START--
NOTIC: [8] Undefined variable: new2 D:\wamp\www\dream\home\Runtime\Cache\d046431aa157c89f3a1c30c426be003b.php 第 130 行.
NOTIC: [8] Use of undefined constant cookie - assumed 'cookie' D:\wamp\www\dream\home\Runtime\Cache\d046431aa157c89f3a1c30c426be003b.php 第 158 行.
NOTIC: [8] Undefined variable: Think D:\wamp\www\dream\home\Runtime\Cache\d046431aa157c89f3a1c30c426be003b.php 第 158 行.
NOTIC: [8] Use of undefined constant user - assumed 'user' D:\wamp\www\dream\home\Runtime\Cache\d046431aa157c89f3a1c30c426be003b.php 第 158 行.
NOTIC: [8] Undefined index: user D:\wamp\www\dream\home\Runtime\Cache\d046431aa157c89f3a1c30c426be003b.php 第 163 行.
NOTIC: [8] Undefined variable: footnav D:\wamp\www\dream\home\Runtime\Cache\d046431aa157c89f3a1c30c426be003b.php 第 233 行.
INFO: Run ParseTemplate Behavior [ RunTime:0.013909s ]
INFO: [ view_parse ] --END-- [ RunTime:0.013973s ]
INFO: [ view_filter ] --START--
INFO: Run ContentReplace Behavior [ RunTime:0.000505s ]
INFO: Run TokenBuild Behavior [ RunTime:0.000421s ]
INFO: Run WriteHtmlCache Behavior [ RunTime:0.000327s ]
INFO: Run ShowRuntime Behavior [ RunTime:0.000505s ]
INFO: [ view_filter ] --END-- [ RunTime:0.001907s ]
INFO: [ view_end ] --START--
INFO: Run ShowPageTrace Behavior [ RunTime:0.000636s ]
INFO: [ view_end ] --END-- [ RunTime:0.000689s ]

[ 2013-09-04T10:11:09+08:00 ] 127.0.0.1 /dream/index.php/Index/verify/
INFO: [ route_check ] --START--
INFO: Run CheckRoute Behavior [ RunTime:0.001053s ]
INFO: [ route_check ] --END-- [ RunTime:0.001150s ]
INFO: [ app_begin ] --START--
INFO: Run ReadHtmlCache Behavior [ RunTime:0.000681s ]
INFO: [ app_begin ] --END-- [ RunTime:0.000747s ]
SQL: SHOW COLUMNS FROM `bc_category` [ RunTime:0.010680s ]
SQL: SELECT * FROM `bc_category` ORDER BY id  [ RunTime:0.000880s ]
SQL: SHOW COLUMNS FROM `bc_config` [ RunTime:0.003879s ]
SQL: SELECT `varname`,`value` FROM `bc_config`  [ RunTime:0.000264s ]

[ 2013-09-04T10:11:11+08:00 ] 127.0.0.1 /dream/index.php/Member/logout
INFO: [ route_check ] --START--
INFO: Run CheckRoute Behavior [ RunTime:0.000786s ]
INFO: [ route_check ] --END-- [ RunTime:0.000865s ]
INFO: [ app_begin ] --START--
INFO: Run ReadHtmlCache Behavior [ RunTime:0.000573s ]
INFO: [ app_begin ] --END-- [ RunTime:0.000632s ]
SQL: SHOW COLUMNS FROM `bc_category` [ RunTime:0.003375s ]
SQL: SELECT * FROM `bc_category` ORDER BY id  [ RunTime:0.000727s ]
SQL: SHOW COLUMNS FROM `bc_config` [ RunTime:0.002337s ]
SQL: SELECT `varname`,`value` FROM `bc_config`  [ RunTime:0.000303s ]

[ 2013-09-04T10:11:34+08:00 ] 127.0.0.1 /dream/index.php/Index/verify/
INFO: [ route_check ] --START--
INFO: Run CheckRoute Behavior [ RunTime:0.000798s ]
INFO: [ route_check ] --END-- [ RunTime:0.000885s ]
INFO: [ app_begin ] --START--
INFO: Run ReadHtmlCache Behavior [ RunTime:0.000575s ]
INFO: [ app_begin ] --END-- [ RunTime:0.000633s ]
SQL: SHOW COLUMNS FROM `bc_category` [ RunTime:0.006655s ]
SQL: SELECT * FROM `bc_category` ORDER BY id  [ RunTime:0.000709s ]
SQL: SHOW COLUMNS FROM `bc_config` [ RunTime:0.004064s ]
SQL: SELECT `varname`,`value` FROM `bc_config`  [ RunTime:0.014389s ]

