[ 2013-09-10T10:48:46+08:00 ] 127.0.0.1 /dream/
INFO: [ app_begin ] --START--
INFO: Run ReadHtmlCache Behavior [ RunTime:0.008012s ]
INFO: [ app_begin ] --END-- [ RunTime:0.008135s ]
SQL: SHOW COLUMNS FROM `bc_category` [ RunTime:0.042332s ]
SQL: SELECT * FROM `bc_category` ORDER BY id  [ RunTime:0.000949s ]
SQL: SHOW COLUMNS FROM `bc_config` [ RunTime:0.030712s ]
SQL: SELECT `varname`,`value` FROM `bc_config`  [ RunTime:0.002509s ]
SQL: SHOW COLUMNS FROM `bc_article` [ RunTime:0.045739s ]
SQL: SELECT * FROM `bc_article` ORDER BY id LIMIT 10   [ RunTime:0.004955s ]
SQL: SHOW COLUMNS FROM `bc_rotate` [ RunTime:0.026204s ]
SQL: SELECT * FROM `bc_rotate` ORDER BY sort desc,id desc  [ RunTime:0.000295s ]
SQL: SHOW COLUMNS FROM `bc_produce` [ RunTime:0.057832s ]
SQL: SELECT `id`,`name`,`img` FROM `bc_produce` WHERE ( is_show=1 )  [ RunTime:0.011825s ]
INFO: [ view_template ] --START--
INFO: Run LocationTemplate Behavior [ RunTime:0.019314s ]
INFO: [ view_template ] --END-- [ RunTime:0.019399s ]
INFO: [ view_parse ] --START--
NOTIC: [8] Undefined variable: new2 D:\wamp\www\dream\home\Runtime\Cache\d046431aa157c89f3a1c30c426be003b.php 第 130 行.
NOTIC: [8] Undefined index: user D:\wamp\www\dream\home\Runtime\Cache\d046431aa157c89f3a1c30c426be003b.php 第 155 行.
NOTIC: [8] Undefined variable: footnav D:\wamp\www\dream\home\Runtime\Cache\d046431aa157c89f3a1c30c426be003b.php 第 226 行.
INFO: Run ParseTemplate Behavior [ RunTime:0.129020s ]
INFO: [ view_parse ] --END-- [ RunTime:0.129091s ]
INFO: [ view_filter ] --START--
INFO: Run ContentReplace Behavior [ RunTime:0.006829s ]
INFO: Run TokenBuild Behavior [ RunTime:0.003519s ]
INFO: Run WriteHtmlCache Behavior [ RunTime:0.000886s ]
INFO: Run ShowRuntime Behavior [ RunTime:0.001158s ]
INFO: [ view_filter ] --END-- [ RunTime:0.012576s ]
INFO: [ view_end ] --START--
INFO: Run ShowPageTrace Behavior [ RunTime:0.001142s ]
INFO: [ view_end ] --END-- [ RunTime:0.001197s ]

[ 2013-09-10T10:48:46+08:00 ] 127.0.0.1 /dream/index.php/Index/verify/
INFO: [ route_check ] --START--
INFO: Run CheckRoute Behavior [ RunTime:0.023972s ]
INFO: [ route_check ] --END-- [ RunTime:0.024074s ]
INFO: [ app_begin ] --START--
INFO: Run ReadHtmlCache Behavior [ RunTime:0.001350s ]
INFO: [ app_begin ] --END-- [ RunTime:0.001423s ]
SQL: SHOW COLUMNS FROM `bc_category` [ RunTime:0.003810s ]
SQL: SELECT * FROM `bc_category` ORDER BY id  [ RunTime:0.000748s ]
SQL: SHOW COLUMNS FROM `bc_config` [ RunTime:0.002935s ]
SQL: SELECT `varname`,`value` FROM `bc_config`  [ RunTime:0.001037s ]

[ 2013-09-10T14:05:57+08:00 ] 127.0.0.1 /dream/
INFO: [ app_begin ] --START--
INFO: Run ReadHtmlCache Behavior [ RunTime:0.007731s ]
INFO: [ app_begin ] --END-- [ RunTime:0.007850s ]
SQL: SHOW COLUMNS FROM `bc_category` [ RunTime:0.143063s ]
SQL: SELECT * FROM `bc_category` ORDER BY id  [ RunTime:0.020311s ]
SQL: SHOW COLUMNS FROM `bc_config` [ RunTime:0.077882s ]
SQL: SELECT `varname`,`value` FROM `bc_config`  [ RunTime:0.019102s ]
SQL: SHOW COLUMNS FROM `bc_article` [ RunTime:0.130066s ]
SQL: SELECT * FROM `bc_article` ORDER BY id LIMIT 10   [ RunTime:0.021032s ]
SQL: SHOW COLUMNS FROM `bc_rotate` [ RunTime:0.073723s ]
SQL: SELECT * FROM `bc_rotate` ORDER BY sort desc,id desc  [ RunTime:0.000355s ]
SQL: SHOW COLUMNS FROM `bc_produce` [ RunTime:0.151927s ]
SQL: SELECT `id`,`name`,`img` FROM `bc_produce` WHERE ( is_show=1 )  [ RunTime:0.028637s ]
INFO: [ view_template ] --START--
INFO: Run LocationTemplate Behavior [ RunTime:0.062625s ]
INFO: [ view_template ] --END-- [ RunTime:0.062719s ]
INFO: [ view_parse ] --START--
NOTIC: [8] Undefined variable: new2 D:\wamp\www\dream\home\Runtime\Cache\d046431aa157c89f3a1c30c426be003b.php 第 130 行.
NOTIC: [8] Undefined index: user D:\wamp\www\dream\home\Runtime\Cache\d046431aa157c89f3a1c30c426be003b.php 第 155 行.
NOTIC: [8] Undefined variable: footnav D:\wamp\www\dream\home\Runtime\Cache\d046431aa157c89f3a1c30c426be003b.php 第 226 行.
INFO: Run ParseTemplate Behavior [ RunTime:0.277449s ]
INFO: [ view_parse ] --END-- [ RunTime:0.277521s ]
INFO: [ view_filter ] --START--
INFO: Run ContentReplace Behavior [ RunTime:0.015947s ]
INFO: Run TokenBuild Behavior [ RunTime:0.044303s ]
INFO: Run WriteHtmlCache Behavior [ RunTime:0.014249s ]
INFO: Run ShowRuntime Behavior [ RunTime:0.006619s ]
INFO: [ view_filter ] --END-- [ RunTime:0.081358s ]
INFO: [ view_end ] --START--
INFO: Run ShowPageTrace Behavior [ RunTime:0.002444s ]
INFO: [ view_end ] --END-- [ RunTime:0.002507s ]

[ 2013-09-10T14:05:57+08:00 ] 127.0.0.1 /dream/index.php/Index/verify/
INFO: [ route_check ] --START--
INFO: Run CheckRoute Behavior [ RunTime:0.019295s ]
INFO: [ route_check ] --END-- [ RunTime:0.019399s ]
INFO: [ app_begin ] --START--
INFO: Run ReadHtmlCache Behavior [ RunTime:0.001759s ]
INFO: [ app_begin ] --END-- [ RunTime:0.001835s ]
SQL: SHOW COLUMNS FROM `bc_category` [ RunTime:0.073868s ]
SQL: SELECT * FROM `bc_category` ORDER BY id  [ RunTime:0.001416s ]
SQL: SHOW COLUMNS FROM `bc_config` [ RunTime:0.019217s ]
SQL: SELECT `varname`,`value` FROM `bc_config`  [ RunTime:0.000327s ]

[ 2013-09-10T15:06:15+08:00 ] 127.0.0.1 /dream/index.php
INFO: [ app_begin ] --START--
INFO: Run ReadHtmlCache Behavior [ RunTime:0.001024s ]
INFO: [ app_begin ] --END-- [ RunTime:0.001117s ]
SQL: SHOW COLUMNS FROM `bc_category` [ RunTime:0.004603s ]
SQL: SELECT * FROM `bc_category` ORDER BY id  [ RunTime:0.000698s ]
SQL: SHOW COLUMNS FROM `bc_config` [ RunTime:0.002852s ]
SQL: SELECT `varname`,`value` FROM `bc_config`  [ RunTime:0.005470s ]
SQL: SHOW COLUMNS FROM `bc_article` [ RunTime:0.003075s ]
SQL: SELECT * FROM `bc_article` ORDER BY id LIMIT 10   [ RunTime:0.006402s ]
SQL: SHOW COLUMNS FROM `bc_rotate` [ RunTime:0.002832s ]
SQL: SELECT * FROM `bc_rotate` ORDER BY sort desc,id desc  [ RunTime:0.000296s ]
SQL: SHOW COLUMNS FROM `bc_produce` [ RunTime:0.002914s ]
SQL: SELECT `id`,`name`,`img` FROM `bc_produce` WHERE ( is_show=1 )  [ RunTime:0.006848s ]
INFO: [ view_template ] --START--
INFO: Run LocationTemplate Behavior [ RunTime:0.002317s ]
INFO: [ view_template ] --END-- [ RunTime:0.002389s ]
INFO: [ view_parse ] --START--
NOTIC: [8] Undefined variable: new2 D:\wamp\www\dream\home\Runtime\Cache\d046431aa157c89f3a1c30c426be003b.php 第 130 行.
NOTIC: [8] Undefined index: user D:\wamp\www\dream\home\Runtime\Cache\d046431aa157c89f3a1c30c426be003b.php 第 155 行.
NOTIC: [8] Undefined variable: footnav D:\wamp\www\dream\home\Runtime\Cache\d046431aa157c89f3a1c30c426be003b.php 第 226 行.
INFO: Run ParseTemplate Behavior [ RunTime:0.061388s ]
INFO: [ view_parse ] --END-- [ RunTime:0.061458s ]
INFO: [ view_filter ] --START--
INFO: Run ContentReplace Behavior [ RunTime:0.001070s ]
INFO: Run TokenBuild Behavior [ RunTime:0.001046s ]
INFO: Run WriteHtmlCache Behavior [ RunTime:0.000886s ]
INFO: Run ShowRuntime Behavior [ RunTime:0.001065s ]
INFO: [ view_filter ] --END-- [ RunTime:0.004231s ]
INFO: [ view_end ] --START--
INFO: Run ShowPageTrace Behavior [ RunTime:0.001196s ]
INFO: [ view_end ] --END-- [ RunTime:0.001251s ]

[ 2013-09-10T15:06:16+08:00 ] 127.0.0.1 /dream/index.php/Index/verify/
INFO: [ route_check ] --START--
INFO: Run CheckRoute Behavior [ RunTime:0.000795s ]
INFO: [ route_check ] --END-- [ RunTime:0.000874s ]
INFO: [ app_begin ] --START--
INFO: Run ReadHtmlCache Behavior [ RunTime:0.000574s ]
INFO: [ app_begin ] --END-- [ RunTime:0.000632s ]
SQL: SHOW COLUMNS FROM `bc_category` [ RunTime:0.018355s ]
SQL: SELECT * FROM `bc_category` ORDER BY id  [ RunTime:0.001528s ]
SQL: SHOW COLUMNS FROM `bc_config` [ RunTime:0.002723s ]
SQL: SELECT `varname`,`value` FROM `bc_config`  [ RunTime:0.000359s ]

