[ 2014-04-18T10:19:17+08:00 ] 0.0.0.0 /dream/
INFO: [ app_begin ] --START--
INFO: ReadHtmlCache Behavior ::run [ RunTime:0.003405s ]
INFO: [ app_begin ] --END-- [ RunTime:0.003717s ]
SQL: SHOW COLUMNS FROM `category` [ RunTime:0.017248s ]
SQL: SELECT * FROM `category` ORDER BY id  [ RunTime:0.000708s ]
SQL: SHOW COLUMNS FROM `config` [ RunTime:0.015661s ]
SQL: SELECT `varname`,`value` FROM `config`  [ RunTime:0.000337s ]
SQL: SHOW COLUMNS FROM `article` [ RunTime:0.007343s ]
SQL: SELECT * FROM `article` ORDER BY id LIMIT 10   [ RunTime:0.000442s ]
SQL: SHOW COLUMNS FROM `rotate` [ RunTime:0.008662s ]
SQL: SELECT * FROM `rotate` ORDER BY sort desc,id desc  [ RunTime:0.000317s ]
SQL: SHOW COLUMNS FROM `produce` [ RunTime:0.007885s ]
SQL: SELECT `id`,`name`,`img` FROM `produce` WHERE ( is_show=1 )  [ RunTime:0.000378s ]
INFO: [ view_parse ] --START--
NOTIC: [8] Undefined variable: new2 D:\wamp\www\dream\home\Runtime\Cache\d046431aa157c89f3a1c30c426be003b.php 第 130 行.
NOTIC: [8] Undefined index: user D:\wamp\www\dream\home\Runtime\Cache\d046431aa157c89f3a1c30c426be003b.php 第 155 行.
NOTIC: [8] Undefined variable: footnav D:\wamp\www\dream\home\Runtime\Cache\d046431aa157c89f3a1c30c426be003b.php 第 226 行.
INFO: ParseTemplate Behavior ::run [ RunTime:0.117789s ]
INFO: [ view_parse ] --END-- [ RunTime:0.117963s ]
INFO: [ view_filter ] --START--
INFO: ContentReplace Behavior ::run [ RunTime:0.001560s ]
INFO: TokenBuild Behavior ::run [ RunTime:0.001597s ]
INFO: WriteHtmlCache Behavior ::run [ RunTime:0.002404s ]
INFO: ShowRuntime Behavior ::run [ RunTime:0.004221s ]
INFO: [ view_filter ] --END-- [ RunTime:0.010512s ]
INFO: [ view_end ] --START--
INFO: ShowPageTrace Behavior ::run [ RunTime:0.003577s ]
INFO: [ view_end ] --END-- [ RunTime:0.003963s ]

[ 2014-04-18T10:19:17+08:00 ] 0.0.0.0 /dream/index.php/Index/verify/
INFO: [ route_check ] --START--
INFO: CheckRoute Behavior ::run [ RunTime:0.021290s ]
INFO: [ route_check ] --END-- [ RunTime:0.021513s ]
INFO: [ app_begin ] --START--
INFO: ReadHtmlCache Behavior ::run [ RunTime:0.001413s ]
INFO: [ app_begin ] --END-- [ RunTime:0.001559s ]
SQL: SHOW COLUMNS FROM `category` [ RunTime:0.007386s ]
SQL: SELECT * FROM `category` ORDER BY id  [ RunTime:0.000697s ]
SQL: SHOW COLUMNS FROM `config` [ RunTime:0.009485s ]
SQL: SELECT `varname`,`value` FROM `config`  [ RunTime:0.000374s ]

