[ 2014-05-22T16:22:59+08:00 ] 0.0.0.0 /dream/
INFO: [ app_begin ] --START--
INFO: ReadHtmlCache Behavior ::run [ RunTime:0.007319s ]
INFO: [ app_begin ] --END-- [ RunTime:0.007488s ]
SQL: SHOW COLUMNS FROM `category` [ RunTime:0.045438s ]
SQL: SELECT * FROM `category` ORDER BY id  [ RunTime:0.000761s ]
SQL: SHOW COLUMNS FROM `config` [ RunTime:0.020260s ]
SQL: SELECT `varname`,`value` FROM `config`  [ RunTime:0.000352s ]
SQL: SHOW COLUMNS FROM `article` [ RunTime:0.049989s ]
SQL: SELECT * FROM `article` ORDER BY id LIMIT 10   [ RunTime:0.000426s ]
SQL: SHOW COLUMNS FROM `rotate` [ RunTime:0.037269s ]
SQL: SELECT * FROM `rotate` ORDER BY sort desc,id desc  [ RunTime:0.000417s ]
SQL: SHOW COLUMNS FROM `produce` [ RunTime:0.044112s ]
SQL: SELECT `id`,`name`,`img` FROM `produce` WHERE ( is_show=1 )  [ RunTime:0.000373s ]
INFO: [ view_parse ] --START--
NOTIC: [8] Undefined variable: new2 D:\wamp\www\dream\home\Runtime\Cache\d046431aa157c89f3a1c30c426be003b.php 第 127 行.
NOTIC: [8] Undefined index: user D:\wamp\www\dream\home\Runtime\Cache\d046431aa157c89f3a1c30c426be003b.php 第 152 行.
NOTIC: [8] Undefined variable: footnav D:\wamp\www\dream\home\Runtime\Cache\d046431aa157c89f3a1c30c426be003b.php 第 223 行.
INFO: ParseTemplate Behavior ::run [ RunTime:0.182038s ]
INFO: [ view_parse ] --END-- [ RunTime:0.182204s ]
INFO: [ view_filter ] --START--
INFO: ContentReplace Behavior ::run [ RunTime:0.005180s ]
INFO: TokenBuild Behavior ::run [ RunTime:0.005670s ]
INFO: WriteHtmlCache Behavior ::run [ RunTime:0.004615s ]
INFO: ShowRuntime Behavior ::run [ RunTime:0.006455s ]
INFO: [ view_filter ] --END-- [ RunTime:0.022368s ]
INFO: [ view_end ] --START--
INFO: ShowPageTrace Behavior ::run [ RunTime:0.004774s ]
INFO: [ view_end ] --END-- [ RunTime:0.004909s ]

[ 2014-05-22T16:23:00+08:00 ] 0.0.0.0 /dream/index.php/Index/verify/
INFO: [ route_check ] --START--
INFO: CheckRoute Behavior ::run [ RunTime:0.020217s ]
INFO: [ route_check ] --END-- [ RunTime:0.020393s ]
INFO: [ app_begin ] --START--
INFO: ReadHtmlCache Behavior ::run [ RunTime:0.001876s ]
INFO: [ app_begin ] --END-- [ RunTime:0.002096s ]
SQL: SHOW COLUMNS FROM `category` [ RunTime:0.014080s ]
SQL: SELECT * FROM `category` ORDER BY id  [ RunTime:0.000755s ]
SQL: SHOW COLUMNS FROM `config` [ RunTime:0.008232s ]
SQL: SELECT `varname`,`value` FROM `config`  [ RunTime:0.002312s ]

