[ 2014-04-17T16:29:24+08:00 ] 0.0.0.0 /dream/
INFO: [ app_begin ] --START--
INFO: ReadHtmlCache Behavior ::run [ RunTime:0.016684s ]
INFO: [ app_begin ] --END-- [ RunTime:0.016846s ]
SQL: SHOW COLUMNS FROM `category` [ RunTime:0.078873s ]
SQL: SELECT * FROM `category` ORDER BY id  [ RunTime:0.000656s ]
SQL: SHOW COLUMNS FROM `config` [ RunTime:0.042996s ]
SQL: SELECT `varname`,`value` FROM `config`  [ RunTime:0.000347s ]
SQL: SHOW COLUMNS FROM `article` [ RunTime:0.026204s ]
SQL: SELECT * FROM `article` ORDER BY id LIMIT 10   [ RunTime:0.000455s ]
SQL: SHOW COLUMNS FROM `rotate` [ RunTime:0.024532s ]
SQL: SELECT * FROM `rotate` ORDER BY sort desc,id desc  [ RunTime:0.000412s ]
SQL: SHOW COLUMNS FROM `produce` [ RunTime:0.028810s ]
SQL: SELECT `id`,`name`,`img` FROM `produce` WHERE ( is_show=1 )  [ RunTime:0.000323s ]
INFO: [ view_parse ] --START--
NOTIC: [8] Undefined variable: new2 D:\wamp\www\dream\home\Runtime\Cache\d046431aa157c89f3a1c30c426be003b.php 第 130 行.
NOTIC: [8] Undefined index: user D:\wamp\www\dream\home\Runtime\Cache\d046431aa157c89f3a1c30c426be003b.php 第 155 行.
NOTIC: [8] Undefined variable: footnav D:\wamp\www\dream\home\Runtime\Cache\d046431aa157c89f3a1c30c426be003b.php 第 226 行.
INFO: ParseTemplate Behavior ::run [ RunTime:0.286911s ]
INFO: [ view_parse ] --END-- [ RunTime:0.287066s ]
INFO: [ view_filter ] --START--
INFO: ContentReplace Behavior ::run [ RunTime:0.008954s ]
INFO: TokenBuild Behavior ::run [ RunTime:0.006388s ]
INFO: WriteHtmlCache Behavior ::run [ RunTime:0.006847s ]
INFO: ShowRuntime Behavior ::run [ RunTime:0.007359s ]
INFO: [ view_filter ] --END-- [ RunTime:0.030388s ]
INFO: [ view_end ] --START--
INFO: ShowPageTrace Behavior ::run [ RunTime:0.005896s ]
INFO: [ view_end ] --END-- [ RunTime:0.006080s ]

[ 2014-04-17T16:29:25+08:00 ] 0.0.0.0 /dream/index.php/Index/verify/
INFO: [ route_check ] --START--
INFO: CheckRoute Behavior ::run [ RunTime:0.021441s ]
INFO: [ route_check ] --END-- [ RunTime:0.021659s ]
INFO: [ app_begin ] --START--
INFO: ReadHtmlCache Behavior ::run [ RunTime:0.001441s ]
INFO: [ app_begin ] --END-- [ RunTime:0.001674s ]
SQL: SHOW COLUMNS FROM `category` [ RunTime:0.049167s ]
SQL: SELECT * FROM `category` ORDER BY id  [ RunTime:0.000618s ]
SQL: SHOW COLUMNS FROM `config` [ RunTime:0.004305s ]
SQL: SELECT `varname`,`value` FROM `config`  [ RunTime:0.000304s ]

[ 2014-04-17T16:29:26+08:00 ] 0.0.0.0 /dream/index.php/Produce
INFO: [ route_check ] --START--
INFO: CheckRoute Behavior ::run [ RunTime:0.001295s ]
INFO: [ route_check ] --END-- [ RunTime:0.001449s ]
INFO: [ app_begin ] --START--
INFO: ReadHtmlCache Behavior ::run [ RunTime:0.001040s ]
INFO: [ app_begin ] --END-- [ RunTime:0.001178s ]
NOTIC: [2048] Declaration of ProduceAction::show() should be compatible with Action::show($content, $charset = '', $contentType = '', $prefix = '') D:\wamp\www\dream\home\Lib\Action\ProduceAction.class.php 第 2 行.
SQL: SHOW COLUMNS FROM `category` [ RunTime:0.006397s ]
SQL: SELECT * FROM `category` ORDER BY id  [ RunTime:0.000637s ]
SQL: SHOW COLUMNS FROM `config` [ RunTime:0.005782s ]
SQL: SELECT `varname`,`value` FROM `config`  [ RunTime:0.000433s ]
SQL: SELECT * FROM `category` WHERE ( `module` = 'Produce' )  [ RunTime:0.000578s ]
SQL: SHOW COLUMNS FROM `produce` [ RunTime:0.007506s ]
NOTIC: [8] Undefined index: cid D:\wamp\www\dream\home\Lib\Action\ProduceAction.class.php 第 9 行.
SQL: SELECT * FROM `produce` ORDER BY id LIMIT 10   [ RunTime:0.000524s ]
INFO: [ view_parse ] --START--
NOTIC: [8] Undefined variable: page D:\wamp\www\dream\home\Runtime\Cache\503f258d9d12eff4eadb5c0ebb8d8e6b.php 第 112 行.
NOTIC: [8] Undefined variable: link D:\wamp\www\dream\home\Runtime\Cache\503f258d9d12eff4eadb5c0ebb8d8e6b.php 第 127 行.
NOTIC: [8] Undefined variable: footnav D:\wamp\www\dream\home\Runtime\Cache\503f258d9d12eff4eadb5c0ebb8d8e6b.php 第 134 行.
INFO: ParseTemplate Behavior ::run [ RunTime:0.028562s ]
INFO: [ view_parse ] --END-- [ RunTime:0.028745s ]
INFO: [ view_filter ] --START--
INFO: ContentReplace Behavior ::run [ RunTime:0.000898s ]
INFO: TokenBuild Behavior ::run [ RunTime:0.000813s ]
INFO: WriteHtmlCache Behavior ::run [ RunTime:0.000577s ]
INFO: ShowRuntime Behavior ::run [ RunTime:0.000766s ]
INFO: [ view_filter ] --END-- [ RunTime:0.003381s ]
INFO: [ view_end ] --START--
INFO: ShowPageTrace Behavior ::run [ RunTime:0.000791s ]
INFO: [ view_end ] --END-- [ RunTime:0.000910s ]

[ 2014-04-17T16:29:28+08:00 ] 0.0.0.0 /dream/index.php/Produce
INFO: [ route_check ] --START--
INFO: CheckRoute Behavior ::run [ RunTime:0.000906s ]
INFO: [ route_check ] --END-- [ RunTime:0.001043s ]
INFO: [ app_begin ] --START--
INFO: ReadHtmlCache Behavior ::run [ RunTime:0.000819s ]
INFO: [ app_begin ] --END-- [ RunTime:0.000952s ]
NOTIC: [2048] Declaration of ProduceAction::show() should be compatible with Action::show($content, $charset = '', $contentType = '', $prefix = '') D:\wamp\www\dream\home\Lib\Action\ProduceAction.class.php 第 2 行.
SQL: SHOW COLUMNS FROM `category` [ RunTime:0.006608s ]
SQL: SELECT * FROM `category` ORDER BY id  [ RunTime:0.000840s ]
SQL: SHOW COLUMNS FROM `config` [ RunTime:0.005053s ]
SQL: SELECT `varname`,`value` FROM `config`  [ RunTime:0.000300s ]
SQL: SELECT * FROM `category` WHERE ( `module` = 'Produce' )  [ RunTime:0.000326s ]
SQL: SHOW COLUMNS FROM `produce` [ RunTime:0.005087s ]
NOTIC: [8] Undefined index: cid D:\wamp\www\dream\home\Lib\Action\ProduceAction.class.php 第 9 行.
SQL: SELECT * FROM `produce` ORDER BY id LIMIT 10   [ RunTime:0.000396s ]
INFO: [ view_parse ] --START--
NOTIC: [8] Undefined variable: page D:\wamp\www\dream\home\Runtime\Cache\503f258d9d12eff4eadb5c0ebb8d8e6b.php 第 112 行.
NOTIC: [8] Undefined variable: link D:\wamp\www\dream\home\Runtime\Cache\503f258d9d12eff4eadb5c0ebb8d8e6b.php 第 127 行.
NOTIC: [8] Undefined variable: footnav D:\wamp\www\dream\home\Runtime\Cache\503f258d9d12eff4eadb5c0ebb8d8e6b.php 第 134 行.
INFO: ParseTemplate Behavior ::run [ RunTime:0.015913s ]
INFO: [ view_parse ] --END-- [ RunTime:0.016044s ]
INFO: [ view_filter ] --START--
INFO: ContentReplace Behavior ::run [ RunTime:0.000756s ]
INFO: TokenBuild Behavior ::run [ RunTime:0.000734s ]
INFO: WriteHtmlCache Behavior ::run [ RunTime:0.000827s ]
INFO: ShowRuntime Behavior ::run [ RunTime:0.001206s ]
INFO: [ view_filter ] --END-- [ RunTime:0.003977s ]
INFO: [ view_end ] --START--
INFO: ShowPageTrace Behavior ::run [ RunTime:0.001069s ]
INFO: [ view_end ] --END-- [ RunTime:0.001197s ]

[ 2014-04-17T16:29:29+08:00 ] 0.0.0.0 /dream/index.php/Produce
INFO: [ route_check ] --START--
INFO: CheckRoute Behavior ::run [ RunTime:0.000971s ]
INFO: [ route_check ] --END-- [ RunTime:0.001151s ]
INFO: [ app_begin ] --START--
INFO: ReadHtmlCache Behavior ::run [ RunTime:0.001270s ]
INFO: [ app_begin ] --END-- [ RunTime:0.001518s ]
NOTIC: [2048] Declaration of ProduceAction::show() should be compatible with Action::show($content, $charset = '', $contentType = '', $prefix = '') D:\wamp\www\dream\home\Lib\Action\ProduceAction.class.php 第 2 行.
SQL: SHOW COLUMNS FROM `category` [ RunTime:0.006312s ]
SQL: SELECT * FROM `category` ORDER BY id  [ RunTime:0.000623s ]
SQL: SHOW COLUMNS FROM `config` [ RunTime:0.004772s ]
SQL: SELECT `varname`,`value` FROM `config`  [ RunTime:0.000299s ]
SQL: SELECT * FROM `category` WHERE ( `module` = 'Produce' )  [ RunTime:0.000324s ]
SQL: SHOW COLUMNS FROM `produce` [ RunTime:0.005246s ]
NOTIC: [8] Undefined index: cid D:\wamp\www\dream\home\Lib\Action\ProduceAction.class.php 第 9 行.
SQL: SELECT * FROM `produce` ORDER BY id LIMIT 10   [ RunTime:0.000655s ]
INFO: [ view_parse ] --START--
NOTIC: [8] Undefined variable: page D:\wamp\www\dream\home\Runtime\Cache\503f258d9d12eff4eadb5c0ebb8d8e6b.php 第 112 行.
NOTIC: [8] Undefined variable: link D:\wamp\www\dream\home\Runtime\Cache\503f258d9d12eff4eadb5c0ebb8d8e6b.php 第 127 行.
NOTIC: [8] Undefined variable: footnav D:\wamp\www\dream\home\Runtime\Cache\503f258d9d12eff4eadb5c0ebb8d8e6b.php 第 134 行.
INFO: ParseTemplate Behavior ::run [ RunTime:0.016117s ]
INFO: [ view_parse ] --END-- [ RunTime:0.016268s ]
INFO: [ view_filter ] --START--
INFO: ContentReplace Behavior ::run [ RunTime:0.000735s ]
INFO: TokenBuild Behavior ::run [ RunTime:0.000673s ]
INFO: WriteHtmlCache Behavior ::run [ RunTime:0.000525s ]
INFO: ShowRuntime Behavior ::run [ RunTime:0.000760s ]
INFO: [ view_filter ] --END-- [ RunTime:0.003016s ]
INFO: [ view_end ] --START--
INFO: ShowPageTrace Behavior ::run [ RunTime:0.000897s ]
INFO: [ view_end ] --END-- [ RunTime:0.001060s ]

[ 2014-04-17T16:29:31+08:00 ] 0.0.0.0 /dream/index.php/Page
INFO: [ route_check ] --START--
INFO: CheckRoute Behavior ::run [ RunTime:0.000906s ]
INFO: [ route_check ] --END-- [ RunTime:0.001044s ]
INFO: [ app_begin ] --START--
INFO: ReadHtmlCache Behavior ::run [ RunTime:0.000783s ]
INFO: [ app_begin ] --END-- [ RunTime:0.000908s ]
ERR: 无法加载模块:Page

[ 2014-04-17T16:29:34+08:00 ] 0.0.0.0 /dream/index.php
INFO: [ app_begin ] --START--
INFO: ReadHtmlCache Behavior ::run [ RunTime:0.000773s ]
INFO: [ app_begin ] --END-- [ RunTime:0.000912s ]
SQL: SHOW COLUMNS FROM `category` [ RunTime:0.007900s ]
SQL: SELECT * FROM `category` ORDER BY id  [ RunTime:0.000629s ]
SQL: SHOW COLUMNS FROM `config` [ RunTime:0.005618s ]
SQL: SELECT `varname`,`value` FROM `config`  [ RunTime:0.000303s ]
SQL: SHOW COLUMNS FROM `article` [ RunTime:0.006767s ]
SQL: SELECT * FROM `article` ORDER BY id LIMIT 10   [ RunTime:0.000392s ]
SQL: SHOW COLUMNS FROM `rotate` [ RunTime:0.004922s ]
SQL: SELECT * FROM `rotate` ORDER BY sort desc,id desc  [ RunTime:0.000289s ]
SQL: SHOW COLUMNS FROM `produce` [ RunTime:0.004949s ]
SQL: SELECT `id`,`name`,`img` FROM `produce` WHERE ( is_show=1 )  [ RunTime:0.000309s ]
INFO: [ view_parse ] --START--
NOTIC: [8] Undefined variable: new2 D:\wamp\www\dream\home\Runtime\Cache\d046431aa157c89f3a1c30c426be003b.php 第 130 行.
NOTIC: [8] Undefined index: user D:\wamp\www\dream\home\Runtime\Cache\d046431aa157c89f3a1c30c426be003b.php 第 155 行.
NOTIC: [8] Undefined variable: footnav D:\wamp\www\dream\home\Runtime\Cache\d046431aa157c89f3a1c30c426be003b.php 第 226 行.
INFO: ParseTemplate Behavior ::run [ RunTime:0.030499s ]
INFO: [ view_parse ] --END-- [ RunTime:0.030629s ]
INFO: [ view_filter ] --START--
INFO: ContentReplace Behavior ::run [ RunTime:0.000798s ]
INFO: TokenBuild Behavior ::run [ RunTime:0.000730s ]
INFO: WriteHtmlCache Behavior ::run [ RunTime:0.000554s ]
INFO: ShowRuntime Behavior ::run [ RunTime:0.000783s ]
INFO: [ view_filter ] --END-- [ RunTime:0.003241s ]
INFO: [ view_end ] --START--
INFO: ShowPageTrace Behavior ::run [ RunTime:0.000809s ]
INFO: [ view_end ] --END-- [ RunTime:0.000925s ]

[ 2014-04-17T16:29:34+08:00 ] 0.0.0.0 /dream/index.php/Index/verify/
INFO: [ route_check ] --START--
INFO: CheckRoute Behavior ::run [ RunTime:0.000912s ]
INFO: [ route_check ] --END-- [ RunTime:0.001051s ]
INFO: [ app_begin ] --START--
INFO: ReadHtmlCache Behavior ::run [ RunTime:0.000817s ]
INFO: [ app_begin ] --END-- [ RunTime:0.000948s ]
SQL: SHOW COLUMNS FROM `category` [ RunTime:0.004081s ]
SQL: SELECT * FROM `category` ORDER BY id  [ RunTime:0.000629s ]
SQL: SHOW COLUMNS FROM `config` [ RunTime:0.004116s ]
SQL: SELECT `varname`,`value` FROM `config`  [ RunTime:0.000307s ]

[ 2014-04-17T16:29:35+08:00 ] 0.0.0.0 /dream/index.php/Article
INFO: [ route_check ] --START--
INFO: CheckRoute Behavior ::run [ RunTime:0.000930s ]
INFO: [ route_check ] --END-- [ RunTime:0.001071s ]
INFO: [ app_begin ] --START--
INFO: ReadHtmlCache Behavior ::run [ RunTime:0.000816s ]
INFO: [ app_begin ] --END-- [ RunTime:0.000947s ]
NOTIC: [2048] Declaration of ArticleAction::show() should be compatible with Action::show($content, $charset = '', $contentType = '', $prefix = '') D:\wamp\www\dream\home\Lib\Action\ArticleAction.class.php 第 2 行.
SQL: SHOW COLUMNS FROM `category` [ RunTime:0.006450s ]
SQL: SELECT * FROM `category` ORDER BY id  [ RunTime:0.000644s ]
SQL: SHOW COLUMNS FROM `config` [ RunTime:0.005128s ]
SQL: SELECT `varname`,`value` FROM `config`  [ RunTime:0.000312s ]
SQL: SHOW COLUMNS FROM `article` [ RunTime:0.004857s ]
SQL: SELECT `id`,`title` FROM `article` ORDER BY id LIMIT 10   [ RunTime:0.000290s ]
INFO: [ view_parse ] --START--
NOTIC: [8] Undefined variable: footnav D:\wamp\www\dream\home\Runtime\Cache\610ca9348546c70715a42fb25d3852b8.php 第 98 行.
INFO: ParseTemplate Behavior ::run [ RunTime:0.030823s ]
INFO: [ view_parse ] --END-- [ RunTime:0.030955s ]
INFO: [ view_filter ] --START--
INFO: ContentReplace Behavior ::run [ RunTime:0.000664s ]
INFO: TokenBuild Behavior ::run [ RunTime:0.000674s ]
INFO: WriteHtmlCache Behavior ::run [ RunTime:0.000541s ]
INFO: ShowRuntime Behavior ::run [ RunTime:0.000744s ]
INFO: [ view_filter ] --END-- [ RunTime:0.002981s ]
INFO: [ view_end ] --START--
INFO: ShowPageTrace Behavior ::run [ RunTime:0.000942s ]
INFO: [ view_end ] --END-- [ RunTime:0.001064s ]

[ 2014-04-17T16:29:36+08:00 ] 0.0.0.0 /dream/index.php/Article
INFO: [ route_check ] --START--
INFO: CheckRoute Behavior ::run [ RunTime:0.000861s ]
INFO: [ route_check ] --END-- [ RunTime:0.000998s ]
INFO: [ app_begin ] --START--
INFO: ReadHtmlCache Behavior ::run [ RunTime:0.000754s ]
INFO: [ app_begin ] --END-- [ RunTime:0.000891s ]
NOTIC: [2048] Declaration of ArticleAction::show() should be compatible with Action::show($content, $charset = '', $contentType = '', $prefix = '') D:\wamp\www\dream\home\Lib\Action\ArticleAction.class.php 第 2 行.
SQL: SHOW COLUMNS FROM `category` [ RunTime:0.016125s ]
SQL: SELECT * FROM `category` ORDER BY id  [ RunTime:0.001368s ]
SQL: SHOW COLUMNS FROM `config` [ RunTime:0.010472s ]
SQL: SELECT `varname`,`value` FROM `config`  [ RunTime:0.000651s ]
SQL: SHOW COLUMNS FROM `article` [ RunTime:0.009795s ]
SQL: SELECT `id`,`title` FROM `article` ORDER BY id LIMIT 10   [ RunTime:0.000408s ]
INFO: [ view_parse ] --START--
NOTIC: [8] Undefined variable: footnav D:\wamp\www\dream\home\Runtime\Cache\610ca9348546c70715a42fb25d3852b8.php 第 98 行.
INFO: ParseTemplate Behavior ::run [ RunTime:0.017093s ]
INFO: [ view_parse ] --END-- [ RunTime:0.017257s ]
INFO: [ view_filter ] --START--
INFO: ContentReplace Behavior ::run [ RunTime:0.000855s ]
INFO: TokenBuild Behavior ::run [ RunTime:0.000818s ]
INFO: WriteHtmlCache Behavior ::run [ RunTime:0.000615s ]
INFO: ShowRuntime Behavior ::run [ RunTime:0.000921s ]
INFO: [ view_filter ] --END-- [ RunTime:0.003627s ]
INFO: [ view_end ] --START--
INFO: ShowPageTrace Behavior ::run [ RunTime:0.000961s ]
INFO: [ view_end ] --END-- [ RunTime:0.001110s ]

[ 2014-04-17T16:29:37+08:00 ] 0.0.0.0 /dream/index.php/Article
INFO: [ route_check ] --START--
INFO: CheckRoute Behavior ::run [ RunTime:0.000918s ]
INFO: [ route_check ] --END-- [ RunTime:0.001137s ]
INFO: [ app_begin ] --START--
INFO: ReadHtmlCache Behavior ::run [ RunTime:0.000818s ]
INFO: [ app_begin ] --END-- [ RunTime:0.000961s ]
NOTIC: [2048] Declaration of ArticleAction::show() should be compatible with Action::show($content, $charset = '', $contentType = '', $prefix = '') D:\wamp\www\dream\home\Lib\Action\ArticleAction.class.php 第 2 行.
SQL: SHOW COLUMNS FROM `category` [ RunTime:0.007237s ]
SQL: SELECT * FROM `category` ORDER BY id  [ RunTime:0.000646s ]
SQL: SHOW COLUMNS FROM `config` [ RunTime:0.020111s ]
SQL: SELECT `varname`,`value` FROM `config`  [ RunTime:0.000301s ]
SQL: SHOW COLUMNS FROM `article` [ RunTime:0.004990s ]
SQL: SELECT `id`,`title` FROM `article` ORDER BY id LIMIT 10   [ RunTime:0.000291s ]
INFO: [ view_parse ] --START--
NOTIC: [8] Undefined variable: footnav D:\wamp\www\dream\home\Runtime\Cache\610ca9348546c70715a42fb25d3852b8.php 第 98 行.
INFO: ParseTemplate Behavior ::run [ RunTime:0.012616s ]
INFO: [ view_parse ] --END-- [ RunTime:0.012748s ]
INFO: [ view_filter ] --START--
INFO: ContentReplace Behavior ::run [ RunTime:0.001141s ]
INFO: TokenBuild Behavior ::run [ RunTime:0.001254s ]
INFO: WriteHtmlCache Behavior ::run [ RunTime:0.000872s ]
INFO: ShowRuntime Behavior ::run [ RunTime:0.001294s ]
INFO: [ view_filter ] --END-- [ RunTime:0.005165s ]
INFO: [ view_end ] --START--
INFO: ShowPageTrace Behavior ::run [ RunTime:0.000834s ]
INFO: [ view_end ] --END-- [ RunTime:0.000955s ]

[ 2014-04-17T16:29:38+08:00 ] 0.0.0.0 /dream/index.php/Produce
INFO: [ route_check ] --START--
INFO: CheckRoute Behavior ::run [ RunTime:0.000960s ]
INFO: [ route_check ] --END-- [ RunTime:0.001123s ]
INFO: [ app_begin ] --START--
INFO: ReadHtmlCache Behavior ::run [ RunTime:0.000800s ]
INFO: [ app_begin ] --END-- [ RunTime:0.000945s ]
NOTIC: [2048] Declaration of ProduceAction::show() should be compatible with Action::show($content, $charset = '', $contentType = '', $prefix = '') D:\wamp\www\dream\home\Lib\Action\ProduceAction.class.php 第 2 行.
SQL: SHOW COLUMNS FROM `category` [ RunTime:0.006873s ]
SQL: SELECT * FROM `category` ORDER BY id  [ RunTime:0.000654s ]
SQL: SHOW COLUMNS FROM `config` [ RunTime:0.005037s ]
SQL: SELECT `varname`,`value` FROM `config`  [ RunTime:0.000298s ]
SQL: SELECT * FROM `category` WHERE ( `module` = 'Produce' )  [ RunTime:0.000325s ]
SQL: SHOW COLUMNS FROM `produce` [ RunTime:0.005691s ]
NOTIC: [8] Undefined index: cid D:\wamp\www\dream\home\Lib\Action\ProduceAction.class.php 第 9 行.
SQL: SELECT * FROM `produce` ORDER BY id LIMIT 10   [ RunTime:0.000405s ]
INFO: [ view_parse ] --START--
NOTIC: [8] Undefined variable: page D:\wamp\www\dream\home\Runtime\Cache\503f258d9d12eff4eadb5c0ebb8d8e6b.php 第 112 行.
NOTIC: [8] Undefined variable: link D:\wamp\www\dream\home\Runtime\Cache\503f258d9d12eff4eadb5c0ebb8d8e6b.php 第 127 行.
NOTIC: [8] Undefined variable: footnav D:\wamp\www\dream\home\Runtime\Cache\503f258d9d12eff4eadb5c0ebb8d8e6b.php 第 134 行.
INFO: ParseTemplate Behavior ::run [ RunTime:0.022616s ]
INFO: [ view_parse ] --END-- [ RunTime:0.022748s ]
INFO: [ view_filter ] --START--
INFO: ContentReplace Behavior ::run [ RunTime:0.000703s ]
INFO: TokenBuild Behavior ::run [ RunTime:0.000650s ]
INFO: WriteHtmlCache Behavior ::run [ RunTime:0.000492s ]
INFO: ShowRuntime Behavior ::run [ RunTime:0.000723s ]
INFO: [ view_filter ] --END-- [ RunTime:0.002896s ]
INFO: [ view_end ] --START--
INFO: ShowPageTrace Behavior ::run [ RunTime:0.000750s ]
INFO: [ view_end ] --END-- [ RunTime:0.000868s ]

[ 2014-04-17T16:29:39+08:00 ] 0.0.0.0 /dream/index.php/Produce
INFO: [ route_check ] --START--
INFO: CheckRoute Behavior ::run [ RunTime:0.000981s ]
INFO: [ route_check ] --END-- [ RunTime:0.001128s ]
INFO: [ app_begin ] --START--
INFO: ReadHtmlCache Behavior ::run [ RunTime:0.000808s ]
INFO: [ app_begin ] --END-- [ RunTime:0.000946s ]
NOTIC: [2048] Declaration of ProduceAction::show() should be compatible with Action::show($content, $charset = '', $contentType = '', $prefix = '') D:\wamp\www\dream\home\Lib\Action\ProduceAction.class.php 第 2 行.
SQL: SHOW COLUMNS FROM `category` [ RunTime:0.007096s ]
SQL: SELECT * FROM `category` ORDER BY id  [ RunTime:0.000663s ]
SQL: SHOW COLUMNS FROM `config` [ RunTime:0.004961s ]
SQL: SELECT `varname`,`value` FROM `config`  [ RunTime:0.000299s ]
SQL: SELECT * FROM `category` WHERE ( `module` = 'Produce' )  [ RunTime:0.000342s ]
SQL: SHOW COLUMNS FROM `produce` [ RunTime:0.005118s ]
NOTIC: [8] Undefined index: cid D:\wamp\www\dream\home\Lib\Action\ProduceAction.class.php 第 9 行.
SQL: SELECT * FROM `produce` ORDER BY id LIMIT 10   [ RunTime:0.000627s ]
INFO: [ view_parse ] --START--
NOTIC: [8] Undefined variable: page D:\wamp\www\dream\home\Runtime\Cache\503f258d9d12eff4eadb5c0ebb8d8e6b.php 第 112 行.
NOTIC: [8] Undefined variable: link D:\wamp\www\dream\home\Runtime\Cache\503f258d9d12eff4eadb5c0ebb8d8e6b.php 第 127 行.
NOTIC: [8] Undefined variable: footnav D:\wamp\www\dream\home\Runtime\Cache\503f258d9d12eff4eadb5c0ebb8d8e6b.php 第 134 行.
INFO: ParseTemplate Behavior ::run [ RunTime:0.017053s ]
INFO: [ view_parse ] --END-- [ RunTime:0.017251s ]
INFO: [ view_filter ] --START--
INFO: ContentReplace Behavior ::run [ RunTime:0.000707s ]
INFO: TokenBuild Behavior ::run [ RunTime:0.000643s ]
INFO: WriteHtmlCache Behavior ::run [ RunTime:0.000480s ]
INFO: ShowRuntime Behavior ::run [ RunTime:0.000716s ]
INFO: [ view_filter ] --END-- [ RunTime:0.002874s ]
INFO: [ view_end ] --START--
INFO: ShowPageTrace Behavior ::run [ RunTime:0.000747s ]
INFO: [ view_end ] --END-- [ RunTime:0.000866s ]

[ 2014-04-17T16:29:40+08:00 ] 0.0.0.0 /dream/index.php/Produce
INFO: [ route_check ] --START--
INFO: CheckRoute Behavior ::run [ RunTime:0.000897s ]
INFO: [ route_check ] --END-- [ RunTime:0.001086s ]
INFO: [ app_begin ] --START--
INFO: ReadHtmlCache Behavior ::run [ RunTime:0.000764s ]
INFO: [ app_begin ] --END-- [ RunTime:0.000893s ]
NOTIC: [2048] Declaration of ProduceAction::show() should be compatible with Action::show($content, $charset = '', $contentType = '', $prefix = '') D:\wamp\www\dream\home\Lib\Action\ProduceAction.class.php 第 2 行.
SQL: SHOW COLUMNS FROM `category` [ RunTime:0.008125s ]
SQL: SELECT * FROM `category` ORDER BY id  [ RunTime:0.000631s ]
SQL: SHOW COLUMNS FROM `config` [ RunTime:0.023214s ]
SQL: SELECT `varname`,`value` FROM `config`  [ RunTime:0.000438s ]
SQL: SELECT * FROM `category` WHERE ( `module` = 'Produce' )  [ RunTime:0.000528s ]
SQL: SHOW COLUMNS FROM `produce` [ RunTime:0.006449s ]
NOTIC: [8] Undefined index: cid D:\wamp\www\dream\home\Lib\Action\ProduceAction.class.php 第 9 行.
SQL: SELECT * FROM `produce` ORDER BY id LIMIT 10   [ RunTime:0.000436s ]
INFO: [ view_parse ] --START--
NOTIC: [8] Undefined variable: page D:\wamp\www\dream\home\Runtime\Cache\503f258d9d12eff4eadb5c0ebb8d8e6b.php 第 112 行.
NOTIC: [8] Undefined variable: link D:\wamp\www\dream\home\Runtime\Cache\503f258d9d12eff4eadb5c0ebb8d8e6b.php 第 127 行.
NOTIC: [8] Undefined variable: footnav D:\wamp\www\dream\home\Runtime\Cache\503f258d9d12eff4eadb5c0ebb8d8e6b.php 第 134 行.
INFO: ParseTemplate Behavior ::run [ RunTime:0.015468s ]
INFO: [ view_parse ] --END-- [ RunTime:0.015616s ]
INFO: [ view_filter ] --START--
INFO: ContentReplace Behavior ::run [ RunTime:0.000986s ]
INFO: TokenBuild Behavior ::run [ RunTime:0.000907s ]
INFO: WriteHtmlCache Behavior ::run [ RunTime:0.000669s ]
INFO: ShowRuntime Behavior ::run [ RunTime:0.000984s ]
INFO: [ view_filter ] --END-- [ RunTime:0.004089s ]
INFO: [ view_end ] --START--
INFO: ShowPageTrace Behavior ::run [ RunTime:0.001070s ]
INFO: [ view_end ] --END-- [ RunTime:0.001277s ]

[ 2014-04-17T16:29:41+08:00 ] 0.0.0.0 /dream/index.php/Produce
INFO: [ route_check ] --START--
INFO: CheckRoute Behavior ::run [ RunTime:0.001115s ]
INFO: [ route_check ] --END-- [ RunTime:0.001314s ]
INFO: [ app_begin ] --START--
INFO: ReadHtmlCache Behavior ::run [ RunTime:0.000962s ]
INFO: [ app_begin ] --END-- [ RunTime:0.001102s ]
NOTIC: [2048] Declaration of ProduceAction::show() should be compatible with Action::show($content, $charset = '', $contentType = '', $prefix = '') D:\wamp\www\dream\home\Lib\Action\ProduceAction.class.php 第 2 行.
SQL: SHOW COLUMNS FROM `category` [ RunTime:0.015248s ]
SQL: SELECT * FROM `category` ORDER BY id  [ RunTime:0.001228s ]
SQL: SHOW COLUMNS FROM `config` [ RunTime:0.009288s ]
SQL: SELECT `varname`,`value` FROM `config`  [ RunTime:0.000406s ]
SQL: SELECT * FROM `category` WHERE ( `module` = 'Produce' )  [ RunTime:0.000463s ]
SQL: SHOW COLUMNS FROM `produce` [ RunTime:0.007608s ]
NOTIC: [8] Undefined index: cid D:\wamp\www\dream\home\Lib\Action\ProduceAction.class.php 第 9 行.
SQL: SELECT * FROM `produce` ORDER BY id LIMIT 10   [ RunTime:0.000526s ]
INFO: [ view_parse ] --START--
NOTIC: [8] Undefined variable: page D:\wamp\www\dream\home\Runtime\Cache\503f258d9d12eff4eadb5c0ebb8d8e6b.php 第 112 行.
NOTIC: [8] Undefined variable: link D:\wamp\www\dream\home\Runtime\Cache\503f258d9d12eff4eadb5c0ebb8d8e6b.php 第 127 行.
NOTIC: [8] Undefined variable: footnav D:\wamp\www\dream\home\Runtime\Cache\503f258d9d12eff4eadb5c0ebb8d8e6b.php 第 134 行.
INFO: ParseTemplate Behavior ::run [ RunTime:0.019728s ]
INFO: [ view_parse ] --END-- [ RunTime:0.019882s ]
INFO: [ view_filter ] --START--
INFO: ContentReplace Behavior ::run [ RunTime:0.000707s ]
INFO: TokenBuild Behavior ::run [ RunTime:0.000637s ]
INFO: WriteHtmlCache Behavior ::run [ RunTime:0.000486s ]
INFO: ShowRuntime Behavior ::run [ RunTime:0.000729s ]
INFO: [ view_filter ] --END-- [ RunTime:0.002887s ]
INFO: [ view_end ] --START--
INFO: ShowPageTrace Behavior ::run [ RunTime:0.000798s ]
INFO: [ view_end ] --END-- [ RunTime:0.000919s ]

[ 2014-04-17T16:29:43+08:00 ] 0.0.0.0 /dream/index.php/Page
INFO: [ route_check ] --START--
INFO: CheckRoute Behavior ::run [ RunTime:0.000866s ]
INFO: [ route_check ] --END-- [ RunTime:0.001004s ]
INFO: [ app_begin ] --START--
INFO: ReadHtmlCache Behavior ::run [ RunTime:0.000751s ]
INFO: [ app_begin ] --END-- [ RunTime:0.000882s ]
ERR: 无法加载模块:Page

[ 2014-04-17T16:29:45+08:00 ] 0.0.0.0 /dream/index.php/Article
INFO: [ route_check ] --START--
INFO: CheckRoute Behavior ::run [ RunTime:0.000937s ]
INFO: [ route_check ] --END-- [ RunTime:0.001085s ]
INFO: [ app_begin ] --START--
INFO: ReadHtmlCache Behavior ::run [ RunTime:0.000767s ]
INFO: [ app_begin ] --END-- [ RunTime:0.000894s ]
NOTIC: [2048] Declaration of ArticleAction::show() should be compatible with Action::show($content, $charset = '', $contentType = '', $prefix = '') D:\wamp\www\dream\home\Lib\Action\ArticleAction.class.php 第 2 行.
SQL: SHOW COLUMNS FROM `category` [ RunTime:0.006518s ]
SQL: SELECT * FROM `category` ORDER BY id  [ RunTime:0.000652s ]
SQL: SHOW COLUMNS FROM `config` [ RunTime:0.005404s ]
SQL: SELECT `varname`,`value` FROM `config`  [ RunTime:0.000410s ]
SQL: SHOW COLUMNS FROM `article` [ RunTime:0.005498s ]
SQL: SELECT `id`,`title` FROM `article` ORDER BY id LIMIT 10   [ RunTime:0.000298s ]
INFO: [ view_parse ] --START--
NOTIC: [8] Undefined variable: footnav D:\wamp\www\dream\home\Runtime\Cache\610ca9348546c70715a42fb25d3852b8.php 第 98 行.
INFO: ParseTemplate Behavior ::run [ RunTime:0.013274s ]
INFO: [ view_parse ] --END-- [ RunTime:0.013431s ]
INFO: [ view_filter ] --START--
INFO: ContentReplace Behavior ::run [ RunTime:0.000706s ]
INFO: TokenBuild Behavior ::run [ RunTime:0.000631s ]
INFO: WriteHtmlCache Behavior ::run [ RunTime:0.000497s ]
INFO: ShowRuntime Behavior ::run [ RunTime:0.000716s ]
INFO: [ view_filter ] --END-- [ RunTime:0.002882s ]
INFO: [ view_end ] --START--
INFO: ShowPageTrace Behavior ::run [ RunTime:0.000747s ]
INFO: [ view_end ] --END-- [ RunTime:0.000864s ]

[ 2014-04-17T16:29:47+08:00 ] 0.0.0.0 /dream/index.php/Page
INFO: [ route_check ] --START--
INFO: CheckRoute Behavior ::run [ RunTime:0.001104s ]
INFO: [ route_check ] --END-- [ RunTime:0.001302s ]
INFO: [ app_begin ] --START--
INFO: ReadHtmlCache Behavior ::run [ RunTime:0.001239s ]
INFO: [ app_begin ] --END-- [ RunTime:0.001457s ]
ERR: 无法加载模块:Page

[ 2014-04-17T16:29:54+08:00 ] 0.0.0.0 /dream/index.php
INFO: [ app_begin ] --START--
INFO: ReadHtmlCache Behavior ::run [ RunTime:0.000754s ]
INFO: [ app_begin ] --END-- [ RunTime:0.000896s ]
SQL: SHOW COLUMNS FROM `category` [ RunTime:0.008030s ]
SQL: SELECT * FROM `category` ORDER BY id  [ RunTime:0.000626s ]
SQL: SHOW COLUMNS FROM `config` [ RunTime:0.006400s ]
SQL: SELECT `varname`,`value` FROM `config`  [ RunTime:0.000312s ]
SQL: SHOW COLUMNS FROM `article` [ RunTime:0.006236s ]
SQL: SELECT * FROM `article` ORDER BY id LIMIT 10   [ RunTime:0.000431s ]
SQL: SHOW COLUMNS FROM `rotate` [ RunTime:0.005761s ]
SQL: SELECT * FROM `rotate` ORDER BY sort desc,id desc  [ RunTime:0.000302s ]
SQL: SHOW COLUMNS FROM `produce` [ RunTime:0.004886s ]
SQL: SELECT `id`,`name`,`img` FROM `produce` WHERE ( is_show=1 )  [ RunTime:0.000353s ]
INFO: [ view_parse ] --START--
NOTIC: [8] Undefined variable: new2 D:\wamp\www\dream\home\Runtime\Cache\d046431aa157c89f3a1c30c426be003b.php 第 130 行.
NOTIC: [8] Undefined index: user D:\wamp\www\dream\home\Runtime\Cache\d046431aa157c89f3a1c30c426be003b.php 第 155 行.
NOTIC: [8] Undefined variable: footnav D:\wamp\www\dream\home\Runtime\Cache\d046431aa157c89f3a1c30c426be003b.php 第 226 行.
INFO: ParseTemplate Behavior ::run [ RunTime:0.028772s ]
INFO: [ view_parse ] --END-- [ RunTime:0.028956s ]
INFO: [ view_filter ] --START--
INFO: ContentReplace Behavior ::run [ RunTime:0.000687s ]
INFO: TokenBuild Behavior ::run [ RunTime:0.000629s ]
INFO: WriteHtmlCache Behavior ::run [ RunTime:0.000478s ]
INFO: ShowRuntime Behavior ::run [ RunTime:0.000933s ]
INFO: [ view_filter ] --END-- [ RunTime:0.003115s ]
INFO: [ view_end ] --START--
INFO: ShowPageTrace Behavior ::run [ RunTime:0.001439s ]
INFO: [ view_end ] --END-- [ RunTime:0.001685s ]

[ 2014-04-17T16:29:54+08:00 ] 0.0.0.0 /dream/index.php/Index/verify/
INFO: [ route_check ] --START--
INFO: CheckRoute Behavior ::run [ RunTime:0.000908s ]
INFO: [ route_check ] --END-- [ RunTime:0.001048s ]
INFO: [ app_begin ] --START--
INFO: ReadHtmlCache Behavior ::run [ RunTime:0.000723s ]
INFO: [ app_begin ] --END-- [ RunTime:0.000847s ]
SQL: SHOW COLUMNS FROM `category` [ RunTime:0.005273s ]
SQL: SELECT * FROM `category` ORDER BY id  [ RunTime:0.000693s ]
SQL: SHOW COLUMNS FROM `config` [ RunTime:0.004488s ]
SQL: SELECT `varname`,`value` FROM `config`  [ RunTime:0.000346s ]

[ 2014-04-17T16:30:18+08:00 ] 0.0.0.0 /dream/index.php/Produce
INFO: [ route_check ] --START--
INFO: CheckRoute Behavior ::run [ RunTime:0.001042s ]
INFO: [ route_check ] --END-- [ RunTime:0.001230s ]
INFO: [ app_begin ] --START--
INFO: ReadHtmlCache Behavior ::run [ RunTime:0.000863s ]
INFO: [ app_begin ] --END-- [ RunTime:0.001001s ]
NOTIC: [2048] Declaration of ProduceAction::show() should be compatible with Action::show($content, $charset = '', $contentType = '', $prefix = '') D:\wamp\www\dream\home\Lib\Action\ProduceAction.class.php 第 2 行.
SQL: SHOW COLUMNS FROM `category` [ RunTime:0.021793s ]
SQL: SELECT * FROM `category` ORDER BY id  [ RunTime:0.000695s ]
SQL: SHOW COLUMNS FROM `config` [ RunTime:0.005963s ]
SQL: SELECT `varname`,`value` FROM `config`  [ RunTime:0.000301s ]
SQL: SELECT * FROM `category` WHERE ( `module` = 'Produce' )  [ RunTime:0.000326s ]
SQL: SHOW COLUMNS FROM `produce` [ RunTime:0.004837s ]
NOTIC: [8] Undefined index: cid D:\wamp\www\dream\home\Lib\Action\ProduceAction.class.php 第 9 行.
SQL: SELECT * FROM `produce` ORDER BY id LIMIT 10   [ RunTime:0.000536s ]
INFO: [ view_parse ] --START--
NOTIC: [8] Undefined variable: page D:\wamp\www\dream\home\Runtime\Cache\503f258d9d12eff4eadb5c0ebb8d8e6b.php 第 112 行.
NOTIC: [8] Undefined variable: link D:\wamp\www\dream\home\Runtime\Cache\503f258d9d12eff4eadb5c0ebb8d8e6b.php 第 127 行.
NOTIC: [8] Undefined variable: footnav D:\wamp\www\dream\home\Runtime\Cache\503f258d9d12eff4eadb5c0ebb8d8e6b.php 第 134 行.
INFO: ParseTemplate Behavior ::run [ RunTime:0.015364s ]
INFO: [ view_parse ] --END-- [ RunTime:0.015551s ]
INFO: [ view_filter ] --START--
INFO: ContentReplace Behavior ::run [ RunTime:0.000750s ]
INFO: TokenBuild Behavior ::run [ RunTime:0.000683s ]
INFO: WriteHtmlCache Behavior ::run [ RunTime:0.000489s ]
INFO: ShowRuntime Behavior ::run [ RunTime:0.000746s ]
INFO: [ view_filter ] --END-- [ RunTime:0.002997s ]
INFO: [ view_end ] --START--
INFO: ShowPageTrace Behavior ::run [ RunTime:0.000754s ]
INFO: [ view_end ] --END-- [ RunTime:0.000872s ]

[ 2014-04-17T16:30:19+08:00 ] 0.0.0.0 /dream/index.php/Produce
INFO: [ route_check ] --START--
INFO: CheckRoute Behavior ::run [ RunTime:0.000904s ]
INFO: [ route_check ] --END-- [ RunTime:0.001044s ]
INFO: [ app_begin ] --START--
INFO: ReadHtmlCache Behavior ::run [ RunTime:0.001245s ]
INFO: [ app_begin ] --END-- [ RunTime:0.001441s ]
NOTIC: [2048] Declaration of ProduceAction::show() should be compatible with Action::show($content, $charset = '', $contentType = '', $prefix = '') D:\wamp\www\dream\home\Lib\Action\ProduceAction.class.php 第 2 行.
SQL: SHOW COLUMNS FROM `category` [ RunTime:0.006367s ]
SQL: SELECT * FROM `category` ORDER BY id  [ RunTime:0.000679s ]
SQL: SHOW COLUMNS FROM `config` [ RunTime:0.006956s ]
SQL: SELECT `varname`,`value` FROM `config`  [ RunTime:0.000295s ]
SQL: SELECT * FROM `category` WHERE ( `module` = 'Produce' )  [ RunTime:0.000324s ]
SQL: SHOW COLUMNS FROM `produce` [ RunTime:0.005043s ]
NOTIC: [8] Undefined index: cid D:\wamp\www\dream\home\Lib\Action\ProduceAction.class.php 第 9 行.
SQL: SELECT * FROM `produce` ORDER BY id LIMIT 10   [ RunTime:0.000395s ]
INFO: [ view_parse ] --START--
NOTIC: [8] Undefined variable: page D:\wamp\www\dream\home\Runtime\Cache\503f258d9d12eff4eadb5c0ebb8d8e6b.php 第 112 行.
NOTIC: [8] Undefined variable: link D:\wamp\www\dream\home\Runtime\Cache\503f258d9d12eff4eadb5c0ebb8d8e6b.php 第 127 行.
NOTIC: [8] Undefined variable: footnav D:\wamp\www\dream\home\Runtime\Cache\503f258d9d12eff4eadb5c0ebb8d8e6b.php 第 134 行.
INFO: ParseTemplate Behavior ::run [ RunTime:0.015705s ]
INFO: [ view_parse ] --END-- [ RunTime:0.015835s ]
INFO: [ view_filter ] --START--
INFO: ContentReplace Behavior ::run [ RunTime:0.000706s ]
INFO: TokenBuild Behavior ::run [ RunTime:0.000747s ]
INFO: WriteHtmlCache Behavior ::run [ RunTime:0.000944s ]
INFO: ShowRuntime Behavior ::run [ RunTime:0.001339s ]
INFO: [ view_filter ] --END-- [ RunTime:0.004211s ]
INFO: [ view_end ] --START--
INFO: ShowPageTrace Behavior ::run [ RunTime:0.001389s ]
INFO: [ view_end ] --END-- [ RunTime:0.001709s ]

[ 2014-04-17T16:30:20+08:00 ] 0.0.0.0 /dream/index.php/Produce
INFO: [ route_check ] --START--
INFO: CheckRoute Behavior ::run [ RunTime:0.000993s ]
INFO: [ route_check ] --END-- [ RunTime:0.001149s ]
INFO: [ app_begin ] --START--
INFO: ReadHtmlCache Behavior ::run [ RunTime:0.000812s ]
INFO: [ app_begin ] --END-- [ RunTime:0.000949s ]
NOTIC: [2048] Declaration of ProduceAction::show() should be compatible with Action::show($content, $charset = '', $contentType = '', $prefix = '') D:\wamp\www\dream\home\Lib\Action\ProduceAction.class.php 第 2 行.
SQL: SHOW COLUMNS FROM `category` [ RunTime:0.007539s ]
SQL: SELECT * FROM `category` ORDER BY id  [ RunTime:0.000826s ]
SQL: SHOW COLUMNS FROM `config` [ RunTime:0.005199s ]
SQL: SELECT `varname`,`value` FROM `config`  [ RunTime:0.000385s ]
SQL: SELECT * FROM `category` WHERE ( `module` = 'Produce' )  [ RunTime:0.000459s ]
SQL: SHOW COLUMNS FROM `produce` [ RunTime:0.004844s ]
NOTIC: [8] Undefined index: cid D:\wamp\www\dream\home\Lib\Action\ProduceAction.class.php 第 9 行.
SQL: SELECT * FROM `produce` ORDER BY id LIMIT 10   [ RunTime:0.000438s ]
INFO: [ view_parse ] --START--
NOTIC: [8] Undefined variable: page D:\wamp\www\dream\home\Runtime\Cache\503f258d9d12eff4eadb5c0ebb8d8e6b.php 第 112 行.
NOTIC: [8] Undefined variable: link D:\wamp\www\dream\home\Runtime\Cache\503f258d9d12eff4eadb5c0ebb8d8e6b.php 第 127 行.
NOTIC: [8] Undefined variable: footnav D:\wamp\www\dream\home\Runtime\Cache\503f258d9d12eff4eadb5c0ebb8d8e6b.php 第 134 行.
INFO: ParseTemplate Behavior ::run [ RunTime:0.016595s ]
INFO: [ view_parse ] --END-- [ RunTime:0.016729s ]
INFO: [ view_filter ] --START--
INFO: ContentReplace Behavior ::run [ RunTime:0.000745s ]
INFO: TokenBuild Behavior ::run [ RunTime:0.000636s ]
INFO: WriteHtmlCache Behavior ::run [ RunTime:0.000668s ]
INFO: ShowRuntime Behavior ::run [ RunTime:0.000760s ]
INFO: [ view_filter ] --END-- [ RunTime:0.003147s ]
INFO: [ view_end ] --START--
INFO: ShowPageTrace Behavior ::run [ RunTime:0.000808s ]
INFO: [ view_end ] --END-- [ RunTime:0.000935s ]

[ 2014-04-17T16:30:21+08:00 ] 0.0.0.0 /dream/index.php/Produce
INFO: [ route_check ] --START--
INFO: CheckRoute Behavior ::run [ RunTime:0.000985s ]
INFO: [ route_check ] --END-- [ RunTime:0.001135s ]
INFO: [ app_begin ] --START--
INFO: ReadHtmlCache Behavior ::run [ RunTime:0.000820s ]
INFO: [ app_begin ] --END-- [ RunTime:0.000957s ]
NOTIC: [2048] Declaration of ProduceAction::show() should be compatible with Action::show($content, $charset = '', $contentType = '', $prefix = '') D:\wamp\www\dream\home\Lib\Action\ProduceAction.class.php 第 2 行.
SQL: SHOW COLUMNS FROM `category` [ RunTime:0.006498s ]
SQL: SELECT * FROM `category` ORDER BY id  [ RunTime:0.000668s ]
SQL: SHOW COLUMNS FROM `config` [ RunTime:0.004985s ]
SQL: SELECT `varname`,`value` FROM `config`  [ RunTime:0.000438s ]
SQL: SELECT * FROM `category` WHERE ( `module` = 'Produce' )  [ RunTime:0.000687s ]
SQL: SHOW COLUMNS FROM `produce` [ RunTime:0.006193s ]
NOTIC: [8] Undefined index: cid D:\wamp\www\dream\home\Lib\Action\ProduceAction.class.php 第 9 行.
SQL: SELECT * FROM `produce` ORDER BY id LIMIT 10   [ RunTime:0.000573s ]
INFO: [ view_parse ] --START--
NOTIC: [8] Undefined variable: page D:\wamp\www\dream\home\Runtime\Cache\503f258d9d12eff4eadb5c0ebb8d8e6b.php 第 112 行.
NOTIC: [8] Undefined variable: link D:\wamp\www\dream\home\Runtime\Cache\503f258d9d12eff4eadb5c0ebb8d8e6b.php 第 127 行.
NOTIC: [8] Undefined variable: footnav D:\wamp\www\dream\home\Runtime\Cache\503f258d9d12eff4eadb5c0ebb8d8e6b.php 第 134 行.
INFO: ParseTemplate Behavior ::run [ RunTime:0.016385s ]
INFO: [ view_parse ] --END-- [ RunTime:0.016521s ]
INFO: [ view_filter ] --START--
INFO: ContentReplace Behavior ::run [ RunTime:0.000688s ]
INFO: TokenBuild Behavior ::run [ RunTime:0.000632s ]
INFO: WriteHtmlCache Behavior ::run [ RunTime:0.000482s ]
INFO: ShowRuntime Behavior ::run [ RunTime:0.000711s ]
INFO: [ view_filter ] --END-- [ RunTime:0.002838s ]
INFO: [ view_end ] --START--
INFO: ShowPageTrace Behavior ::run [ RunTime:0.000762s ]
INFO: [ view_end ] --END-- [ RunTime:0.000880s ]

[ 2014-04-17T16:30:21+08:00 ] 0.0.0.0 /dream/index.php/Page
INFO: [ route_check ] --START--
INFO: CheckRoute Behavior ::run [ RunTime:0.000871s ]
INFO: [ route_check ] --END-- [ RunTime:0.001011s ]
INFO: [ app_begin ] --START--
INFO: ReadHtmlCache Behavior ::run [ RunTime:0.000930s ]
INFO: [ app_begin ] --END-- [ RunTime:0.001077s ]
ERR: 无法加载模块:Page

[ 2014-04-17T16:31:51+08:00 ] 0.0.0.0 /dream/index.php/Produce/show/id/12
INFO: [ route_check ] --START--
INFO: CheckRoute Behavior ::run [ RunTime:0.001280s ]
INFO: [ route_check ] --END-- [ RunTime:0.001462s ]
INFO: [ app_begin ] --START--
INFO: ReadHtmlCache Behavior ::run [ RunTime:0.000796s ]
INFO: [ app_begin ] --END-- [ RunTime:0.000930s ]
NOTIC: [2048] Declaration of ProduceAction::show() should be compatible with Action::show($content, $charset = '', $contentType = '', $prefix = '') D:\wamp\www\dream\home\Lib\Action\ProduceAction.class.php 第 2 行.
SQL: SHOW COLUMNS FROM `category` [ RunTime:0.008823s ]
SQL: SELECT * FROM `category` ORDER BY id  [ RunTime:0.000820s ]
SQL: SHOW COLUMNS FROM `config` [ RunTime:0.006606s ]
SQL: SELECT `varname`,`value` FROM `config`  [ RunTime:0.000393s ]
NOTIC: [8] Undefined variable: cat_list D:\wamp\www\dream\home\Lib\Action\ProduceAction.class.php 第 26 行.
SQL: SHOW COLUMNS FROM `produce` [ RunTime:0.007361s ]
SQL: SELECT * FROM `produce` WHERE ( id=12 ) LIMIT 1   [ RunTime:0.000467s ]
INFO: [ view_parse ] --START--
NOTIC: [8] Undefined variable: link D:\wamp\www\dream\home\Runtime\Cache\6e3b343174a7b2f9a63754962870da45.php 第 189 行.
NOTIC: [8] Undefined variable: footnav D:\wamp\www\dream\home\Runtime\Cache\6e3b343174a7b2f9a63754962870da45.php 第 196 行.
INFO: ParseTemplate Behavior ::run [ RunTime:0.046345s ]
INFO: [ view_parse ] --END-- [ RunTime:0.046605s ]
INFO: [ view_filter ] --START--
INFO: ContentReplace Behavior ::run [ RunTime:0.001124s ]
INFO: TokenBuild Behavior ::run [ RunTime:0.001109s ]
INFO: WriteHtmlCache Behavior ::run [ RunTime:0.000825s ]
INFO: ShowRuntime Behavior ::run [ RunTime:0.001316s ]
INFO: [ view_filter ] --END-- [ RunTime:0.005032s ]
INFO: [ view_end ] --START--
INFO: ShowPageTrace Behavior ::run [ RunTime:0.001331s ]
INFO: [ view_end ] --END-- [ RunTime:0.001567s ]

[ 2014-04-17T16:31:54+08:00 ] 0.0.0.0 /dream/index.php/Article
INFO: [ route_check ] --START--
INFO: CheckRoute Behavior ::run [ RunTime:0.000866s ]
INFO: [ route_check ] --END-- [ RunTime:0.001004s ]
INFO: [ app_begin ] --START--
INFO: ReadHtmlCache Behavior ::run [ RunTime:0.000875s ]
INFO: [ app_begin ] --END-- [ RunTime:0.001060s ]
NOTIC: [2048] Declaration of ArticleAction::show() should be compatible with Action::show($content, $charset = '', $contentType = '', $prefix = '') D:\wamp\www\dream\home\Lib\Action\ArticleAction.class.php 第 2 行.
SQL: SHOW COLUMNS FROM `category` [ RunTime:0.006665s ]
SQL: SELECT * FROM `category` ORDER BY id  [ RunTime:0.000647s ]
SQL: SHOW COLUMNS FROM `config` [ RunTime:0.004839s ]
SQL: SELECT `varname`,`value` FROM `config`  [ RunTime:0.000405s ]
SQL: SHOW COLUMNS FROM `article` [ RunTime:0.006212s ]
SQL: SELECT `id`,`title` FROM `article` ORDER BY id LIMIT 10   [ RunTime:0.000313s ]
INFO: [ view_parse ] --START--
NOTIC: [8] Undefined variable: footnav D:\wamp\www\dream\home\Runtime\Cache\610ca9348546c70715a42fb25d3852b8.php 第 98 行.
INFO: ParseTemplate Behavior ::run [ RunTime:0.012659s ]
INFO: [ view_parse ] --END-- [ RunTime:0.012789s ]
INFO: [ view_filter ] --START--
INFO: ContentReplace Behavior ::run [ RunTime:0.000643s ]
INFO: TokenBuild Behavior ::run [ RunTime:0.000624s ]
INFO: WriteHtmlCache Behavior ::run [ RunTime:0.000483s ]
INFO: ShowRuntime Behavior ::run [ RunTime:0.000713s ]
INFO: [ view_filter ] --END-- [ RunTime:0.002792s ]
INFO: [ view_end ] --START--
INFO: ShowPageTrace Behavior ::run [ RunTime:0.000701s ]
INFO: [ view_end ] --END-- [ RunTime:0.000819s ]

[ 2014-04-17T16:31:55+08:00 ] 0.0.0.0 /dream/index.php/Article/show/id/12
INFO: [ route_check ] --START--
INFO: CheckRoute Behavior ::run [ RunTime:0.001496s ]
INFO: [ route_check ] --END-- [ RunTime:0.001759s ]
INFO: [ app_begin ] --START--
INFO: ReadHtmlCache Behavior ::run [ RunTime:0.000831s ]
INFO: [ app_begin ] --END-- [ RunTime:0.000987s ]
NOTIC: [2048] Declaration of ArticleAction::show() should be compatible with Action::show($content, $charset = '', $contentType = '', $prefix = '') D:\wamp\www\dream\home\Lib\Action\ArticleAction.class.php 第 2 行.
SQL: SHOW COLUMNS FROM `category` [ RunTime:0.007796s ]
SQL: SELECT * FROM `category` ORDER BY id  [ RunTime:0.000639s ]
SQL: SHOW COLUMNS FROM `config` [ RunTime:0.005007s ]
SQL: SELECT `varname`,`value` FROM `config`  [ RunTime:0.000302s ]
SQL: SHOW COLUMNS FROM `article` [ RunTime:0.005415s ]
SQL: SELECT * FROM `article` WHERE ( id=12 ) LIMIT 1   [ RunTime:0.000391s ]
INFO: [ view_parse ] --START--
NOTIC: [8] Undefined variable: pcat D:\wamp\www\dream\home\Runtime\Cache\c829012322b7d58ff4a07275a2569e93.php 第 117 行.
NOTIC: [8] Undefined index: name D:\wamp\www\dream\home\Runtime\Cache\c829012322b7d58ff4a07275a2569e93.php 第 160 行.
NOTIC: [8] Undefined index: info D:\wamp\www\dream\home\Runtime\Cache\c829012322b7d58ff4a07275a2569e93.php 第 172 行.
NOTIC: [8] Undefined variable: link D:\wamp\www\dream\home\Runtime\Cache\c829012322b7d58ff4a07275a2569e93.php 第 189 行.
NOTIC: [8] Undefined variable: footnav D:\wamp\www\dream\home\Runtime\Cache\c829012322b7d58ff4a07275a2569e93.php 第 196 行.
INFO: ParseTemplate Behavior ::run [ RunTime:0.025390s ]
INFO: [ view_parse ] --END-- [ RunTime:0.025526s ]
INFO: [ view_filter ] --START--
INFO: ContentReplace Behavior ::run [ RunTime:0.000649s ]
INFO: TokenBuild Behavior ::run [ RunTime:0.000630s ]
INFO: WriteHtmlCache Behavior ::run [ RunTime:0.000502s ]
INFO: ShowRuntime Behavior ::run [ RunTime:0.000799s ]
INFO: [ view_filter ] --END-- [ RunTime:0.002967s ]
INFO: [ view_end ] --START--
INFO: ShowPageTrace Behavior ::run [ RunTime:0.000832s ]
INFO: [ view_end ] --END-- [ RunTime:0.000978s ]

[ 2014-04-17T16:52:02+08:00 ] 0.0.0.0 /dream/index.php/Produce
INFO: [ route_check ] --START--
INFO: CheckRoute Behavior ::run [ RunTime:0.001361s ]
INFO: [ route_check ] --END-- [ RunTime:0.001538s ]
INFO: [ app_begin ] --START--
INFO: ReadHtmlCache Behavior ::run [ RunTime:0.001109s ]
INFO: [ app_begin ] --END-- [ RunTime:0.001234s ]
NOTIC: [2048] Declaration of ProduceAction::show() should be compatible with Action::show($content, $charset = '', $contentType = '', $prefix = '') D:\wamp\www\dream\home\Lib\Action\ProduceAction.class.php 第 2 行.
SQL: SHOW COLUMNS FROM `category` [ RunTime:0.018220s ]
SQL: SELECT * FROM `category` ORDER BY id  [ RunTime:0.000665s ]
SQL: SHOW COLUMNS FROM `config` [ RunTime:0.004931s ]
SQL: SELECT `varname`,`value` FROM `config`  [ RunTime:0.000298s ]
SQL: SELECT * FROM `category` WHERE ( `module` = 'Produce' )  [ RunTime:0.000332s ]
SQL: SHOW COLUMNS FROM `produce` [ RunTime:0.005077s ]
NOTIC: [8] Undefined index: cid D:\wamp\www\dream\home\Lib\Action\ProduceAction.class.php 第 9 行.
SQL: SELECT * FROM `produce` ORDER BY id LIMIT 10   [ RunTime:0.000395s ]
INFO: [ view_parse ] --START--
NOTIC: [8] Undefined variable: page D:\wamp\www\dream\home\Runtime\Cache\503f258d9d12eff4eadb5c0ebb8d8e6b.php 第 112 行.
NOTIC: [8] Undefined variable: link D:\wamp\www\dream\home\Runtime\Cache\503f258d9d12eff4eadb5c0ebb8d8e6b.php 第 127 行.
NOTIC: [8] Undefined variable: footnav D:\wamp\www\dream\home\Runtime\Cache\503f258d9d12eff4eadb5c0ebb8d8e6b.php 第 134 行.
INFO: ParseTemplate Behavior ::run [ RunTime:0.016052s ]
INFO: [ view_parse ] --END-- [ RunTime:0.016192s ]
INFO: [ view_filter ] --START--
INFO: ContentReplace Behavior ::run [ RunTime:0.001106s ]
INFO: TokenBuild Behavior ::run [ RunTime:0.001068s ]
INFO: WriteHtmlCache Behavior ::run [ RunTime:0.000801s ]
INFO: ShowRuntime Behavior ::run [ RunTime:0.001065s ]
INFO: [ view_filter ] --END-- [ RunTime:0.004415s ]
INFO: [ view_end ] --START--
INFO: ShowPageTrace Behavior ::run [ RunTime:0.001076s ]
INFO: [ view_end ] --END-- [ RunTime:0.001197s ]

[ 2014-04-17T16:52:03+08:00 ] 0.0.0.0 /dream/index.php/Produce
INFO: [ route_check ] --START--
INFO: CheckRoute Behavior ::run [ RunTime:0.001700s ]
INFO: [ route_check ] --END-- [ RunTime:0.001914s ]
INFO: [ app_begin ] --START--
INFO: ReadHtmlCache Behavior ::run [ RunTime:0.001690s ]
INFO: [ app_begin ] --END-- [ RunTime:0.001840s ]
NOTIC: [2048] Declaration of ProduceAction::show() should be compatible with Action::show($content, $charset = '', $contentType = '', $prefix = '') D:\wamp\www\dream\home\Lib\Action\ProduceAction.class.php 第 2 行.
SQL: SHOW COLUMNS FROM `category` [ RunTime:0.007998s ]
SQL: SELECT * FROM `category` ORDER BY id  [ RunTime:0.000664s ]
SQL: SHOW COLUMNS FROM `config` [ RunTime:0.005390s ]
SQL: SELECT `varname`,`value` FROM `config`  [ RunTime:0.000300s ]
SQL: SELECT * FROM `category` WHERE ( `module` = 'Produce' )  [ RunTime:0.000330s ]
SQL: SHOW COLUMNS FROM `produce` [ RunTime:0.004910s ]
NOTIC: [8] Undefined index: cid D:\wamp\www\dream\home\Lib\Action\ProduceAction.class.php 第 9 行.
SQL: SELECT * FROM `produce` ORDER BY id LIMIT 10   [ RunTime:0.000544s ]
INFO: [ view_parse ] --START--
NOTIC: [8] Undefined variable: page D:\wamp\www\dream\home\Runtime\Cache\503f258d9d12eff4eadb5c0ebb8d8e6b.php 第 112 行.
NOTIC: [8] Undefined variable: link D:\wamp\www\dream\home\Runtime\Cache\503f258d9d12eff4eadb5c0ebb8d8e6b.php 第 127 行.
NOTIC: [8] Undefined variable: footnav D:\wamp\www\dream\home\Runtime\Cache\503f258d9d12eff4eadb5c0ebb8d8e6b.php 第 134 行.
INFO: ParseTemplate Behavior ::run [ RunTime:0.016714s ]
INFO: [ view_parse ] --END-- [ RunTime:0.016863s ]
INFO: [ view_filter ] --START--
INFO: ContentReplace Behavior ::run [ RunTime:0.001080s ]
INFO: TokenBuild Behavior ::run [ RunTime:0.001110s ]
INFO: WriteHtmlCache Behavior ::run [ RunTime:0.000892s ]
INFO: ShowRuntime Behavior ::run [ RunTime:0.001077s ]
INFO: [ view_filter ] --END-- [ RunTime:0.004537s ]
INFO: [ view_end ] --START--
INFO: ShowPageTrace Behavior ::run [ RunTime:0.001102s ]
INFO: [ view_end ] --END-- [ RunTime:0.001223s ]

[ 2014-04-17T16:52:04+08:00 ] 0.0.0.0 /dream/index.php/Produce
INFO: [ route_check ] --START--
INFO: CheckRoute Behavior ::run [ RunTime:0.001243s ]
INFO: [ route_check ] --END-- [ RunTime:0.001387s ]
INFO: [ app_begin ] --START--
INFO: ReadHtmlCache Behavior ::run [ RunTime:0.001188s ]
INFO: [ app_begin ] --END-- [ RunTime:0.001345s ]
NOTIC: [2048] Declaration of ProduceAction::show() should be compatible with Action::show($content, $charset = '', $contentType = '', $prefix = '') D:\wamp\www\dream\home\Lib\Action\ProduceAction.class.php 第 2 行.
SQL: SHOW COLUMNS FROM `category` [ RunTime:0.049865s ]
SQL: SELECT * FROM `category` ORDER BY id  [ RunTime:0.001224s ]
SQL: SHOW COLUMNS FROM `config` [ RunTime:0.010448s ]
SQL: SELECT `varname`,`value` FROM `config`  [ RunTime:0.000520s ]
SQL: SELECT * FROM `category` WHERE ( `module` = 'Produce' )  [ RunTime:0.000609s ]
SQL: SHOW COLUMNS FROM `produce` [ RunTime:0.006247s ]
NOTIC: [8] Undefined index: cid D:\wamp\www\dream\home\Lib\Action\ProduceAction.class.php 第 9 行.
SQL: SELECT * FROM `produce` ORDER BY id LIMIT 10   [ RunTime:0.000471s ]
INFO: [ view_parse ] --START--
NOTIC: [8] Undefined variable: page D:\wamp\www\dream\home\Runtime\Cache\503f258d9d12eff4eadb5c0ebb8d8e6b.php 第 112 行.
NOTIC: [8] Undefined variable: link D:\wamp\www\dream\home\Runtime\Cache\503f258d9d12eff4eadb5c0ebb8d8e6b.php 第 127 行.
NOTIC: [8] Undefined variable: footnav D:\wamp\www\dream\home\Runtime\Cache\503f258d9d12eff4eadb5c0ebb8d8e6b.php 第 134 行.
INFO: ParseTemplate Behavior ::run [ RunTime:0.021077s ]
INFO: [ view_parse ] --END-- [ RunTime:0.021250s ]
INFO: [ view_filter ] --START--
INFO: ContentReplace Behavior ::run [ RunTime:0.001235s ]
INFO: TokenBuild Behavior ::run [ RunTime:0.001004s ]
INFO: WriteHtmlCache Behavior ::run [ RunTime:0.000811s ]
INFO: ShowRuntime Behavior ::run [ RunTime:0.001050s ]
INFO: [ view_filter ] --END-- [ RunTime:0.004462s ]
INFO: [ view_end ] --START--
INFO: ShowPageTrace Behavior ::run [ RunTime:0.001083s ]
INFO: [ view_end ] --END-- [ RunTime:0.001203s ]

[ 2014-04-17T16:52:12+08:00 ] 0.0.0.0 /dream/index.php/admin
INFO: [ route_check ] --START--
INFO: CheckRoute Behavior ::run [ RunTime:0.001148s ]
INFO: [ route_check ] --END-- [ RunTime:0.001299s ]
INFO: [ app_begin ] --START--
INFO: ReadHtmlCache Behavior ::run [ RunTime:0.000762s ]
INFO: [ app_begin ] --END-- [ RunTime:0.000892s ]
ERR: 无法加载模块:admin

