[ 2014-03-27T09:15:25+08:00 ] 0.0.0.0 /dream/
INFO: [ app_begin ] --START--
INFO: ReadHtmlCache Behavior ::run [ RunTime:0.002786s ]
INFO: [ app_begin ] --END-- [ RunTime:0.003095s ]
SQL: SHOW COLUMNS FROM `category` [ RunTime:0.004091s ]
SQL: SELECT * FROM `category` ORDER BY id  [ RunTime:0.000833s ]
SQL: SHOW COLUMNS FROM `config` [ RunTime:0.003805s ]
SQL: SELECT `varname`,`value` FROM `config`  [ RunTime:0.000406s ]
SQL: SHOW COLUMNS FROM `article` [ RunTime:0.004034s ]
SQL: SELECT * FROM `article` ORDER BY id LIMIT 10   [ RunTime:0.000452s ]
SQL: SHOW COLUMNS FROM `rotate` [ RunTime:0.003360s ]
SQL: SELECT * FROM `rotate` ORDER BY sort desc,id desc  [ RunTime:0.000492s ]
SQL: SHOW COLUMNS FROM `produce` [ RunTime:0.003522s ]
SQL: SELECT `id`,`name`,`img` FROM `produce` WHERE ( is_show=1 )  [ RunTime:0.000439s ]
INFO: [ view_parse ] --START--
NOTIC: [8] Undefined variable: new2 D:\wamp\www\dream\home\Runtime\Cache\d046431aa157c89f3a1c30c426be003b.php 第 130 行.
NOTIC: [8] Undefined index: user D:\wamp\www\dream\home\Runtime\Cache\d046431aa157c89f3a1c30c426be003b.php 第 155 行.
NOTIC: [8] Undefined variable: footnav D:\wamp\www\dream\home\Runtime\Cache\d046431aa157c89f3a1c30c426be003b.php 第 226 行.
INFO: ParseTemplate Behavior ::run [ RunTime:0.110922s ]
INFO: [ view_parse ] --END-- [ RunTime:0.111078s ]
INFO: [ view_filter ] --START--
INFO: ContentReplace Behavior ::run [ RunTime:0.000953s ]
INFO: TokenBuild Behavior ::run [ RunTime:0.000901s ]
INFO: WriteHtmlCache Behavior ::run [ RunTime:0.000651s ]
INFO: ShowRuntime Behavior ::run [ RunTime:0.000863s ]
INFO: [ view_filter ] --END-- [ RunTime:0.003729s ]
INFO: [ view_end ] --START--
INFO: ShowPageTrace Behavior ::run [ RunTime:0.000795s ]
INFO: [ view_end ] --END-- [ RunTime:0.000929s ]

[ 2014-03-27T09:15:25+08:00 ] 0.0.0.0 /dream/index.php/Index/verify/
INFO: [ route_check ] --START--
INFO: CheckRoute Behavior ::run [ RunTime:0.000964s ]
INFO: [ route_check ] --END-- [ RunTime:0.001115s ]
INFO: [ app_begin ] --START--
INFO: ReadHtmlCache Behavior ::run [ RunTime:0.000815s ]
INFO: [ app_begin ] --END-- [ RunTime:0.000948s ]
SQL: SHOW COLUMNS FROM `category` [ RunTime:0.004776s ]
SQL: SELECT * FROM `category` ORDER BY id  [ RunTime:0.000677s ]
SQL: SHOW COLUMNS FROM `config` [ RunTime:0.002881s ]
SQL: SELECT `varname`,`value` FROM `config`  [ RunTime:0.000343s ]

[ 2014-03-27T13:25:37+08:00 ] 0.0.0.0 /dream/
INFO: [ app_begin ] --START--
INFO: ReadHtmlCache Behavior ::run [ RunTime:0.002754s ]
INFO: [ app_begin ] --END-- [ RunTime:0.003059s ]
SQL: SHOW COLUMNS FROM `category` [ RunTime:0.010530s ]
SQL: SELECT * FROM `category` ORDER BY id  [ RunTime:0.001041s ]
SQL: SHOW COLUMNS FROM `config` [ RunTime:0.005234s ]
SQL: SELECT `varname`,`value` FROM `config`  [ RunTime:0.000512s ]
SQL: SHOW COLUMNS FROM `article` [ RunTime:0.005858s ]
SQL: SELECT * FROM `article` ORDER BY id LIMIT 10   [ RunTime:0.000563s ]
SQL: SHOW COLUMNS FROM `rotate` [ RunTime:0.007496s ]
SQL: SELECT * FROM `rotate` ORDER BY sort desc,id desc  [ RunTime:0.000415s ]
SQL: SHOW COLUMNS FROM `produce` [ RunTime:0.005247s ]
SQL: SELECT `id`,`name`,`img` FROM `produce` WHERE ( is_show=1 )  [ RunTime:0.027799s ]
INFO: [ view_parse ] --START--
NOTIC: [8] Undefined variable: new2 D:\wamp\www\dream\home\Runtime\Cache\d046431aa157c89f3a1c30c426be003b.php 第 130 行.
NOTIC: [8] Undefined index: user D:\wamp\www\dream\home\Runtime\Cache\d046431aa157c89f3a1c30c426be003b.php 第 155 行.
NOTIC: [8] Undefined variable: footnav D:\wamp\www\dream\home\Runtime\Cache\d046431aa157c89f3a1c30c426be003b.php 第 226 行.
INFO: ParseTemplate Behavior ::run [ RunTime:0.077596s ]
INFO: [ view_parse ] --END-- [ RunTime:0.077817s ]
INFO: [ view_filter ] --START--
INFO: ContentReplace Behavior ::run [ RunTime:0.002021s ]
INFO: TokenBuild Behavior ::run [ RunTime:0.001855s ]
INFO: WriteHtmlCache Behavior ::run [ RunTime:0.001522s ]
INFO: ShowRuntime Behavior ::run [ RunTime:0.002071s ]
INFO: [ view_filter ] --END-- [ RunTime:0.008222s ]
INFO: [ view_end ] --START--
INFO: ShowPageTrace Behavior ::run [ RunTime:0.021312s ]
INFO: [ view_end ] --END-- [ RunTime:0.021529s ]

[ 2014-03-27T13:25:37+08:00 ] 0.0.0.0 /dream/index.php/Index/verify/
INFO: [ route_check ] --START--
INFO: CheckRoute Behavior ::run [ RunTime:0.020748s ]
INFO: [ route_check ] --END-- [ RunTime:0.020974s ]
INFO: [ app_begin ] --START--
INFO: ReadHtmlCache Behavior ::run [ RunTime:0.001626s ]
INFO: [ app_begin ] --END-- [ RunTime:0.001835s ]
SQL: SHOW COLUMNS FROM `category` [ RunTime:0.003090s ]
SQL: SELECT * FROM `category` ORDER BY id  [ RunTime:0.000546s ]
SQL: SHOW COLUMNS FROM `config` [ RunTime:0.002571s ]
SQL: SELECT `varname`,`value` FROM `config`  [ RunTime:0.000248s ]

