[ 2014-05-06T15:36:13+08:00 ] 0.0.0.0 /dream/
INFO: [ app_begin ] --START--
INFO: ReadHtmlCache Behavior ::run [ RunTime:0.003353s ]
INFO: [ app_begin ] --END-- [ RunTime:0.003513s ]
SQL: SHOW COLUMNS FROM `category` [ RunTime:0.034124s ]
SQL: SELECT * FROM `category` ORDER BY id  [ RunTime:0.000797s ]
SQL: SHOW COLUMNS FROM `config` [ RunTime:0.020702s ]
SQL: SELECT `varname`,`value` FROM `config`  [ RunTime:0.000361s ]
SQL: SHOW COLUMNS FROM `article` [ RunTime:0.041699s ]
SQL: SELECT * FROM `article` ORDER BY id LIMIT 10   [ RunTime:0.000418s ]
SQL: SHOW COLUMNS FROM `rotate` [ RunTime:0.019604s ]
SQL: SELECT * FROM `rotate` ORDER BY sort desc,id desc  [ RunTime:0.000335s ]
SQL: SHOW COLUMNS FROM `produce` [ RunTime:0.028644s ]
SQL: SELECT `id`,`name`,`img` FROM `produce` WHERE ( is_show=1 )  [ RunTime:0.000341s ]
INFO: [ view_parse ] --START--
NOTIC: [8] Undefined variable: new2 D:\wamp\www\dream\home\Runtime\Cache\d046431aa157c89f3a1c30c426be003b.php 第 127 行.
NOTIC: [8] Undefined index: user D:\wamp\www\dream\home\Runtime\Cache\d046431aa157c89f3a1c30c426be003b.php 第 152 行.
NOTIC: [8] Undefined variable: footnav D:\wamp\www\dream\home\Runtime\Cache\d046431aa157c89f3a1c30c426be003b.php 第 223 行.
INFO: ParseTemplate Behavior ::run [ RunTime:0.182737s ]
INFO: [ view_parse ] --END-- [ RunTime:0.182896s ]
INFO: [ view_filter ] --START--
INFO: ContentReplace Behavior ::run [ RunTime:0.005703s ]
INFO: TokenBuild Behavior ::run [ RunTime:0.005534s ]
INFO: WriteHtmlCache Behavior ::run [ RunTime:0.004836s ]
INFO: ShowRuntime Behavior ::run [ RunTime:0.001981s ]
INFO: [ view_filter ] --END-- [ RunTime:0.018515s ]
INFO: [ view_end ] --START--
INFO: ShowPageTrace Behavior ::run [ RunTime:0.017259s ]
INFO: [ view_end ] --END-- [ RunTime:0.017411s ]

[ 2014-05-06T15:36:13+08:00 ] 0.0.0.0 /dream/index.php/Index/verify/
INFO: [ route_check ] --START--
INFO: CheckRoute Behavior ::run [ RunTime:0.019980s ]
INFO: [ route_check ] --END-- [ RunTime:0.020198s ]
INFO: [ app_begin ] --START--
INFO: ReadHtmlCache Behavior ::run [ RunTime:0.001311s ]
INFO: [ app_begin ] --END-- [ RunTime:0.001484s ]
SQL: SHOW COLUMNS FROM `category` [ RunTime:0.009495s ]
SQL: SELECT * FROM `category` ORDER BY id  [ RunTime:0.000722s ]
SQL: SHOW COLUMNS FROM `config` [ RunTime:0.007902s ]
SQL: SELECT `varname`,`value` FROM `config`  [ RunTime:0.000504s ]

