[ 2014-04-04T14:39:45+08:00 ] 0.0.0.0 /dream/
INFO: [ app_begin ] --START--
INFO: ReadHtmlCache Behavior ::run [ RunTime:0.007361s ]
INFO: [ app_begin ] --END-- [ RunTime:0.007526s ]
SQL: SHOW COLUMNS FROM `category` [ RunTime:0.015493s ]
SQL: SELECT * FROM `category` ORDER BY id  [ RunTime:0.001257s ]
SQL: SHOW COLUMNS FROM `config` [ RunTime:0.021575s ]
SQL: SELECT `varname`,`value` FROM `config`  [ RunTime:0.000362s ]
SQL: SHOW COLUMNS FROM `article` [ RunTime:0.006586s ]
SQL: SELECT * FROM `article` ORDER BY id LIMIT 10   [ RunTime:0.000422s ]
SQL: SHOW COLUMNS FROM `rotate` [ RunTime:0.006511s ]
SQL: SELECT * FROM `rotate` ORDER BY sort desc,id desc  [ RunTime:0.000344s ]
SQL: SHOW COLUMNS FROM `produce` [ RunTime:0.006672s ]
SQL: SELECT `id`,`name`,`img` FROM `produce` WHERE ( is_show=1 )  [ RunTime:0.000315s ]
INFO: [ view_parse ] --START--
NOTIC: [8] Undefined variable: new2 D:\wamp\www\dream\home\Runtime\Cache\d046431aa157c89f3a1c30c426be003b.php 第 130 行.
NOTIC: [8] Undefined index: user D:\wamp\www\dream\home\Runtime\Cache\d046431aa157c89f3a1c30c426be003b.php 第 155 行.
NOTIC: [8] Undefined variable: footnav D:\wamp\www\dream\home\Runtime\Cache\d046431aa157c89f3a1c30c426be003b.php 第 226 行.
INFO: ParseTemplate Behavior ::run [ RunTime:0.194576s ]
INFO: [ view_parse ] --END-- [ RunTime:0.194725s ]
INFO: [ view_filter ] --START--
INFO: ContentReplace Behavior ::run [ RunTime:0.004805s ]
INFO: TokenBuild Behavior ::run [ RunTime:0.004667s ]
INFO: WriteHtmlCache Behavior ::run [ RunTime:0.004279s ]
INFO: ShowRuntime Behavior ::run [ RunTime:0.005405s ]
INFO: [ view_filter ] --END-- [ RunTime:0.019541s ]
INFO: [ view_end ] --START--
INFO: ShowPageTrace Behavior ::run [ RunTime:0.004282s ]
INFO: [ view_end ] --END-- [ RunTime:0.004418s ]

[ 2014-04-04T14:39:46+08:00 ] 0.0.0.0 /dream/index.php/Index/verify/
INFO: [ route_check ] --START--
INFO: CheckRoute Behavior ::run [ RunTime:0.025462s ]
INFO: [ route_check ] --END-- [ RunTime:0.025729s ]
INFO: [ app_begin ] --START--
INFO: ReadHtmlCache Behavior ::run [ RunTime:0.011646s ]
INFO: [ app_begin ] --END-- [ RunTime:0.012111s ]
SQL: SHOW COLUMNS FROM `category` [ RunTime:0.007873s ]
SQL: SELECT * FROM `category` ORDER BY id  [ RunTime:0.001176s ]
SQL: SHOW COLUMNS FROM `config` [ RunTime:0.003650s ]
SQL: SELECT `varname`,`value` FROM `config`  [ RunTime:0.000485s ]

