[ 2014-04-24T14:49:53+08:00 ] 0.0.0.0 /dream/
INFO: [ app_begin ] --START--
INFO: ReadHtmlCache Behavior ::run [ RunTime:0.008365s ]
INFO: [ app_begin ] --END-- [ RunTime:0.008546s ]
SQL: SHOW COLUMNS FROM `category` [ RunTime:0.078087s ]
SQL: SELECT * FROM `category` ORDER BY id  [ RunTime:0.000656s ]
SQL: SHOW COLUMNS FROM `config` [ RunTime:0.040403s ]
SQL: SELECT `varname`,`value` FROM `config`  [ RunTime:0.000385s ]
SQL: SHOW COLUMNS FROM `article` [ RunTime:0.044922s ]
SQL: SELECT * FROM `article` ORDER BY id LIMIT 10   [ RunTime:0.000385s ]
SQL: SHOW COLUMNS FROM `rotate` [ RunTime:0.038064s ]
SQL: SELECT * FROM `rotate` ORDER BY sort desc,id desc  [ RunTime:0.000392s ]
SQL: SHOW COLUMNS FROM `produce` [ RunTime:0.027981s ]
SQL: SELECT `id`,`name`,`img` FROM `produce` WHERE ( is_show=1 )  [ RunTime:0.000392s ]
INFO: [ view_parse ] --START--
NOTIC: [8] Undefined variable: new2 D:\wamp\www\dream\home\Runtime\Cache\d046431aa157c89f3a1c30c426be003b.php 第 127 行.
NOTIC: [8] Undefined index: user D:\wamp\www\dream\home\Runtime\Cache\d046431aa157c89f3a1c30c426be003b.php 第 152 行.
NOTIC: [8] Undefined variable: footnav D:\wamp\www\dream\home\Runtime\Cache\d046431aa157c89f3a1c30c426be003b.php 第 223 行.
INFO: ParseTemplate Behavior ::run [ RunTime:0.653738s ]
INFO: [ view_parse ] --END-- [ RunTime:0.653889s ]
INFO: [ view_filter ] --START--
INFO: ContentReplace Behavior ::run [ RunTime:0.005512s ]
INFO: TokenBuild Behavior ::run [ RunTime:0.006548s ]
INFO: WriteHtmlCache Behavior ::run [ RunTime:0.004945s ]
INFO: ShowRuntime Behavior ::run [ RunTime:0.006712s ]
INFO: [ view_filter ] --END-- [ RunTime:0.024154s ]
INFO: [ view_end ] --START--
INFO: ShowPageTrace Behavior ::run [ RunTime:0.005843s ]
INFO: [ view_end ] --END-- [ RunTime:0.005985s ]

[ 2014-04-24T14:49:53+08:00 ] 0.0.0.0 /dream/index.php/Index/verify/
INFO: [ route_check ] --START--
INFO: CheckRoute Behavior ::run [ RunTime:0.031573s ]
INFO: [ route_check ] --END-- [ RunTime:0.031839s ]
INFO: [ app_begin ] --START--
INFO: ReadHtmlCache Behavior ::run [ RunTime:0.003121s ]
INFO: [ app_begin ] --END-- [ RunTime:0.003412s ]
SQL: SHOW COLUMNS FROM `category` [ RunTime:0.011560s ]
SQL: SELECT * FROM `category` ORDER BY id  [ RunTime:0.001023s ]
SQL: SHOW COLUMNS FROM `config` [ RunTime:0.007489s ]
SQL: SELECT `varname`,`value` FROM `config`  [ RunTime:0.000306s ]

