[ 2014-05-27T16:37:21+08:00 ] 0.0.0.0 /dream/
INFO: [ app_begin ] --START--
INFO: ReadHtmlCache Behavior ::run [ RunTime:0.027168s ]
INFO: [ app_begin ] --END-- [ RunTime:0.051330s ]
SQL: SHOW COLUMNS FROM `category` [ RunTime:0.054935s ]
SQL: SELECT * FROM `category` ORDER BY id  [ RunTime:0.001097s ]
SQL: SHOW COLUMNS FROM `config` [ RunTime:0.359138s ]
SQL: SELECT `varname`,`value` FROM `config`  [ RunTime:0.000376s ]
SQL: SHOW COLUMNS FROM `article` [ RunTime:0.064436s ]
SQL: SELECT * FROM `article` ORDER BY id LIMIT 10   [ RunTime:0.000411s ]
SQL: SHOW COLUMNS FROM `rotate` [ RunTime:0.038832s ]
SQL: SELECT * FROM `rotate` ORDER BY sort desc,id desc  [ RunTime:0.000369s ]
SQL: SHOW COLUMNS FROM `produce` [ RunTime:0.028095s ]
SQL: SELECT `id`,`name`,`img` FROM `produce` WHERE ( is_show=1 )  [ RunTime:0.000362s ]
INFO: [ view_parse ] --START--
NOTIC: [8] Undefined variable: new2 D:\wamp\www\dream\home\Runtime\Cache\d046431aa157c89f3a1c30c426be003b.php 第 127 行.
NOTIC: [8] Undefined index: user D:\wamp\www\dream\home\Runtime\Cache\d046431aa157c89f3a1c30c426be003b.php 第 152 行.
NOTIC: [8] Undefined variable: footnav D:\wamp\www\dream\home\Runtime\Cache\d046431aa157c89f3a1c30c426be003b.php 第 223 行.
INFO: ParseTemplate Behavior ::run [ RunTime:0.174255s ]
INFO: [ view_parse ] --END-- [ RunTime:0.174408s ]
INFO: [ view_filter ] --START--
INFO: ContentReplace Behavior ::run [ RunTime:0.006173s ]
INFO: TokenBuild Behavior ::run [ RunTime:0.006673s ]
INFO: WriteHtmlCache Behavior ::run [ RunTime:0.005641s ]
INFO: ShowRuntime Behavior ::run [ RunTime:0.007066s ]
INFO: [ view_filter ] --END-- [ RunTime:0.025959s ]
INFO: [ view_end ] --START--
INFO: ShowPageTrace Behavior ::run [ RunTime:0.005887s ]
INFO: [ view_end ] --END-- [ RunTime:0.006021s ]

[ 2014-05-27T16:37:22+08:00 ] 0.0.0.0 /dream/index.php/Index/verify/
INFO: [ route_check ] --START--
INFO: CheckRoute Behavior ::run [ RunTime:0.016723s ]
INFO: [ route_check ] --END-- [ RunTime:0.017061s ]
INFO: [ app_begin ] --START--
INFO: ReadHtmlCache Behavior ::run [ RunTime:0.014204s ]
INFO: [ app_begin ] --END-- [ RunTime:0.014480s ]
SQL: SHOW COLUMNS FROM `category` [ RunTime:0.010254s ]
SQL: SELECT * FROM `category` ORDER BY id  [ RunTime:0.000839s ]
SQL: SHOW COLUMNS FROM `config` [ RunTime:0.007788s ]
SQL: SELECT `varname`,`value` FROM `config`  [ RunTime:0.000298s ]

