[ 2014-04-01T15:50:46+08:00 ] 0.0.0.0 /dream/
INFO: [ app_begin ] --START--
INFO: ReadHtmlCache Behavior ::run [ RunTime:0.006785s ]
INFO: [ app_begin ] --END-- [ RunTime:0.006961s ]
SQL: SHOW COLUMNS FROM `category` [ RunTime:0.041714s ]
SQL: SELECT * FROM `category` ORDER BY id  [ RunTime:0.000858s ]
SQL: SHOW COLUMNS FROM `config` [ RunTime:0.028141s ]
SQL: SELECT `varname`,`value` FROM `config`  [ RunTime:0.000391s ]
SQL: SHOW COLUMNS FROM `article` [ RunTime:0.027099s ]
SQL: SELECT * FROM `article` ORDER BY id LIMIT 10   [ RunTime:0.000491s ]
SQL: SHOW COLUMNS FROM `rotate` [ RunTime:0.033431s ]
SQL: SELECT * FROM `rotate` ORDER BY sort desc,id desc  [ RunTime:0.000358s ]
SQL: SHOW COLUMNS FROM `produce` [ RunTime:0.017340s ]
SQL: SELECT `id`,`name`,`img` FROM `produce` WHERE ( is_show=1 )  [ RunTime:0.000411s ]
INFO: [ view_parse ] --START--
NOTIC: [8] Undefined variable: new2 D:\wamp\www\dream\home\Runtime\Cache\d046431aa157c89f3a1c30c426be003b.php 第 130 行.
NOTIC: [8] Undefined index: user D:\wamp\www\dream\home\Runtime\Cache\d046431aa157c89f3a1c30c426be003b.php 第 155 行.
NOTIC: [8] Undefined variable: footnav D:\wamp\www\dream\home\Runtime\Cache\d046431aa157c89f3a1c30c426be003b.php 第 226 行.
INFO: ParseTemplate Behavior ::run [ RunTime:0.139028s ]
INFO: [ view_parse ] --END-- [ RunTime:0.139207s ]
INFO: [ view_filter ] --START--
INFO: ContentReplace Behavior ::run [ RunTime:0.007365s ]
INFO: TokenBuild Behavior ::run [ RunTime:0.001709s ]
INFO: WriteHtmlCache Behavior ::run [ RunTime:0.001009s ]
INFO: ShowRuntime Behavior ::run [ RunTime:0.006104s ]
INFO: [ view_filter ] --END-- [ RunTime:0.016610s ]
INFO: [ view_end ] --START--
INFO: ShowPageTrace Behavior ::run [ RunTime:0.004335s ]
INFO: [ view_end ] --END-- [ RunTime:0.004498s ]

[ 2014-04-01T15:50:46+08:00 ] 0.0.0.0 /dream/index.php/Index/verify/
INFO: [ route_check ] --START--
INFO: CheckRoute Behavior ::run [ RunTime:0.039126s ]
INFO: [ route_check ] --END-- [ RunTime:0.039375s ]
INFO: [ app_begin ] --START--
INFO: ReadHtmlCache Behavior ::run [ RunTime:0.001707s ]
INFO: [ app_begin ] --END-- [ RunTime:0.001921s ]
SQL: SHOW COLUMNS FROM `category` [ RunTime:0.007127s ]
SQL: SELECT * FROM `category` ORDER BY id  [ RunTime:0.001015s ]
SQL: SHOW COLUMNS FROM `config` [ RunTime:0.005548s ]
SQL: SELECT `varname`,`value` FROM `config`  [ RunTime:0.000438s ]

