[ 2014-04-02T14:07:23+08:00 ] 0.0.0.0 /dream/
INFO: [ app_begin ] --START--
INFO: ReadHtmlCache Behavior ::run [ RunTime:0.002463s ]
INFO: [ app_begin ] --END-- [ RunTime:0.002631s ]
SQL: SHOW COLUMNS FROM `category` [ RunTime:0.059227s ]
SQL: SELECT * FROM `category` ORDER BY id  [ RunTime:0.001778s ]
SQL: SHOW COLUMNS FROM `config` [ RunTime:0.016930s ]
SQL: SELECT `varname`,`value` FROM `config`  [ RunTime:0.000610s ]
SQL: SHOW COLUMNS FROM `article` [ RunTime:0.019718s ]
SQL: SELECT * FROM `article` ORDER BY id LIMIT 10   [ RunTime:0.000723s ]
SQL: SHOW COLUMNS FROM `rotate` [ RunTime:0.018602s ]
SQL: SELECT * FROM `rotate` ORDER BY sort desc,id desc  [ RunTime:0.000398s ]
SQL: SHOW COLUMNS FROM `produce` [ RunTime:0.007872s ]
SQL: SELECT `id`,`name`,`img` FROM `produce` WHERE ( is_show=1 )  [ RunTime:0.000959s ]
INFO: [ view_parse ] --START--
NOTIC: [8] Undefined variable: new2 D:\wamp\www\dream\home\Runtime\Cache\d046431aa157c89f3a1c30c426be003b.php 第 130 行.
NOTIC: [8] Undefined index: user D:\wamp\www\dream\home\Runtime\Cache\d046431aa157c89f3a1c30c426be003b.php 第 155 行.
NOTIC: [8] Undefined variable: footnav D:\wamp\www\dream\home\Runtime\Cache\d046431aa157c89f3a1c30c426be003b.php 第 226 行.
INFO: ParseTemplate Behavior ::run [ RunTime:0.135480s ]
INFO: [ view_parse ] --END-- [ RunTime:0.135632s ]
INFO: [ view_filter ] --START--
INFO: ContentReplace Behavior ::run [ RunTime:0.001544s ]
INFO: TokenBuild Behavior ::run [ RunTime:0.001362s ]
INFO: WriteHtmlCache Behavior ::run [ RunTime:0.001205s ]
INFO: ShowRuntime Behavior ::run [ RunTime:0.001470s ]
INFO: [ view_filter ] --END-- [ RunTime:0.005929s ]
INFO: [ view_end ] --START--
INFO: ShowPageTrace Behavior ::run [ RunTime:0.001556s ]
INFO: [ view_end ] --END-- [ RunTime:0.001680s ]

[ 2014-04-02T14:07:23+08:00 ] 0.0.0.0 /dream/index.php/Index/verify/
INFO: [ route_check ] --START--
INFO: CheckRoute Behavior ::run [ RunTime:0.018259s ]
INFO: [ route_check ] --END-- [ RunTime:0.018418s ]
INFO: [ app_begin ] --START--
INFO: ReadHtmlCache Behavior ::run [ RunTime:0.001169s ]
INFO: [ app_begin ] --END-- [ RunTime:0.001304s ]
SQL: SHOW COLUMNS FROM `category` [ RunTime:0.004982s ]
SQL: SELECT * FROM `category` ORDER BY id  [ RunTime:0.000659s ]
SQL: SHOW COLUMNS FROM `config` [ RunTime:0.003770s ]
SQL: SELECT `varname`,`value` FROM `config`  [ RunTime:0.000315s ]

