[ 2014-05-05T11:40:11+08:00 ] 0.0.0.0 /dream/
INFO: [ app_begin ] --START--
INFO: ReadHtmlCache Behavior ::run [ RunTime:0.002691s ]
INFO: [ app_begin ] --END-- [ RunTime:0.002867s ]
SQL: SHOW COLUMNS FROM `category` [ RunTime:0.050400s ]
SQL: SELECT * FROM `category` ORDER BY id  [ RunTime:0.000801s ]
SQL: SHOW COLUMNS FROM `config` [ RunTime:0.020402s ]
SQL: SELECT `varname`,`value` FROM `config`  [ RunTime:0.000340s ]
SQL: SHOW COLUMNS FROM `article` [ RunTime:0.051222s ]
SQL: SELECT * FROM `article` ORDER BY id LIMIT 10   [ RunTime:0.000460s ]
SQL: SHOW COLUMNS FROM `rotate` [ RunTime:0.031211s ]
SQL: SELECT * FROM `rotate` ORDER BY sort desc,id desc  [ RunTime:0.000333s ]
SQL: SHOW COLUMNS FROM `produce` [ RunTime:0.057441s ]
SQL: SELECT `id`,`name`,`img` FROM `produce` WHERE ( is_show=1 )  [ RunTime:0.022923s ]
INFO: [ view_parse ] --START--
NOTIC: [8] Undefined variable: new2 D:\wamp\www\dream\home\Runtime\Cache\d046431aa157c89f3a1c30c426be003b.php 第 127 行.
NOTIC: [8] Undefined index: user D:\wamp\www\dream\home\Runtime\Cache\d046431aa157c89f3a1c30c426be003b.php 第 152 行.
NOTIC: [8] Undefined variable: footnav D:\wamp\www\dream\home\Runtime\Cache\d046431aa157c89f3a1c30c426be003b.php 第 223 行.
INFO: ParseTemplate Behavior ::run [ RunTime:0.164413s ]
INFO: [ view_parse ] --END-- [ RunTime:0.164562s ]
INFO: [ view_filter ] --START--
INFO: ContentReplace Behavior ::run [ RunTime:0.001486s ]
INFO: TokenBuild Behavior ::run [ RunTime:0.001439s ]
INFO: WriteHtmlCache Behavior ::run [ RunTime:0.001084s ]
INFO: ShowRuntime Behavior ::run [ RunTime:0.001525s ]
INFO: [ view_filter ] --END-- [ RunTime:0.005946s ]
INFO: [ view_end ] --START--
INFO: ShowPageTrace Behavior ::run [ RunTime:0.001461s ]
INFO: [ view_end ] --END-- [ RunTime:0.001588s ]

[ 2014-05-05T11:40:12+08:00 ] 0.0.0.0 /dream/index.php/Index/verify/
INFO: [ route_check ] --START--
INFO: CheckRoute Behavior ::run [ RunTime:0.053989s ]
INFO: [ route_check ] --END-- [ RunTime:0.054244s ]
INFO: [ app_begin ] --START--
INFO: ReadHtmlCache Behavior ::run [ RunTime:0.001107s ]
INFO: [ app_begin ] --END-- [ RunTime:0.001360s ]
SQL: SHOW COLUMNS FROM `category` [ RunTime:0.009456s ]
SQL: SELECT * FROM `category` ORDER BY id  [ RunTime:0.000815s ]
SQL: SHOW COLUMNS FROM `config` [ RunTime:0.007825s ]
SQL: SELECT `varname`,`value` FROM `config`  [ RunTime:0.000608s ]

[ 2014-05-05T11:40:27+08:00 ] 0.0.0.0 /dream/index.php/Page
INFO: [ route_check ] --START--
INFO: CheckRoute Behavior ::run [ RunTime:0.000695s ]
INFO: [ route_check ] --END-- [ RunTime:0.000850s ]
INFO: [ app_begin ] --START--
INFO: ReadHtmlCache Behavior ::run [ RunTime:0.000547s ]
INFO: [ app_begin ] --END-- [ RunTime:0.000674s ]
ERR: 无法加载模块:Page

[ 2014-05-05T11:40:30+08:00 ] 0.0.0.0 /dream/index.php/Page
INFO: [ route_check ] --START--
INFO: CheckRoute Behavior ::run [ RunTime:0.000647s ]
INFO: [ route_check ] --END-- [ RunTime:0.000791s ]
INFO: [ app_begin ] --START--
INFO: ReadHtmlCache Behavior ::run [ RunTime:0.000528s ]
INFO: [ app_begin ] --END-- [ RunTime:0.000653s ]
ERR: 无法加载模块:Page

[ 2014-05-05T11:40:32+08:00 ] 0.0.0.0 /dream/index.php/Index/verify/
INFO: [ route_check ] --START--
INFO: CheckRoute Behavior ::run [ RunTime:0.001206s ]
INFO: [ route_check ] --END-- [ RunTime:0.001426s ]
INFO: [ app_begin ] --START--
INFO: ReadHtmlCache Behavior ::run [ RunTime:0.001031s ]
INFO: [ app_begin ] --END-- [ RunTime:0.001284s ]
SQL: SHOW COLUMNS FROM `category` [ RunTime:0.007644s ]
SQL: SELECT * FROM `category` ORDER BY id  [ RunTime:0.000743s ]
SQL: SHOW COLUMNS FROM `config` [ RunTime:0.005701s ]
SQL: SELECT `varname`,`value` FROM `config`  [ RunTime:0.000349s ]

[ 2014-05-05T11:40:34+08:00 ] 0.0.0.0 /dream/index.php/Produce
INFO: [ route_check ] --START--
INFO: CheckRoute Behavior ::run [ RunTime:0.000655s ]
INFO: [ route_check ] --END-- [ RunTime:0.000808s ]
INFO: [ app_begin ] --START--
INFO: ReadHtmlCache Behavior ::run [ RunTime:0.000533s ]
INFO: [ app_begin ] --END-- [ RunTime:0.000676s ]
NOTIC: [2048] Declaration of ProduceAction::show() should be compatible with Action::show($content, $charset = '', $contentType = '', $prefix = '') D:\wamp\www\dream\home\Lib\Action\ProduceAction.class.php 第 2 行.
SQL: SHOW COLUMNS FROM `category` [ RunTime:0.012656s ]
SQL: SELECT * FROM `category` ORDER BY id  [ RunTime:0.001195s ]
SQL: SHOW COLUMNS FROM `config` [ RunTime:0.011197s ]
SQL: SELECT `varname`,`value` FROM `config`  [ RunTime:0.000568s ]
SQL: SELECT * FROM `category` WHERE ( `module` = 'Produce' )  [ RunTime:0.000624s ]
SQL: SHOW COLUMNS FROM `produce` [ RunTime:0.009567s ]
NOTIC: [8] Undefined index: cid D:\wamp\www\dream\home\Lib\Action\ProduceAction.class.php 第 9 行.
SQL: SELECT * FROM `produce` ORDER BY id LIMIT 10   [ RunTime:0.023202s ]
INFO: [ view_parse ] --START--
NOTIC: [8] Undefined variable: page D:\wamp\www\dream\home\Runtime\Cache\503f258d9d12eff4eadb5c0ebb8d8e6b.php 第 112 行.
NOTIC: [8] Undefined variable: link D:\wamp\www\dream\home\Runtime\Cache\503f258d9d12eff4eadb5c0ebb8d8e6b.php 第 127 行.
NOTIC: [8] Undefined variable: footnav D:\wamp\www\dream\home\Runtime\Cache\503f258d9d12eff4eadb5c0ebb8d8e6b.php 第 134 行.
INFO: ParseTemplate Behavior ::run [ RunTime:0.045102s ]
INFO: [ view_parse ] --END-- [ RunTime:0.045310s ]
INFO: [ view_filter ] --START--
INFO: ContentReplace Behavior ::run [ RunTime:0.000675s ]
INFO: TokenBuild Behavior ::run [ RunTime:0.000673s ]
INFO: WriteHtmlCache Behavior ::run [ RunTime:0.000421s ]
INFO: ShowRuntime Behavior ::run [ RunTime:0.000649s ]
INFO: [ view_filter ] --END-- [ RunTime:0.002775s ]
INFO: [ view_end ] --START--
INFO: ShowPageTrace Behavior ::run [ RunTime:0.000673s ]
INFO: [ view_end ] --END-- [ RunTime:0.000804s ]

[ 2014-05-05T11:40:35+08:00 ] 0.0.0.0 /dream/index.php/Produce
INFO: [ route_check ] --START--
INFO: CheckRoute Behavior ::run [ RunTime:0.001179s ]
INFO: [ route_check ] --END-- [ RunTime:0.001434s ]
INFO: [ app_begin ] --START--
INFO: ReadHtmlCache Behavior ::run [ RunTime:0.000677s ]
INFO: [ app_begin ] --END-- [ RunTime:0.000805s ]
NOTIC: [2048] Declaration of ProduceAction::show() should be compatible with Action::show($content, $charset = '', $contentType = '', $prefix = '') D:\wamp\www\dream\home\Lib\Action\ProduceAction.class.php 第 2 行.
SQL: SHOW COLUMNS FROM `category` [ RunTime:0.006486s ]
SQL: SELECT * FROM `category` ORDER BY id  [ RunTime:0.000631s ]
SQL: SHOW COLUMNS FROM `config` [ RunTime:0.004855s ]
SQL: SELECT `varname`,`value` FROM `config`  [ RunTime:0.000313s ]
SQL: SELECT * FROM `category` WHERE ( `module` = 'Produce' )  [ RunTime:0.000347s ]
SQL: SHOW COLUMNS FROM `produce` [ RunTime:0.004984s ]
NOTIC: [8] Undefined index: cid D:\wamp\www\dream\home\Lib\Action\ProduceAction.class.php 第 9 行.
SQL: SELECT * FROM `produce` ORDER BY id LIMIT 10   [ RunTime:0.000423s ]
INFO: [ view_parse ] --START--
NOTIC: [8] Undefined variable: page D:\wamp\www\dream\home\Runtime\Cache\503f258d9d12eff4eadb5c0ebb8d8e6b.php 第 112 行.
NOTIC: [8] Undefined variable: link D:\wamp\www\dream\home\Runtime\Cache\503f258d9d12eff4eadb5c0ebb8d8e6b.php 第 127 行.
NOTIC: [8] Undefined variable: footnav D:\wamp\www\dream\home\Runtime\Cache\503f258d9d12eff4eadb5c0ebb8d8e6b.php 第 134 行.
INFO: ParseTemplate Behavior ::run [ RunTime:0.014529s ]
INFO: [ view_parse ] --END-- [ RunTime:0.014666s ]
INFO: [ view_filter ] --START--
INFO: ContentReplace Behavior ::run [ RunTime:0.000665s ]
INFO: TokenBuild Behavior ::run [ RunTime:0.000568s ]
INFO: WriteHtmlCache Behavior ::run [ RunTime:0.000402s ]
INFO: ShowRuntime Behavior ::run [ RunTime:0.000646s ]
INFO: [ view_filter ] --END-- [ RunTime:0.002633s ]
INFO: [ view_end ] --START--
INFO: ShowPageTrace Behavior ::run [ RunTime:0.000694s ]
INFO: [ view_end ] --END-- [ RunTime:0.000823s ]

[ 2014-05-05T11:40:37+08:00 ] 0.0.0.0 /dream/index.php/Produce
INFO: [ route_check ] --START--
INFO: CheckRoute Behavior ::run [ RunTime:0.000778s ]
INFO: [ route_check ] --END-- [ RunTime:0.000922s ]
INFO: [ app_begin ] --START--
INFO: ReadHtmlCache Behavior ::run [ RunTime:0.000529s ]
INFO: [ app_begin ] --END-- [ RunTime:0.000669s ]
NOTIC: [2048] Declaration of ProduceAction::show() should be compatible with Action::show($content, $charset = '', $contentType = '', $prefix = '') D:\wamp\www\dream\home\Lib\Action\ProduceAction.class.php 第 2 行.
SQL: SHOW COLUMNS FROM `category` [ RunTime:0.006803s ]
SQL: SELECT * FROM `category` ORDER BY id  [ RunTime:0.000639s ]
SQL: SHOW COLUMNS FROM `config` [ RunTime:0.004915s ]
SQL: SELECT `varname`,`value` FROM `config`  [ RunTime:0.000302s ]
SQL: SELECT * FROM `category` WHERE ( `module` = 'Produce' )  [ RunTime:0.000325s ]
SQL: SHOW COLUMNS FROM `produce` [ RunTime:0.004788s ]
NOTIC: [8] Undefined index: cid D:\wamp\www\dream\home\Lib\Action\ProduceAction.class.php 第 9 行.
SQL: SELECT * FROM `produce` ORDER BY id LIMIT 10   [ RunTime:0.000390s ]
INFO: [ view_parse ] --START--
NOTIC: [8] Undefined variable: page D:\wamp\www\dream\home\Runtime\Cache\503f258d9d12eff4eadb5c0ebb8d8e6b.php 第 112 行.
NOTIC: [8] Undefined variable: link D:\wamp\www\dream\home\Runtime\Cache\503f258d9d12eff4eadb5c0ebb8d8e6b.php 第 127 行.
NOTIC: [8] Undefined variable: footnav D:\wamp\www\dream\home\Runtime\Cache\503f258d9d12eff4eadb5c0ebb8d8e6b.php 第 134 行.
INFO: ParseTemplate Behavior ::run [ RunTime:0.014653s ]
INFO: [ view_parse ] --END-- [ RunTime:0.014800s ]
INFO: [ view_filter ] --START--
INFO: ContentReplace Behavior ::run [ RunTime:0.000491s ]
INFO: TokenBuild Behavior ::run [ RunTime:0.000427s ]
INFO: WriteHtmlCache Behavior ::run [ RunTime:0.000293s ]
INFO: ShowRuntime Behavior ::run [ RunTime:0.000521s ]
INFO: [ view_filter ] --END-- [ RunTime:0.002068s ]
INFO: [ view_end ] --START--
INFO: ShowPageTrace Behavior ::run [ RunTime:0.000546s ]
INFO: [ view_end ] --END-- [ RunTime:0.000669s ]

[ 2014-05-05T11:40:38+08:00 ] 0.0.0.0 /dream/index.php/Article
INFO: [ route_check ] --START--
INFO: CheckRoute Behavior ::run [ RunTime:0.000648s ]
INFO: [ route_check ] --END-- [ RunTime:0.000796s ]
INFO: [ app_begin ] --START--
INFO: ReadHtmlCache Behavior ::run [ RunTime:0.000524s ]
INFO: [ app_begin ] --END-- [ RunTime:0.000695s ]
NOTIC: [2048] Declaration of ArticleAction::show() should be compatible with Action::show($content, $charset = '', $contentType = '', $prefix = '') D:\wamp\www\dream\home\Lib\Action\ArticleAction.class.php 第 2 行.
SQL: SHOW COLUMNS FROM `category` [ RunTime:0.006347s ]
SQL: SELECT * FROM `category` ORDER BY id  [ RunTime:0.000886s ]
SQL: SHOW COLUMNS FROM `config` [ RunTime:0.019187s ]
SQL: SELECT `varname`,`value` FROM `config`  [ RunTime:0.000323s ]
SQL: SHOW COLUMNS FROM `article` [ RunTime:0.005903s ]
SQL: SELECT `id`,`title` FROM `article` ORDER BY id LIMIT 10   [ RunTime:0.000321s ]
INFO: [ view_parse ] --START--
NOTIC: [8] Undefined variable: footnav D:\wamp\www\dream\home\Runtime\Cache\610ca9348546c70715a42fb25d3852b8.php 第 98 行.
INFO: ParseTemplate Behavior ::run [ RunTime:0.045157s ]
INFO: [ view_parse ] --END-- [ RunTime:0.045316s ]
INFO: [ view_filter ] --START--
INFO: ContentReplace Behavior ::run [ RunTime:0.000489s ]
INFO: TokenBuild Behavior ::run [ RunTime:0.000471s ]
INFO: WriteHtmlCache Behavior ::run [ RunTime:0.000338s ]
INFO: ShowRuntime Behavior ::run [ RunTime:0.000540s ]
INFO: [ view_filter ] --END-- [ RunTime:0.002209s ]
INFO: [ view_end ] --START--
INFO: ShowPageTrace Behavior ::run [ RunTime:0.000554s ]
INFO: [ view_end ] --END-- [ RunTime:0.000677s ]

[ 2014-05-05T11:40:39+08:00 ] 0.0.0.0 /dream/index.php/Article
INFO: [ route_check ] --START--
INFO: CheckRoute Behavior ::run [ RunTime:0.000648s ]
INFO: [ route_check ] --END-- [ RunTime:0.000794s ]
INFO: [ app_begin ] --START--
INFO: ReadHtmlCache Behavior ::run [ RunTime:0.000565s ]
INFO: [ app_begin ] --END-- [ RunTime:0.000697s ]
NOTIC: [2048] Declaration of ArticleAction::show() should be compatible with Action::show($content, $charset = '', $contentType = '', $prefix = '') D:\wamp\www\dream\home\Lib\Action\ArticleAction.class.php 第 2 行.
SQL: SHOW COLUMNS FROM `category` [ RunTime:0.006654s ]
SQL: SELECT * FROM `category` ORDER BY id  [ RunTime:0.000640s ]
SQL: SHOW COLUMNS FROM `config` [ RunTime:0.004910s ]
SQL: SELECT `varname`,`value` FROM `config`  [ RunTime:0.000302s ]
SQL: SHOW COLUMNS FROM `article` [ RunTime:0.004898s ]
SQL: SELECT `id`,`title` FROM `article` ORDER BY id LIMIT 10   [ RunTime:0.000294s ]
INFO: [ view_parse ] --START--
NOTIC: [8] Undefined variable: footnav D:\wamp\www\dream\home\Runtime\Cache\610ca9348546c70715a42fb25d3852b8.php 第 98 行.
INFO: ParseTemplate Behavior ::run [ RunTime:0.010724s ]
INFO: [ view_parse ] --END-- [ RunTime:0.010860s ]
INFO: [ view_filter ] --START--
INFO: ContentReplace Behavior ::run [ RunTime:0.000560s ]
INFO: TokenBuild Behavior ::run [ RunTime:0.000445s ]
INFO: WriteHtmlCache Behavior ::run [ RunTime:0.000284s ]
INFO: ShowRuntime Behavior ::run [ RunTime:0.000521s ]
INFO: [ view_filter ] --END-- [ RunTime:0.002164s ]
INFO: [ view_end ] --START--
INFO: ShowPageTrace Behavior ::run [ RunTime:0.000844s ]
INFO: [ view_end ] --END-- [ RunTime:0.001073s ]

[ 2014-05-05T11:40:40+08:00 ] 0.0.0.0 /dream/index.php
INFO: [ app_begin ] --START--
INFO: ReadHtmlCache Behavior ::run [ RunTime:0.000562s ]
INFO: [ app_begin ] --END-- [ RunTime:0.000705s ]
SQL: SHOW COLUMNS FROM `category` [ RunTime:0.006616s ]
SQL: SELECT * FROM `category` ORDER BY id  [ RunTime:0.000624s ]
SQL: SHOW COLUMNS FROM `config` [ RunTime:0.004816s ]
SQL: SELECT `varname`,`value` FROM `config`  [ RunTime:0.000295s ]
SQL: SHOW COLUMNS FROM `article` [ RunTime:0.004945s ]
SQL: SELECT * FROM `article` ORDER BY id LIMIT 10   [ RunTime:0.000623s ]
SQL: SHOW COLUMNS FROM `rotate` [ RunTime:0.005464s ]
SQL: SELECT * FROM `rotate` ORDER BY sort desc,id desc  [ RunTime:0.000312s ]
SQL: SHOW COLUMNS FROM `produce` [ RunTime:0.005029s ]
SQL: SELECT `id`,`name`,`img` FROM `produce` WHERE ( is_show=1 )  [ RunTime:0.000309s ]
INFO: [ view_parse ] --START--
NOTIC: [8] Undefined variable: new2 D:\wamp\www\dream\home\Runtime\Cache\d046431aa157c89f3a1c30c426be003b.php 第 127 行.
NOTIC: [8] Undefined index: user D:\wamp\www\dream\home\Runtime\Cache\d046431aa157c89f3a1c30c426be003b.php 第 152 行.
NOTIC: [8] Undefined variable: footnav D:\wamp\www\dream\home\Runtime\Cache\d046431aa157c89f3a1c30c426be003b.php 第 223 行.
INFO: ParseTemplate Behavior ::run [ RunTime:0.026519s ]
INFO: [ view_parse ] --END-- [ RunTime:0.026657s ]
INFO: [ view_filter ] --START--
INFO: ContentReplace Behavior ::run [ RunTime:0.000481s ]
INFO: TokenBuild Behavior ::run [ RunTime:0.000457s ]
INFO: WriteHtmlCache Behavior ::run [ RunTime:0.000300s ]
INFO: ShowRuntime Behavior ::run [ RunTime:0.000539s ]
INFO: [ view_filter ] --END-- [ RunTime:0.002132s ]
INFO: [ view_end ] --START--
INFO: ShowPageTrace Behavior ::run [ RunTime:0.000543s ]
INFO: [ view_end ] --END-- [ RunTime:0.000684s ]

[ 2014-05-05T11:40:40+08:00 ] 0.0.0.0 /dream/index.php/Index/verify/
INFO: [ route_check ] --START--
INFO: CheckRoute Behavior ::run [ RunTime:0.000990s ]
INFO: [ route_check ] --END-- [ RunTime:0.001236s ]
INFO: [ app_begin ] --START--
INFO: ReadHtmlCache Behavior ::run [ RunTime:0.001007s ]
INFO: [ app_begin ] --END-- [ RunTime:0.001240s ]
SQL: SHOW COLUMNS FROM `category` [ RunTime:0.004760s ]
SQL: SELECT * FROM `category` ORDER BY id  [ RunTime:0.000716s ]
SQL: SHOW COLUMNS FROM `config` [ RunTime:0.005072s ]
SQL: SELECT `varname`,`value` FROM `config`  [ RunTime:0.000381s ]

[ 2014-05-05T13:29:59+08:00 ] 0.0.0.0 /dream/index.php/Article
INFO: [ route_check ] --START--
INFO: CheckRoute Behavior ::run [ RunTime:0.001089s ]
INFO: [ route_check ] --END-- [ RunTime:0.001239s ]
INFO: [ app_begin ] --START--
INFO: ReadHtmlCache Behavior ::run [ RunTime:0.000655s ]
INFO: [ app_begin ] --END-- [ RunTime:0.000784s ]
NOTIC: [2048] Declaration of ArticleAction::show() should be compatible with Action::show($content, $charset = '', $contentType = '', $prefix = '') D:\wamp\www\dream\home\Lib\Action\ArticleAction.class.php 第 2 行.
SQL: SHOW COLUMNS FROM `category` [ RunTime:0.018554s ]
SQL: SELECT * FROM `category` ORDER BY id  [ RunTime:0.000638s ]
SQL: SHOW COLUMNS FROM `config` [ RunTime:0.006102s ]
SQL: SELECT `varname`,`value` FROM `config`  [ RunTime:0.000300s ]
SQL: SHOW COLUMNS FROM `article` [ RunTime:0.005805s ]
SQL: SELECT `id`,`title` FROM `article` ORDER BY id LIMIT 10   [ RunTime:0.000292s ]
INFO: [ view_parse ] --START--
NOTIC: [8] Undefined variable: footnav D:\wamp\www\dream\home\Runtime\Cache\610ca9348546c70715a42fb25d3852b8.php 第 98 行.
INFO: ParseTemplate Behavior ::run [ RunTime:0.011476s ]
INFO: [ view_parse ] --END-- [ RunTime:0.011613s ]
INFO: [ view_filter ] --START--
INFO: ContentReplace Behavior ::run [ RunTime:0.000577s ]
INFO: TokenBuild Behavior ::run [ RunTime:0.000562s ]
INFO: WriteHtmlCache Behavior ::run [ RunTime:0.000391s ]
INFO: ShowRuntime Behavior ::run [ RunTime:0.000639s ]
INFO: [ view_filter ] --END-- [ RunTime:0.002514s ]
INFO: [ view_end ] --START--
INFO: ShowPageTrace Behavior ::run [ RunTime:0.000772s ]
INFO: [ view_end ] --END-- [ RunTime:0.000898s ]

[ 2014-05-05T13:30:00+08:00 ] 0.0.0.0 /dream/index.php/Article
INFO: [ route_check ] --START--
INFO: CheckRoute Behavior ::run [ RunTime:0.000683s ]
INFO: [ route_check ] --END-- [ RunTime:0.000835s ]
INFO: [ app_begin ] --START--
INFO: ReadHtmlCache Behavior ::run [ RunTime:0.000592s ]
INFO: [ app_begin ] --END-- [ RunTime:0.000728s ]
NOTIC: [2048] Declaration of ArticleAction::show() should be compatible with Action::show($content, $charset = '', $contentType = '', $prefix = '') D:\wamp\www\dream\home\Lib\Action\ArticleAction.class.php 第 2 行.
SQL: SHOW COLUMNS FROM `category` [ RunTime:0.008692s ]
SQL: SELECT * FROM `category` ORDER BY id  [ RunTime:0.000662s ]
SQL: SHOW COLUMNS FROM `config` [ RunTime:0.005136s ]
SQL: SELECT `varname`,`value` FROM `config`  [ RunTime:0.000315s ]
SQL: SHOW COLUMNS FROM `article` [ RunTime:0.004939s ]
SQL: SELECT `id`,`title` FROM `article` ORDER BY id LIMIT 10   [ RunTime:0.000291s ]
INFO: [ view_parse ] --START--
NOTIC: [8] Undefined variable: footnav D:\wamp\www\dream\home\Runtime\Cache\610ca9348546c70715a42fb25d3852b8.php 第 98 行.
INFO: ParseTemplate Behavior ::run [ RunTime:0.010422s ]
INFO: [ view_parse ] --END-- [ RunTime:0.010557s ]
INFO: [ view_filter ] --START--
INFO: ContentReplace Behavior ::run [ RunTime:0.000541s ]
INFO: TokenBuild Behavior ::run [ RunTime:0.000694s ]
INFO: WriteHtmlCache Behavior ::run [ RunTime:0.000369s ]
INFO: ShowRuntime Behavior ::run [ RunTime:0.000605s ]
INFO: [ view_filter ] --END-- [ RunTime:0.002662s ]
INFO: [ view_end ] --START--
INFO: ShowPageTrace Behavior ::run [ RunTime:0.000562s ]
INFO: [ view_end ] --END-- [ RunTime:0.000685s ]

[ 2014-05-05T13:30:01+08:00 ] 0.0.0.0 /dream/index.php/Article
INFO: [ route_check ] --START--
INFO: CheckRoute Behavior ::run [ RunTime:0.000970s ]
INFO: [ route_check ] --END-- [ RunTime:0.001118s ]
INFO: [ app_begin ] --START--
INFO: ReadHtmlCache Behavior ::run [ RunTime:0.000649s ]
INFO: [ app_begin ] --END-- [ RunTime:0.000776s ]
NOTIC: [2048] Declaration of ArticleAction::show() should be compatible with Action::show($content, $charset = '', $contentType = '', $prefix = '') D:\wamp\www\dream\home\Lib\Action\ArticleAction.class.php 第 2 行.
SQL: SHOW COLUMNS FROM `category` [ RunTime:0.007016s ]
SQL: SELECT * FROM `category` ORDER BY id  [ RunTime:0.000635s ]
SQL: SHOW COLUMNS FROM `config` [ RunTime:0.005007s ]
SQL: SELECT `varname`,`value` FROM `config`  [ RunTime:0.000346s ]
SQL: SHOW COLUMNS FROM `article` [ RunTime:0.005154s ]
SQL: SELECT `id`,`title` FROM `article` ORDER BY id LIMIT 10   [ RunTime:0.000294s ]
INFO: [ view_parse ] --START--
NOTIC: [8] Undefined variable: footnav D:\wamp\www\dream\home\Runtime\Cache\610ca9348546c70715a42fb25d3852b8.php 第 98 行.
INFO: ParseTemplate Behavior ::run [ RunTime:0.011519s ]
INFO: [ view_parse ] --END-- [ RunTime:0.011693s ]
INFO: [ view_filter ] --START--
INFO: ContentReplace Behavior ::run [ RunTime:0.000679s ]
INFO: TokenBuild Behavior ::run [ RunTime:0.000613s ]
INFO: WriteHtmlCache Behavior ::run [ RunTime:0.000393s ]
INFO: ShowRuntime Behavior ::run [ RunTime:0.000649s ]
INFO: [ view_filter ] --END-- [ RunTime:0.002720s ]
INFO: [ view_end ] --START--
INFO: ShowPageTrace Behavior ::run [ RunTime:0.000669s ]
INFO: [ view_end ] --END-- [ RunTime:0.000791s ]

[ 2014-05-05T13:30:02+08:00 ] 0.0.0.0 /dream/index.php
INFO: [ app_begin ] --START--
INFO: ReadHtmlCache Behavior ::run [ RunTime:0.000528s ]
INFO: [ app_begin ] --END-- [ RunTime:0.000666s ]
SQL: SHOW COLUMNS FROM `category` [ RunTime:0.006516s ]
SQL: SELECT * FROM `category` ORDER BY id  [ RunTime:0.000714s ]
SQL: SHOW COLUMNS FROM `config` [ RunTime:0.005108s ]
SQL: SELECT `varname`,`value` FROM `config`  [ RunTime:0.000298s ]
SQL: SHOW COLUMNS FROM `article` [ RunTime:0.004767s ]
SQL: SELECT * FROM `article` ORDER BY id LIMIT 10   [ RunTime:0.000351s ]
SQL: SHOW COLUMNS FROM `rotate` [ RunTime:0.004784s ]
SQL: SELECT * FROM `rotate` ORDER BY sort desc,id desc  [ RunTime:0.000299s ]
SQL: SHOW COLUMNS FROM `produce` [ RunTime:0.004970s ]
SQL: SELECT `id`,`name`,`img` FROM `produce` WHERE ( is_show=1 )  [ RunTime:0.000289s ]
INFO: [ view_parse ] --START--
NOTIC: [8] Undefined variable: new2 D:\wamp\www\dream\home\Runtime\Cache\d046431aa157c89f3a1c30c426be003b.php 第 127 行.
NOTIC: [8] Undefined index: user D:\wamp\www\dream\home\Runtime\Cache\d046431aa157c89f3a1c30c426be003b.php 第 152 行.
NOTIC: [8] Undefined variable: footnav D:\wamp\www\dream\home\Runtime\Cache\d046431aa157c89f3a1c30c426be003b.php 第 223 行.
INFO: ParseTemplate Behavior ::run [ RunTime:0.040334s ]
INFO: [ view_parse ] --END-- [ RunTime:0.040468s ]
INFO: [ view_filter ] --START--
INFO: ContentReplace Behavior ::run [ RunTime:0.000579s ]
INFO: TokenBuild Behavior ::run [ RunTime:0.000435s ]
INFO: WriteHtmlCache Behavior ::run [ RunTime:0.000280s ]
INFO: ShowRuntime Behavior ::run [ RunTime:0.000532s ]
INFO: [ view_filter ] --END-- [ RunTime:0.002188s ]
INFO: [ view_end ] --START--
INFO: ShowPageTrace Behavior ::run [ RunTime:0.000545s ]
INFO: [ view_end ] --END-- [ RunTime:0.000669s ]

[ 2014-05-05T13:30:02+08:00 ] 0.0.0.0 /dream/index.php/Index/verify/
INFO: [ route_check ] --START--
INFO: CheckRoute Behavior ::run [ RunTime:0.000924s ]
INFO: [ route_check ] --END-- [ RunTime:0.001121s ]
INFO: [ app_begin ] --START--
INFO: ReadHtmlCache Behavior ::run [ RunTime:0.000911s ]
INFO: [ app_begin ] --END-- [ RunTime:0.001134s ]
SQL: SHOW COLUMNS FROM `category` [ RunTime:0.005396s ]
SQL: SELECT * FROM `category` ORDER BY id  [ RunTime:0.000699s ]
SQL: SHOW COLUMNS FROM `config` [ RunTime:0.005544s ]
SQL: SELECT `varname`,`value` FROM `config`  [ RunTime:0.000300s ]

[ 2014-05-05T13:30:31+08:00 ] 0.0.0.0 /dream/index.php/Article
INFO: [ route_check ] --START--
INFO: CheckRoute Behavior ::run [ RunTime:0.000650s ]
INFO: [ route_check ] --END-- [ RunTime:0.000793s ]
INFO: [ app_begin ] --START--
INFO: ReadHtmlCache Behavior ::run [ RunTime:0.000539s ]
INFO: [ app_begin ] --END-- [ RunTime:0.000665s ]
NOTIC: [2048] Declaration of ArticleAction::show() should be compatible with Action::show($content, $charset = '', $contentType = '', $prefix = '') D:\wamp\www\dream\home\Lib\Action\ArticleAction.class.php 第 2 行.
SQL: SHOW COLUMNS FROM `category` [ RunTime:0.006567s ]
SQL: SELECT * FROM `category` ORDER BY id  [ RunTime:0.000680s ]
SQL: SHOW COLUMNS FROM `config` [ RunTime:0.005483s ]
SQL: SELECT `varname`,`value` FROM `config`  [ RunTime:0.000329s ]
SQL: SHOW COLUMNS FROM `article` [ RunTime:0.005124s ]
SQL: SELECT `id`,`title` FROM `article` ORDER BY id LIMIT 10   [ RunTime:0.000322s ]
INFO: [ view_parse ] --START--
NOTIC: [8] Undefined variable: footnav D:\wamp\www\dream\home\Runtime\Cache\610ca9348546c70715a42fb25d3852b8.php 第 98 行.
INFO: ParseTemplate Behavior ::run [ RunTime:0.010932s ]
INFO: [ view_parse ] --END-- [ RunTime:0.011066s ]
INFO: [ view_filter ] --START--
INFO: ContentReplace Behavior ::run [ RunTime:0.000438s ]
INFO: TokenBuild Behavior ::run [ RunTime:0.000443s ]
INFO: WriteHtmlCache Behavior ::run [ RunTime:0.000275s ]
INFO: ShowRuntime Behavior ::run [ RunTime:0.000522s ]
INFO: [ view_filter ] --END-- [ RunTime:0.002021s ]
INFO: [ view_end ] --START--
INFO: ShowPageTrace Behavior ::run [ RunTime:0.000539s ]
INFO: [ view_end ] --END-- [ RunTime:0.000663s ]

[ 2014-05-05T13:30:35+08:00 ] 0.0.0.0 /dream/index.php/Article
INFO: [ route_check ] --START--
INFO: CheckRoute Behavior ::run [ RunTime:0.000668s ]
INFO: [ route_check ] --END-- [ RunTime:0.000815s ]
INFO: [ app_begin ] --START--
INFO: ReadHtmlCache Behavior ::run [ RunTime:0.000531s ]
INFO: [ app_begin ] --END-- [ RunTime:0.000657s ]
NOTIC: [2048] Declaration of ArticleAction::show() should be compatible with Action::show($content, $charset = '', $contentType = '', $prefix = '') D:\wamp\www\dream\home\Lib\Action\ArticleAction.class.php 第 2 行.
SQL: SHOW COLUMNS FROM `category` [ RunTime:0.006543s ]
SQL: SELECT * FROM `category` ORDER BY id  [ RunTime:0.000643s ]
SQL: SHOW COLUMNS FROM `config` [ RunTime:0.005343s ]
SQL: SELECT `varname`,`value` FROM `config`  [ RunTime:0.000308s ]
SQL: SHOW COLUMNS FROM `article` [ RunTime:0.005024s ]
SQL: SELECT `id`,`title` FROM `article` ORDER BY id LIMIT 10   [ RunTime:0.000346s ]
INFO: [ view_parse ] --START--
NOTIC: [8] Undefined variable: footnav D:\wamp\www\dream\home\Runtime\Cache\610ca9348546c70715a42fb25d3852b8.php 第 98 行.
INFO: ParseTemplate Behavior ::run [ RunTime:0.010220s ]
INFO: [ view_parse ] --END-- [ RunTime:0.010359s ]
INFO: [ view_filter ] --START--
INFO: ContentReplace Behavior ::run [ RunTime:0.000436s ]
INFO: TokenBuild Behavior ::run [ RunTime:0.000424s ]
INFO: WriteHtmlCache Behavior ::run [ RunTime:0.000274s ]
INFO: ShowRuntime Behavior ::run [ RunTime:0.000530s ]
INFO: [ view_filter ] --END-- [ RunTime:0.002007s ]
INFO: [ view_end ] --START--
INFO: ShowPageTrace Behavior ::run [ RunTime:0.000548s ]
INFO: [ view_end ] --END-- [ RunTime:0.000672s ]

[ 2014-05-05T13:30:38+08:00 ] 0.0.0.0 /dream/index.php
INFO: [ app_begin ] --START--
INFO: ReadHtmlCache Behavior ::run [ RunTime:0.000532s ]
INFO: [ app_begin ] --END-- [ RunTime:0.000672s ]
SQL: SHOW COLUMNS FROM `category` [ RunTime:0.052825s ]
SQL: SELECT * FROM `category` ORDER BY id  [ RunTime:0.001160s ]
SQL: SHOW COLUMNS FROM `config` [ RunTime:0.009359s ]
SQL: SELECT `varname`,`value` FROM `config`  [ RunTime:0.000503s ]
SQL: SHOW COLUMNS FROM `article` [ RunTime:0.010447s ]
SQL: SELECT * FROM `article` ORDER BY id LIMIT 10   [ RunTime:0.000703s ]
SQL: SHOW COLUMNS FROM `rotate` [ RunTime:0.009275s ]
SQL: SELECT * FROM `rotate` ORDER BY sort desc,id desc  [ RunTime:0.000573s ]
SQL: SHOW COLUMNS FROM `produce` [ RunTime:0.010240s ]
SQL: SELECT `id`,`name`,`img` FROM `produce` WHERE ( is_show=1 )  [ RunTime:0.000512s ]
INFO: [ view_parse ] --START--
NOTIC: [8] Undefined variable: new2 D:\wamp\www\dream\home\Runtime\Cache\d046431aa157c89f3a1c30c426be003b.php 第 127 行.
NOTIC: [8] Undefined index: user D:\wamp\www\dream\home\Runtime\Cache\d046431aa157c89f3a1c30c426be003b.php 第 152 行.
NOTIC: [8] Undefined variable: footnav D:\wamp\www\dream\home\Runtime\Cache\d046431aa157c89f3a1c30c426be003b.php 第 223 行.
INFO: ParseTemplate Behavior ::run [ RunTime:0.033434s ]
INFO: [ view_parse ] --END-- [ RunTime:0.033636s ]
INFO: [ view_filter ] --START--
INFO: ContentReplace Behavior ::run [ RunTime:0.000481s ]
INFO: TokenBuild Behavior ::run [ RunTime:0.000447s ]
INFO: WriteHtmlCache Behavior ::run [ RunTime:0.000289s ]
INFO: ShowRuntime Behavior ::run [ RunTime:0.000547s ]
INFO: [ view_filter ] --END-- [ RunTime:0.002111s ]
INFO: [ view_end ] --START--
INFO: ShowPageTrace Behavior ::run [ RunTime:0.000559s ]
INFO: [ view_end ] --END-- [ RunTime:0.000689s ]

[ 2014-05-05T13:30:38+08:00 ] 0.0.0.0 /dream/index.php/Index/verify/
INFO: [ route_check ] --START--
INFO: CheckRoute Behavior ::run [ RunTime:0.001183s ]
INFO: [ route_check ] --END-- [ RunTime:0.001427s ]
INFO: [ app_begin ] --START--
INFO: ReadHtmlCache Behavior ::run [ RunTime:0.001030s ]
INFO: [ app_begin ] --END-- [ RunTime:0.001313s ]
SQL: SHOW COLUMNS FROM `category` [ RunTime:0.006010s ]
SQL: SELECT * FROM `category` ORDER BY id  [ RunTime:0.001001s ]
SQL: SHOW COLUMNS FROM `config` [ RunTime:0.005255s ]
SQL: SELECT `varname`,`value` FROM `config`  [ RunTime:0.000510s ]

[ 2014-05-05T13:30:42+08:00 ] 0.0.0.0 /dream/index.php/Produce
INFO: [ route_check ] --START--
INFO: CheckRoute Behavior ::run [ RunTime:0.000781s ]
INFO: [ route_check ] --END-- [ RunTime:0.000928s ]
INFO: [ app_begin ] --START--
INFO: ReadHtmlCache Behavior ::run [ RunTime:0.000529s ]
INFO: [ app_begin ] --END-- [ RunTime:0.000673s ]
NOTIC: [2048] Declaration of ProduceAction::show() should be compatible with Action::show($content, $charset = '', $contentType = '', $prefix = '') D:\wamp\www\dream\home\Lib\Action\ProduceAction.class.php 第 2 行.
SQL: SHOW COLUMNS FROM `category` [ RunTime:0.007271s ]
SQL: SELECT * FROM `category` ORDER BY id  [ RunTime:0.000657s ]
SQL: SHOW COLUMNS FROM `config` [ RunTime:0.005160s ]
SQL: SELECT `varname`,`value` FROM `config`  [ RunTime:0.000304s ]
SQL: SELECT * FROM `category` WHERE ( `module` = 'Produce' )  [ RunTime:0.000329s ]
SQL: SHOW COLUMNS FROM `produce` [ RunTime:0.004916s ]
NOTIC: [8] Undefined index: cid D:\wamp\www\dream\home\Lib\Action\ProduceAction.class.php 第 9 行.
SQL: SELECT * FROM `produce` ORDER BY id LIMIT 10   [ RunTime:0.000394s ]
INFO: [ view_parse ] --START--
NOTIC: [8] Undefined variable: page D:\wamp\www\dream\home\Runtime\Cache\503f258d9d12eff4eadb5c0ebb8d8e6b.php 第 112 行.
NOTIC: [8] Undefined variable: link D:\wamp\www\dream\home\Runtime\Cache\503f258d9d12eff4eadb5c0ebb8d8e6b.php 第 127 行.
NOTIC: [8] Undefined variable: footnav D:\wamp\www\dream\home\Runtime\Cache\503f258d9d12eff4eadb5c0ebb8d8e6b.php 第 134 行.
INFO: ParseTemplate Behavior ::run [ RunTime:0.018145s ]
INFO: [ view_parse ] --END-- [ RunTime:0.018293s ]
INFO: [ view_filter ] --START--
INFO: ContentReplace Behavior ::run [ RunTime:0.000482s ]
INFO: TokenBuild Behavior ::run [ RunTime:0.000428s ]
INFO: WriteHtmlCache Behavior ::run [ RunTime:0.000276s ]
INFO: ShowRuntime Behavior ::run [ RunTime:0.000528s ]
INFO: [ view_filter ] --END-- [ RunTime:0.002050s ]
INFO: [ view_end ] --START--
INFO: ShowPageTrace Behavior ::run [ RunTime:0.000543s ]
INFO: [ view_end ] --END-- [ RunTime:0.000666s ]

[ 2014-05-05T13:30:47+08:00 ] 0.0.0.0 /dream/index.php/news.php
INFO: [ route_check ] --START--
INFO: CheckRoute Behavior ::run [ RunTime:0.000677s ]
INFO: [ route_check ] --END-- [ RunTime:0.000837s ]
INFO: [ app_begin ] --START--
INFO: ReadHtmlCache Behavior ::run [ RunTime:0.000530s ]
INFO: [ app_begin ] --END-- [ RunTime:0.000656s ]
NOTIC: [8] Undefined variable: group D:\wamp\www\dream\ThinkPHP3.1.3\Lib\Core\App.class.php 第 95 行.
ERR: 无法加载模块:news.php

[ 2014-05-05T13:30:51+08:00 ] 0.0.0.0 /dream/index.php/Produce/show/id/6
INFO: [ route_check ] --START--
INFO: CheckRoute Behavior ::run [ RunTime:0.001585s ]
INFO: [ route_check ] --END-- [ RunTime:0.001906s ]
INFO: [ app_begin ] --START--
INFO: ReadHtmlCache Behavior ::run [ RunTime:0.001052s ]
INFO: [ app_begin ] --END-- [ RunTime:0.001289s ]
NOTIC: [2048] Declaration of ProduceAction::show() should be compatible with Action::show($content, $charset = '', $contentType = '', $prefix = '') D:\wamp\www\dream\home\Lib\Action\ProduceAction.class.php 第 2 行.
SQL: SHOW COLUMNS FROM `category` [ RunTime:0.032530s ]
SQL: SELECT * FROM `category` ORDER BY id  [ RunTime:0.001479s ]
SQL: SHOW COLUMNS FROM `config` [ RunTime:0.023438s ]
SQL: SELECT `varname`,`value` FROM `config`  [ RunTime:0.000564s ]
NOTIC: [8] Undefined variable: cat_list D:\wamp\www\dream\home\Lib\Action\ProduceAction.class.php 第 26 行.
SQL: SHOW COLUMNS FROM `produce` [ RunTime:0.010687s ]
SQL: SELECT * FROM `produce` WHERE ( id=6 ) LIMIT 1   [ RunTime:0.031886s ]
INFO: [ view_parse ] --START--
NOTIC: [8] Undefined variable: link D:\wamp\www\dream\home\Runtime\Cache\6e3b343174a7b2f9a63754962870da45.php 第 189 行.
NOTIC: [8] Undefined variable: footnav D:\wamp\www\dream\home\Runtime\Cache\6e3b343174a7b2f9a63754962870da45.php 第 196 行.
INFO: ParseTemplate Behavior ::run [ RunTime:0.080058s ]
INFO: [ view_parse ] --END-- [ RunTime:0.080330s ]
INFO: [ view_filter ] --START--
INFO: ContentReplace Behavior ::run [ RunTime:0.000893s ]
INFO: TokenBuild Behavior ::run [ RunTime:0.000927s ]
INFO: WriteHtmlCache Behavior ::run [ RunTime:0.000569s ]
INFO: ShowRuntime Behavior ::run [ RunTime:0.001328s ]
INFO: [ view_filter ] --END-- [ RunTime:0.004445s ]
INFO: [ view_end ] --START--
INFO: ShowPageTrace Behavior ::run [ RunTime:0.001637s ]
INFO: [ view_end ] --END-- [ RunTime:0.001997s ]

[ 2014-05-05T13:30:57+08:00 ] 0.0.0.0 /dream/index.php/Produce/show/id/13
INFO: [ route_check ] --START--
INFO: CheckRoute Behavior ::run [ RunTime:0.001280s ]
INFO: [ route_check ] --END-- [ RunTime:0.001525s ]
INFO: [ app_begin ] --START--
INFO: ReadHtmlCache Behavior ::run [ RunTime:0.000770s ]
INFO: [ app_begin ] --END-- [ RunTime:0.001010s ]
NOTIC: [2048] Declaration of ProduceAction::show() should be compatible with Action::show($content, $charset = '', $contentType = '', $prefix = '') D:\wamp\www\dream\home\Lib\Action\ProduceAction.class.php 第 2 行.
SQL: SHOW COLUMNS FROM `category` [ RunTime:0.006526s ]
SQL: SELECT * FROM `category` ORDER BY id  [ RunTime:0.000667s ]
SQL: SHOW COLUMNS FROM `config` [ RunTime:0.005792s ]
SQL: SELECT `varname`,`value` FROM `config`  [ RunTime:0.000394s ]
NOTIC: [8] Undefined variable: cat_list D:\wamp\www\dream\home\Lib\Action\ProduceAction.class.php 第 26 行.
SQL: SHOW COLUMNS FROM `produce` [ RunTime:0.005154s ]
SQL: SELECT * FROM `produce` WHERE ( id=13 ) LIMIT 1   [ RunTime:0.000313s ]
INFO: [ view_parse ] --START--
NOTIC: [8] Undefined variable: link D:\wamp\www\dream\home\Runtime\Cache\6e3b343174a7b2f9a63754962870da45.php 第 189 行.
NOTIC: [8] Undefined variable: footnav D:\wamp\www\dream\home\Runtime\Cache\6e3b343174a7b2f9a63754962870da45.php 第 196 行.
INFO: ParseTemplate Behavior ::run [ RunTime:0.012521s ]
INFO: [ view_parse ] --END-- [ RunTime:0.012673s ]
INFO: [ view_filter ] --START--
INFO: ContentReplace Behavior ::run [ RunTime:0.000444s ]
INFO: TokenBuild Behavior ::run [ RunTime:0.000434s ]
INFO: WriteHtmlCache Behavior ::run [ RunTime:0.000277s ]
INFO: ShowRuntime Behavior ::run [ RunTime:0.000539s ]
INFO: [ view_filter ] --END-- [ RunTime:0.002031s ]
INFO: [ view_end ] --START--
INFO: ShowPageTrace Behavior ::run [ RunTime:0.000544s ]
INFO: [ view_end ] --END-- [ RunTime:0.000675s ]

[ 2014-05-05T13:31:45+08:00 ] 0.0.0.0 /dream/index.php
INFO: [ app_begin ] --START--
INFO: ReadHtmlCache Behavior ::run [ RunTime:0.000541s ]
INFO: [ app_begin ] --END-- [ RunTime:0.000687s ]
SQL: SHOW COLUMNS FROM `category` [ RunTime:0.036625s ]
SQL: SELECT * FROM `category` ORDER BY id  [ RunTime:0.001342s ]
SQL: SHOW COLUMNS FROM `config` [ RunTime:0.011089s ]
SQL: SELECT `varname`,`value` FROM `config`  [ RunTime:0.000497s ]
SQL: SHOW COLUMNS FROM `article` [ RunTime:0.010386s ]
SQL: SELECT * FROM `article` ORDER BY id LIMIT 10   [ RunTime:0.000628s ]
SQL: SHOW COLUMNS FROM `rotate` [ RunTime:0.009387s ]
SQL: SELECT * FROM `rotate` ORDER BY sort desc,id desc  [ RunTime:0.000486s ]
SQL: SHOW COLUMNS FROM `produce` [ RunTime:0.010224s ]
SQL: SELECT `id`,`name`,`img` FROM `produce` WHERE ( is_show=1 )  [ RunTime:0.000640s ]
INFO: [ view_parse ] --START--
NOTIC: [8] Undefined variable: new2 D:\wamp\www\dream\home\Runtime\Cache\d046431aa157c89f3a1c30c426be003b.php 第 127 行.
NOTIC: [8] Undefined index: user D:\wamp\www\dream\home\Runtime\Cache\d046431aa157c89f3a1c30c426be003b.php 第 152 行.
NOTIC: [8] Undefined variable: footnav D:\wamp\www\dream\home\Runtime\Cache\d046431aa157c89f3a1c30c426be003b.php 第 223 行.
INFO: ParseTemplate Behavior ::run [ RunTime:0.051142s ]
INFO: [ view_parse ] --END-- [ RunTime:0.051343s ]
INFO: [ view_filter ] --START--
INFO: ContentReplace Behavior ::run [ RunTime:0.000514s ]
INFO: TokenBuild Behavior ::run [ RunTime:0.000430s ]
INFO: WriteHtmlCache Behavior ::run [ RunTime:0.000278s ]
INFO: ShowRuntime Behavior ::run [ RunTime:0.000544s ]
INFO: [ view_filter ] --END-- [ RunTime:0.002123s ]
INFO: [ view_end ] --START--
INFO: ShowPageTrace Behavior ::run [ RunTime:0.000557s ]
INFO: [ view_end ] --END-- [ RunTime:0.000682s ]

[ 2014-05-05T13:31:45+08:00 ] 0.0.0.0 /dream/index.php/Index/verify/
INFO: [ route_check ] --START--
INFO: CheckRoute Behavior ::run [ RunTime:0.000808s ]
INFO: [ route_check ] --END-- [ RunTime:0.000979s ]
INFO: [ app_begin ] --START--
INFO: ReadHtmlCache Behavior ::run [ RunTime:0.000578s ]
INFO: [ app_begin ] --END-- [ RunTime:0.000720s ]
SQL: SHOW COLUMNS FROM `category` [ RunTime:0.005258s ]
SQL: SELECT * FROM `category` ORDER BY id  [ RunTime:0.000793s ]
SQL: SHOW COLUMNS FROM `config` [ RunTime:0.004917s ]
SQL: SELECT `varname`,`value` FROM `config`  [ RunTime:0.000443s ]

