[ 2014-05-07T15:35:29+08:00 ] 0.0.0.0 /dream/
INFO: [ app_begin ] --START--
INFO: ReadHtmlCache Behavior ::run [ RunTime:0.006777s ]
INFO: [ app_begin ] --END-- [ RunTime:0.006955s ]
SQL: SHOW COLUMNS FROM `category` [ RunTime:0.038982s ]
SQL: SELECT * FROM `category` ORDER BY id  [ RunTime:0.021998s ]
SQL: SHOW COLUMNS FROM `config` [ RunTime:0.026449s ]
SQL: SELECT `varname`,`value` FROM `config`  [ RunTime:0.015680s ]
SQL: SHOW COLUMNS FROM `article` [ RunTime:0.023637s ]
SQL: SELECT * FROM `article` ORDER BY id LIMIT 10   [ RunTime:0.024433s ]
SQL: SHOW COLUMNS FROM `rotate` [ RunTime:0.010734s ]
SQL: SELECT * FROM `rotate` ORDER BY sort desc,id desc  [ RunTime:0.008797s ]
SQL: SHOW COLUMNS FROM `produce` [ RunTime:0.008564s ]
SQL: SELECT `id`,`name`,`img` FROM `produce` WHERE ( is_show=1 )  [ RunTime:0.011280s ]
INFO: [ view_parse ] --START--
NOTIC: [8] Undefined variable: new2 D:\wamp\www\dream\home\Runtime\Cache\d046431aa157c89f3a1c30c426be003b.php 第 127 行.
NOTIC: [8] Undefined index: user D:\wamp\www\dream\home\Runtime\Cache\d046431aa157c89f3a1c30c426be003b.php 第 152 行.
NOTIC: [8] Undefined variable: footnav D:\wamp\www\dream\home\Runtime\Cache\d046431aa157c89f3a1c30c426be003b.php 第 223 行.
INFO: ParseTemplate Behavior ::run [ RunTime:0.152948s ]
INFO: [ view_parse ] --END-- [ RunTime:0.153102s ]
INFO: [ view_filter ] --START--
INFO: ContentReplace Behavior ::run [ RunTime:0.005526s ]
INFO: TokenBuild Behavior ::run [ RunTime:0.006187s ]
INFO: WriteHtmlCache Behavior ::run [ RunTime:0.005068s ]
INFO: ShowRuntime Behavior ::run [ RunTime:0.006437s ]
INFO: [ view_filter ] --END-- [ RunTime:0.023621s ]
INFO: [ view_end ] --START--
INFO: ShowPageTrace Behavior ::run [ RunTime:0.005052s ]
INFO: [ view_end ] --END-- [ RunTime:0.005223s ]

[ 2014-05-07T15:35:29+08:00 ] 0.0.0.0 /dream/index.php/Index/verify/
INFO: [ route_check ] --START--
INFO: CheckRoute Behavior ::run [ RunTime:0.024322s ]
INFO: [ route_check ] --END-- [ RunTime:0.024712s ]
INFO: [ app_begin ] --START--
INFO: ReadHtmlCache Behavior ::run [ RunTime:0.001965s ]
INFO: [ app_begin ] --END-- [ RunTime:0.002220s ]
SQL: SHOW COLUMNS FROM `category` [ RunTime:0.008387s ]
SQL: SELECT * FROM `category` ORDER BY id  [ RunTime:0.000699s ]
SQL: SHOW COLUMNS FROM `config` [ RunTime:0.004497s ]
SQL: SELECT `varname`,`value` FROM `config`  [ RunTime:0.000288s ]

[ 2014-05-07T15:42:57+08:00 ] 0.0.0.0 /dream/index.php/Produce
INFO: [ route_check ] --START--
INFO: CheckRoute Behavior ::run [ RunTime:0.001113s ]
INFO: [ route_check ] --END-- [ RunTime:0.001259s ]
INFO: [ app_begin ] --START--
INFO: ReadHtmlCache Behavior ::run [ RunTime:0.000640s ]
INFO: [ app_begin ] --END-- [ RunTime:0.000766s ]
NOTIC: [2048] Declaration of ProduceAction::show() should be compatible with Action::show($content, $charset = '', $contentType = '', $prefix = '') D:\wamp\www\dream\home\Lib\Action\ProduceAction.class.php 第 2 行.
SQL: SHOW COLUMNS FROM `category` [ RunTime:0.007120s ]
SQL: SELECT * FROM `category` ORDER BY id  [ RunTime:0.000630s ]
SQL: SHOW COLUMNS FROM `config` [ RunTime:0.017184s ]
SQL: SELECT `varname`,`value` FROM `config`  [ RunTime:0.000333s ]
SQL: SELECT * FROM `category` WHERE ( `module` = 'Produce' )  [ RunTime:0.000438s ]
SQL: SHOW COLUMNS FROM `produce` [ RunTime:0.005474s ]
NOTIC: [8] Undefined index: cid D:\wamp\www\dream\home\Lib\Action\ProduceAction.class.php 第 9 行.
SQL: SELECT * FROM `produce` ORDER BY id LIMIT 10   [ RunTime:0.000405s ]
INFO: [ view_parse ] --START--
NOTIC: [8] Undefined variable: page D:\wamp\www\dream\home\Runtime\Cache\503f258d9d12eff4eadb5c0ebb8d8e6b.php 第 112 行.
NOTIC: [8] Undefined variable: link D:\wamp\www\dream\home\Runtime\Cache\503f258d9d12eff4eadb5c0ebb8d8e6b.php 第 127 行.
NOTIC: [8] Undefined variable: footnav D:\wamp\www\dream\home\Runtime\Cache\503f258d9d12eff4eadb5c0ebb8d8e6b.php 第 134 行.
INFO: ParseTemplate Behavior ::run [ RunTime:0.111343s ]
INFO: [ view_parse ] --END-- [ RunTime:0.111560s ]
INFO: [ view_filter ] --START--
INFO: ContentReplace Behavior ::run [ RunTime:0.001537s ]
INFO: TokenBuild Behavior ::run [ RunTime:0.001164s ]
INFO: WriteHtmlCache Behavior ::run [ RunTime:0.001048s ]
INFO: ShowRuntime Behavior ::run [ RunTime:0.001550s ]
INFO: [ view_filter ] --END-- [ RunTime:0.006096s ]
INFO: [ view_end ] --START--
INFO: ShowPageTrace Behavior ::run [ RunTime:0.001568s ]
INFO: [ view_end ] --END-- [ RunTime:0.001848s ]

[ 2014-05-07T15:43:01+08:00 ] 0.0.0.0 /dream/index.php/Produce/show/id/17
INFO: [ route_check ] --START--
INFO: CheckRoute Behavior ::run [ RunTime:0.002006s ]
INFO: [ route_check ] --END-- [ RunTime:0.002249s ]
INFO: [ app_begin ] --START--
INFO: ReadHtmlCache Behavior ::run [ RunTime:0.000944s ]
INFO: [ app_begin ] --END-- [ RunTime:0.001134s ]
NOTIC: [2048] Declaration of ProduceAction::show() should be compatible with Action::show($content, $charset = '', $contentType = '', $prefix = '') D:\wamp\www\dream\home\Lib\Action\ProduceAction.class.php 第 2 行.
SQL: SHOW COLUMNS FROM `category` [ RunTime:0.014655s ]
SQL: SELECT * FROM `category` ORDER BY id  [ RunTime:0.001170s ]
SQL: SHOW COLUMNS FROM `config` [ RunTime:0.023835s ]
SQL: SELECT `varname`,`value` FROM `config`  [ RunTime:0.000504s ]
NOTIC: [8] Undefined variable: cat_list D:\wamp\www\dream\home\Lib\Action\ProduceAction.class.php 第 26 行.
SQL: SHOW COLUMNS FROM `produce` [ RunTime:0.009694s ]
SQL: SELECT * FROM `produce` WHERE ( id=17 ) LIMIT 1   [ RunTime:0.020435s ]
INFO: [ view_parse ] --START--
NOTIC: [8] Undefined variable: link D:\wamp\www\dream\home\Runtime\Cache\6e3b343174a7b2f9a63754962870da45.php 第 189 行.
NOTIC: [8] Undefined variable: footnav D:\wamp\www\dream\home\Runtime\Cache\6e3b343174a7b2f9a63754962870da45.php 第 196 行.
INFO: ParseTemplate Behavior ::run [ RunTime:0.067882s ]
INFO: [ view_parse ] --END-- [ RunTime:0.068066s ]
INFO: [ view_filter ] --START--
INFO: ContentReplace Behavior ::run [ RunTime:0.000918s ]
INFO: TokenBuild Behavior ::run [ RunTime:0.001154s ]
INFO: WriteHtmlCache Behavior ::run [ RunTime:0.000891s ]
INFO: ShowRuntime Behavior ::run [ RunTime:0.001114s ]
INFO: [ view_filter ] --END-- [ RunTime:0.004681s ]
INFO: [ view_end ] --START--
INFO: ShowPageTrace Behavior ::run [ RunTime:0.001072s ]
INFO: [ view_end ] --END-- [ RunTime:0.001242s ]

[ 2014-05-07T15:43:05+08:00 ] 0.0.0.0 /dream/index.php
INFO: [ app_begin ] --START--
INFO: ReadHtmlCache Behavior ::run [ RunTime:0.000758s ]
INFO: [ app_begin ] --END-- [ RunTime:0.000896s ]
SQL: SHOW COLUMNS FROM `category` [ RunTime:0.022862s ]
SQL: SELECT * FROM `category` ORDER BY id  [ RunTime:0.000640s ]
SQL: SHOW COLUMNS FROM `config` [ RunTime:0.005367s ]
SQL: SELECT `varname`,`value` FROM `config`  [ RunTime:0.000350s ]
SQL: SHOW COLUMNS FROM `article` [ RunTime:0.005300s ]
SQL: SELECT * FROM `article` ORDER BY id LIMIT 10   [ RunTime:0.000359s ]
SQL: SHOW COLUMNS FROM `rotate` [ RunTime:0.006050s ]
SQL: SELECT * FROM `rotate` ORDER BY sort desc,id desc  [ RunTime:0.000288s ]
SQL: SHOW COLUMNS FROM `produce` [ RunTime:0.005005s ]
SQL: SELECT `id`,`name`,`img` FROM `produce` WHERE ( is_show=1 )  [ RunTime:0.000291s ]
INFO: [ view_parse ] --START--
NOTIC: [8] Undefined variable: new2 D:\wamp\www\dream\home\Runtime\Cache\d046431aa157c89f3a1c30c426be003b.php 第 127 行.
NOTIC: [8] Undefined index: user D:\wamp\www\dream\home\Runtime\Cache\d046431aa157c89f3a1c30c426be003b.php 第 152 行.
NOTIC: [8] Undefined variable: footnav D:\wamp\www\dream\home\Runtime\Cache\d046431aa157c89f3a1c30c426be003b.php 第 223 行.
INFO: ParseTemplate Behavior ::run [ RunTime:0.129110s ]
INFO: [ view_parse ] --END-- [ RunTime:0.129314s ]
INFO: [ view_filter ] --START--
INFO: ContentReplace Behavior ::run [ RunTime:0.001968s ]
INFO: TokenBuild Behavior ::run [ RunTime:0.001673s ]
INFO: WriteHtmlCache Behavior ::run [ RunTime:0.000714s ]
INFO: ShowRuntime Behavior ::run [ RunTime:0.001601s ]
INFO: [ view_filter ] --END-- [ RunTime:0.006802s ]
INFO: [ view_end ] --START--
INFO: ShowPageTrace Behavior ::run [ RunTime:0.001603s ]
INFO: [ view_end ] --END-- [ RunTime:0.001855s ]

[ 2014-05-07T15:43:05+08:00 ] 0.0.0.0 /dream/index.php/Index/verify/
INFO: [ route_check ] --START--
INFO: CheckRoute Behavior ::run [ RunTime:0.002005s ]
INFO: [ route_check ] --END-- [ RunTime:0.002268s ]
INFO: [ app_begin ] --START--
INFO: ReadHtmlCache Behavior ::run [ RunTime:0.001467s ]
INFO: [ app_begin ] --END-- [ RunTime:0.001727s ]
SQL: SHOW COLUMNS FROM `category` [ RunTime:0.004827s ]
SQL: SELECT * FROM `category` ORDER BY id  [ RunTime:0.000692s ]
SQL: SHOW COLUMNS FROM `config` [ RunTime:0.004384s ]
SQL: SELECT `varname`,`value` FROM `config`  [ RunTime:0.000326s ]

[ 2014-05-07T15:43:07+08:00 ] 0.0.0.0 /dream/index.php/Article/show/id/12
INFO: [ route_check ] --START--
INFO: CheckRoute Behavior ::run [ RunTime:0.001891s ]
INFO: [ route_check ] --END-- [ RunTime:0.002175s ]
INFO: [ app_begin ] --START--
INFO: ReadHtmlCache Behavior ::run [ RunTime:0.001488s ]
INFO: [ app_begin ] --END-- [ RunTime:0.001698s ]
NOTIC: [2048] Declaration of ArticleAction::show() should be compatible with Action::show($content, $charset = '', $contentType = '', $prefix = '') D:\wamp\www\dream\home\Lib\Action\ArticleAction.class.php 第 2 行.
SQL: SHOW COLUMNS FROM `category` [ RunTime:0.007344s ]
SQL: SELECT * FROM `category` ORDER BY id  [ RunTime:0.000724s ]
SQL: SHOW COLUMNS FROM `config` [ RunTime:0.005014s ]
SQL: SELECT `varname`,`value` FROM `config`  [ RunTime:0.000298s ]
SQL: SHOW COLUMNS FROM `article` [ RunTime:0.005920s ]
SQL: SELECT * FROM `article` WHERE ( id=12 ) LIMIT 1   [ RunTime:0.000332s ]
NOTIC: [8] Use of undefined constant eq - assumed 'eq' D:\wamp\www\dream\home\Lib\Action\ArticleAction.class.php 第 19 行.
NOTIC: [8] Use of undefined constant lt - assumed 'lt' D:\wamp\www\dream\home\Lib\Action\ArticleAction.class.php 第 20 行.
SQL: SELECT * FROM `article` WHERE ( `cid` = '26' ) AND ( `id` < '12' ) ORDER BY id desc LIMIT 1   [ RunTime:0.029145s ]
INFO: [ view_parse ] --START--
NOTIC: [8] Undefined variable: pcat D:\wamp\www\dream\home\Runtime\Cache\c829012322b7d58ff4a07275a2569e93.php 第 117 行.
NOTIC: [8] Undefined variable: link D:\wamp\www\dream\home\Runtime\Cache\c829012322b7d58ff4a07275a2569e93.php 第 191 行.
NOTIC: [8] Undefined variable: footnav D:\wamp\www\dream\home\Runtime\Cache\c829012322b7d58ff4a07275a2569e93.php 第 198 行.
INFO: ParseTemplate Behavior ::run [ RunTime:0.032888s ]
INFO: [ view_parse ] --END-- [ RunTime:0.033024s ]
INFO: [ view_filter ] --START--
INFO: ContentReplace Behavior ::run [ RunTime:0.000889s ]
INFO: TokenBuild Behavior ::run [ RunTime:0.001050s ]
INFO: WriteHtmlCache Behavior ::run [ RunTime:0.000662s ]
INFO: ShowRuntime Behavior ::run [ RunTime:0.000857s ]
INFO: [ view_filter ] --END-- [ RunTime:0.003814s ]
INFO: [ view_end ] --START--
INFO: ShowPageTrace Behavior ::run [ RunTime:0.000880s ]
INFO: [ view_end ] --END-- [ RunTime:0.000999s ]

