[ 2014-05-13T16:29:25+08:00 ] 0.0.0.0 /dream/
INFO: [ app_begin ] --START--
INFO: ReadHtmlCache Behavior ::run [ RunTime:0.007123s ]
INFO: [ app_begin ] --END-- [ RunTime:0.007294s ]
SQL: SHOW COLUMNS FROM `category` [ RunTime:0.062504s ]
SQL: SELECT * FROM `category` ORDER BY id  [ RunTime:0.000877s ]
SQL: SHOW COLUMNS FROM `config` [ RunTime:0.039975s ]
SQL: SELECT `varname`,`value` FROM `config`  [ RunTime:0.000326s ]
SQL: SHOW COLUMNS FROM `article` [ RunTime:0.048272s ]
SQL: SELECT * FROM `article` ORDER BY id LIMIT 10   [ RunTime:0.000665s ]
SQL: SHOW COLUMNS FROM `rotate` [ RunTime:0.046542s ]
SQL: SELECT * FROM `rotate` ORDER BY sort desc,id desc  [ RunTime:0.000575s ]
SQL: SHOW COLUMNS FROM `produce` [ RunTime:0.062799s ]
SQL: SELECT `id`,`name`,`img` FROM `produce` WHERE ( is_show=1 )  [ RunTime:0.000588s ]
INFO: [ view_parse ] --START--
NOTIC: [8] Undefined variable: new2 D:\wamp\www\dream\home\Runtime\Cache\d046431aa157c89f3a1c30c426be003b.php 第 127 行.
NOTIC: [8] Undefined index: user D:\wamp\www\dream\home\Runtime\Cache\d046431aa157c89f3a1c30c426be003b.php 第 152 行.
NOTIC: [8] Undefined variable: footnav D:\wamp\www\dream\home\Runtime\Cache\d046431aa157c89f3a1c30c426be003b.php 第 223 行.
INFO: ParseTemplate Behavior ::run [ RunTime:0.202370s ]
INFO: [ view_parse ] --END-- [ RunTime:0.202566s ]
INFO: [ view_filter ] --START--
INFO: ContentReplace Behavior ::run [ RunTime:0.004821s ]
INFO: TokenBuild Behavior ::run [ RunTime:0.009580s ]
INFO: WriteHtmlCache Behavior ::run [ RunTime:0.004152s ]
INFO: ShowRuntime Behavior ::run [ RunTime:0.005970s ]
INFO: [ view_filter ] --END-- [ RunTime:0.024919s ]
INFO: [ view_end ] --START--
INFO: ShowPageTrace Behavior ::run [ RunTime:0.004569s ]
INFO: [ view_end ] --END-- [ RunTime:0.004705s ]

[ 2014-05-13T16:29:26+08:00 ] 0.0.0.0 /dream/index.php/Index/verify/
INFO: [ route_check ] --START--
INFO: CheckRoute Behavior ::run [ RunTime:0.015517s ]
INFO: [ route_check ] --END-- [ RunTime:0.015677s ]
INFO: [ app_begin ] --START--
INFO: ReadHtmlCache Behavior ::run [ RunTime:0.001468s ]
INFO: [ app_begin ] --END-- [ RunTime:0.001675s ]
SQL: SHOW COLUMNS FROM `category` [ RunTime:0.010439s ]
SQL: SELECT * FROM `category` ORDER BY id  [ RunTime:0.000703s ]
SQL: SHOW COLUMNS FROM `config` [ RunTime:0.007713s ]
SQL: SELECT `varname`,`value` FROM `config`  [ RunTime:0.000485s ]

