[ 2014-04-23T09:42:16+08:00 ] 0.0.0.0 /dream/
INFO: [ app_begin ] --START--
INFO: ReadHtmlCache Behavior ::run [ RunTime:0.018822s ]
INFO: [ app_begin ] --END-- [ RunTime:0.019113s ]
SQL: SHOW COLUMNS FROM `category` [ RunTime:0.061513s ]
SQL: SELECT * FROM `category` ORDER BY id  [ RunTime:0.000684s ]
SQL: SHOW COLUMNS FROM `config` [ RunTime:0.020475s ]
SQL: SELECT `varname`,`value` FROM `config`  [ RunTime:0.000343s ]
SQL: SHOW COLUMNS FROM `article` [ RunTime:0.042554s ]
SQL: SELECT * FROM `article` ORDER BY id LIMIT 10   [ RunTime:0.000589s ]
SQL: SHOW COLUMNS FROM `rotate` [ RunTime:0.019216s ]
SQL: SELECT * FROM `rotate` ORDER BY sort desc,id desc  [ RunTime:0.000316s ]
SQL: SHOW COLUMNS FROM `produce` [ RunTime:0.028514s ]
SQL: SELECT `id`,`name`,`img` FROM `produce` WHERE ( is_show=1 )  [ RunTime:0.000326s ]
INFO: [ view_parse ] --START--
NOTIC: [8] Undefined variable: new2 D:\wamp\www\dream\home\Runtime\Cache\d046431aa157c89f3a1c30c426be003b.php 第 127 行.
NOTIC: [8] Undefined index: user D:\wamp\www\dream\home\Runtime\Cache\d046431aa157c89f3a1c30c426be003b.php 第 152 行.
NOTIC: [8] Undefined variable: footnav D:\wamp\www\dream\home\Runtime\Cache\d046431aa157c89f3a1c30c426be003b.php 第 223 行.
INFO: ParseTemplate Behavior ::run [ RunTime:0.174358s ]
INFO: [ view_parse ] --END-- [ RunTime:0.174502s ]
INFO: [ view_filter ] --START--
INFO: ContentReplace Behavior ::run [ RunTime:0.004603s ]
INFO: TokenBuild Behavior ::run [ RunTime:0.004554s ]
INFO: WriteHtmlCache Behavior ::run [ RunTime:0.003827s ]
INFO: ShowRuntime Behavior ::run [ RunTime:0.005896s ]
INFO: [ view_filter ] --END-- [ RunTime:0.019273s ]
INFO: [ view_end ] --START--
INFO: ShowPageTrace Behavior ::run [ RunTime:0.004501s ]
INFO: [ view_end ] --END-- [ RunTime:0.004640s ]

[ 2014-04-23T09:42:16+08:00 ] 0.0.0.0 /dream/index.php/Index/verify/
INFO: [ route_check ] --START--
INFO: CheckRoute Behavior ::run [ RunTime:0.020434s ]
INFO: [ route_check ] --END-- [ RunTime:0.020658s ]
INFO: [ app_begin ] --START--
INFO: ReadHtmlCache Behavior ::run [ RunTime:0.002074s ]
INFO: [ app_begin ] --END-- [ RunTime:0.002385s ]
SQL: SHOW COLUMNS FROM `category` [ RunTime:0.010443s ]
SQL: SELECT * FROM `category` ORDER BY id  [ RunTime:0.001261s ]
SQL: SHOW COLUMNS FROM `config` [ RunTime:0.008338s ]
SQL: SELECT `varname`,`value` FROM `config`  [ RunTime:0.000485s ]

