[ 2014-06-16T10:38:37+08:00 ] ::1 /kucms/
INFO: [ app_init ] --START--
INFO: Run Behavior\BuildLiteBehavior [ RunTime:0.000064s ]
INFO: [ app_init ] --END-- [ RunTime:0.022820s ]

[ 2014-06-16T10:43:54+08:00 ] ::1 /kucms/
INFO: [ app_init ] --START--
INFO: Run Behavior\BuildLiteBehavior [ RunTime:0.000030s ]
INFO: [ app_init ] --END-- [ RunTime:0.000556s ]

[ 2014-06-16T10:43:55+08:00 ] ::1 /kucms/index.php/Home/Index/List/index/Article
INFO: [ app_init ] --START--
INFO: Run Behavior\BuildLiteBehavior [ RunTime:0.000049s ]
INFO: [ app_init ] --END-- [ RunTime:0.000726s ]
ERR: 非法操作:List

[ 2014-06-16T10:46:09+08:00 ] ::1 /kucms/index.php/Home/Index/List/index/Article
INFO: [ app_init ] --START--
INFO: Run Behavior\BuildLiteBehavior [ RunTime:0.000031s ]
INFO: [ app_init ] --END-- [ RunTime:0.000556s ]
ERR: 非法操作:List

[ 2014-06-16T10:46:11+08:00 ] ::1 /kucms/index.php/Home/Index/List/index/Article
INFO: [ app_init ] --START--
INFO: Run Behavior\BuildLiteBehavior [ RunTime:0.000036s ]
INFO: [ app_init ] --END-- [ RunTime:0.000599s ]
ERR: 非法操作:List

[ 2014-06-16T10:47:07+08:00 ] ::1 /kucms/index.php/Home/Index/List/index/Article
INFO: [ app_init ] --START--
INFO: Run Behavior\BuildLiteBehavior [ RunTime:0.000040s ]
INFO: [ app_init ] --END-- [ RunTime:0.000738s ]
ERR: 非法操作:List

[ 2014-06-16T10:47:08+08:00 ] ::1 /kucms/index.php/Home/Index/List/index/Article
INFO: [ app_init ] --START--
INFO: Run Behavior\BuildLiteBehavior [ RunTime:0.000029s ]
INFO: [ app_init ] --END-- [ RunTime:0.000553s ]
ERR: 非法操作:List

[ 2014-06-16T10:47:09+08:00 ] ::1 /kucms/index.php/Home/Index/List/index/Article
INFO: [ app_init ] --START--
INFO: Run Behavior\BuildLiteBehavior [ RunTime:0.000030s ]
INFO: [ app_init ] --END-- [ RunTime:0.000523s ]
ERR: 非法操作:List

[ 2014-06-16T10:47:09+08:00 ] ::1 /kucms/index.php/Home/Index/List/index/Article
INFO: [ app_init ] --START--
INFO: Run Behavior\BuildLiteBehavior [ RunTime:0.000031s ]
INFO: [ app_init ] --END-- [ RunTime:0.000567s ]
ERR: 非法操作:List

[ 2014-06-16T10:47:10+08:00 ] ::1 /kucms/index.php/Home/Index/List/index/Article
INFO: [ app_init ] --START--
INFO: Run Behavior\BuildLiteBehavior [ RunTime:0.000028s ]
INFO: [ app_init ] --END-- [ RunTime:0.000519s ]
ERR: 非法操作:List

[ 2014-06-16T10:47:44+08:00 ] ::1 /kucms/index.php/Home/Index/List/index/Article
INFO: [ app_init ] --START--
INFO: Run Behavior\BuildLiteBehavior [ RunTime:0.000028s ]
INFO: [ app_init ] --END-- [ RunTime:0.000515s ]
ERR: 非法操作:List

[ 2014-06-16T10:47:46+08:00 ] ::1 /kucms/index.php/Home/Index/List/index/Article
INFO: [ app_init ] --START--
INFO: Run Behavior\BuildLiteBehavior [ RunTime:0.000034s ]
INFO: [ app_init ] --END-- [ RunTime:0.000815s ]
ERR: 非法操作:List

[ 2014-06-16T10:47:46+08:00 ] ::1 /kucms/index.php/Home/Index/List/index/Article
INFO: [ app_init ] --START--
INFO: Run Behavior\BuildLiteBehavior [ RunTime:0.000029s ]
INFO: [ app_init ] --END-- [ RunTime:0.000526s ]
ERR: 非法操作:List

[ 2014-06-16T10:48:03+08:00 ] ::1 /kucms/index.php/Home/Index/List/index/Article
INFO: [ app_init ] --START--
INFO: Run Behavior\BuildLiteBehavior [ RunTime:0.000030s ]
INFO: [ app_init ] --END-- [ RunTime:0.000541s ]
ERR: 非法操作:List

[ 2014-06-16T10:48:04+08:00 ] ::1 /kucms/index.php/Home/Index/List/index/Article
INFO: [ app_init ] --START--
INFO: Run Behavior\BuildLiteBehavior [ RunTime:0.000029s ]
INFO: [ app_init ] --END-- [ RunTime:0.000527s ]
ERR: 非法操作:List

[ 2014-06-16T10:48:04+08:00 ] ::1 /kucms/index.php/Home/Index/List/index/Article
INFO: [ app_init ] --START--
INFO: Run Behavior\BuildLiteBehavior [ RunTime:0.000029s ]
INFO: [ app_init ] --END-- [ RunTime:0.000521s ]
ERR: 非法操作:List

[ 2014-06-16T10:48:08+08:00 ] ::1 /kucms/
INFO: [ app_init ] --START--
INFO: Run Behavior\BuildLiteBehavior [ RunTime:0.000045s ]
INFO: [ app_init ] --END-- [ RunTime:0.000603s ]

[ 2014-06-16T10:48:12+08:00 ] ::1 /kucms/index.php/Home/List/index/module/Article/id/0
INFO: [ app_init ] --START--
INFO: Run Behavior\BuildLiteBehavior [ RunTime:0.000030s ]
INFO: [ app_init ] --END-- [ RunTime:0.000574s ]

[ 2014-06-16T11:00:35+08:00 ] ::1 /kucms/index.php
INFO: [ app_init ] --START--
INFO: Run Behavior\BuildLiteBehavior [ RunTime:0.000030s ]
INFO: [ app_init ] --END-- [ RunTime:0.000539s ]

[ 2014-06-16T11:00:40+08:00 ] ::1 /kucms/index.php/Home/List/index/module/Produce/id/95
INFO: [ app_init ] --START--
INFO: Run Behavior\BuildLiteBehavior [ RunTime:0.000029s ]
INFO: [ app_init ] --END-- [ RunTime:0.000518s ]

