[ 2014-06-20T17:49:27+08:00 ] ::1 /kucms/
INFO: [ app_init ] --START--
INFO: Run Behavior\BuildLiteBehavior [ RunTime:0.000045s ]
INFO: [ app_init ] --END-- [ RunTime:0.066028s ]

[ 2014-06-20T17:49:31+08:00 ] ::1 /kucms/index.php/admin
INFO: [ app_init ] --START--
INFO: Run Behavior\BuildLiteBehavior [ RunTime:0.000036s ]
INFO: [ app_init ] --END-- [ RunTime:0.000818s ]
INFO: [ app_begin ] --START--
INFO: Run Behavior\ReadHtmlCacheBehavior [ RunTime:0.001097s ]
INFO: [ app_begin ] --END-- [ RunTime:0.001267s ]
INFO: [ view_parse ] --START--
INFO: [ template_filter ] --START--
INFO: Run Behavior\ContentReplaceBehavior [ RunTime:0.000068s ]
INFO: [ template_filter ] --END-- [ RunTime:0.000214s ]
INFO: Run Behavior\ParseTemplateBehavior [ RunTime:0.117599s ]
INFO: [ view_parse ] --END-- [ RunTime:0.117865s ]
INFO: [ view_filter ] --START--
INFO: Run Behavior\WriteHtmlCacheBehavior [ RunTime:0.000889s ]
INFO: [ view_filter ] --END-- [ RunTime:0.001094s ]
INFO: [ app_end ] --START--
INFO: Run Behavior\ShowPageTraceBehavior [ RunTime:0.001319s ]
INFO: [ app_end ] --END-- [ RunTime:0.001534s ]

[ 2014-06-20T17:49:32+08:00 ] ::1 /kucms/index.php/Admin/Public/top.html
INFO: [ app_init ] --START--
INFO: Run Behavior\BuildLiteBehavior [ RunTime:0.000051s ]
INFO: [ app_init ] --END-- [ RunTime:0.000798s ]
INFO: [ app_begin ] --START--
INFO: Run Behavior\ReadHtmlCacheBehavior [ RunTime:0.001179s ]
INFO: [ app_begin ] --END-- [ RunTime:0.001371s ]
INFO: [ view_parse ] --START--
INFO: [ template_filter ] --START--
INFO: Run Behavior\ContentReplaceBehavior [ RunTime:0.000079s ]
INFO: [ template_filter ] --END-- [ RunTime:0.000213s ]
INFO: Run Behavior\ParseTemplateBehavior [ RunTime:0.067246s ]
INFO: [ view_parse ] --END-- [ RunTime:0.067406s ]
INFO: [ view_filter ] --START--
INFO: Run Behavior\WriteHtmlCacheBehavior [ RunTime:0.000607s ]
INFO: [ view_filter ] --END-- [ RunTime:0.000732s ]
INFO: [ app_end ] --START--
INFO: Run Behavior\ShowPageTraceBehavior [ RunTime:0.000817s ]
INFO: [ app_end ] --END-- [ RunTime:0.000939s ]

[ 2014-06-20T17:49:32+08:00 ] ::1 /kucms/index.php/Admin/Public/main.html
INFO: [ app_init ] --START--
INFO: Run Behavior\BuildLiteBehavior [ RunTime:0.000058s ]
INFO: [ app_init ] --END-- [ RunTime:0.001009s ]
INFO: [ app_begin ] --START--
INFO: Run Behavior\ReadHtmlCacheBehavior [ RunTime:0.002023s ]
INFO: [ app_begin ] --END-- [ RunTime:0.002286s ]
INFO: [ view_parse ] --START--
INFO: [ template_filter ] --START--
INFO: Run Behavior\ContentReplaceBehavior [ RunTime:0.000082s ]
INFO: [ template_filter ] --END-- [ RunTime:0.000225s ]
INFO: Run Behavior\ParseTemplateBehavior [ RunTime:0.057879s ]
INFO: [ view_parse ] --END-- [ RunTime:0.058274s ]
INFO: [ view_filter ] --START--
INFO: Run Behavior\WriteHtmlCacheBehavior [ RunTime:0.001251s ]
INFO: [ view_filter ] --END-- [ RunTime:0.001488s ]
INFO: [ app_end ] --START--
INFO: Run Behavior\ShowPageTraceBehavior [ RunTime:0.001511s ]
INFO: [ app_end ] --END-- [ RunTime:0.001739s ]

[ 2014-06-20T17:49:32+08:00 ] ::1 /kucms/index.php/Admin/Public/menu.html
INFO: [ app_init ] --START--
INFO: Run Behavior\BuildLiteBehavior [ RunTime:0.000031s ]
INFO: [ app_init ] --END-- [ RunTime:0.000542s ]
INFO: [ app_begin ] --START--
INFO: Run Behavior\ReadHtmlCacheBehavior [ RunTime:0.010455s ]
INFO: [ app_begin ] --END-- [ RunTime:0.010718s ]
SQL: SHOW COLUMNS FROM `module` [ RunTime:0.020610s ]
SQL: SELECT * FROM `module` ORDER BY id  [ RunTime:0.017518s ]
INFO: [ view_parse ] --START--
INFO: [ template_filter ] --START--
INFO: Run Behavior\ContentReplaceBehavior [ RunTime:0.000098s ]
INFO: [ template_filter ] --END-- [ RunTime:0.000236s ]
NOTIC: [8] Undefined index: channel D:\wamp\www\kucms\Application\Runtime\Cache\Admin\fc6fd01631273ba50d3bc9f2f442211f.php 第 12 行.
NOTIC: [8] Undefined index: channel D:\wamp\www\kucms\Application\Runtime\Cache\Admin\fc6fd01631273ba50d3bc9f2f442211f.php 第 31 行.
NOTIC: [8] Undefined index: channel D:\wamp\www\kucms\Application\Runtime\Cache\Admin\fc6fd01631273ba50d3bc9f2f442211f.php 第 54 行.
NOTIC: [8] Undefined index: channel D:\wamp\www\kucms\Application\Runtime\Cache\Admin\fc6fd01631273ba50d3bc9f2f442211f.php 第 84 行.
NOTIC: [8] Undefined index: channel D:\wamp\www\kucms\Application\Runtime\Cache\Admin\fc6fd01631273ba50d3bc9f2f442211f.php 第 114 行.
INFO: Run Behavior\ParseTemplateBehavior [ RunTime:0.075870s ]
INFO: [ view_parse ] --END-- [ RunTime:0.076041s ]
INFO: [ view_filter ] --START--
INFO: Run Behavior\WriteHtmlCacheBehavior [ RunTime:0.000740s ]
INFO: [ view_filter ] --END-- [ RunTime:0.000862s ]
INFO: [ app_end ] --START--
INFO: Run Behavior\ShowPageTraceBehavior [ RunTime:0.000931s ]
INFO: [ app_end ] --END-- [ RunTime:0.001060s ]

[ 2014-06-20T17:49:34+08:00 ] ::1 /kucms/index.php/Admin/Public/menu/channel/2
INFO: [ app_init ] --START--
INFO: Run Behavior\BuildLiteBehavior [ RunTime:0.000029s ]
INFO: [ app_init ] --END-- [ RunTime:0.000543s ]
INFO: [ app_begin ] --START--
INFO: Run Behavior\ReadHtmlCacheBehavior [ RunTime:0.000916s ]
INFO: [ app_begin ] --END-- [ RunTime:0.001059s ]
SQL: SHOW COLUMNS FROM `module` [ RunTime:0.017367s ]
SQL: SELECT * FROM `module` ORDER BY id  [ RunTime:0.045558s ]
INFO: [ view_parse ] --START--
INFO: [ template_filter ] --START--
INFO: Run Behavior\ContentReplaceBehavior [ RunTime:0.005858s ]
INFO: [ template_filter ] --END-- [ RunTime:0.006152s ]
INFO: Run Behavior\ParseTemplateBehavior [ RunTime:0.037338s ]
INFO: [ view_parse ] --END-- [ RunTime:0.037634s ]
INFO: [ view_filter ] --START--
INFO: Run Behavior\WriteHtmlCacheBehavior [ RunTime:0.001311s ]
INFO: [ view_filter ] --END-- [ RunTime:0.001606s ]
INFO: [ app_end ] --START--
INFO: Run Behavior\ShowPageTraceBehavior [ RunTime:0.001767s ]
INFO: [ app_end ] --END-- [ RunTime:0.002024s ]

[ 2014-06-20T17:49:36+08:00 ] ::1 /kucms/index.php/Admin/Category
INFO: [ app_init ] --START--
INFO: Run Behavior\BuildLiteBehavior [ RunTime:0.000028s ]
INFO: [ app_init ] --END-- [ RunTime:0.000462s ]
INFO: [ app_begin ] --START--
INFO: Run Behavior\ReadHtmlCacheBehavior [ RunTime:0.001140s ]
INFO: [ app_begin ] --END-- [ RunTime:0.001284s ]
SQL: SHOW COLUMNS FROM `category` [ RunTime:0.028987s ]
SQL: SELECT `id`,`cname`,`fid`,`moduleid`,`path`,`isshow`,`sort`,concat(path,'-',id) AS `bpath` FROM `category` ORDER BY bpath asc  [ RunTime:0.108957s ]
SQL: SHOW COLUMNS FROM `module` [ RunTime:0.011939s ]
SQL: SELECT * FROM `module` WHERE ( 1=1 AND id='3' ) LIMIT 1   [ RunTime:0.000499s ]
SQL: SELECT * FROM `module` WHERE ( 1=1 AND id='1' ) LIMIT 1   [ RunTime:0.000378s ]
SQL: SELECT * FROM `module` WHERE ( 1=1 AND id='4' ) LIMIT 1   [ RunTime:0.000467s ]
SQL: SELECT * FROM `module` WHERE ( 1=1 AND id='1' ) LIMIT 1   [ RunTime:0.000287s ]
SQL: SELECT * FROM `module` WHERE ( 1=1 AND id='3' ) LIMIT 1   [ RunTime:0.000277s ]
SQL: SELECT * FROM `module` WHERE ( 1=1 AND id='3' ) LIMIT 1   [ RunTime:0.000269s ]
SQL: SELECT * FROM `module` WHERE ( 1=1 AND id='3' ) LIMIT 1   [ RunTime:0.000280s ]
SQL: SELECT * FROM `module` WHERE ( 1=1 AND id='1' ) LIMIT 1   [ RunTime:0.000271s ]
SQL: SELECT * FROM `module` WHERE ( 1=1 AND id='1' ) LIMIT 1   [ RunTime:0.000269s ]
SQL: SELECT * FROM `module` WHERE ( 1=1 AND id='1' ) LIMIT 1   [ RunTime:0.000271s ]
SQL: SELECT * FROM `module` WHERE ( 1=1 AND id='1' ) LIMIT 1   [ RunTime:0.000269s ]
SQL: SELECT * FROM `module` WHERE ( 1=1 AND id='2' ) LIMIT 1   [ RunTime:0.000263s ]
SQL: SELECT * FROM `module` WHERE ( 1=1 AND id='2' ) LIMIT 1   [ RunTime:0.000278s ]
SQL: SELECT * FROM `module` WHERE ( 1=1 AND id='1' ) LIMIT 1   [ RunTime:0.000225s ]
SQL: SELECT * FROM `module` WHERE ( 1=1 AND id='2' ) LIMIT 1   [ RunTime:0.000233s ]
INFO: [ view_parse ] --START--
INFO: [ template_filter ] --START--
INFO: Run Behavior\ContentReplaceBehavior [ RunTime:0.000098s ]
INFO: [ template_filter ] --END-- [ RunTime:0.000232s ]
NOTIC: [8] Undefined index: cat_id D:\wamp\www\kucms\Application\Runtime\Cache\Admin\9bfef0f9f473c596f668b6c9a32bfd5c.php 第 127 行.
NOTIC: [8] Undefined index: cat_id D:\wamp\www\kucms\Application\Runtime\Cache\Admin\9bfef0f9f473c596f668b6c9a32bfd5c.php 第 127 行.
NOTIC: [8] Undefined index: cat_id D:\wamp\www\kucms\Application\Runtime\Cache\Admin\9bfef0f9f473c596f668b6c9a32bfd5c.php 第 127 行.
NOTIC: [8] Undefined index: cat_id D:\wamp\www\kucms\Application\Runtime\Cache\Admin\9bfef0f9f473c596f668b6c9a32bfd5c.php 第 127 行.
NOTIC: [8] Undefined index: cat_id D:\wamp\www\kucms\Application\Runtime\Cache\Admin\9bfef0f9f473c596f668b6c9a32bfd5c.php 第 127 行.
NOTIC: [8] Undefined index: cat_id D:\wamp\www\kucms\Application\Runtime\Cache\Admin\9bfef0f9f473c596f668b6c9a32bfd5c.php 第 127 行.
NOTIC: [8] Undefined index: cat_id D:\wamp\www\kucms\Application\Runtime\Cache\Admin\9bfef0f9f473c596f668b6c9a32bfd5c.php 第 127 行.
NOTIC: [8] Undefined index: cat_id D:\wamp\www\kucms\Application\Runtime\Cache\Admin\9bfef0f9f473c596f668b6c9a32bfd5c.php 第 127 行.
NOTIC: [8] Undefined index: cat_id D:\wamp\www\kucms\Application\Runtime\Cache\Admin\9bfef0f9f473c596f668b6c9a32bfd5c.php 第 127 行.
NOTIC: [8] Undefined index: cat_id D:\wamp\www\kucms\Application\Runtime\Cache\Admin\9bfef0f9f473c596f668b6c9a32bfd5c.php 第 127 行.
NOTIC: [8] Undefined index: cat_id D:\wamp\www\kucms\Application\Runtime\Cache\Admin\9bfef0f9f473c596f668b6c9a32bfd5c.php 第 127 行.
NOTIC: [8] Undefined index: cat_id D:\wamp\www\kucms\Application\Runtime\Cache\Admin\9bfef0f9f473c596f668b6c9a32bfd5c.php 第 127 行.
NOTIC: [8] Undefined index: cat_id D:\wamp\www\kucms\Application\Runtime\Cache\Admin\9bfef0f9f473c596f668b6c9a32bfd5c.php 第 127 行.
NOTIC: [8] Undefined index: cat_id D:\wamp\www\kucms\Application\Runtime\Cache\Admin\9bfef0f9f473c596f668b6c9a32bfd5c.php 第 127 行.
NOTIC: [8] Undefined index: cat_id D:\wamp\www\kucms\Application\Runtime\Cache\Admin\9bfef0f9f473c596f668b6c9a32bfd5c.php 第 127 行.
INFO: Run Behavior\ParseTemplateBehavior [ RunTime:0.050723s ]
INFO: [ view_parse ] --END-- [ RunTime:0.050886s ]
INFO: [ view_filter ] --START--
INFO: Run Behavior\WriteHtmlCacheBehavior [ RunTime:0.000610s ]
INFO: [ view_filter ] --END-- [ RunTime:0.000728s ]
INFO: [ app_end ] --START--
INFO: Run Behavior\ShowPageTraceBehavior [ RunTime:0.000937s ]
INFO: [ app_end ] --END-- [ RunTime:0.001066s ]

[ 2014-06-20T17:49:38+08:00 ] ::1 /kucms/index.php/Admin/Article/add/id/2
INFO: [ app_init ] --START--
INFO: Run Behavior\BuildLiteBehavior [ RunTime:0.000028s ]
INFO: [ app_init ] --END-- [ RunTime:0.000462s ]
INFO: [ app_begin ] --START--
INFO: Run Behavior\ReadHtmlCacheBehavior [ RunTime:0.000888s ]
INFO: [ app_begin ] --END-- [ RunTime:0.001035s ]
SQL: SHOW COLUMNS FROM `category` [ RunTime:0.013981s ]
SQL: SELECT `id`,`fid`,`cname`,concat(path,'-',id) AS `bpath` FROM `category` WHERE ( moduleid=2 ) ORDER BY bpath  [ RunTime:0.043077s ]
INFO: [ view_parse ] --START--
INFO: [ template_filter ] --START--
INFO: Run Behavior\ContentReplaceBehavior [ RunTime:0.000183s ]
INFO: [ template_filter ] --END-- [ RunTime:0.000452s ]
INFO: Run Behavior\ParseTemplateBehavior [ RunTime:0.136323s ]
INFO: [ view_parse ] --END-- [ RunTime:0.136653s ]
INFO: [ view_filter ] --START--
INFO: Run Behavior\WriteHtmlCacheBehavior [ RunTime:0.001197s ]
INFO: [ view_filter ] --END-- [ RunTime:0.001445s ]
INFO: [ app_end ] --START--
INFO: Run Behavior\ShowPageTraceBehavior [ RunTime:0.001663s ]
INFO: [ app_end ] --END-- [ RunTime:0.001915s ]

[ 2014-06-20T17:49:49+08:00 ] ::1 /kucms/index.php/Admin/Page
INFO: [ app_init ] --START--
INFO: Run Behavior\BuildLiteBehavior [ RunTime:0.000030s ]
INFO: [ app_init ] --END-- [ RunTime:0.000556s ]
INFO: [ app_begin ] --START--
INFO: Run Behavior\ReadHtmlCacheBehavior [ RunTime:0.000927s ]
INFO: [ app_begin ] --END-- [ RunTime:0.001074s ]
SQL: SHOW COLUMNS FROM `page` [ RunTime:0.613371s ]
SQL: SELECT COUNT(id) AS tp_count FROM `page` LIMIT 1   [ RunTime:0.017092s ]
SQL: SELECT * FROM `page` ORDER BY id desc LIMIT 0,5   [ RunTime:0.019406s ]
SQL: SHOW COLUMNS FROM `category` [ RunTime:0.007645s ]
SQL: SELECT * FROM `category` WHERE ( 1=1 AND id='112' ) LIMIT 1   [ RunTime:0.027207s ]
SQL: SELECT * FROM `category` WHERE ( 1=1 AND id='1' ) LIMIT 1   [ RunTime:0.000531s ]
SQL: SELECT * FROM `category` WHERE ( 1=1 AND id='1' ) LIMIT 1   [ RunTime:0.000433s ]
SQL: SELECT * FROM `category` WHERE ( 1=1 AND id='1' ) LIMIT 1   [ RunTime:0.000415s ]
SQL: SELECT * FROM `category` WHERE ( 1=1 AND id='1' ) LIMIT 1   [ RunTime:0.000633s ]
INFO: [ view_parse ] --START--
INFO: [ template_filter ] --START--
INFO: Run Behavior\ContentReplaceBehavior [ RunTime:0.000145s ]
INFO: [ template_filter ] --END-- [ RunTime:0.000409s ]
NOTIC: [8] Undefined index: id D:\wamp\www\kucms\Application\Runtime\Cache\Admin\31929939fdb8e605f69fbacf2b873270.php 第 66 行.
NOTIC: [8] Undefined index: catname D:\wamp\www\kucms\Application\Runtime\Cache\Admin\31929939fdb8e605f69fbacf2b873270.php 第 80 行.
NOTIC: [8] Undefined index: catname D:\wamp\www\kucms\Application\Runtime\Cache\Admin\31929939fdb8e605f69fbacf2b873270.php 第 80 行.
NOTIC: [8] Undefined index: catname D:\wamp\www\kucms\Application\Runtime\Cache\Admin\31929939fdb8e605f69fbacf2b873270.php 第 80 行.
NOTIC: [8] Undefined index: catname D:\wamp\www\kucms\Application\Runtime\Cache\Admin\31929939fdb8e605f69fbacf2b873270.php 第 80 行.
NOTIC: [8] Undefined index: catname D:\wamp\www\kucms\Application\Runtime\Cache\Admin\31929939fdb8e605f69fbacf2b873270.php 第 80 行.
INFO: Run Behavior\ParseTemplateBehavior [ RunTime:0.067726s ]
INFO: [ view_parse ] --END-- [ RunTime:0.068114s ]
INFO: [ view_filter ] --START--
INFO: Run Behavior\WriteHtmlCacheBehavior [ RunTime:0.001736s ]
INFO: [ view_filter ] --END-- [ RunTime:0.002013s ]
INFO: [ app_end ] --START--
INFO: Run Behavior\ShowPageTraceBehavior [ RunTime:0.001746s ]
INFO: [ app_end ] --END-- [ RunTime:0.002019s ]

[ 2014-06-20T17:49:50+08:00 ] ::1 /kucms/index.php/Admin/Category
INFO: [ app_init ] --START--
INFO: Run Behavior\BuildLiteBehavior [ RunTime:0.000029s ]
INFO: [ app_init ] --END-- [ RunTime:0.000555s ]
INFO: [ app_begin ] --START--
INFO: Run Behavior\ReadHtmlCacheBehavior [ RunTime:0.000791s ]
INFO: [ app_begin ] --END-- [ RunTime:0.000917s ]
SQL: SHOW COLUMNS FROM `category` [ RunTime:0.007567s ]
SQL: SELECT `id`,`cname`,`fid`,`moduleid`,`path`,`isshow`,`sort`,concat(path,'-',id) AS `bpath` FROM `category` ORDER BY bpath asc  [ RunTime:0.005847s ]
SQL: SHOW COLUMNS FROM `module` [ RunTime:0.006606s ]
SQL: SELECT * FROM `module` WHERE ( 1=1 AND id='3' ) LIMIT 1   [ RunTime:0.000362s ]
SQL: SELECT * FROM `module` WHERE ( 1=1 AND id='1' ) LIMIT 1   [ RunTime:0.000238s ]
SQL: SELECT * FROM `module` WHERE ( 1=1 AND id='4' ) LIMIT 1   [ RunTime:0.000225s ]
SQL: SELECT * FROM `module` WHERE ( 1=1 AND id='1' ) LIMIT 1   [ RunTime:0.000226s ]
SQL: SELECT * FROM `module` WHERE ( 1=1 AND id='3' ) LIMIT 1   [ RunTime:0.000227s ]
SQL: SELECT * FROM `module` WHERE ( 1=1 AND id='3' ) LIMIT 1   [ RunTime:0.000254s ]
SQL: SELECT * FROM `module` WHERE ( 1=1 AND id='3' ) LIMIT 1   [ RunTime:0.000297s ]
SQL: SELECT * FROM `module` WHERE ( 1=1 AND id='1' ) LIMIT 1   [ RunTime:0.000257s ]
SQL: SELECT * FROM `module` WHERE ( 1=1 AND id='1' ) LIMIT 1   [ RunTime:0.000240s ]
SQL: SELECT * FROM `module` WHERE ( 1=1 AND id='1' ) LIMIT 1   [ RunTime:0.000235s ]
SQL: SELECT * FROM `module` WHERE ( 1=1 AND id='1' ) LIMIT 1   [ RunTime:0.000225s ]
SQL: SELECT * FROM `module` WHERE ( 1=1 AND id='2' ) LIMIT 1   [ RunTime:0.000274s ]
SQL: SELECT * FROM `module` WHERE ( 1=1 AND id='2' ) LIMIT 1   [ RunTime:0.000247s ]
SQL: SELECT * FROM `module` WHERE ( 1=1 AND id='1' ) LIMIT 1   [ RunTime:0.000232s ]
SQL: SELECT * FROM `module` WHERE ( 1=1 AND id='2' ) LIMIT 1   [ RunTime:0.000243s ]
INFO: [ view_parse ] --START--
INFO: [ template_filter ] --START--
INFO: Run Behavior\ContentReplaceBehavior [ RunTime:0.000107s ]
INFO: [ template_filter ] --END-- [ RunTime:0.000239s ]
NOTIC: [8] Undefined index: cat_id D:\wamp\www\kucms\Application\Runtime\Cache\Admin\9bfef0f9f473c596f668b6c9a32bfd5c.php 第 127 行.
NOTIC: [8] Undefined index: cat_id D:\wamp\www\kucms\Application\Runtime\Cache\Admin\9bfef0f9f473c596f668b6c9a32bfd5c.php 第 127 行.
NOTIC: [8] Undefined index: cat_id D:\wamp\www\kucms\Application\Runtime\Cache\Admin\9bfef0f9f473c596f668b6c9a32bfd5c.php 第 127 行.
NOTIC: [8] Undefined index: cat_id D:\wamp\www\kucms\Application\Runtime\Cache\Admin\9bfef0f9f473c596f668b6c9a32bfd5c.php 第 127 行.
NOTIC: [8] Undefined index: cat_id D:\wamp\www\kucms\Application\Runtime\Cache\Admin\9bfef0f9f473c596f668b6c9a32bfd5c.php 第 127 行.
NOTIC: [8] Undefined index: cat_id D:\wamp\www\kucms\Application\Runtime\Cache\Admin\9bfef0f9f473c596f668b6c9a32bfd5c.php 第 127 行.
NOTIC: [8] Undefined index: cat_id D:\wamp\www\kucms\Application\Runtime\Cache\Admin\9bfef0f9f473c596f668b6c9a32bfd5c.php 第 127 行.
NOTIC: [8] Undefined index: cat_id D:\wamp\www\kucms\Application\Runtime\Cache\Admin\9bfef0f9f473c596f668b6c9a32bfd5c.php 第 127 行.
NOTIC: [8] Undefined index: cat_id D:\wamp\www\kucms\Application\Runtime\Cache\Admin\9bfef0f9f473c596f668b6c9a32bfd5c.php 第 127 行.
NOTIC: [8] Undefined index: cat_id D:\wamp\www\kucms\Application\Runtime\Cache\Admin\9bfef0f9f473c596f668b6c9a32bfd5c.php 第 127 行.
NOTIC: [8] Undefined index: cat_id D:\wamp\www\kucms\Application\Runtime\Cache\Admin\9bfef0f9f473c596f668b6c9a32bfd5c.php 第 127 行.
NOTIC: [8] Undefined index: cat_id D:\wamp\www\kucms\Application\Runtime\Cache\Admin\9bfef0f9f473c596f668b6c9a32bfd5c.php 第 127 行.
NOTIC: [8] Undefined index: cat_id D:\wamp\www\kucms\Application\Runtime\Cache\Admin\9bfef0f9f473c596f668b6c9a32bfd5c.php 第 127 行.
NOTIC: [8] Undefined index: cat_id D:\wamp\www\kucms\Application\Runtime\Cache\Admin\9bfef0f9f473c596f668b6c9a32bfd5c.php 第 127 行.
NOTIC: [8] Undefined index: cat_id D:\wamp\www\kucms\Application\Runtime\Cache\Admin\9bfef0f9f473c596f668b6c9a32bfd5c.php 第 127 行.
INFO: Run Behavior\ParseTemplateBehavior [ RunTime:0.021134s ]
INFO: [ view_parse ] --END-- [ RunTime:0.021265s ]
INFO: [ view_filter ] --START--
INFO: Run Behavior\WriteHtmlCacheBehavior [ RunTime:0.000602s ]
INFO: [ view_filter ] --END-- [ RunTime:0.000719s ]
INFO: [ app_end ] --START--
INFO: Run Behavior\ShowPageTraceBehavior [ RunTime:0.000756s ]
INFO: [ app_end ] --END-- [ RunTime:0.000879s ]

[ 2014-06-20T17:50:14+08:00 ] ::1 /kucms/index.php/Admin/Category
INFO: [ app_init ] --START--
INFO: Run Behavior\BuildLiteBehavior [ RunTime:0.000029s ]
INFO: [ app_init ] --END-- [ RunTime:0.000477s ]
INFO: [ app_begin ] --START--
INFO: Run Behavior\ReadHtmlCacheBehavior [ RunTime:0.000883s ]
INFO: [ app_begin ] --END-- [ RunTime:0.001019s ]
SQL: SHOW COLUMNS FROM `category` [ RunTime:0.013418s ]
SQL: SELECT `id`,`cname`,`fid`,`moduleid`,`path`,`isshow`,`sort`,concat(path,'-',id) AS `bpath` FROM `category` ORDER BY bpath asc  [ RunTime:0.000446s ]
SQL: SHOW COLUMNS FROM `module` [ RunTime:0.006707s ]
SQL: SELECT * FROM `module` WHERE ( 1=1 AND id='3' ) LIMIT 1   [ RunTime:0.000355s ]
SQL: SELECT * FROM `module` WHERE ( 1=1 AND id='1' ) LIMIT 1   [ RunTime:0.000245s ]
SQL: SELECT * FROM `module` WHERE ( 1=1 AND id='4' ) LIMIT 1   [ RunTime:0.000275s ]
SQL: SELECT * FROM `module` WHERE ( 1=1 AND id='1' ) LIMIT 1   [ RunTime:0.000236s ]
SQL: SELECT * FROM `module` WHERE ( 1=1 AND id='3' ) LIMIT 1   [ RunTime:0.000231s ]
SQL: SELECT * FROM `module` WHERE ( 1=1 AND id='3' ) LIMIT 1   [ RunTime:0.000237s ]
SQL: SELECT * FROM `module` WHERE ( 1=1 AND id='3' ) LIMIT 1   [ RunTime:0.000222s ]
SQL: SELECT * FROM `module` WHERE ( 1=1 AND id='1' ) LIMIT 1   [ RunTime:0.000226s ]
SQL: SELECT * FROM `module` WHERE ( 1=1 AND id='1' ) LIMIT 1   [ RunTime:0.000288s ]
SQL: SELECT * FROM `module` WHERE ( 1=1 AND id='1' ) LIMIT 1   [ RunTime:0.000260s ]
SQL: SELECT * FROM `module` WHERE ( 1=1 AND id='1' ) LIMIT 1   [ RunTime:0.000235s ]
SQL: SELECT * FROM `module` WHERE ( 1=1 AND id='2' ) LIMIT 1   [ RunTime:0.000223s ]
SQL: SELECT * FROM `module` WHERE ( 1=1 AND id='2' ) LIMIT 1   [ RunTime:0.000226s ]
SQL: SELECT * FROM `module` WHERE ( 1=1 AND id='1' ) LIMIT 1   [ RunTime:0.000230s ]
SQL: SELECT * FROM `module` WHERE ( 1=1 AND id='2' ) LIMIT 1   [ RunTime:0.000218s ]
INFO: [ view_parse ] --START--
INFO: [ template_filter ] --START--
INFO: Run Behavior\ContentReplaceBehavior [ RunTime:0.000096s ]
INFO: [ template_filter ] --END-- [ RunTime:0.000224s ]
NOTIC: [8] Undefined index: cat_id D:\wamp\www\kucms\Application\Runtime\Cache\Admin\9bfef0f9f473c596f668b6c9a32bfd5c.php 第 127 行.
NOTIC: [8] Undefined index: cat_id D:\wamp\www\kucms\Application\Runtime\Cache\Admin\9bfef0f9f473c596f668b6c9a32bfd5c.php 第 127 行.
NOTIC: [8] Undefined index: cat_id D:\wamp\www\kucms\Application\Runtime\Cache\Admin\9bfef0f9f473c596f668b6c9a32bfd5c.php 第 127 行.
NOTIC: [8] Undefined index: cat_id D:\wamp\www\kucms\Application\Runtime\Cache\Admin\9bfef0f9f473c596f668b6c9a32bfd5c.php 第 127 行.
NOTIC: [8] Undefined index: cat_id D:\wamp\www\kucms\Application\Runtime\Cache\Admin\9bfef0f9f473c596f668b6c9a32bfd5c.php 第 127 行.
NOTIC: [8] Undefined index: cat_id D:\wamp\www\kucms\Application\Runtime\Cache\Admin\9bfef0f9f473c596f668b6c9a32bfd5c.php 第 127 行.
NOTIC: [8] Undefined index: cat_id D:\wamp\www\kucms\Application\Runtime\Cache\Admin\9bfef0f9f473c596f668b6c9a32bfd5c.php 第 127 行.
NOTIC: [8] Undefined index: cat_id D:\wamp\www\kucms\Application\Runtime\Cache\Admin\9bfef0f9f473c596f668b6c9a32bfd5c.php 第 127 行.
NOTIC: [8] Undefined index: cat_id D:\wamp\www\kucms\Application\Runtime\Cache\Admin\9bfef0f9f473c596f668b6c9a32bfd5c.php 第 127 行.
NOTIC: [8] Undefined index: cat_id D:\wamp\www\kucms\Application\Runtime\Cache\Admin\9bfef0f9f473c596f668b6c9a32bfd5c.php 第 127 行.
NOTIC: [8] Undefined index: cat_id D:\wamp\www\kucms\Application\Runtime\Cache\Admin\9bfef0f9f473c596f668b6c9a32bfd5c.php 第 127 行.
NOTIC: [8] Undefined index: cat_id D:\wamp\www\kucms\Application\Runtime\Cache\Admin\9bfef0f9f473c596f668b6c9a32bfd5c.php 第 127 行.
NOTIC: [8] Undefined index: cat_id D:\wamp\www\kucms\Application\Runtime\Cache\Admin\9bfef0f9f473c596f668b6c9a32bfd5c.php 第 127 行.
NOTIC: [8] Undefined index: cat_id D:\wamp\www\kucms\Application\Runtime\Cache\Admin\9bfef0f9f473c596f668b6c9a32bfd5c.php 第 127 行.
NOTIC: [8] Undefined index: cat_id D:\wamp\www\kucms\Application\Runtime\Cache\Admin\9bfef0f9f473c596f668b6c9a32bfd5c.php 第 127 行.
INFO: Run Behavior\ParseTemplateBehavior [ RunTime:0.098735s ]
INFO: [ view_parse ] --END-- [ RunTime:0.098936s ]
INFO: [ view_filter ] --START--
INFO: Run Behavior\WriteHtmlCacheBehavior [ RunTime:0.001277s ]
INFO: [ view_filter ] --END-- [ RunTime:0.001527s ]
INFO: [ app_end ] --START--
INFO: Run Behavior\ShowPageTraceBehavior [ RunTime:0.001742s ]
INFO: [ app_end ] --END-- [ RunTime:0.001996s ]

[ 2014-06-20T17:50:16+08:00 ] ::1 /kucms/index.php/Admin/Article/add/id/2
INFO: [ app_init ] --START--
INFO: Run Behavior\BuildLiteBehavior [ RunTime:0.000029s ]
INFO: [ app_init ] --END-- [ RunTime:0.000525s ]
INFO: [ app_begin ] --START--
INFO: Run Behavior\ReadHtmlCacheBehavior [ RunTime:0.000750s ]
INFO: [ app_begin ] --END-- [ RunTime:0.000876s ]
SQL: SHOW COLUMNS FROM `category` [ RunTime:0.008023s ]
SQL: SELECT `id`,`fid`,`cname`,concat(path,'-',id) AS `bpath` FROM `category` WHERE ( moduleid=2 ) ORDER BY bpath  [ RunTime:0.003569s ]
INFO: [ view_parse ] --START--
INFO: [ template_filter ] --START--
INFO: Run Behavior\ContentReplaceBehavior [ RunTime:0.000090s ]
INFO: [ template_filter ] --END-- [ RunTime:0.000227s ]
INFO: Run Behavior\ParseTemplateBehavior [ RunTime:0.046552s ]
INFO: [ view_parse ] --END-- [ RunTime:0.046704s ]
INFO: [ view_filter ] --START--
INFO: Run Behavior\WriteHtmlCacheBehavior [ RunTime:0.000552s ]
INFO: [ view_filter ] --END-- [ RunTime:0.000675s ]
INFO: [ app_end ] --START--
INFO: Run Behavior\ShowPageTraceBehavior [ RunTime:0.000879s ]
INFO: [ app_end ] --END-- [ RunTime:0.001016s ]

[ 2014-06-20T17:50:36+08:00 ] ::1 /kucms/index.php/Admin/Article/doAdd
INFO: [ app_init ] --START--
INFO: Run Behavior\BuildLiteBehavior [ RunTime:0.000040s ]
INFO: [ app_init ] --END-- [ RunTime:0.000721s ]
INFO: [ app_begin ] --START--
INFO: Run Behavior\ReadHtmlCacheBehavior [ RunTime:0.001066s ]
INFO: [ app_begin ] --END-- [ RunTime:0.001249s ]
SQL: SHOW COLUMNS FROM `article` [ RunTime:0.008330s ]
NOTIC: [2] call_user_func() expects parameter 1 to be a valid callback, no array or string given D:\wamp\www\kucms\ThinkPHP\Library\Think\Upload.class.php 第 169 行.
NOTIC: [8] Undefined index: subName D:\wamp\www\kucms\Application\Admin\Controller\ArticleController.class.php 第 162 行.
SQL: INSERT INTO `article` (`cid`,`title`,`keywords`,`description`,`content`,`from`,`author`,`addtime`,`img`) VALUES (106,'465465654',455445665,0,'45645645456654','本站原创','管理员','2014-06-20','53a403ec92f94.jpg') [ RunTime:0.157916s ]
INFO: [ view_parse ] --START--
INFO: [ template_filter ] --START--
INFO: Run Behavior\ContentReplaceBehavior [ RunTime:0.000135s ]
INFO: [ template_filter ] --END-- [ RunTime:0.000420s ]
INFO: Run Behavior\ParseTemplateBehavior [ RunTime:0.076259s ]
INFO: [ view_parse ] --END-- [ RunTime:0.076589s ]
INFO: [ view_filter ] --START--
INFO: Run Behavior\WriteHtmlCacheBehavior [ RunTime:0.001377s ]
INFO: [ view_filter ] --END-- [ RunTime:0.001636s ]
INFO: [ app_end ] --START--
INFO: Run Behavior\ShowPageTraceBehavior [ RunTime:0.001853s ]
INFO: [ app_end ] --END-- [ RunTime:0.002126s ]

[ 2014-06-20T17:50:38+08:00 ] ::1 /kucms/index.php/Admin/Article/index.html
INFO: [ app_init ] --START--
INFO: Run Behavior\BuildLiteBehavior [ RunTime:0.000029s ]
INFO: [ app_init ] --END-- [ RunTime:0.000527s ]
INFO: [ app_begin ] --START--
INFO: Run Behavior\ReadHtmlCacheBehavior [ RunTime:0.001060s ]
INFO: [ app_begin ] --END-- [ RunTime:0.001241s ]
SQL: SHOW COLUMNS FROM `article` [ RunTime:0.035890s ]
SQL: SELECT COUNT(id) AS tp_count FROM `article` LIMIT 1   [ RunTime:0.000503s ]
SQL: SELECT * FROM `article` WHERE ( is_del=0 ) ORDER BY id desc LIMIT 0,5   [ RunTime:0.001115s ]
SQL: SHOW COLUMNS FROM `category` [ RunTime:0.013016s ]
SQL: SELECT * FROM `category` WHERE ( 1=1 AND id='106' ) LIMIT 1   [ RunTime:0.000751s ]
SQL: SELECT * FROM `category` WHERE ( 1=1 AND id='106' ) LIMIT 1   [ RunTime:0.000816s ]
SQL: SELECT * FROM `category` WHERE ( 1=1 AND id='109' ) LIMIT 1   [ RunTime:0.000718s ]
SQL: SELECT * FROM `category` WHERE ( 1=1 AND id='106' ) LIMIT 1   [ RunTime:0.000723s ]
SQL: SELECT * FROM `category` WHERE ( 1=1 AND id='106' ) LIMIT 1   [ RunTime:0.000652s ]
INFO: [ view_parse ] --START--
INFO: [ template_filter ] --START--
INFO: Run Behavior\ContentReplaceBehavior [ RunTime:0.000092s ]
INFO: [ template_filter ] --END-- [ RunTime:0.000258s ]
NOTIC: [8] Undefined index: id D:\wamp\www\kucms\Application\Runtime\Cache\Admin\7a4184ffe8f804b12b2e7f8851dd8f7d.php 第 66 行.
NOTIC: [8] Undefined variable: header D:\wamp\www\kucms\Application\Runtime\Cache\Admin\7a4184ffe8f804b12b2e7f8851dd8f7d.php 第 90 行.
INFO: Run Behavior\ParseTemplateBehavior [ RunTime:0.048589s ]
INFO: [ view_parse ] --END-- [ RunTime:0.048808s ]
INFO: [ view_filter ] --START--
INFO: Run Behavior\WriteHtmlCacheBehavior [ RunTime:0.000671s ]
INFO: [ view_filter ] --END-- [ RunTime:0.000822s ]
INFO: [ app_end ] --START--
INFO: Run Behavior\ShowPageTraceBehavior [ RunTime:0.000988s ]
INFO: [ app_end ] --END-- [ RunTime:0.001160s ]

[ 2014-06-20T17:50:41+08:00 ] ::1 /kucms/index.php/Admin/Article/edit/id/112
INFO: [ app_init ] --START--
INFO: Run Behavior\BuildLiteBehavior [ RunTime:0.000030s ]
INFO: [ app_init ] --END-- [ RunTime:0.000549s ]
INFO: [ app_begin ] --START--
INFO: Run Behavior\ReadHtmlCacheBehavior [ RunTime:0.000806s ]
INFO: [ app_begin ] --END-- [ RunTime:0.000932s ]
SQL: SHOW COLUMNS FROM `article` [ RunTime:0.007776s ]
SQL: SELECT * FROM `article` WHERE ( id=112 ) LIMIT 1   [ RunTime:0.000445s ]
SQL: SHOW COLUMNS FROM `category` [ RunTime:0.006513s ]
SQL: SELECT `moduleid` FROM `category` WHERE ( id=106 ) LIMIT 1   [ RunTime:0.000300s ]
SQL: SELECT `id`,`fid`,`cname`,concat(path,'-',id) AS `bpath` FROM `category` WHERE ( moduleid=2 ) ORDER BY bpath  [ RunTime:0.000279s ]
INFO: [ view_parse ] --START--
INFO: [ template_filter ] --START--
INFO: Run Behavior\ContentReplaceBehavior [ RunTime:0.000086s ]
INFO: [ template_filter ] --END-- [ RunTime:0.000225s ]
NOTIC: [8] Use of undefined constant img - assumed 'img' D:\wamp\www\kucms\Application\Runtime\Cache\Admin\761055de2f430bef08441163fbb8bda7.php 第 75 行.
NOTIC: [8] Array to string conversion D:\wamp\www\kucms\Application\Runtime\Cache\Admin\761055de2f430bef08441163fbb8bda7.php 第 75 行.
NOTIC: [8] Undefined index: form D:\wamp\www\kucms\Application\Runtime\Cache\Admin\761055de2f430bef08441163fbb8bda7.php 第 88 行.
INFO: Run Behavior\ParseTemplateBehavior [ RunTime:0.039083s ]
INFO: [ view_parse ] --END-- [ RunTime:0.039268s ]
INFO: [ view_filter ] --START--
INFO: Run Behavior\WriteHtmlCacheBehavior [ RunTime:0.000773s ]
INFO: [ view_filter ] --END-- [ RunTime:0.000941s ]
INFO: [ app_end ] --START--
INFO: Run Behavior\ShowPageTraceBehavior [ RunTime:0.000978s ]
INFO: [ app_end ] --END-- [ RunTime:0.001108s ]

[ 2014-06-20T17:50:51+08:00 ] ::1 /kucms/
INFO: [ app_init ] --START--
INFO: Run Behavior\BuildLiteBehavior [ RunTime:0.000028s ]
INFO: [ app_init ] --END-- [ RunTime:0.000528s ]

[ 2014-06-20T17:50:59+08:00 ] ::1 /kucms/index.php/Admin/Category
INFO: [ app_init ] --START--
INFO: Run Behavior\BuildLiteBehavior [ RunTime:0.000031s ]
INFO: [ app_init ] --END-- [ RunTime:0.000566s ]
INFO: [ app_begin ] --START--
INFO: Run Behavior\ReadHtmlCacheBehavior [ RunTime:0.000811s ]
INFO: [ app_begin ] --END-- [ RunTime:0.000939s ]
SQL: SHOW COLUMNS FROM `category` [ RunTime:0.009872s ]
SQL: SELECT `id`,`cname`,`fid`,`moduleid`,`path`,`isshow`,`sort`,concat(path,'-',id) AS `bpath` FROM `category` ORDER BY bpath asc  [ RunTime:0.000540s ]
SQL: SHOW COLUMNS FROM `module` [ RunTime:0.006522s ]
SQL: SELECT * FROM `module` WHERE ( 1=1 AND id='3' ) LIMIT 1   [ RunTime:0.000398s ]
SQL: SELECT * FROM `module` WHERE ( 1=1 AND id='1' ) LIMIT 1   [ RunTime:0.000293s ]
SQL: SELECT * FROM `module` WHERE ( 1=1 AND id='4' ) LIMIT 1   [ RunTime:0.000414s ]
SQL: SELECT * FROM `module` WHERE ( 1=1 AND id='1' ) LIMIT 1   [ RunTime:0.000302s ]
SQL: SELECT * FROM `module` WHERE ( 1=1 AND id='3' ) LIMIT 1   [ RunTime:0.000280s ]
SQL: SELECT * FROM `module` WHERE ( 1=1 AND id='3' ) LIMIT 1   [ RunTime:0.000273s ]
SQL: SELECT * FROM `module` WHERE ( 1=1 AND id='3' ) LIMIT 1   [ RunTime:0.000262s ]
SQL: SELECT * FROM `module` WHERE ( 1=1 AND id='1' ) LIMIT 1   [ RunTime:0.000316s ]
SQL: SELECT * FROM `module` WHERE ( 1=1 AND id='1' ) LIMIT 1   [ RunTime:0.000294s ]
SQL: SELECT * FROM `module` WHERE ( 1=1 AND id='1' ) LIMIT 1   [ RunTime:0.000246s ]
SQL: SELECT * FROM `module` WHERE ( 1=1 AND id='1' ) LIMIT 1   [ RunTime:0.000222s ]
SQL: SELECT * FROM `module` WHERE ( 1=1 AND id='2' ) LIMIT 1   [ RunTime:0.000228s ]
SQL: SELECT * FROM `module` WHERE ( 1=1 AND id='2' ) LIMIT 1   [ RunTime:0.000235s ]
SQL: SELECT * FROM `module` WHERE ( 1=1 AND id='1' ) LIMIT 1   [ RunTime:0.000231s ]
SQL: SELECT * FROM `module` WHERE ( 1=1 AND id='2' ) LIMIT 1   [ RunTime:0.000301s ]
INFO: [ view_parse ] --START--
INFO: [ template_filter ] --START--
INFO: Run Behavior\ContentReplaceBehavior [ RunTime:0.000096s ]
INFO: [ template_filter ] --END-- [ RunTime:0.000230s ]
NOTIC: [8] Undefined index: cat_id D:\wamp\www\kucms\Application\Runtime\Cache\Admin\9bfef0f9f473c596f668b6c9a32bfd5c.php 第 127 行.
NOTIC: [8] Undefined index: cat_id D:\wamp\www\kucms\Application\Runtime\Cache\Admin\9bfef0f9f473c596f668b6c9a32bfd5c.php 第 127 行.
NOTIC: [8] Undefined index: cat_id D:\wamp\www\kucms\Application\Runtime\Cache\Admin\9bfef0f9f473c596f668b6c9a32bfd5c.php 第 127 行.
NOTIC: [8] Undefined index: cat_id D:\wamp\www\kucms\Application\Runtime\Cache\Admin\9bfef0f9f473c596f668b6c9a32bfd5c.php 第 127 行.
NOTIC: [8] Undefined index: cat_id D:\wamp\www\kucms\Application\Runtime\Cache\Admin\9bfef0f9f473c596f668b6c9a32bfd5c.php 第 127 行.
NOTIC: [8] Undefined index: cat_id D:\wamp\www\kucms\Application\Runtime\Cache\Admin\9bfef0f9f473c596f668b6c9a32bfd5c.php 第 127 行.
NOTIC: [8] Undefined index: cat_id D:\wamp\www\kucms\Application\Runtime\Cache\Admin\9bfef0f9f473c596f668b6c9a32bfd5c.php 第 127 行.
NOTIC: [8] Undefined index: cat_id D:\wamp\www\kucms\Application\Runtime\Cache\Admin\9bfef0f9f473c596f668b6c9a32bfd5c.php 第 127 行.
NOTIC: [8] Undefined index: cat_id D:\wamp\www\kucms\Application\Runtime\Cache\Admin\9bfef0f9f473c596f668b6c9a32bfd5c.php 第 127 行.
NOTIC: [8] Undefined index: cat_id D:\wamp\www\kucms\Application\Runtime\Cache\Admin\9bfef0f9f473c596f668b6c9a32bfd5c.php 第 127 行.
NOTIC: [8] Undefined index: cat_id D:\wamp\www\kucms\Application\Runtime\Cache\Admin\9bfef0f9f473c596f668b6c9a32bfd5c.php 第 127 行.
NOTIC: [8] Undefined index: cat_id D:\wamp\www\kucms\Application\Runtime\Cache\Admin\9bfef0f9f473c596f668b6c9a32bfd5c.php 第 127 行.
NOTIC: [8] Undefined index: cat_id D:\wamp\www\kucms\Application\Runtime\Cache\Admin\9bfef0f9f473c596f668b6c9a32bfd5c.php 第 127 行.
NOTIC: [8] Undefined index: cat_id D:\wamp\www\kucms\Application\Runtime\Cache\Admin\9bfef0f9f473c596f668b6c9a32bfd5c.php 第 127 行.
NOTIC: [8] Undefined index: cat_id D:\wamp\www\kucms\Application\Runtime\Cache\Admin\9bfef0f9f473c596f668b6c9a32bfd5c.php 第 127 行.
INFO: Run Behavior\ParseTemplateBehavior [ RunTime:0.028230s ]
INFO: [ view_parse ] --END-- [ RunTime:0.028362s ]
INFO: [ view_filter ] --START--
INFO: Run Behavior\WriteHtmlCacheBehavior [ RunTime:0.000444s ]
INFO: [ view_filter ] --END-- [ RunTime:0.000561s ]
INFO: [ app_end ] --START--
INFO: Run Behavior\ShowPageTraceBehavior [ RunTime:0.000998s ]
INFO: [ app_end ] --END-- [ RunTime:0.001181s ]

[ 2014-06-20T17:51:00+08:00 ] ::1 /kucms/index.php/Admin/Article
INFO: [ app_init ] --START--
INFO: Run Behavior\BuildLiteBehavior [ RunTime:0.000030s ]
INFO: [ app_init ] --END-- [ RunTime:0.000529s ]
INFO: [ app_begin ] --START--
INFO: Run Behavior\ReadHtmlCacheBehavior [ RunTime:0.000765s ]
INFO: [ app_begin ] --END-- [ RunTime:0.000891s ]
SQL: SHOW COLUMNS FROM `article` [ RunTime:0.009788s ]
SQL: SELECT COUNT(id) AS tp_count FROM `article` LIMIT 1   [ RunTime:0.000395s ]
SQL: SELECT * FROM `article` WHERE ( is_del=0 ) ORDER BY id desc LIMIT 0,5   [ RunTime:0.000661s ]
SQL: SHOW COLUMNS FROM `category` [ RunTime:0.007062s ]
SQL: SELECT * FROM `category` WHERE ( 1=1 AND id='106' ) LIMIT 1   [ RunTime:0.000404s ]
SQL: SELECT * FROM `category` WHERE ( 1=1 AND id='106' ) LIMIT 1   [ RunTime:0.000317s ]
SQL: SELECT * FROM `category` WHERE ( 1=1 AND id='109' ) LIMIT 1   [ RunTime:0.000321s ]
SQL: SELECT * FROM `category` WHERE ( 1=1 AND id='106' ) LIMIT 1   [ RunTime:0.000293s ]
SQL: SELECT * FROM `category` WHERE ( 1=1 AND id='106' ) LIMIT 1   [ RunTime:0.000279s ]
INFO: [ view_parse ] --START--
INFO: [ template_filter ] --START--
INFO: Run Behavior\ContentReplaceBehavior [ RunTime:0.000075s ]
INFO: [ template_filter ] --END-- [ RunTime:0.000205s ]
NOTIC: [8] Undefined index: id D:\wamp\www\kucms\Application\Runtime\Cache\Admin\7a4184ffe8f804b12b2e7f8851dd8f7d.php 第 66 行.
NOTIC: [8] Undefined variable: header D:\wamp\www\kucms\Application\Runtime\Cache\Admin\7a4184ffe8f804b12b2e7f8851dd8f7d.php 第 90 行.
INFO: Run Behavior\ParseTemplateBehavior [ RunTime:0.011100s ]
INFO: [ view_parse ] --END-- [ RunTime:0.011234s ]
INFO: [ view_filter ] --START--
INFO: Run Behavior\WriteHtmlCacheBehavior [ RunTime:0.000619s ]
INFO: [ view_filter ] --END-- [ RunTime:0.000738s ]
INFO: [ app_end ] --START--
INFO: Run Behavior\ShowPageTraceBehavior [ RunTime:0.000783s ]
INFO: [ app_end ] --END-- [ RunTime:0.000902s ]

