[ 2014-06-26T08:32:59+08:00 ] ::1 /kucms/index.php/Home/Category/index/id/1000
INFO: [ app_init ] --START--
INFO: Run Behavior\BuildLiteBehavior [ RunTime:0.000040s ]
INFO: [ app_init ] --END-- [ RunTime:0.013509s ]
ERR: 模板不存在:./Application/Home/View//show.html

[ 2014-06-26T09:38:57+08:00 ] ::1 /kucms/
INFO: [ app_init ] --START--
INFO: Run Behavior\BuildLiteBehavior [ RunTime:0.000043s ]
INFO: [ app_init ] --END-- [ RunTime:0.011192s ]

[ 2014-06-26T09:39:00+08:00 ] ::1 /kucms/index.php/Home/Category/index/id/113
INFO: [ app_init ] --START--
INFO: Run Behavior\BuildLiteBehavior [ RunTime:0.000031s ]
INFO: [ app_init ] --END-- [ RunTime:0.000573s ]

[ 2014-06-26T09:39:03+08:00 ] ::1 /kucms/index.php/Home/Category/index/id/101
INFO: [ app_init ] --START--
INFO: Run Behavior\BuildLiteBehavior [ RunTime:0.000030s ]
INFO: [ app_init ] --END-- [ RunTime:0.000555s ]

[ 2014-06-26T09:40:46+08:00 ] ::1 /kucms/index.php/Home/Category/index/id/1
INFO: [ app_init ] --START--
INFO: Run Behavior\BuildLiteBehavior [ RunTime:0.000032s ]
INFO: [ app_init ] --END-- [ RunTime:0.000681s ]

[ 2014-06-26T09:40:48+08:00 ] ::1 /kucms/index.php/Home/Category/index/id/116
INFO: [ app_init ] --START--
INFO: Run Behavior\BuildLiteBehavior [ RunTime:0.000036s ]
INFO: [ app_init ] --END-- [ RunTime:0.000762s ]

[ 2014-06-26T09:40:50+08:00 ] ::1 /kucms/index.php/Home/Category/index/id/117
INFO: [ app_init ] --START--
INFO: Run Behavior\BuildLiteBehavior [ RunTime:0.000030s ]
INFO: [ app_init ] --END-- [ RunTime:0.000608s ]

[ 2014-06-26T09:40:53+08:00 ] ::1 /kucms/index.php/Home/Category/index/id/118
INFO: [ app_init ] --START--
INFO: Run Behavior\BuildLiteBehavior [ RunTime:0.000031s ]
INFO: [ app_init ] --END-- [ RunTime:0.000586s ]

[ 2014-06-26T09:42:06+08:00 ] ::1 /kucms/index.php/Home/Category/index/id/118
INFO: [ app_init ] --START--
INFO: Run Behavior\BuildLiteBehavior [ RunTime:0.000034s ]
INFO: [ app_init ] --END-- [ RunTime:0.000665s ]

[ 2014-06-26T09:42:12+08:00 ] ::1 /kucms/index.php/Home/Category/index/id/1
INFO: [ app_init ] --START--
INFO: Run Behavior\BuildLiteBehavior [ RunTime:0.000031s ]
INFO: [ app_init ] --END-- [ RunTime:0.000597s ]

[ 2014-06-26T09:42:14+08:00 ] ::1 /kucms/index.php/Home/Category/index/id/95
INFO: [ app_init ] --START--
INFO: Run Behavior\BuildLiteBehavior [ RunTime:0.000030s ]
INFO: [ app_init ] --END-- [ RunTime:0.000709s ]

[ 2014-06-26T09:42:15+08:00 ] ::1 /kucms/index.php
INFO: [ app_init ] --START--
INFO: Run Behavior\BuildLiteBehavior [ RunTime:0.000029s ]
INFO: [ app_init ] --END-- [ RunTime:0.000580s ]

[ 2014-06-26T09:42:19+08:00 ] ::1 /kucms/index.php/Home/Category/index/id/116
INFO: [ app_init ] --START--
INFO: Run Behavior\BuildLiteBehavior [ RunTime:0.000030s ]
INFO: [ app_init ] --END-- [ RunTime:0.000614s ]

[ 2014-06-26T09:42:21+08:00 ] ::1 /kucms/index.php/Home/Category/index/id/117
INFO: [ app_init ] --START--
INFO: Run Behavior\BuildLiteBehavior [ RunTime:0.000029s ]
INFO: [ app_init ] --END-- [ RunTime:0.000596s ]

[ 2014-06-26T09:42:23+08:00 ] ::1 /kucms/index.php
INFO: [ app_init ] --START--
INFO: Run Behavior\BuildLiteBehavior [ RunTime:0.000049s ]
INFO: [ app_init ] --END-- [ RunTime:0.000915s ]

[ 2014-06-26T09:46:29+08:00 ] ::1 /kucms/index.php/Home/Category/index/id/1
INFO: [ app_init ] --START--
INFO: Run Behavior\BuildLiteBehavior [ RunTime:0.000030s ]
INFO: [ app_init ] --END-- [ RunTime:0.000565s ]

[ 2014-06-26T09:46:30+08:00 ] ::1 /kucms/index.php/Home/Category/index/id/116
INFO: [ app_init ] --START--
INFO: Run Behavior\BuildLiteBehavior [ RunTime:0.000028s ]
INFO: [ app_init ] --END-- [ RunTime:0.000464s ]

[ 2014-06-26T09:46:31+08:00 ] ::1 /kucms/index.php/Home/Category/index/id/117
INFO: [ app_init ] --START--
INFO: Run Behavior\BuildLiteBehavior [ RunTime:0.000054s ]
INFO: [ app_init ] --END-- [ RunTime:0.000768s ]

[ 2014-06-26T09:46:33+08:00 ] ::1 /kucms/index.php/Home/Category/index/id/112
INFO: [ app_init ] --START--
INFO: Run Behavior\BuildLiteBehavior [ RunTime:0.000030s ]
INFO: [ app_init ] --END-- [ RunTime:0.000509s ]

[ 2014-06-26T09:46:34+08:00 ] ::1 /kucms/index.php/Home/Category/index/id/95
INFO: [ app_init ] --START--
INFO: Run Behavior\BuildLiteBehavior [ RunTime:0.000027s ]
INFO: [ app_init ] --END-- [ RunTime:0.000461s ]

[ 2014-06-26T09:46:36+08:00 ] ::1 /kucms/index.php/Home/Category/index/id/97
INFO: [ app_init ] --START--
INFO: Run Behavior\BuildLiteBehavior [ RunTime:0.000032s ]
INFO: [ app_init ] --END-- [ RunTime:0.000516s ]

[ 2014-06-26T09:46:37+08:00 ] ::1 /kucms/index.php/Home/Category/index/id/101
INFO: [ app_init ] --START--
INFO: Run Behavior\BuildLiteBehavior [ RunTime:0.000027s ]
INFO: [ app_init ] --END-- [ RunTime:0.000455s ]

[ 2014-06-26T09:46:40+08:00 ] ::1 /kucms/index.php/Home/Category/index/id/1
INFO: [ app_init ] --START--
INFO: Run Behavior\BuildLiteBehavior [ RunTime:0.000029s ]
INFO: [ app_init ] --END-- [ RunTime:0.000460s ]

[ 2014-06-26T09:46:42+08:00 ] ::1 /kucms/index.php/Home/Category/index/id/113
INFO: [ app_init ] --START--
INFO: Run Behavior\BuildLiteBehavior [ RunTime:0.000029s ]
INFO: [ app_init ] --END-- [ RunTime:0.000482s ]

[ 2014-06-26T09:46:43+08:00 ] ::1 /kucms/index.php
INFO: [ app_init ] --START--
INFO: Run Behavior\BuildLiteBehavior [ RunTime:0.000028s ]
INFO: [ app_init ] --END-- [ RunTime:0.000467s ]

[ 2014-06-26T09:46:57+08:00 ] ::1 /kucms/
INFO: [ app_init ] --START--
INFO: Run Behavior\BuildLiteBehavior [ RunTime:0.000030s ]
INFO: [ app_init ] --END-- [ RunTime:0.000539s ]

[ 2014-06-26T09:47:02+08:00 ] ::1 /kucms/index.php/admin
INFO: [ app_init ] --START--
INFO: Run Behavior\BuildLiteBehavior [ RunTime:0.000042s ]
INFO: [ app_init ] --END-- [ RunTime:0.000631s ]
INFO: [ app_begin ] --START--
INFO: Run Behavior\ReadHtmlCacheBehavior [ RunTime:0.001415s ]
INFO: [ app_begin ] --END-- [ RunTime:0.001620s ]
INFO: [ view_parse ] --START--
INFO: [ template_filter ] --START--
INFO: Run Behavior\ContentReplaceBehavior [ RunTime:0.000121s ]
INFO: [ template_filter ] --END-- [ RunTime:0.000397s ]
INFO: Run Behavior\ParseTemplateBehavior [ RunTime:0.048744s ]
INFO: [ view_parse ] --END-- [ RunTime:0.048987s ]
INFO: [ view_filter ] --START--
INFO: Run Behavior\WriteHtmlCacheBehavior [ RunTime:0.001067s ]
INFO: [ view_filter ] --END-- [ RunTime:0.001332s ]
INFO: [ app_end ] --START--
INFO: Run Behavior\ShowPageTraceBehavior [ RunTime:0.001607s ]
INFO: [ app_end ] --END-- [ RunTime:0.001889s ]

[ 2014-06-26T09:47:03+08:00 ] ::1 /kucms/index.php/Admin/Public/top.html
INFO: [ app_init ] --START--
INFO: Run Behavior\BuildLiteBehavior [ RunTime:0.000055s ]
INFO: [ app_init ] --END-- [ RunTime:0.000847s ]
INFO: [ app_begin ] --START--
INFO: Run Behavior\ReadHtmlCacheBehavior [ RunTime:0.001242s ]
INFO: [ app_begin ] --END-- [ RunTime:0.001476s ]
INFO: [ view_parse ] --START--
INFO: [ template_filter ] --START--
INFO: Run Behavior\ContentReplaceBehavior [ RunTime:0.000139s ]
INFO: [ template_filter ] --END-- [ RunTime:0.000385s ]
INFO: Run Behavior\ParseTemplateBehavior [ RunTime:0.038546s ]
INFO: [ view_parse ] --END-- [ RunTime:0.038767s ]
INFO: [ view_filter ] --START--
INFO: Run Behavior\WriteHtmlCacheBehavior [ RunTime:0.000601s ]
INFO: [ view_filter ] --END-- [ RunTime:0.000736s ]
INFO: [ app_end ] --START--
INFO: Run Behavior\ShowPageTraceBehavior [ RunTime:0.001163s ]
INFO: [ app_end ] --END-- [ RunTime:0.001573s ]

[ 2014-06-26T09:47:03+08:00 ] ::1 /kucms/index.php/Admin/Public/menu.html
INFO: [ app_init ] --START--
INFO: Run Behavior\BuildLiteBehavior [ RunTime:0.000052s ]
INFO: [ app_init ] --END-- [ RunTime:0.000933s ]
INFO: [ app_begin ] --START--
INFO: Run Behavior\ReadHtmlCacheBehavior [ RunTime:0.001237s ]
INFO: [ app_begin ] --END-- [ RunTime:0.001426s ]
SQL: SHOW COLUMNS FROM `module` [ RunTime:0.022496s ]
SQL: SELECT * FROM `module` ORDER BY id  [ RunTime:0.000540s ]
INFO: [ view_parse ] --START--
INFO: [ template_filter ] --START--
INFO: Run Behavior\ContentReplaceBehavior [ RunTime:0.000091s ]
INFO: [ template_filter ] --END-- [ RunTime:0.000238s ]
NOTIC: [8] Undefined index: channel D:\wamp\www\kucms\Application\Runtime\Cache\Admin\fc6fd01631273ba50d3bc9f2f442211f.php 第 12 行.
NOTIC: [8] Undefined index: channel D:\wamp\www\kucms\Application\Runtime\Cache\Admin\fc6fd01631273ba50d3bc9f2f442211f.php 第 31 行.
NOTIC: [8] Undefined index: channel D:\wamp\www\kucms\Application\Runtime\Cache\Admin\fc6fd01631273ba50d3bc9f2f442211f.php 第 54 行.
NOTIC: [8] Undefined index: channel D:\wamp\www\kucms\Application\Runtime\Cache\Admin\fc6fd01631273ba50d3bc9f2f442211f.php 第 84 行.
NOTIC: [8] Undefined index: channel D:\wamp\www\kucms\Application\Runtime\Cache\Admin\fc6fd01631273ba50d3bc9f2f442211f.php 第 114 行.
INFO: Run Behavior\ParseTemplateBehavior [ RunTime:0.067082s ]
INFO: [ view_parse ] --END-- [ RunTime:0.067279s ]
INFO: [ view_filter ] --START--
INFO: Run Behavior\WriteHtmlCacheBehavior [ RunTime:0.000933s ]
INFO: [ view_filter ] --END-- [ RunTime:0.001126s ]
INFO: [ app_end ] --START--
INFO: Run Behavior\ShowPageTraceBehavior [ RunTime:0.001280s ]
INFO: [ app_end ] --END-- [ RunTime:0.001503s ]

[ 2014-06-26T09:47:03+08:00 ] ::1 /kucms/index.php/Admin/Public/main.html
INFO: [ app_init ] --START--
INFO: Run Behavior\BuildLiteBehavior [ RunTime:0.000053s ]
INFO: [ app_init ] --END-- [ RunTime:0.000950s ]
INFO: [ app_begin ] --START--
INFO: Run Behavior\ReadHtmlCacheBehavior [ RunTime:0.001330s ]
INFO: [ app_begin ] --END-- [ RunTime:0.001565s ]
INFO: [ view_parse ] --START--
INFO: [ template_filter ] --START--
INFO: Run Behavior\ContentReplaceBehavior [ RunTime:0.000078s ]
INFO: [ template_filter ] --END-- [ RunTime:0.000221s ]
INFO: Run Behavior\ParseTemplateBehavior [ RunTime:0.027564s ]
INFO: [ view_parse ] --END-- [ RunTime:0.027756s ]
INFO: [ view_filter ] --START--
INFO: Run Behavior\WriteHtmlCacheBehavior [ RunTime:0.000548s ]
INFO: [ view_filter ] --END-- [ RunTime:0.000665s ]
INFO: [ app_end ] --START--
INFO: Run Behavior\ShowPageTraceBehavior [ RunTime:0.000780s ]
INFO: [ app_end ] --END-- [ RunTime:0.000900s ]

[ 2014-06-26T09:47:05+08:00 ] ::1 /kucms/index.php/Admin/Public/menu/channel/2
INFO: [ app_init ] --START--
INFO: Run Behavior\BuildLiteBehavior [ RunTime:0.000053s ]
INFO: [ app_init ] --END-- [ RunTime:0.000912s ]
INFO: [ app_begin ] --START--
INFO: Run Behavior\ReadHtmlCacheBehavior [ RunTime:0.000901s ]
INFO: [ app_begin ] --END-- [ RunTime:0.001045s ]
SQL: SHOW COLUMNS FROM `module` [ RunTime:0.008643s ]
SQL: SELECT * FROM `module` ORDER BY id  [ RunTime:0.000573s ]
INFO: [ view_parse ] --START--
INFO: [ template_filter ] --START--
INFO: Run Behavior\ContentReplaceBehavior [ RunTime:0.000092s ]
INFO: [ template_filter ] --END-- [ RunTime:0.000220s ]
INFO: Run Behavior\ParseTemplateBehavior [ RunTime:0.012766s ]
INFO: [ view_parse ] --END-- [ RunTime:0.012904s ]
INFO: [ view_filter ] --START--
INFO: Run Behavior\WriteHtmlCacheBehavior [ RunTime:0.000536s ]
INFO: [ view_filter ] --END-- [ RunTime:0.000653s ]
INFO: [ app_end ] --START--
INFO: Run Behavior\ShowPageTraceBehavior [ RunTime:0.000723s ]
INFO: [ app_end ] --END-- [ RunTime:0.000842s ]

[ 2014-06-26T09:47:08+08:00 ] ::1 /kucms/index.php/Admin/Category
INFO: [ app_init ] --START--
INFO: Run Behavior\BuildLiteBehavior [ RunTime:0.000034s ]
INFO: [ app_init ] --END-- [ RunTime:0.000649s ]
INFO: [ app_begin ] --START--
INFO: Run Behavior\ReadHtmlCacheBehavior [ RunTime:0.000809s ]
INFO: [ app_begin ] --END-- [ RunTime:0.000942s ]
SQL: SHOW COLUMNS FROM `category` [ RunTime:0.006567s ]
SQL: SELECT `id`,`cname`,`fid`,`moduleid`,`path`,`isshow`,`sort`,concat(path,'-',id) AS `bpath` FROM `category` ORDER BY bpath asc  [ RunTime:0.000512s ]
SQL: SHOW COLUMNS FROM `module` [ RunTime:0.005817s ]
SQL: SELECT * FROM `module` WHERE ( 1=1 AND id='3' ) LIMIT 1   [ RunTime:0.030740s ]
SQL: SELECT * FROM `module` WHERE ( 1=1 AND id='1' ) LIMIT 1   [ RunTime:0.000370s ]
SQL: SELECT * FROM `module` WHERE ( 1=1 AND id='4' ) LIMIT 1   [ RunTime:0.000349s ]
SQL: SELECT * FROM `module` WHERE ( 1=1 AND id='2' ) LIMIT 1   [ RunTime:0.000302s ]
SQL: SELECT * FROM `module` WHERE ( 1=1 AND id='1' ) LIMIT 1   [ RunTime:0.000262s ]
SQL: SELECT * FROM `module` WHERE ( 1=1 AND id='3' ) LIMIT 1   [ RunTime:0.000238s ]
SQL: SELECT * FROM `module` WHERE ( 1=1 AND id='3' ) LIMIT 1   [ RunTime:0.000230s ]
SQL: SELECT * FROM `module` WHERE ( 1=1 AND id='3' ) LIMIT 1   [ RunTime:0.000245s ]
SQL: SELECT * FROM `module` WHERE ( 1=1 AND id='1' ) LIMIT 1   [ RunTime:0.000235s ]
SQL: SELECT * FROM `module` WHERE ( 1=1 AND id='1' ) LIMIT 1   [ RunTime:0.000240s ]
SQL: SELECT * FROM `module` WHERE ( 1=1 AND id='1' ) LIMIT 1   [ RunTime:0.000221s ]
SQL: SELECT * FROM `module` WHERE ( 1=1 AND id='1' ) LIMIT 1   [ RunTime:0.000236s ]
SQL: SELECT * FROM `module` WHERE ( 1=1 AND id='2' ) LIMIT 1   [ RunTime:0.000211s ]
SQL: SELECT * FROM `module` WHERE ( 1=1 AND id='2' ) LIMIT 1   [ RunTime:0.000226s ]
SQL: SELECT * FROM `module` WHERE ( 1=1 AND id='1' ) LIMIT 1   [ RunTime:0.000230s ]
SQL: SELECT * FROM `module` WHERE ( 1=1 AND id='2' ) LIMIT 1   [ RunTime:0.000307s ]
INFO: [ view_parse ] --START--
INFO: [ template_filter ] --START--
INFO: Run Behavior\ContentReplaceBehavior [ RunTime:0.000102s ]
INFO: [ template_filter ] --END-- [ RunTime:0.000241s ]
NOTIC: [8] Undefined index: cat_id D:\wamp\www\kucms\Application\Runtime\Cache\Admin\9bfef0f9f473c596f668b6c9a32bfd5c.php 第 127 行.
NOTIC: [8] Undefined index: cat_id D:\wamp\www\kucms\Application\Runtime\Cache\Admin\9bfef0f9f473c596f668b6c9a32bfd5c.php 第 127 行.
NOTIC: [8] Undefined index: cat_id D:\wamp\www\kucms\Application\Runtime\Cache\Admin\9bfef0f9f473c596f668b6c9a32bfd5c.php 第 127 行.
NOTIC: [8] Undefined index: cat_id D:\wamp\www\kucms\Application\Runtime\Cache\Admin\9bfef0f9f473c596f668b6c9a32bfd5c.php 第 127 行.
NOTIC: [8] Undefined index: cat_id D:\wamp\www\kucms\Application\Runtime\Cache\Admin\9bfef0f9f473c596f668b6c9a32bfd5c.php 第 127 行.
NOTIC: [8] Undefined index: cat_id D:\wamp\www\kucms\Application\Runtime\Cache\Admin\9bfef0f9f473c596f668b6c9a32bfd5c.php 第 127 行.
NOTIC: [8] Undefined index: cat_id D:\wamp\www\kucms\Application\Runtime\Cache\Admin\9bfef0f9f473c596f668b6c9a32bfd5c.php 第 127 行.
NOTIC: [8] Undefined index: cat_id D:\wamp\www\kucms\Application\Runtime\Cache\Admin\9bfef0f9f473c596f668b6c9a32bfd5c.php 第 127 行.
NOTIC: [8] Undefined index: cat_id D:\wamp\www\kucms\Application\Runtime\Cache\Admin\9bfef0f9f473c596f668b6c9a32bfd5c.php 第 127 行.
NOTIC: [8] Undefined index: cat_id D:\wamp\www\kucms\Application\Runtime\Cache\Admin\9bfef0f9f473c596f668b6c9a32bfd5c.php 第 127 行.
NOTIC: [8] Undefined index: cat_id D:\wamp\www\kucms\Application\Runtime\Cache\Admin\9bfef0f9f473c596f668b6c9a32bfd5c.php 第 127 行.
NOTIC: [8] Undefined index: cat_id D:\wamp\www\kucms\Application\Runtime\Cache\Admin\9bfef0f9f473c596f668b6c9a32bfd5c.php 第 127 行.
NOTIC: [8] Undefined index: cat_id D:\wamp\www\kucms\Application\Runtime\Cache\Admin\9bfef0f9f473c596f668b6c9a32bfd5c.php 第 127 行.
NOTIC: [8] Undefined index: cat_id D:\wamp\www\kucms\Application\Runtime\Cache\Admin\9bfef0f9f473c596f668b6c9a32bfd5c.php 第 127 行.
NOTIC: [8] Undefined index: cat_id D:\wamp\www\kucms\Application\Runtime\Cache\Admin\9bfef0f9f473c596f668b6c9a32bfd5c.php 第 127 行.
NOTIC: [8] Undefined index: cat_id D:\wamp\www\kucms\Application\Runtime\Cache\Admin\9bfef0f9f473c596f668b6c9a32bfd5c.php 第 127 行.
INFO: Run Behavior\ParseTemplateBehavior [ RunTime:0.048583s ]
INFO: [ view_parse ] --END-- [ RunTime:0.048803s ]
INFO: [ view_filter ] --START--
INFO: Run Behavior\WriteHtmlCacheBehavior [ RunTime:0.000716s ]
INFO: [ view_filter ] --END-- [ RunTime:0.000844s ]
INFO: [ app_end ] --START--
INFO: Run Behavior\ShowPageTraceBehavior [ RunTime:0.000819s ]
INFO: [ app_end ] --END-- [ RunTime:0.000948s ]

[ 2014-06-26T09:47:08+08:00 ] ::1 /kucms/index.php/Admin/Category
INFO: [ app_init ] --START--
INFO: Run Behavior\BuildLiteBehavior [ RunTime:0.000031s ]
INFO: [ app_init ] --END-- [ RunTime:0.000573s ]
INFO: [ app_begin ] --START--
INFO: Run Behavior\ReadHtmlCacheBehavior [ RunTime:0.000847s ]
INFO: [ app_begin ] --END-- [ RunTime:0.000987s ]
SQL: SHOW COLUMNS FROM `category` [ RunTime:0.004452s ]
SQL: SELECT `id`,`cname`,`fid`,`moduleid`,`path`,`isshow`,`sort`,concat(path,'-',id) AS `bpath` FROM `category` ORDER BY bpath asc  [ RunTime:0.000481s ]
SQL: SHOW COLUMNS FROM `module` [ RunTime:0.005085s ]
SQL: SELECT * FROM `module` WHERE ( 1=1 AND id='3' ) LIMIT 1   [ RunTime:0.000361s ]
SQL: SELECT * FROM `module` WHERE ( 1=1 AND id='1' ) LIMIT 1   [ RunTime:0.000237s ]
SQL: SELECT * FROM `module` WHERE ( 1=1 AND id='4' ) LIMIT 1   [ RunTime:0.000253s ]
SQL: SELECT * FROM `module` WHERE ( 1=1 AND id='2' ) LIMIT 1   [ RunTime:0.000235s ]
SQL: SELECT * FROM `module` WHERE ( 1=1 AND id='1' ) LIMIT 1   [ RunTime:0.000229s ]
SQL: SELECT * FROM `module` WHERE ( 1=1 AND id='3' ) LIMIT 1   [ RunTime:0.000234s ]
SQL: SELECT * FROM `module` WHERE ( 1=1 AND id='3' ) LIMIT 1   [ RunTime:0.000232s ]
SQL: SELECT * FROM `module` WHERE ( 1=1 AND id='3' ) LIMIT 1   [ RunTime:0.000227s ]
SQL: SELECT * FROM `module` WHERE ( 1=1 AND id='1' ) LIMIT 1   [ RunTime:0.000220s ]
SQL: SELECT * FROM `module` WHERE ( 1=1 AND id='1' ) LIMIT 1   [ RunTime:0.000223s ]
SQL: SELECT * FROM `module` WHERE ( 1=1 AND id='1' ) LIMIT 1   [ RunTime:0.000229s ]
SQL: SELECT * FROM `module` WHERE ( 1=1 AND id='1' ) LIMIT 1   [ RunTime:0.000227s ]
SQL: SELECT * FROM `module` WHERE ( 1=1 AND id='2' ) LIMIT 1   [ RunTime:0.000226s ]
SQL: SELECT * FROM `module` WHERE ( 1=1 AND id='2' ) LIMIT 1   [ RunTime:0.000223s ]
SQL: SELECT * FROM `module` WHERE ( 1=1 AND id='1' ) LIMIT 1   [ RunTime:0.000226s ]
SQL: SELECT * FROM `module` WHERE ( 1=1 AND id='2' ) LIMIT 1   [ RunTime:0.000221s ]
INFO: [ view_parse ] --START--
INFO: [ template_filter ] --START--
INFO: Run Behavior\ContentReplaceBehavior [ RunTime:0.000100s ]
INFO: [ template_filter ] --END-- [ RunTime:0.000228s ]
NOTIC: [8] Undefined index: cat_id D:\wamp\www\kucms\Application\Runtime\Cache\Admin\9bfef0f9f473c596f668b6c9a32bfd5c.php 第 127 行.
NOTIC: [8] Undefined index: cat_id D:\wamp\www\kucms\Application\Runtime\Cache\Admin\9bfef0f9f473c596f668b6c9a32bfd5c.php 第 127 行.
NOTIC: [8] Undefined index: cat_id D:\wamp\www\kucms\Application\Runtime\Cache\Admin\9bfef0f9f473c596f668b6c9a32bfd5c.php 第 127 行.
NOTIC: [8] Undefined index: cat_id D:\wamp\www\kucms\Application\Runtime\Cache\Admin\9bfef0f9f473c596f668b6c9a32bfd5c.php 第 127 行.
NOTIC: [8] Undefined index: cat_id D:\wamp\www\kucms\Application\Runtime\Cache\Admin\9bfef0f9f473c596f668b6c9a32bfd5c.php 第 127 行.
NOTIC: [8] Undefined index: cat_id D:\wamp\www\kucms\Application\Runtime\Cache\Admin\9bfef0f9f473c596f668b6c9a32bfd5c.php 第 127 行.
NOTIC: [8] Undefined index: cat_id D:\wamp\www\kucms\Application\Runtime\Cache\Admin\9bfef0f9f473c596f668b6c9a32bfd5c.php 第 127 行.
NOTIC: [8] Undefined index: cat_id D:\wamp\www\kucms\Application\Runtime\Cache\Admin\9bfef0f9f473c596f668b6c9a32bfd5c.php 第 127 行.
NOTIC: [8] Undefined index: cat_id D:\wamp\www\kucms\Application\Runtime\Cache\Admin\9bfef0f9f473c596f668b6c9a32bfd5c.php 第 127 行.
NOTIC: [8] Undefined index: cat_id D:\wamp\www\kucms\Application\Runtime\Cache\Admin\9bfef0f9f473c596f668b6c9a32bfd5c.php 第 127 行.
NOTIC: [8] Undefined index: cat_id D:\wamp\www\kucms\Application\Runtime\Cache\Admin\9bfef0f9f473c596f668b6c9a32bfd5c.php 第 127 行.
NOTIC: [8] Undefined index: cat_id D:\wamp\www\kucms\Application\Runtime\Cache\Admin\9bfef0f9f473c596f668b6c9a32bfd5c.php 第 127 行.
NOTIC: [8] Undefined index: cat_id D:\wamp\www\kucms\Application\Runtime\Cache\Admin\9bfef0f9f473c596f668b6c9a32bfd5c.php 第 127 行.
NOTIC: [8] Undefined index: cat_id D:\wamp\www\kucms\Application\Runtime\Cache\Admin\9bfef0f9f473c596f668b6c9a32bfd5c.php 第 127 行.
NOTIC: [8] Undefined index: cat_id D:\wamp\www\kucms\Application\Runtime\Cache\Admin\9bfef0f9f473c596f668b6c9a32bfd5c.php 第 127 行.
NOTIC: [8] Undefined index: cat_id D:\wamp\www\kucms\Application\Runtime\Cache\Admin\9bfef0f9f473c596f668b6c9a32bfd5c.php 第 127 行.
INFO: Run Behavior\ParseTemplateBehavior [ RunTime:0.020502s ]
INFO: [ view_parse ] --END-- [ RunTime:0.020630s ]
INFO: [ view_filter ] --START--
INFO: Run Behavior\WriteHtmlCacheBehavior [ RunTime:0.000547s ]
INFO: [ view_filter ] --END-- [ RunTime:0.000663s ]
INFO: [ app_end ] --START--
INFO: Run Behavior\ShowPageTraceBehavior [ RunTime:0.000725s ]
INFO: [ app_end ] --END-- [ RunTime:0.000843s ]

[ 2014-06-26T09:47:12+08:00 ] ::1 /kucms/index.php/Admin/Category/edit/id/113
INFO: [ app_init ] --START--
INFO: Run Behavior\BuildLiteBehavior [ RunTime:0.000053s ]
INFO: [ app_init ] --END-- [ RunTime:0.000652s ]
INFO: [ app_begin ] --START--
INFO: Run Behavior\ReadHtmlCacheBehavior [ RunTime:0.000857s ]
INFO: [ app_begin ] --END-- [ RunTime:0.000995s ]
SQL: SHOW COLUMNS FROM `category` [ RunTime:0.007005s ]
SQL: SELECT `id`,`cname`,`fid`,`moduleid`,concat(path,'-',id) AS `bpath`,`isshow`,`template` FROM `category` ORDER BY bpath  [ RunTime:0.000427s ]
SQL: SELECT * FROM `category` WHERE ( id=113 ) LIMIT 1   [ RunTime:0.000300s ]
SQL: SHOW COLUMNS FROM `module` [ RunTime:0.005543s ]
SQL: SELECT * FROM `module`  [ RunTime:0.000380s ]
INFO: [ view_parse ] --START--
INFO: [ template_filter ] --START--
INFO: Run Behavior\ContentReplaceBehavior [ RunTime:0.000087s ]
INFO: [ template_filter ] --END-- [ RunTime:0.000244s ]
NOTIC: [8] Undefined index: parentdir D:\wamp\www\kucms\Application\Runtime\Cache\Admin\dfed54471f23c5cc0f29d10cfac5ae98.php 第 50 行.
NOTIC: [8] Undefined index: listorder D:\wamp\www\kucms\Application\Runtime\Cache\Admin\dfed54471f23c5cc0f29d10cfac5ae98.php 第 54 行.
INFO: Run Behavior\ParseTemplateBehavior [ RunTime:0.032121s ]
INFO: [ view_parse ] --END-- [ RunTime:0.032263s ]
INFO: [ view_filter ] --START--
INFO: Run Behavior\WriteHtmlCacheBehavior [ RunTime:0.000536s ]
INFO: [ view_filter ] --END-- [ RunTime:0.000654s ]
INFO: [ app_end ] --START--
INFO: Run Behavior\ShowPageTraceBehavior [ RunTime:0.000916s ]
INFO: [ app_end ] --END-- [ RunTime:0.001038s ]

[ 2014-06-26T09:47:19+08:00 ] ::1 /kucms/index.php/Admin/Category/doEdit
INFO: [ app_init ] --START--
INFO: Run Behavior\BuildLiteBehavior [ RunTime:0.000028s ]
INFO: [ app_init ] --END-- [ RunTime:0.000522s ]
INFO: [ app_begin ] --START--
INFO: Run Behavior\ReadHtmlCacheBehavior [ RunTime:0.000740s ]
INFO: [ app_begin ] --END-- [ RunTime:0.000866s ]
SQL: SHOW COLUMNS FROM `category` [ RunTime:0.006830s ]
SQL: SELECT * FROM `category` WHERE ( id=112 ) LIMIT 1   [ RunTime:0.000405s ]
SQL: UPDATE `category` SET `moduleid`='2',`template`='0',`cname`='夏季水果',`fid`='112',`sort`='',`isshow`='1',`path`='0-112' WHERE ( `id` = '113' ) [ RunTime:0.026720s ]
INFO: [ view_parse ] --START--
INFO: [ template_filter ] --START--
INFO: Run Behavior\ContentReplaceBehavior [ RunTime:0.000062s ]
INFO: [ template_filter ] --END-- [ RunTime:0.000192s ]
INFO: Run Behavior\ParseTemplateBehavior [ RunTime:0.040989s ]
INFO: [ view_parse ] --END-- [ RunTime:0.041129s ]
INFO: [ view_filter ] --START--
INFO: Run Behavior\WriteHtmlCacheBehavior [ RunTime:0.000583s ]
INFO: [ view_filter ] --END-- [ RunTime:0.000707s ]
INFO: [ app_end ] --START--
INFO: Run Behavior\ShowPageTraceBehavior [ RunTime:0.000764s ]
INFO: [ app_end ] --END-- [ RunTime:0.000886s ]

[ 2014-06-26T09:47:20+08:00 ] ::1 /kucms/index.php/Admin/Category/index.html
INFO: [ app_init ] --START--
INFO: Run Behavior\BuildLiteBehavior [ RunTime:0.000035s ]
INFO: [ app_init ] --END-- [ RunTime:0.000650s ]
INFO: [ app_begin ] --START--
INFO: Run Behavior\ReadHtmlCacheBehavior [ RunTime:0.001033s ]
INFO: [ app_begin ] --END-- [ RunTime:0.001224s ]
SQL: SHOW COLUMNS FROM `category` [ RunTime:0.007379s ]
SQL: SELECT `id`,`cname`,`fid`,`moduleid`,`path`,`isshow`,`sort`,concat(path,'-',id) AS `bpath` FROM `category` ORDER BY bpath asc  [ RunTime:0.000470s ]
SQL: SHOW COLUMNS FROM `module` [ RunTime:0.005694s ]
SQL: SELECT * FROM `module` WHERE ( 1=1 AND id='3' ) LIMIT 1   [ RunTime:0.000355s ]
SQL: SELECT * FROM `module` WHERE ( 1=1 AND id='1' ) LIMIT 1   [ RunTime:0.000257s ]
SQL: SELECT * FROM `module` WHERE ( 1=1 AND id='2' ) LIMIT 1   [ RunTime:0.000293s ]
SQL: SELECT * FROM `module` WHERE ( 1=1 AND id='2' ) LIMIT 1   [ RunTime:0.000244s ]
SQL: SELECT * FROM `module` WHERE ( 1=1 AND id='1' ) LIMIT 1   [ RunTime:0.000345s ]
SQL: SELECT * FROM `module` WHERE ( 1=1 AND id='3' ) LIMIT 1   [ RunTime:0.000270s ]
SQL: SELECT * FROM `module` WHERE ( 1=1 AND id='3' ) LIMIT 1   [ RunTime:0.000242s ]
SQL: SELECT * FROM `module` WHERE ( 1=1 AND id='3' ) LIMIT 1   [ RunTime:0.000247s ]
SQL: SELECT * FROM `module` WHERE ( 1=1 AND id='1' ) LIMIT 1   [ RunTime:0.000225s ]
SQL: SELECT * FROM `module` WHERE ( 1=1 AND id='1' ) LIMIT 1   [ RunTime:0.000227s ]
SQL: SELECT * FROM `module` WHERE ( 1=1 AND id='1' ) LIMIT 1   [ RunTime:0.000231s ]
SQL: SELECT * FROM `module` WHERE ( 1=1 AND id='1' ) LIMIT 1   [ RunTime:0.000226s ]
SQL: SELECT * FROM `module` WHERE ( 1=1 AND id='2' ) LIMIT 1   [ RunTime:0.000226s ]
SQL: SELECT * FROM `module` WHERE ( 1=1 AND id='2' ) LIMIT 1   [ RunTime:0.000225s ]
SQL: SELECT * FROM `module` WHERE ( 1=1 AND id='1' ) LIMIT 1   [ RunTime:0.000218s ]
SQL: SELECT * FROM `module` WHERE ( 1=1 AND id='2' ) LIMIT 1   [ RunTime:0.000239s ]
INFO: [ view_parse ] --START--
INFO: [ template_filter ] --START--
INFO: Run Behavior\ContentReplaceBehavior [ RunTime:0.000095s ]
INFO: [ template_filter ] --END-- [ RunTime:0.000225s ]
NOTIC: [8] Undefined index: cat_id D:\wamp\www\kucms\Application\Runtime\Cache\Admin\9bfef0f9f473c596f668b6c9a32bfd5c.php 第 127 行.
NOTIC: [8] Undefined index: cat_id D:\wamp\www\kucms\Application\Runtime\Cache\Admin\9bfef0f9f473c596f668b6c9a32bfd5c.php 第 127 行.
NOTIC: [8] Undefined index: cat_id D:\wamp\www\kucms\Application\Runtime\Cache\Admin\9bfef0f9f473c596f668b6c9a32bfd5c.php 第 127 行.
NOTIC: [8] Undefined index: cat_id D:\wamp\www\kucms\Application\Runtime\Cache\Admin\9bfef0f9f473c596f668b6c9a32bfd5c.php 第 127 行.
NOTIC: [8] Undefined index: cat_id D:\wamp\www\kucms\Application\Runtime\Cache\Admin\9bfef0f9f473c596f668b6c9a32bfd5c.php 第 127 行.
NOTIC: [8] Undefined index: cat_id D:\wamp\www\kucms\Application\Runtime\Cache\Admin\9bfef0f9f473c596f668b6c9a32bfd5c.php 第 127 行.
NOTIC: [8] Undefined index: cat_id D:\wamp\www\kucms\Application\Runtime\Cache\Admin\9bfef0f9f473c596f668b6c9a32bfd5c.php 第 127 行.
NOTIC: [8] Undefined index: cat_id D:\wamp\www\kucms\Application\Runtime\Cache\Admin\9bfef0f9f473c596f668b6c9a32bfd5c.php 第 127 行.
NOTIC: [8] Undefined index: cat_id D:\wamp\www\kucms\Application\Runtime\Cache\Admin\9bfef0f9f473c596f668b6c9a32bfd5c.php 第 127 行.
NOTIC: [8] Undefined index: cat_id D:\wamp\www\kucms\Application\Runtime\Cache\Admin\9bfef0f9f473c596f668b6c9a32bfd5c.php 第 127 行.
NOTIC: [8] Undefined index: cat_id D:\wamp\www\kucms\Application\Runtime\Cache\Admin\9bfef0f9f473c596f668b6c9a32bfd5c.php 第 127 行.
NOTIC: [8] Undefined index: cat_id D:\wamp\www\kucms\Application\Runtime\Cache\Admin\9bfef0f9f473c596f668b6c9a32bfd5c.php 第 127 行.
NOTIC: [8] Undefined index: cat_id D:\wamp\www\kucms\Application\Runtime\Cache\Admin\9bfef0f9f473c596f668b6c9a32bfd5c.php 第 127 行.
NOTIC: [8] Undefined index: cat_id D:\wamp\www\kucms\Application\Runtime\Cache\Admin\9bfef0f9f473c596f668b6c9a32bfd5c.php 第 127 行.
NOTIC: [8] Undefined index: cat_id D:\wamp\www\kucms\Application\Runtime\Cache\Admin\9bfef0f9f473c596f668b6c9a32bfd5c.php 第 127 行.
NOTIC: [8] Undefined index: cat_id D:\wamp\www\kucms\Application\Runtime\Cache\Admin\9bfef0f9f473c596f668b6c9a32bfd5c.php 第 127 行.
INFO: Run Behavior\ParseTemplateBehavior [ RunTime:0.026778s ]
INFO: [ view_parse ] --END-- [ RunTime:0.026905s ]
INFO: [ view_filter ] --START--
INFO: Run Behavior\WriteHtmlCacheBehavior [ RunTime:0.000604s ]
INFO: [ view_filter ] --END-- [ RunTime:0.000719s ]
INFO: [ app_end ] --START--
INFO: Run Behavior\ShowPageTraceBehavior [ RunTime:0.000747s ]
INFO: [ app_end ] --END-- [ RunTime:0.000865s ]

[ 2014-06-26T09:47:23+08:00 ] ::1 /kucms/index.php/Admin/Article
INFO: [ app_init ] --START--
INFO: Run Behavior\BuildLiteBehavior [ RunTime:0.000030s ]
INFO: [ app_init ] --END-- [ RunTime:0.000556s ]
INFO: [ app_begin ] --START--
INFO: Run Behavior\ReadHtmlCacheBehavior [ RunTime:0.000830s ]
INFO: [ app_begin ] --END-- [ RunTime:0.000974s ]
SQL: SHOW COLUMNS FROM `article` [ RunTime:0.007260s ]
SQL: SELECT COUNT(id) AS tp_count FROM `article` LIMIT 1   [ RunTime:0.000336s ]
SQL: SELECT * FROM `article` WHERE ( is_del=0 ) ORDER BY id desc LIMIT 0,5   [ RunTime:0.001019s ]
SQL: SHOW COLUMNS FROM `category` [ RunTime:0.011880s ]
SQL: SELECT * FROM `category` WHERE ( 1=1 AND id='106' ) LIMIT 1   [ RunTime:0.000606s ]
SQL: SELECT * FROM `category` WHERE ( 1=1 AND id='106' ) LIMIT 1   [ RunTime:0.000468s ]
SQL: SELECT * FROM `category` WHERE ( 1=1 AND id='109' ) LIMIT 1   [ RunTime:0.000452s ]
SQL: SELECT * FROM `category` WHERE ( 1=1 AND id='106' ) LIMIT 1   [ RunTime:0.000444s ]
SQL: SELECT * FROM `category` WHERE ( 1=1 AND id='106' ) LIMIT 1   [ RunTime:0.000432s ]
INFO: [ view_parse ] --START--
INFO: [ template_filter ] --START--
INFO: Run Behavior\ContentReplaceBehavior [ RunTime:0.000142s ]
INFO: [ template_filter ] --END-- [ RunTime:0.000400s ]
NOTIC: [8] Undefined index: id D:\wamp\www\kucms\Application\Runtime\Cache\Admin\7a4184ffe8f804b12b2e7f8851dd8f7d.php 第 66 行.
NOTIC: [8] Undefined variable: header D:\wamp\www\kucms\Application\Runtime\Cache\Admin\7a4184ffe8f804b12b2e7f8851dd8f7d.php 第 90 行.
INFO: Run Behavior\ParseTemplateBehavior [ RunTime:0.053437s ]
INFO: [ view_parse ] --END-- [ RunTime:0.053724s ]
INFO: [ view_filter ] --START--
INFO: Run Behavior\WriteHtmlCacheBehavior [ RunTime:0.000963s ]
INFO: [ view_filter ] --END-- [ RunTime:0.001155s ]
INFO: [ app_end ] --START--
INFO: Run Behavior\ShowPageTraceBehavior [ RunTime:0.000997s ]
INFO: [ app_end ] --END-- [ RunTime:0.001161s ]

[ 2014-06-26T09:47:24+08:00 ] ::1 /kucms/index.php/Admin/Article/add/id/2
INFO: [ app_init ] --START--
INFO: Run Behavior\BuildLiteBehavior [ RunTime:0.000033s ]
INFO: [ app_init ] --END-- [ RunTime:0.000685s ]
INFO: [ app_begin ] --START--
INFO: Run Behavior\ReadHtmlCacheBehavior [ RunTime:0.000865s ]
INFO: [ app_begin ] --END-- [ RunTime:0.001024s ]
SQL: SHOW COLUMNS FROM `category` [ RunTime:0.007815s ]
SQL: SELECT `id`,`fid`,`cname`,concat(path,'-',id) AS `bpath` FROM `category` WHERE ( moduleid=2 ) ORDER BY bpath  [ RunTime:0.000432s ]
INFO: [ view_parse ] --START--
INFO: [ template_filter ] --START--
INFO: Run Behavior\ContentReplaceBehavior [ RunTime:0.000088s ]
INFO: [ template_filter ] --END-- [ RunTime:0.000225s ]
INFO: Run Behavior\ParseTemplateBehavior [ RunTime:0.056969s ]
INFO: [ view_parse ] --END-- [ RunTime:0.057119s ]
INFO: [ view_filter ] --START--
INFO: Run Behavior\WriteHtmlCacheBehavior [ RunTime:0.000600s ]
INFO: [ view_filter ] --END-- [ RunTime:0.000724s ]
INFO: [ app_end ] --START--
INFO: Run Behavior\ShowPageTraceBehavior [ RunTime:0.000847s ]
INFO: [ app_end ] --END-- [ RunTime:0.000972s ]

[ 2014-06-26T09:47:46+08:00 ] ::1 /kucms/index.php/Admin/Article/doAdd
INFO: [ app_init ] --START--
INFO: Run Behavior\BuildLiteBehavior [ RunTime:0.000030s ]
INFO: [ app_init ] --END-- [ RunTime:0.000607s ]
INFO: [ app_begin ] --START--
INFO: Run Behavior\ReadHtmlCacheBehavior [ RunTime:0.000754s ]
INFO: [ app_begin ] --END-- [ RunTime:0.000880s ]
SQL: SHOW COLUMNS FROM `article` [ RunTime:0.007102s ]
INFO: [ view_parse ] --START--
INFO: [ template_filter ] --START--
INFO: Run Behavior\ContentReplaceBehavior [ RunTime:0.000075s ]
INFO: [ template_filter ] --END-- [ RunTime:0.000207s ]
INFO: Run Behavior\ParseTemplateBehavior [ RunTime:0.008758s ]
INFO: [ view_parse ] --END-- [ RunTime:0.008989s ]
INFO: [ view_filter ] --START--
INFO: Run Behavior\WriteHtmlCacheBehavior [ RunTime:0.000630s ]
INFO: [ view_filter ] --END-- [ RunTime:0.000799s ]

[ 2014-06-26T09:47:54+08:00 ] ::1 /kucms/index.php/Admin/Article/doAdd
INFO: [ app_init ] --START--
INFO: Run Behavior\BuildLiteBehavior [ RunTime:0.000057s ]
INFO: [ app_init ] --END-- [ RunTime:0.001130s ]
INFO: [ app_begin ] --START--
INFO: Run Behavior\ReadHtmlCacheBehavior [ RunTime:0.000855s ]
INFO: [ app_begin ] --END-- [ RunTime:0.001004s ]
SQL: SHOW COLUMNS FROM `article` [ RunTime:0.007446s ]
NOTIC: [2] call_user_func() expects parameter 1 to be a valid callback, no array or string given D:\wamp\www\kucms\ThinkPHP\Library\Think\Upload.class.php 第 169 行.
NOTIC: [8] Undefined index: subName D:\wamp\www\kucms\Application\Admin\Controller\ArticleController.class.php 第 162 行.
SQL: INSERT INTO `article` (`cid`,`title`,`keywords`,`description`,`content`,`from`,`author`,`addtime`,`img`) VALUES (118,'这是时令水果',0,0,'这是时令水果这是时令水果这是时令水果这是时令水果这是时令水果这是时令水果这是时令水果这是时令水果这是时令水果这是时令水果这是时令水果这是时令水果这是时令水果这是时令水果这是时令水果这是时令水果这是时令水果这是时令水果','本站原创','管理员','2014-06-26','53ab7bcab9b1b.jpg') [ RunTime:0.000510s ]
INFO: [ view_parse ] --START--
INFO: [ template_filter ] --START--
INFO: Run Behavior\ContentReplaceBehavior [ RunTime:0.000065s ]
INFO: [ template_filter ] --END-- [ RunTime:0.000205s ]
INFO: Run Behavior\ParseTemplateBehavior [ RunTime:0.009153s ]
INFO: [ view_parse ] --END-- [ RunTime:0.009298s ]
INFO: [ view_filter ] --START--
INFO: Run Behavior\WriteHtmlCacheBehavior [ RunTime:0.000562s ]
INFO: [ view_filter ] --END-- [ RunTime:0.000688s ]
INFO: [ app_end ] --START--
INFO: Run Behavior\ShowPageTraceBehavior [ RunTime:0.000787s ]
INFO: [ app_end ] --END-- [ RunTime:0.000925s ]

[ 2014-06-26T09:47:55+08:00 ] ::1 /kucms/index.php/Admin/Article/index.html
INFO: [ app_init ] --START--
INFO: Run Behavior\BuildLiteBehavior [ RunTime:0.000069s ]
INFO: [ app_init ] --END-- [ RunTime:0.001120s ]
INFO: [ app_begin ] --START--
INFO: Run Behavior\ReadHtmlCacheBehavior [ RunTime:0.001009s ]
INFO: [ app_begin ] --END-- [ RunTime:0.001201s ]
SQL: SHOW COLUMNS FROM `article` [ RunTime:0.007658s ]
SQL: SELECT COUNT(id) AS tp_count FROM `article` LIMIT 1   [ RunTime:0.000324s ]
SQL: SELECT * FROM `article` WHERE ( is_del=0 ) ORDER BY id desc LIMIT 0,5   [ RunTime:0.000514s ]
SQL: SHOW COLUMNS FROM `category` [ RunTime:0.007320s ]
SQL: SELECT * FROM `category` WHERE ( 1=1 AND id='118' ) LIMIT 1   [ RunTime:0.000335s ]
SQL: SELECT * FROM `category` WHERE ( 1=1 AND id='106' ) LIMIT 1   [ RunTime:0.000232s ]
SQL: SELECT * FROM `category` WHERE ( 1=1 AND id='106' ) LIMIT 1   [ RunTime:0.000225s ]
SQL: SELECT * FROM `category` WHERE ( 1=1 AND id='109' ) LIMIT 1   [ RunTime:0.000223s ]
SQL: SELECT * FROM `category` WHERE ( 1=1 AND id='106' ) LIMIT 1   [ RunTime:0.000209s ]
INFO: [ view_parse ] --START--
INFO: [ template_filter ] --START--
INFO: Run Behavior\ContentReplaceBehavior [ RunTime:0.000072s ]
INFO: [ template_filter ] --END-- [ RunTime:0.000198s ]
NOTIC: [8] Undefined index: id D:\wamp\www\kucms\Application\Runtime\Cache\Admin\7a4184ffe8f804b12b2e7f8851dd8f7d.php 第 66 行.
NOTIC: [8] Undefined variable: header D:\wamp\www\kucms\Application\Runtime\Cache\Admin\7a4184ffe8f804b12b2e7f8851dd8f7d.php 第 90 行.
INFO: Run Behavior\ParseTemplateBehavior [ RunTime:0.010294s ]
INFO: [ view_parse ] --END-- [ RunTime:0.010428s ]
INFO: [ view_filter ] --START--
INFO: Run Behavior\WriteHtmlCacheBehavior [ RunTime:0.000520s ]
INFO: [ view_filter ] --END-- [ RunTime:0.000636s ]
INFO: [ app_end ] --START--
INFO: Run Behavior\ShowPageTraceBehavior [ RunTime:0.000720s ]
INFO: [ app_end ] --END-- [ RunTime:0.000839s ]

[ 2014-06-26T09:48:05+08:00 ] ::1 /kucms/index.php
INFO: [ app_init ] --START--
INFO: Run Behavior\BuildLiteBehavior [ RunTime:0.000030s ]
INFO: [ app_init ] --END-- [ RunTime:0.000578s ]

[ 2014-06-26T09:48:09+08:00 ] ::1 /kucms/index.php/Home/Category/index/id/113
INFO: [ app_init ] --START--
INFO: Run Behavior\BuildLiteBehavior [ RunTime:0.000032s ]
INFO: [ app_init ] --END-- [ RunTime:0.000608s ]

[ 2014-06-26T09:48:11+08:00 ] ::1 /kucms/index.php/Home/Category/index/id/118
INFO: [ app_init ] --START--
INFO: Run Behavior\BuildLiteBehavior [ RunTime:0.000027s ]
INFO: [ app_init ] --END-- [ RunTime:0.000557s ]

[ 2014-06-26T09:48:13+08:00 ] ::1 /kucms/index.php/Home/Category/index/id/118
INFO: [ app_init ] --START--
INFO: Run Behavior\BuildLiteBehavior [ RunTime:0.000028s ]
INFO: [ app_init ] --END-- [ RunTime:0.000531s ]

[ 2014-06-26T09:48:32+08:00 ] ::1 /kucms/index.php/Home/Category/index/id/118
INFO: [ app_init ] --START--
INFO: Run Behavior\BuildLiteBehavior [ RunTime:0.000028s ]
INFO: [ app_init ] --END-- [ RunTime:0.000613s ]

[ 2014-06-26T09:48:40+08:00 ] ::1 /kucms/index.php/Home/Category/index/id/118
INFO: [ app_init ] --START--
INFO: Run Behavior\BuildLiteBehavior [ RunTime:0.000030s ]
INFO: [ app_init ] --END-- [ RunTime:0.000570s ]

[ 2014-06-26T09:56:09+08:00 ] ::1 /kucms/index.php/Admin/Produce
INFO: [ app_init ] --START--
INFO: Run Behavior\BuildLiteBehavior [ RunTime:0.000031s ]
INFO: [ app_init ] --END-- [ RunTime:0.000586s ]
INFO: [ app_begin ] --START--
INFO: Run Behavior\ReadHtmlCacheBehavior [ RunTime:0.000848s ]
INFO: [ app_begin ] --END-- [ RunTime:0.000981s ]
SQL: SHOW COLUMNS FROM `produce` [ RunTime:0.007798s ]
SQL: SELECT * FROM `produce` ORDER BY id asc  [ RunTime:0.000615s ]
SQL: SHOW COLUMNS FROM `category` [ RunTime:0.006381s ]
SQL: SELECT * FROM `category` WHERE ( 1=1 AND id='5' ) LIMIT 1   [ RunTime:0.000327s ]
SQL: SELECT * FROM `category` WHERE ( 1=1 AND id='4' ) LIMIT 1   [ RunTime:0.000243s ]
SQL: SELECT * FROM `category` WHERE ( 1=1 AND id='13' ) LIMIT 1   [ RunTime:0.000298s ]
SQL: SELECT * FROM `category` WHERE ( 1=1 AND id='13' ) LIMIT 1   [ RunTime:0.000207s ]
SQL: SELECT * FROM `category` WHERE ( 1=1 AND id='102' ) LIMIT 1   [ RunTime:0.000247s ]
SQL: SELECT * FROM `category` WHERE ( 1=1 AND id='107' ) LIMIT 1   [ RunTime:0.000232s ]
SQL: SELECT * FROM `category` WHERE ( 1=1 AND id='109' ) LIMIT 1   [ RunTime:0.000300s ]
SQL: SELECT * FROM `category` WHERE ( 1=1 AND id='108' ) LIMIT 1   [ RunTime:0.000250s ]
SQL: SELECT * FROM `category` WHERE ( 1=1 AND id='4' ) LIMIT 1   [ RunTime:0.000280s ]
SQL: SELECT * FROM `category` WHERE ( 1=1 AND id='4' ) LIMIT 1   [ RunTime:0.000325s ]
SQL: SELECT * FROM `category` WHERE ( 1=1 AND id='0' ) LIMIT 1   [ RunTime:0.000286s ]
SQL: SELECT * FROM `category` WHERE ( 1=1 AND id='20' ) LIMIT 1   [ RunTime:0.000242s ]
SQL: SELECT * FROM `category` WHERE ( 1=1 AND id='115' ) LIMIT 1   [ RunTime:0.000217s ]
SQL: SELECT * FROM `category` WHERE ( 1=1 AND id='115' ) LIMIT 1   [ RunTime:0.000212s ]
SQL: SELECT * FROM `category` WHERE ( 1=1 AND id='115' ) LIMIT 1   [ RunTime:0.000212s ]
SQL: SELECT * FROM `category` WHERE ( 1=1 AND id='115' ) LIMIT 1   [ RunTime:0.000203s ]
SQL: SELECT * FROM `category` WHERE ( 1=1 AND id='117' ) LIMIT 1   [ RunTime:0.000255s ]
SQL: SELECT * FROM `category` WHERE ( 1=1 AND id='1' ) LIMIT 1   [ RunTime:0.000222s ]
SQL: SELECT * FROM `category` WHERE ( 1=1 AND id='1' ) LIMIT 1   [ RunTime:0.000229s ]
SQL: SELECT * FROM `category` WHERE ( 1=1 AND id='1' ) LIMIT 1   [ RunTime:0.000224s ]
SQL: SELECT * FROM `category` WHERE ( 1=1 AND id='1' ) LIMIT 1   [ RunTime:0.000218s ]
SQL: SELECT * FROM `category` WHERE ( 1=1 AND id='1' ) LIMIT 1   [ RunTime:0.000205s ]
INFO: [ view_parse ] --START--
INFO: [ template_filter ] --START--
INFO: Run Behavior\ContentReplaceBehavior [ RunTime:0.000080s ]
INFO: [ template_filter ] --END-- [ RunTime:0.000225s ]
NOTIC: [8] Undefined variable: page D:\wamp\www\kucms\Application\Runtime\Cache\Admin\831f47898d9ce509fc518a264796f30c.php 第 90 行.
INFO: Run Behavior\ParseTemplateBehavior [ RunTime:0.017240s ]
INFO: [ view_parse ] --END-- [ RunTime:0.017408s ]
INFO: [ view_filter ] --START--
INFO: Run Behavior\WriteHtmlCacheBehavior [ RunTime:0.000543s ]
INFO: [ view_filter ] --END-- [ RunTime:0.000661s ]
INFO: [ app_end ] --START--
INFO: Run Behavior\ShowPageTraceBehavior [ RunTime:0.000793s ]
INFO: [ app_end ] --END-- [ RunTime:0.000913s ]

[ 2014-06-26T09:56:11+08:00 ] ::1 /kucms/index.php/Admin/Produce/edit/id/1
INFO: [ app_init ] --START--
INFO: Run Behavior\BuildLiteBehavior [ RunTime:0.000029s ]
INFO: [ app_init ] --END-- [ RunTime:0.000584s ]
INFO: [ app_begin ] --START--
INFO: Run Behavior\ReadHtmlCacheBehavior [ RunTime:0.000752s ]
INFO: [ app_begin ] --END-- [ RunTime:0.000896s ]
SQL: SHOW COLUMNS FROM `produce` [ RunTime:0.006935s ]
SQL: SELECT * FROM `produce` WHERE ( id=1 ) LIMIT 1   [ RunTime:0.000421s ]
SQL: SHOW COLUMNS FROM `category` [ RunTime:0.006477s ]
NOTIC: [8] Undefined index: pid D:\wamp\www\kucms\Application\Admin\Controller\ProduceController.class.php 第 95 行.
SQL: SELECT `moduleid` FROM `category` WHERE ( id= ) LIMIT 1   [ RunTime:0.000213s ]
ERR: 1064:You have an error in your SQL syntax; check the manual that corresponds to your MySQL server version for the right syntax to use near ') LIMIT 1' at line 1
 [ SQL语句 ] : SELECT `moduleid` FROM `category` WHERE ( id= ) LIMIT 1  
SQL: SELECT * FROM `category` WHERE ( moduleid= )  [ RunTime:0.000165s ]
ERR: 1064:You have an error in your SQL syntax; check the manual that corresponds to your MySQL server version for the right syntax to use near ')' at line 1
 [ SQL语句 ] : SELECT * FROM `category` WHERE ( moduleid= ) 
INFO: [ view_parse ] --START--
INFO: [ template_filter ] --START--
INFO: Run Behavior\ContentReplaceBehavior [ RunTime:0.000090s ]
INFO: [ template_filter ] --END-- [ RunTime:0.000242s ]
NOTIC: [8] Use of undefined constant img - assumed 'img' D:\wamp\www\kucms\Application\Runtime\Cache\Admin\640c8e66c3dee7b0b2d86346f29c1e9a.php 第 75 行.
NOTIC: [8] Array to string conversion D:\wamp\www\kucms\Application\Runtime\Cache\Admin\640c8e66c3dee7b0b2d86346f29c1e9a.php 第 75 行.
INFO: Run Behavior\ParseTemplateBehavior [ RunTime:0.019236s ]
INFO: [ view_parse ] --END-- [ RunTime:0.019371s ]
INFO: [ view_filter ] --START--
INFO: Run Behavior\WriteHtmlCacheBehavior [ RunTime:0.000538s ]
INFO: [ view_filter ] --END-- [ RunTime:0.000660s ]
INFO: [ app_end ] --START--
INFO: Run Behavior\ShowPageTraceBehavior [ RunTime:0.000775s ]
INFO: [ app_end ] --END-- [ RunTime:0.000891s ]

[ 2014-06-26T09:56:55+08:00 ] ::1 /kucms/index.php/Admin/Produce
INFO: [ app_init ] --START--
INFO: Run Behavior\BuildLiteBehavior [ RunTime:0.000034s ]
INFO: [ app_init ] --END-- [ RunTime:0.000580s ]
INFO: [ app_begin ] --START--
INFO: Run Behavior\ReadHtmlCacheBehavior [ RunTime:0.000839s ]
INFO: [ app_begin ] --END-- [ RunTime:0.000975s ]
SQL: SHOW COLUMNS FROM `produce` [ RunTime:0.007376s ]
SQL: SELECT * FROM `produce` ORDER BY id asc  [ RunTime:0.000602s ]
SQL: SHOW COLUMNS FROM `category` [ RunTime:0.006162s ]
SQL: SELECT * FROM `category` WHERE ( 1=1 AND id='5' ) LIMIT 1   [ RunTime:0.000345s ]
SQL: SELECT * FROM `category` WHERE ( 1=1 AND id='4' ) LIMIT 1   [ RunTime:0.000228s ]
SQL: SELECT * FROM `category` WHERE ( 1=1 AND id='13' ) LIMIT 1   [ RunTime:0.000240s ]
SQL: SELECT * FROM `category` WHERE ( 1=1 AND id='13' ) LIMIT 1   [ RunTime:0.000213s ]
SQL: SELECT * FROM `category` WHERE ( 1=1 AND id='102' ) LIMIT 1   [ RunTime:0.000243s ]
SQL: SELECT * FROM `category` WHERE ( 1=1 AND id='107' ) LIMIT 1   [ RunTime:0.000232s ]
SQL: SELECT * FROM `category` WHERE ( 1=1 AND id='109' ) LIMIT 1   [ RunTime:0.000243s ]
SQL: SELECT * FROM `category` WHERE ( 1=1 AND id='108' ) LIMIT 1   [ RunTime:0.000311s ]
SQL: SELECT * FROM `category` WHERE ( 1=1 AND id='4' ) LIMIT 1   [ RunTime:0.000283s ]
SQL: SELECT * FROM `category` WHERE ( 1=1 AND id='4' ) LIMIT 1   [ RunTime:0.000251s ]
SQL: SELECT * FROM `category` WHERE ( 1=1 AND id='0' ) LIMIT 1   [ RunTime:0.000215s ]
SQL: SELECT * FROM `category` WHERE ( 1=1 AND id='20' ) LIMIT 1   [ RunTime:0.000214s ]
SQL: SELECT * FROM `category` WHERE ( 1=1 AND id='115' ) LIMIT 1   [ RunTime:0.000208s ]
SQL: SELECT * FROM `category` WHERE ( 1=1 AND id='115' ) LIMIT 1   [ RunTime:0.000235s ]
SQL: SELECT * FROM `category` WHERE ( 1=1 AND id='115' ) LIMIT 1   [ RunTime:0.000210s ]
SQL: SELECT * FROM `category` WHERE ( 1=1 AND id='115' ) LIMIT 1   [ RunTime:0.000208s ]
SQL: SELECT * FROM `category` WHERE ( 1=1 AND id='117' ) LIMIT 1   [ RunTime:0.000254s ]
SQL: SELECT * FROM `category` WHERE ( 1=1 AND id='1' ) LIMIT 1   [ RunTime:0.000222s ]
SQL: SELECT * FROM `category` WHERE ( 1=1 AND id='1' ) LIMIT 1   [ RunTime:0.000225s ]
SQL: SELECT * FROM `category` WHERE ( 1=1 AND id='1' ) LIMIT 1   [ RunTime:0.000218s ]
SQL: SELECT * FROM `category` WHERE ( 1=1 AND id='1' ) LIMIT 1   [ RunTime:0.000210s ]
SQL: SELECT * FROM `category` WHERE ( 1=1 AND id='1' ) LIMIT 1   [ RunTime:0.000220s ]
INFO: [ view_parse ] --START--
INFO: [ template_filter ] --START--
INFO: Run Behavior\ContentReplaceBehavior [ RunTime:0.000079s ]
INFO: [ template_filter ] --END-- [ RunTime:0.000231s ]
NOTIC: [8] Undefined variable: page D:\wamp\www\kucms\Application\Runtime\Cache\Admin\831f47898d9ce509fc518a264796f30c.php 第 90 行.
INFO: Run Behavior\ParseTemplateBehavior [ RunTime:0.017015s ]
INFO: [ view_parse ] --END-- [ RunTime:0.017143s ]
INFO: [ view_filter ] --START--
INFO: Run Behavior\WriteHtmlCacheBehavior [ RunTime:0.000527s ]
INFO: [ view_filter ] --END-- [ RunTime:0.000643s ]
INFO: [ app_end ] --START--
INFO: Run Behavior\ShowPageTraceBehavior [ RunTime:0.000780s ]
INFO: [ app_end ] --END-- [ RunTime:0.000898s ]

[ 2014-06-26T09:56:59+08:00 ] ::1 /kucms/index.php/Admin/Produce/edit/id/8
INFO: [ app_init ] --START--
INFO: Run Behavior\BuildLiteBehavior [ RunTime:0.000055s ]
INFO: [ app_init ] --END-- [ RunTime:0.000882s ]
INFO: [ app_begin ] --START--
INFO: Run Behavior\ReadHtmlCacheBehavior [ RunTime:0.000833s ]
INFO: [ app_begin ] --END-- [ RunTime:0.000969s ]
SQL: SHOW COLUMNS FROM `produce` [ RunTime:0.007072s ]
SQL: SELECT * FROM `produce` WHERE ( id=8 ) LIMIT 1   [ RunTime:0.000400s ]
SQL: SHOW COLUMNS FROM `category` [ RunTime:0.005974s ]
SQL: SELECT `moduleid` FROM `category` WHERE ( id=102 ) LIMIT 1   [ RunTime:0.000333s ]
SQL: SELECT * FROM `category` WHERE ( moduleid=1 )  [ RunTime:0.000324s ]
INFO: [ view_parse ] --START--
INFO: [ template_filter ] --START--
INFO: Run Behavior\ContentReplaceBehavior [ RunTime:0.000084s ]
INFO: [ template_filter ] --END-- [ RunTime:0.000222s ]
NOTIC: [8] Use of undefined constant img - assumed 'img' D:\wamp\www\kucms\Application\Runtime\Cache\Admin\640c8e66c3dee7b0b2d86346f29c1e9a.php 第 75 行.
NOTIC: [8] Array to string conversion D:\wamp\www\kucms\Application\Runtime\Cache\Admin\640c8e66c3dee7b0b2d86346f29c1e9a.php 第 75 行.
INFO: Run Behavior\ParseTemplateBehavior [ RunTime:0.026627s ]
INFO: [ view_parse ] --END-- [ RunTime:0.026756s ]
INFO: [ view_filter ] --START--
INFO: Run Behavior\WriteHtmlCacheBehavior [ RunTime:0.000550s ]
INFO: [ view_filter ] --END-- [ RunTime:0.000667s ]
INFO: [ app_end ] --START--
INFO: Run Behavior\ShowPageTraceBehavior [ RunTime:0.000777s ]
INFO: [ app_end ] --END-- [ RunTime:0.000896s ]

[ 2014-06-26T09:57:09+08:00 ] ::1 /kucms/index.php/Admin/Article
INFO: [ app_init ] --START--
INFO: Run Behavior\BuildLiteBehavior [ RunTime:0.000052s ]
INFO: [ app_init ] --END-- [ RunTime:0.000932s ]
INFO: [ app_begin ] --START--
INFO: Run Behavior\ReadHtmlCacheBehavior [ RunTime:0.001384s ]
INFO: [ app_begin ] --END-- [ RunTime:0.001627s ]
SQL: SHOW COLUMNS FROM `article` [ RunTime:0.007953s ]
SQL: SELECT COUNT(id) AS tp_count FROM `article` LIMIT 1   [ RunTime:0.000299s ]
SQL: SELECT * FROM `article` WHERE ( is_del=0 ) ORDER BY id desc LIMIT 0,5   [ RunTime:0.000527s ]
SQL: SHOW COLUMNS FROM `category` [ RunTime:0.006754s ]
SQL: SELECT * FROM `category` WHERE ( 1=1 AND id='118' ) LIMIT 1   [ RunTime:0.000390s ]
SQL: SELECT * FROM `category` WHERE ( 1=1 AND id='106' ) LIMIT 1   [ RunTime:0.000281s ]
SQL: SELECT * FROM `category` WHERE ( 1=1 AND id='106' ) LIMIT 1   [ RunTime:0.000265s ]
SQL: SELECT * FROM `category` WHERE ( 1=1 AND id='109' ) LIMIT 1   [ RunTime:0.000284s ]
SQL: SELECT * FROM `category` WHERE ( 1=1 AND id='106' ) LIMIT 1   [ RunTime:0.000248s ]
INFO: [ view_parse ] --START--
INFO: [ template_filter ] --START--
INFO: Run Behavior\ContentReplaceBehavior [ RunTime:0.000078s ]
INFO: [ template_filter ] --END-- [ RunTime:0.000236s ]
NOTIC: [8] Undefined index: id D:\wamp\www\kucms\Application\Runtime\Cache\Admin\7a4184ffe8f804b12b2e7f8851dd8f7d.php 第 66 行.
NOTIC: [8] Undefined variable: header D:\wamp\www\kucms\Application\Runtime\Cache\Admin\7a4184ffe8f804b12b2e7f8851dd8f7d.php 第 90 行.
INFO: Run Behavior\ParseTemplateBehavior [ RunTime:0.023849s ]
INFO: [ view_parse ] --END-- [ RunTime:0.023977s ]
INFO: [ view_filter ] --START--
INFO: Run Behavior\WriteHtmlCacheBehavior [ RunTime:0.000626s ]
INFO: [ view_filter ] --END-- [ RunTime:0.000749s ]
INFO: [ app_end ] --START--
INFO: Run Behavior\ShowPageTraceBehavior [ RunTime:0.000784s ]
INFO: [ app_end ] --END-- [ RunTime:0.000905s ]

[ 2014-06-26T09:57:11+08:00 ] ::1 /kucms/index.php/Admin/Article/edit/id/111
INFO: [ app_init ] --START--
INFO: Run Behavior\BuildLiteBehavior [ RunTime:0.000033s ]
INFO: [ app_init ] --END-- [ RunTime:0.000602s ]
INFO: [ app_begin ] --START--
INFO: Run Behavior\ReadHtmlCacheBehavior [ RunTime:0.000829s ]
INFO: [ app_begin ] --END-- [ RunTime:0.000966s ]
SQL: SHOW COLUMNS FROM `article` [ RunTime:0.007400s ]
SQL: SELECT * FROM `article` WHERE ( id=111 ) LIMIT 1   [ RunTime:0.000382s ]
SQL: SHOW COLUMNS FROM `category` [ RunTime:0.026725s ]
SQL: SELECT `moduleid` FROM `category` WHERE ( id=106 ) LIMIT 1   [ RunTime:0.000345s ]
SQL: SELECT `id`,`fid`,`cname`,concat(path,'-',id) AS `bpath` FROM `category` WHERE ( moduleid=2 ) ORDER BY bpath  [ RunTime:0.000337s ]
INFO: [ view_parse ] --START--
INFO: [ template_filter ] --START--
INFO: Run Behavior\ContentReplaceBehavior [ RunTime:0.000090s ]
INFO: [ template_filter ] --END-- [ RunTime:0.000230s ]
NOTIC: [8] Use of undefined constant img - assumed 'img' D:\wamp\www\kucms\Application\Runtime\Cache\Admin\761055de2f430bef08441163fbb8bda7.php 第 75 行.
NOTIC: [8] Array to string conversion D:\wamp\www\kucms\Application\Runtime\Cache\Admin\761055de2f430bef08441163fbb8bda7.php 第 75 行.
NOTIC: [8] Undefined index: form D:\wamp\www\kucms\Application\Runtime\Cache\Admin\761055de2f430bef08441163fbb8bda7.php 第 88 行.
INFO: Run Behavior\ParseTemplateBehavior [ RunTime:0.047243s ]
INFO: [ view_parse ] --END-- [ RunTime:0.047373s ]
INFO: [ view_filter ] --START--
INFO: Run Behavior\WriteHtmlCacheBehavior [ RunTime:0.000555s ]
INFO: [ view_filter ] --END-- [ RunTime:0.000672s ]
INFO: [ app_end ] --START--
INFO: Run Behavior\ShowPageTraceBehavior [ RunTime:0.000933s ]
INFO: [ app_end ] --END-- [ RunTime:0.001065s ]

[ 2014-06-26T09:57:15+08:00 ] ::1 /kucms/index.php/Admin/Picture
INFO: [ app_init ] --START--
INFO: Run Behavior\BuildLiteBehavior [ RunTime:0.000033s ]
INFO: [ app_init ] --END-- [ RunTime:0.000633s ]
INFO: [ app_begin ] --START--
INFO: Run Behavior\ReadHtmlCacheBehavior [ RunTime:0.000924s ]
INFO: [ app_begin ] --END-- [ RunTime:0.001058s ]
ERR: 无法加载控制器:Picture

[ 2014-06-26T09:57:16+08:00 ] ::1 /kucms/index.php/Admin/Produce
INFO: [ app_init ] --START--
INFO: Run Behavior\BuildLiteBehavior [ RunTime:0.000032s ]
INFO: [ app_init ] --END-- [ RunTime:0.000572s ]
INFO: [ app_begin ] --START--
INFO: Run Behavior\ReadHtmlCacheBehavior [ RunTime:0.000844s ]
INFO: [ app_begin ] --END-- [ RunTime:0.000983s ]
SQL: SHOW COLUMNS FROM `produce` [ RunTime:0.016025s ]
SQL: SELECT * FROM `produce` ORDER BY id asc  [ RunTime:0.000612s ]
SQL: SHOW COLUMNS FROM `category` [ RunTime:0.005840s ]
SQL: SELECT * FROM `category` WHERE ( 1=1 AND id='5' ) LIMIT 1   [ RunTime:0.000299s ]
SQL: SELECT * FROM `category` WHERE ( 1=1 AND id='4' ) LIMIT 1   [ RunTime:0.000213s ]
SQL: SELECT * FROM `category` WHERE ( 1=1 AND id='13' ) LIMIT 1   [ RunTime:0.000214s ]
SQL: SELECT * FROM `category` WHERE ( 1=1 AND id='13' ) LIMIT 1   [ RunTime:0.000213s ]
SQL: SELECT * FROM `category` WHERE ( 1=1 AND id='102' ) LIMIT 1   [ RunTime:0.000245s ]
SQL: SELECT * FROM `category` WHERE ( 1=1 AND id='107' ) LIMIT 1   [ RunTime:0.000221s ]
SQL: SELECT * FROM `category` WHERE ( 1=1 AND id='109' ) LIMIT 1   [ RunTime:0.000240s ]
SQL: SELECT * FROM `category` WHERE ( 1=1 AND id='108' ) LIMIT 1   [ RunTime:0.000220s ]
SQL: SELECT * FROM `category` WHERE ( 1=1 AND id='4' ) LIMIT 1   [ RunTime:0.000210s ]
SQL: SELECT * FROM `category` WHERE ( 1=1 AND id='4' ) LIMIT 1   [ RunTime:0.000203s ]
SQL: SELECT * FROM `category` WHERE ( 1=1 AND id='0' ) LIMIT 1   [ RunTime:0.000200s ]
SQL: SELECT * FROM `category` WHERE ( 1=1 AND id='20' ) LIMIT 1   [ RunTime:0.000203s ]
SQL: SELECT * FROM `category` WHERE ( 1=1 AND id='115' ) LIMIT 1   [ RunTime:0.000195s ]
SQL: SELECT * FROM `category` WHERE ( 1=1 AND id='115' ) LIMIT 1   [ RunTime:0.000200s ]
SQL: SELECT * FROM `category` WHERE ( 1=1 AND id='115' ) LIMIT 1   [ RunTime:0.000186s ]
SQL: SELECT * FROM `category` WHERE ( 1=1 AND id='115' ) LIMIT 1   [ RunTime:0.000204s ]
SQL: SELECT * FROM `category` WHERE ( 1=1 AND id='117' ) LIMIT 1   [ RunTime:0.000224s ]
SQL: SELECT * FROM `category` WHERE ( 1=1 AND id='1' ) LIMIT 1   [ RunTime:0.000213s ]
SQL: SELECT * FROM `category` WHERE ( 1=1 AND id='1' ) LIMIT 1   [ RunTime:0.000219s ]
SQL: SELECT * FROM `category` WHERE ( 1=1 AND id='1' ) LIMIT 1   [ RunTime:0.000211s ]
SQL: SELECT * FROM `category` WHERE ( 1=1 AND id='1' ) LIMIT 1   [ RunTime:0.000220s ]
SQL: SELECT * FROM `category` WHERE ( 1=1 AND id='1' ) LIMIT 1   [ RunTime:0.000209s ]
INFO: [ view_parse ] --START--
INFO: [ template_filter ] --START--
INFO: Run Behavior\ContentReplaceBehavior [ RunTime:0.000144s ]
INFO: [ template_filter ] --END-- [ RunTime:0.000415s ]
NOTIC: [8] Undefined variable: page D:\wamp\www\kucms\Application\Runtime\Cache\Admin\831f47898d9ce509fc518a264796f30c.php 第 90 行.
INFO: Run Behavior\ParseTemplateBehavior [ RunTime:0.012169s ]
INFO: [ view_parse ] --END-- [ RunTime:0.012295s ]
INFO: [ view_filter ] --START--
INFO: Run Behavior\WriteHtmlCacheBehavior [ RunTime:0.000528s ]
INFO: [ view_filter ] --END-- [ RunTime:0.000644s ]
INFO: [ app_end ] --START--
INFO: Run Behavior\ShowPageTraceBehavior [ RunTime:0.000773s ]
INFO: [ app_end ] --END-- [ RunTime:0.000890s ]

[ 2014-06-26T09:57:19+08:00 ] ::1 /kucms/index.php/Admin/Produce/edit/id/12
INFO: [ app_init ] --START--
INFO: Run Behavior\BuildLiteBehavior [ RunTime:0.000045s ]
INFO: [ app_init ] --END-- [ RunTime:0.000629s ]
INFO: [ app_begin ] --START--
INFO: Run Behavior\ReadHtmlCacheBehavior [ RunTime:0.000811s ]
INFO: [ app_begin ] --END-- [ RunTime:0.000946s ]
SQL: SHOW COLUMNS FROM `produce` [ RunTime:0.006888s ]
SQL: SELECT * FROM `produce` WHERE ( id=12 ) LIMIT 1   [ RunTime:0.000364s ]
SQL: SHOW COLUMNS FROM `category` [ RunTime:0.005785s ]
SQL: SELECT `moduleid` FROM `category` WHERE ( id=107 ) LIMIT 1   [ RunTime:0.000305s ]
SQL: SELECT * FROM `category` WHERE ( moduleid=2 )  [ RunTime:0.000255s ]
INFO: [ view_parse ] --START--
INFO: [ template_filter ] --START--
INFO: Run Behavior\ContentReplaceBehavior [ RunTime:0.000082s ]
INFO: [ template_filter ] --END-- [ RunTime:0.000219s ]
NOTIC: [8] Use of undefined constant img - assumed 'img' D:\wamp\www\kucms\Application\Runtime\Cache\Admin\640c8e66c3dee7b0b2d86346f29c1e9a.php 第 75 行.
NOTIC: [8] Array to string conversion D:\wamp\www\kucms\Application\Runtime\Cache\Admin\640c8e66c3dee7b0b2d86346f29c1e9a.php 第 75 行.
INFO: Run Behavior\ParseTemplateBehavior [ RunTime:0.011812s ]
INFO: [ view_parse ] --END-- [ RunTime:0.011938s ]
INFO: [ view_filter ] --START--
INFO: Run Behavior\WriteHtmlCacheBehavior [ RunTime:0.000537s ]
INFO: [ view_filter ] --END-- [ RunTime:0.000666s ]
INFO: [ app_end ] --START--
INFO: Run Behavior\ShowPageTraceBehavior [ RunTime:0.000997s ]
INFO: [ app_end ] --END-- [ RunTime:0.001184s ]

[ 2014-06-26T09:57:29+08:00 ] ::1 /kucms/index.php/Admin/Produce/Edit
INFO: [ app_init ] --START--
INFO: Run Behavior\BuildLiteBehavior [ RunTime:0.000034s ]
INFO: [ app_init ] --END-- [ RunTime:0.000599s ]
INFO: [ app_begin ] --START--
INFO: Run Behavior\ReadHtmlCacheBehavior [ RunTime:0.000768s ]
INFO: [ app_begin ] --END-- [ RunTime:0.000894s ]
SQL: SHOW COLUMNS FROM `produce` [ RunTime:0.007691s ]
INFO: [ view_parse ] --START--
INFO: [ template_filter ] --START--
INFO: Run Behavior\ContentReplaceBehavior [ RunTime:0.000079s ]
INFO: [ template_filter ] --END-- [ RunTime:0.000231s ]
INFO: Run Behavior\ParseTemplateBehavior [ RunTime:0.022908s ]
INFO: [ view_parse ] --END-- [ RunTime:0.023051s ]
INFO: [ view_filter ] --START--
INFO: Run Behavior\WriteHtmlCacheBehavior [ RunTime:0.000519s ]
INFO: [ view_filter ] --END-- [ RunTime:0.000644s ]

[ 2014-06-26T09:57:32+08:00 ] ::1 /kucms/index.php/Admin/Produce
INFO: [ app_init ] --START--
INFO: Run Behavior\BuildLiteBehavior [ RunTime:0.000057s ]
INFO: [ app_init ] --END-- [ RunTime:0.000629s ]
INFO: [ app_begin ] --START--
INFO: Run Behavior\ReadHtmlCacheBehavior [ RunTime:0.000799s ]
INFO: [ app_begin ] --END-- [ RunTime:0.000941s ]
SQL: SHOW COLUMNS FROM `produce` [ RunTime:0.007275s ]
SQL: SELECT * FROM `produce` ORDER BY id asc  [ RunTime:0.000632s ]
SQL: SHOW COLUMNS FROM `category` [ RunTime:0.005762s ]
SQL: SELECT * FROM `category` WHERE ( 1=1 AND id='5' ) LIMIT 1   [ RunTime:0.000319s ]
SQL: SELECT * FROM `category` WHERE ( 1=1 AND id='4' ) LIMIT 1   [ RunTime:0.000216s ]
SQL: SELECT * FROM `category` WHERE ( 1=1 AND id='13' ) LIMIT 1   [ RunTime:0.000223s ]
SQL: SELECT * FROM `category` WHERE ( 1=1 AND id='13' ) LIMIT 1   [ RunTime:0.000208s ]
SQL: SELECT * FROM `category` WHERE ( 1=1 AND id='102' ) LIMIT 1   [ RunTime:0.000239s ]
SQL: SELECT * FROM `category` WHERE ( 1=1 AND id='107' ) LIMIT 1   [ RunTime:0.000219s ]
SQL: SELECT * FROM `category` WHERE ( 1=1 AND id='109' ) LIMIT 1   [ RunTime:0.000216s ]
SQL: SELECT * FROM `category` WHERE ( 1=1 AND id='108' ) LIMIT 1   [ RunTime:0.000218s ]
SQL: SELECT * FROM `category` WHERE ( 1=1 AND id='4' ) LIMIT 1   [ RunTime:0.000200s ]
SQL: SELECT * FROM `category` WHERE ( 1=1 AND id='4' ) LIMIT 1   [ RunTime:0.000203s ]
SQL: SELECT * FROM `category` WHERE ( 1=1 AND id='0' ) LIMIT 1   [ RunTime:0.000203s ]
SQL: SELECT * FROM `category` WHERE ( 1=1 AND id='20' ) LIMIT 1   [ RunTime:0.000238s ]
SQL: SELECT * FROM `category` WHERE ( 1=1 AND id='115' ) LIMIT 1   [ RunTime:0.000252s ]
SQL: SELECT * FROM `category` WHERE ( 1=1 AND id='115' ) LIMIT 1   [ RunTime:0.000239s ]
SQL: SELECT * FROM `category` WHERE ( 1=1 AND id='115' ) LIMIT 1   [ RunTime:0.000221s ]
SQL: SELECT * FROM `category` WHERE ( 1=1 AND id='115' ) LIMIT 1   [ RunTime:0.000206s ]
SQL: SELECT * FROM `category` WHERE ( 1=1 AND id='117' ) LIMIT 1   [ RunTime:0.000235s ]
SQL: SELECT * FROM `category` WHERE ( 1=1 AND id='1' ) LIMIT 1   [ RunTime:0.000218s ]
SQL: SELECT * FROM `category` WHERE ( 1=1 AND id='1' ) LIMIT 1   [ RunTime:0.000230s ]
SQL: SELECT * FROM `category` WHERE ( 1=1 AND id='1' ) LIMIT 1   [ RunTime:0.000224s ]
SQL: SELECT * FROM `category` WHERE ( 1=1 AND id='1' ) LIMIT 1   [ RunTime:0.000219s ]
SQL: SELECT * FROM `category` WHERE ( 1=1 AND id='1' ) LIMIT 1   [ RunTime:0.000213s ]
INFO: [ view_parse ] --START--
INFO: [ template_filter ] --START--
INFO: Run Behavior\ContentReplaceBehavior [ RunTime:0.000079s ]
INFO: [ template_filter ] --END-- [ RunTime:0.000224s ]
NOTIC: [8] Undefined variable: page D:\wamp\www\kucms\Application\Runtime\Cache\Admin\831f47898d9ce509fc518a264796f30c.php 第 90 行.
INFO: Run Behavior\ParseTemplateBehavior [ RunTime:0.011212s ]
INFO: [ view_parse ] --END-- [ RunTime:0.011340s ]
INFO: [ view_filter ] --START--
INFO: Run Behavior\WriteHtmlCacheBehavior [ RunTime:0.000533s ]
INFO: [ view_filter ] --END-- [ RunTime:0.000649s ]
INFO: [ app_end ] --START--
INFO: Run Behavior\ShowPageTraceBehavior [ RunTime:0.000775s ]
INFO: [ app_end ] --END-- [ RunTime:0.000895s ]

[ 2014-06-26T09:57:34+08:00 ] ::1 /kucms/index.php/Admin/Produce/edit/id/13
INFO: [ app_init ] --START--
INFO: Run Behavior\BuildLiteBehavior [ RunTime:0.000059s ]
INFO: [ app_init ] --END-- [ RunTime:0.000704s ]
INFO: [ app_begin ] --START--
INFO: Run Behavior\ReadHtmlCacheBehavior [ RunTime:0.000834s ]
INFO: [ app_begin ] --END-- [ RunTime:0.000969s ]
SQL: SHOW COLUMNS FROM `produce` [ RunTime:0.007635s ]
SQL: SELECT * FROM `produce` WHERE ( id=13 ) LIMIT 1   [ RunTime:0.000464s ]
SQL: SHOW COLUMNS FROM `category` [ RunTime:0.005767s ]
SQL: SELECT `moduleid` FROM `category` WHERE ( id=109 ) LIMIT 1   [ RunTime:0.000318s ]
SQL: SELECT * FROM `category` WHERE ( moduleid=2 )  [ RunTime:0.000259s ]
INFO: [ view_parse ] --START--
INFO: [ template_filter ] --START--
INFO: Run Behavior\ContentReplaceBehavior [ RunTime:0.000083s ]
INFO: [ template_filter ] --END-- [ RunTime:0.000221s ]
NOTIC: [8] Use of undefined constant img - assumed 'img' D:\wamp\www\kucms\Application\Runtime\Cache\Admin\640c8e66c3dee7b0b2d86346f29c1e9a.php 第 75 行.
NOTIC: [8] Array to string conversion D:\wamp\www\kucms\Application\Runtime\Cache\Admin\640c8e66c3dee7b0b2d86346f29c1e9a.php 第 75 行.
INFO: Run Behavior\ParseTemplateBehavior [ RunTime:0.011862s ]
INFO: [ view_parse ] --END-- [ RunTime:0.011989s ]
INFO: [ view_filter ] --START--
INFO: Run Behavior\WriteHtmlCacheBehavior [ RunTime:0.000530s ]
INFO: [ view_filter ] --END-- [ RunTime:0.000653s ]
INFO: [ app_end ] --START--
INFO: Run Behavior\ShowPageTraceBehavior [ RunTime:0.000766s ]
INFO: [ app_end ] --END-- [ RunTime:0.000888s ]

[ 2014-06-26T09:59:25+08:00 ] ::1 /kucms/index.php/Home/Category/index/id/95
INFO: [ app_init ] --START--
INFO: Run Behavior\BuildLiteBehavior [ RunTime:0.000030s ]
INFO: [ app_init ] --END-- [ RunTime:0.000550s ]

[ 2014-06-26T10:11:24+08:00 ] ::1 /kucms/index.php/Home/Category/index/id/95
INFO: [ app_init ] --START--
INFO: Run Behavior\BuildLiteBehavior [ RunTime:0.000030s ]
INFO: [ app_init ] --END-- [ RunTime:0.000544s ]

[ 2014-06-26T10:11:28+08:00 ] ::1 /kucms/index.php/Home/Category/index/id/118
INFO: [ app_init ] --START--
INFO: Run Behavior\BuildLiteBehavior [ RunTime:0.000030s ]
INFO: [ app_init ] --END-- [ RunTime:0.000556s ]

[ 2014-06-26T10:11:30+08:00 ] ::1 /kucms/index.php/Home/Category/index/id/113
INFO: [ app_init ] --START--
INFO: Run Behavior\BuildLiteBehavior [ RunTime:0.000029s ]
INFO: [ app_init ] --END-- [ RunTime:0.000537s ]

[ 2014-06-26T10:11:34+08:00 ] ::1 /kucms/index.php/Home/Category/index/id/113
INFO: [ app_init ] --START--
INFO: Run Behavior\BuildLiteBehavior [ RunTime:0.000029s ]
INFO: [ app_init ] --END-- [ RunTime:0.000528s ]

[ 2014-06-26T10:11:36+08:00 ] ::1 /kucms/index.php/Home/Category/index/id/113
INFO: [ app_init ] --START--
INFO: Run Behavior\BuildLiteBehavior [ RunTime:0.000028s ]
INFO: [ app_init ] --END-- [ RunTime:0.000518s ]

[ 2014-06-26T10:11:37+08:00 ] ::1 /kucms/index.php/Home/Category/index/id/113
INFO: [ app_init ] --START--
INFO: Run Behavior\BuildLiteBehavior [ RunTime:0.000052s ]
INFO: [ app_init ] --END-- [ RunTime:0.000912s ]

[ 2014-06-26T10:19:55+08:00 ] ::1 /kucms/index.php/Home/Category/index/id/113
INFO: [ app_init ] --START--
INFO: Run Behavior\BuildLiteBehavior [ RunTime:0.000029s ]
INFO: [ app_init ] --END-- [ RunTime:0.000557s ]

[ 2014-06-26T10:20:03+08:00 ] ::1 /kucms/index.php/Home/Category/index/id/113
INFO: [ app_init ] --START--
INFO: Run Behavior\BuildLiteBehavior [ RunTime:0.000029s ]
INFO: [ app_init ] --END-- [ RunTime:0.000543s ]

[ 2014-06-26T10:20:06+08:00 ] ::1 /kucms/index.php/Home/Category/index/id/118
INFO: [ app_init ] --START--
INFO: Run Behavior\BuildLiteBehavior [ RunTime:0.000029s ]
INFO: [ app_init ] --END-- [ RunTime:0.000507s ]

[ 2014-06-26T10:20:08+08:00 ] ::1 /kucms/index.php/Home/Category/index/id/118
INFO: [ app_init ] --START--
INFO: Run Behavior\BuildLiteBehavior [ RunTime:0.000030s ]
INFO: [ app_init ] --END-- [ RunTime:0.000501s ]

[ 2014-06-26T10:20:41+08:00 ] ::1 /kucms/index.php/Home/Category/index/id/118
INFO: [ app_init ] --START--
INFO: Run Behavior\BuildLiteBehavior [ RunTime:0.000028s ]
INFO: [ app_init ] --END-- [ RunTime:0.000468s ]

[ 2014-06-26T10:20:42+08:00 ] ::1 /kucms/index.php/Home/Category/index/id/118
INFO: [ app_init ] --START--
INFO: Run Behavior\BuildLiteBehavior [ RunTime:0.000028s ]
INFO: [ app_init ] --END-- [ RunTime:0.000482s ]

[ 2014-06-26T10:21:36+08:00 ] ::1 /kucms/index.php/Home/Category/index/id/118
INFO: [ app_init ] --START--
INFO: Run Behavior\BuildLiteBehavior [ RunTime:0.000032s ]
INFO: [ app_init ] --END-- [ RunTime:0.000540s ]

[ 2014-06-26T10:21:37+08:00 ] ::1 /kucms/index.php/Home/Category/index/id/118
INFO: [ app_init ] --START--
INFO: Run Behavior\BuildLiteBehavior [ RunTime:0.000034s ]
INFO: [ app_init ] --END-- [ RunTime:0.000500s ]

[ 2014-06-26T10:21:38+08:00 ] ::1 /kucms/index.php/Home/Category/index/id/118
INFO: [ app_init ] --START--
INFO: Run Behavior\BuildLiteBehavior [ RunTime:0.000030s ]
INFO: [ app_init ] --END-- [ RunTime:0.000509s ]

[ 2014-06-26T10:21:40+08:00 ] ::1 /kucms/index.php/Home/Category/index/id/113
INFO: [ app_init ] --START--
INFO: Run Behavior\BuildLiteBehavior [ RunTime:0.000030s ]
INFO: [ app_init ] --END-- [ RunTime:0.000506s ]

[ 2014-06-26T10:22:52+08:00 ] ::1 /kucms/index.php/Home/Category/index/id/113
INFO: [ app_init ] --START--
INFO: Run Behavior\BuildLiteBehavior [ RunTime:0.000029s ]
INFO: [ app_init ] --END-- [ RunTime:0.000561s ]

[ 2014-06-26T10:23:14+08:00 ] ::1 /kucms/index.php/Home/Category/index/id/97
INFO: [ app_init ] --START--
INFO: Run Behavior\BuildLiteBehavior [ RunTime:0.000031s ]
INFO: [ app_init ] --END-- [ RunTime:0.000571s ]

[ 2014-06-26T10:23:16+08:00 ] ::1 /kucms/index.php/Home/Category/index/id/101
INFO: [ app_init ] --START--
INFO: Run Behavior\BuildLiteBehavior [ RunTime:0.000030s ]
INFO: [ app_init ] --END-- [ RunTime:0.000549s ]

[ 2014-06-26T10:23:17+08:00 ] ::1 /kucms/index.php/Home/Category/index/id/117
INFO: [ app_init ] --START--
INFO: Run Behavior\BuildLiteBehavior [ RunTime:0.000029s ]
INFO: [ app_init ] --END-- [ RunTime:0.000545s ]

[ 2014-06-26T10:23:24+08:00 ] ::1 /kucms/index.php/Home/Category/index/id/118
INFO: [ app_init ] --START--
INFO: Run Behavior\BuildLiteBehavior [ RunTime:0.000033s ]
INFO: [ app_init ] --END-- [ RunTime:0.000583s ]

[ 2014-06-26T10:23:26+08:00 ] ::1 /kucms/index.php/Home/Category/index/id/113
INFO: [ app_init ] --START--
INFO: Run Behavior\BuildLiteBehavior [ RunTime:0.000029s ]
INFO: [ app_init ] --END-- [ RunTime:0.000541s ]

[ 2014-06-26T10:25:49+08:00 ] ::1 /kucms/index.php/Home/Category/index/id/114
INFO: [ app_init ] --START--
INFO: Run Behavior\BuildLiteBehavior [ RunTime:0.000029s ]
INFO: [ app_init ] --END-- [ RunTime:0.000529s ]

[ 2014-06-26T10:25:58+08:00 ] ::1 /kucms/index.php/Home/Category/index/id/114
INFO: [ app_init ] --START--
INFO: Run Behavior\BuildLiteBehavior [ RunTime:0.000029s ]
INFO: [ app_init ] --END-- [ RunTime:0.000565s ]

[ 2014-06-26T10:25:59+08:00 ] ::1 /kucms/index.php/Home/Category/index/id/114
INFO: [ app_init ] --START--
INFO: Run Behavior\BuildLiteBehavior [ RunTime:0.000028s ]
INFO: [ app_init ] --END-- [ RunTime:0.000525s ]

[ 2014-06-26T10:26:01+08:00 ] ::1 /kucms/index.php/Home/Category/index/id/114
INFO: [ app_init ] --START--
INFO: Run Behavior\BuildLiteBehavior [ RunTime:0.000029s ]
INFO: [ app_init ] --END-- [ RunTime:0.000592s ]

[ 2014-06-26T10:26:02+08:00 ] ::1 /kucms/index.php/Home/Category/index/id/114
INFO: [ app_init ] --START--
INFO: Run Behavior\BuildLiteBehavior [ RunTime:0.000028s ]
INFO: [ app_init ] --END-- [ RunTime:0.000523s ]

[ 2014-06-26T10:26:03+08:00 ] ::1 /kucms/index.php/Home/Category/index/id/114
INFO: [ app_init ] --START--
INFO: Run Behavior\BuildLiteBehavior [ RunTime:0.000029s ]
INFO: [ app_init ] --END-- [ RunTime:0.000545s ]

[ 2014-06-26T10:27:02+08:00 ] ::1 /kucms/index.php/Home/Category/index/id/1
INFO: [ app_init ] --START--
INFO: Run Behavior\BuildLiteBehavior [ RunTime:0.000032s ]
INFO: [ app_init ] --END-- [ RunTime:0.000609s ]

[ 2014-06-26T10:27:06+08:00 ] ::1 /kucms/index.php
INFO: [ app_init ] --START--
INFO: Run Behavior\BuildLiteBehavior [ RunTime:0.000028s ]
INFO: [ app_init ] --END-- [ RunTime:0.000531s ]

[ 2014-06-26T10:27:08+08:00 ] ::1 /kucms/index.php/Home/Category/index/id/114
INFO: [ app_init ] --START--
INFO: Run Behavior\BuildLiteBehavior [ RunTime:0.000030s ]
INFO: [ app_init ] --END-- [ RunTime:0.000549s ]

[ 2014-06-26T10:27:09+08:00 ] ::1 /kucms/index.php/Home/Category/index/id/114
INFO: [ app_init ] --START--
INFO: Run Behavior\BuildLiteBehavior [ RunTime:0.000030s ]
INFO: [ app_init ] --END-- [ RunTime:0.000535s ]

[ 2014-06-26T10:27:10+08:00 ] ::1 /kucms/index.php/Home/Category/index/id/114
INFO: [ app_init ] --START--
INFO: Run Behavior\BuildLiteBehavior [ RunTime:0.000028s ]
INFO: [ app_init ] --END-- [ RunTime:0.000513s ]

[ 2014-06-26T10:27:11+08:00 ] ::1 /kucms/index.php/Home/Category/index/id/114
INFO: [ app_init ] --START--
INFO: Run Behavior\BuildLiteBehavior [ RunTime:0.000030s ]
INFO: [ app_init ] --END-- [ RunTime:0.000536s ]

[ 2014-06-26T10:27:19+08:00 ] ::1 /kucms/index.php
INFO: [ app_init ] --START--
INFO: Run Behavior\BuildLiteBehavior [ RunTime:0.000045s ]
INFO: [ app_init ] --END-- [ RunTime:0.000557s ]

[ 2014-06-26T10:27:21+08:00 ] ::1 /kucms/index.php/Home/Category/index/id/114
INFO: [ app_init ] --START--
INFO: Run Behavior\BuildLiteBehavior [ RunTime:0.000030s ]
INFO: [ app_init ] --END-- [ RunTime:0.000554s ]

[ 2014-06-26T10:27:28+08:00 ] ::1 /kucms/index.php/Home/Category/index/id/1
INFO: [ app_init ] --START--
INFO: Run Behavior\BuildLiteBehavior [ RunTime:0.000031s ]
INFO: [ app_init ] --END-- [ RunTime:0.000674s ]

[ 2014-06-26T10:29:53+08:00 ] ::1 /kucms/index.php/Home/Category/index/id/112
INFO: [ app_init ] --START--
INFO: Run Behavior\BuildLiteBehavior [ RunTime:0.000030s ]
INFO: [ app_init ] --END-- [ RunTime:0.000588s ]

[ 2014-06-26T10:29:55+08:00 ] ::1 /kucms/index.php/Home/Category/index/id/113
INFO: [ app_init ] --START--
INFO: Run Behavior\BuildLiteBehavior [ RunTime:0.000029s ]
INFO: [ app_init ] --END-- [ RunTime:0.000528s ]

[ 2014-06-26T10:29:57+08:00 ] ::1 /kucms/index.php/Home/Category/index/id/118
INFO: [ app_init ] --START--
INFO: Run Behavior\BuildLiteBehavior [ RunTime:0.000029s ]
INFO: [ app_init ] --END-- [ RunTime:0.000533s ]

[ 2014-06-26T10:29:58+08:00 ] ::1 /kucms/index.php/Home/Category/index/id/95
INFO: [ app_init ] --START--
INFO: Run Behavior\BuildLiteBehavior [ RunTime:0.000028s ]
INFO: [ app_init ] --END-- [ RunTime:0.000528s ]

[ 2014-06-26T10:29:59+08:00 ] ::1 /kucms/index.php/Home/Category/index/id/97
INFO: [ app_init ] --START--
INFO: Run Behavior\BuildLiteBehavior [ RunTime:0.000030s ]
INFO: [ app_init ] --END-- [ RunTime:0.000546s ]

[ 2014-06-26T10:30:01+08:00 ] ::1 /kucms/index.php/Home/Category/index/id/101
INFO: [ app_init ] --START--
INFO: Run Behavior\BuildLiteBehavior [ RunTime:0.000028s ]
INFO: [ app_init ] --END-- [ RunTime:0.000597s ]

[ 2014-06-26T10:30:03+08:00 ] ::1 /kucms/index.php/Home/Category/index/id/114
INFO: [ app_init ] --START--
INFO: Run Behavior\BuildLiteBehavior [ RunTime:0.000028s ]
INFO: [ app_init ] --END-- [ RunTime:0.000517s ]

[ 2014-06-26T10:30:04+08:00 ] ::1 /kucms/index.php/Home/Category/index/id/1
INFO: [ app_init ] --START--
INFO: Run Behavior\BuildLiteBehavior [ RunTime:0.000029s ]
INFO: [ app_init ] --END-- [ RunTime:0.000522s ]

[ 2014-06-26T10:30:05+08:00 ] ::1 /kucms/index.php/Home/Category/index/id/116
INFO: [ app_init ] --START--
INFO: Run Behavior\BuildLiteBehavior [ RunTime:0.000029s ]
INFO: [ app_init ] --END-- [ RunTime:0.000548s ]

[ 2014-06-26T10:30:06+08:00 ] ::1 /kucms/index.php/Home/Category/index/id/117
INFO: [ app_init ] --START--
INFO: Run Behavior\BuildLiteBehavior [ RunTime:0.000030s ]
INFO: [ app_init ] --END-- [ RunTime:0.000546s ]

[ 2014-06-26T10:30:08+08:00 ] ::1 /kucms/index.php
INFO: [ app_init ] --START--
INFO: Run Behavior\BuildLiteBehavior [ RunTime:0.000029s ]
INFO: [ app_init ] --END-- [ RunTime:0.000540s ]

[ 2014-06-26T14:09:31+08:00 ] ::1 /kucms/index.php/Home/Category/index/id/117
INFO: [ app_init ] --START--
INFO: Run Behavior\BuildLiteBehavior [ RunTime:0.000030s ]
INFO: [ app_init ] --END-- [ RunTime:0.000558s ]

[ 2014-06-26T14:09:48+08:00 ] ::1 /kucms/index.php/Home/Category/index/id/97
INFO: [ app_init ] --START--
INFO: Run Behavior\BuildLiteBehavior [ RunTime:0.000032s ]
INFO: [ app_init ] --END-- [ RunTime:0.000649s ]

[ 2014-06-26T14:18:43+08:00 ] ::1 /kucms/index.php/Home/Category/index/id/117
INFO: [ app_init ] --START--
INFO: Run Behavior\BuildLiteBehavior [ RunTime:0.000029s ]
INFO: [ app_init ] --END-- [ RunTime:0.000527s ]

[ 2014-06-26T14:18:46+08:00 ] ::1 /kucms/index.php/Home/Category/index/id/114
INFO: [ app_init ] --START--
INFO: Run Behavior\BuildLiteBehavior [ RunTime:0.000029s ]
INFO: [ app_init ] --END-- [ RunTime:0.000591s ]

[ 2014-06-26T14:18:47+08:00 ] ::1 /kucms/index.php/Home/Category/index/id/1
INFO: [ app_init ] --START--
INFO: Run Behavior\BuildLiteBehavior [ RunTime:0.000027s ]
INFO: [ app_init ] --END-- [ RunTime:0.000539s ]

[ 2014-06-26T14:18:49+08:00 ] ::1 /kucms/index.php/Home/Category/index/id/114
INFO: [ app_init ] --START--
INFO: Run Behavior\BuildLiteBehavior [ RunTime:0.000028s ]
INFO: [ app_init ] --END-- [ RunTime:0.000526s ]

[ 2014-06-26T14:18:51+08:00 ] ::1 /kucms/index.php/Home/Category/index/id/95
INFO: [ app_init ] --START--
INFO: Run Behavior\BuildLiteBehavior [ RunTime:0.000030s ]
INFO: [ app_init ] --END-- [ RunTime:0.000570s ]

[ 2014-06-26T14:18:53+08:00 ] ::1 /kucms/index.php/Home/Category/index/id/112
INFO: [ app_init ] --START--
INFO: Run Behavior\BuildLiteBehavior [ RunTime:0.000028s ]
INFO: [ app_init ] --END-- [ RunTime:0.000526s ]

[ 2014-06-26T14:18:54+08:00 ] ::1 /kucms/index.php
INFO: [ app_init ] --START--
INFO: Run Behavior\BuildLiteBehavior [ RunTime:0.000027s ]
INFO: [ app_init ] --END-- [ RunTime:0.000518s ]

[ 2014-06-26T14:18:55+08:00 ] ::1 /kucms/index.php/Home/Category/index/id/112
INFO: [ app_init ] --START--
INFO: Run Behavior\BuildLiteBehavior [ RunTime:0.000030s ]
INFO: [ app_init ] --END-- [ RunTime:0.000577s ]

[ 2014-06-26T14:18:56+08:00 ] ::1 /kucms/index.php/Home/Category/index/id/95
INFO: [ app_init ] --START--
INFO: Run Behavior\BuildLiteBehavior [ RunTime:0.000028s ]
INFO: [ app_init ] --END-- [ RunTime:0.000514s ]

[ 2014-06-26T14:18:57+08:00 ] ::1 /kucms/index.php/Home/Category/index/id/114
INFO: [ app_init ] --START--
INFO: Run Behavior\BuildLiteBehavior [ RunTime:0.000028s ]
INFO: [ app_init ] --END-- [ RunTime:0.000527s ]

[ 2014-06-26T14:18:58+08:00 ] ::1 /kucms/index.php/Home/Category/index/id/1
INFO: [ app_init ] --START--
INFO: Run Behavior\BuildLiteBehavior [ RunTime:0.000030s ]
INFO: [ app_init ] --END-- [ RunTime:0.000575s ]

[ 2014-06-26T14:18:59+08:00 ] ::1 /kucms/index.php/Home/Category/index/id/116
INFO: [ app_init ] --START--
INFO: Run Behavior\BuildLiteBehavior [ RunTime:0.000036s ]
INFO: [ app_init ] --END-- [ RunTime:0.000530s ]

[ 2014-06-26T14:38:17+08:00 ] ::1 /kucms/index.php/Home/Category/index/id/1
INFO: [ app_init ] --START--
INFO: Run Behavior\BuildLiteBehavior [ RunTime:0.000031s ]
INFO: [ app_init ] --END-- [ RunTime:0.000720s ]

[ 2014-06-26T14:38:18+08:00 ] ::1 /kucms/index.php/Home/Category/index/id/114
INFO: [ app_init ] --START--
INFO: Run Behavior\BuildLiteBehavior [ RunTime:0.000052s ]
INFO: [ app_init ] --END-- [ RunTime:0.000674s ]

[ 2014-06-26T14:38:20+08:00 ] ::1 /kucms/index.php/Home/Category/index/id/112
INFO: [ app_init ] --START--
INFO: Run Behavior\BuildLiteBehavior [ RunTime:0.000028s ]
INFO: [ app_init ] --END-- [ RunTime:0.000528s ]

[ 2014-06-26T14:38:21+08:00 ] ::1 /kucms/index.php
INFO: [ app_init ] --START--
INFO: Run Behavior\BuildLiteBehavior [ RunTime:0.000031s ]
INFO: [ app_init ] --END-- [ RunTime:0.000586s ]

[ 2014-06-26T14:38:28+08:00 ] ::1 /kucms/index.php/Home/Category/index/id/1
INFO: [ app_init ] --START--
INFO: Run Behavior\BuildLiteBehavior [ RunTime:0.000029s ]
INFO: [ app_init ] --END-- [ RunTime:0.000527s ]

[ 2014-06-26T14:40:40+08:00 ] ::1 /kucms/index.php/Home/Category/index/id/113
INFO: [ app_init ] --START--
INFO: Run Behavior\BuildLiteBehavior [ RunTime:0.000029s ]
INFO: [ app_init ] --END-- [ RunTime:0.000522s ]

[ 2014-06-26T14:40:43+08:00 ] ::1 /kucms/index.php/Home/Category/index/id/118
INFO: [ app_init ] --START--
INFO: Run Behavior\BuildLiteBehavior [ RunTime:0.000028s ]
INFO: [ app_init ] --END-- [ RunTime:0.000537s ]

[ 2014-06-26T14:40:47+08:00 ] ::1 /kucms/index.php/Home/Category/index/id/113
INFO: [ app_init ] --START--
INFO: Run Behavior\BuildLiteBehavior [ RunTime:0.000030s ]
INFO: [ app_init ] --END-- [ RunTime:0.000632s ]

[ 2014-06-26T14:40:49+08:00 ] ::1 /kucms/index.php/Home/Category/index/id/118
INFO: [ app_init ] --START--
INFO: Run Behavior\BuildLiteBehavior [ RunTime:0.000029s ]
INFO: [ app_init ] --END-- [ RunTime:0.000544s ]

[ 2014-06-26T16:03:33+08:00 ] ::1 /kucms/index.php/Home/Category/index/id/113
INFO: [ app_init ] --START--
INFO: Run Behavior\BuildLiteBehavior [ RunTime:0.000051s ]
INFO: [ app_init ] --END-- [ RunTime:0.000677s ]

[ 2014-06-26T16:03:35+08:00 ] ::1 /kucms/index.php/Home/Category/index/id/118
INFO: [ app_init ] --START--
INFO: Run Behavior\BuildLiteBehavior [ RunTime:0.000029s ]
INFO: [ app_init ] --END-- [ RunTime:0.000552s ]

[ 2014-06-26T16:03:37+08:00 ] ::1 /kucms/index.php/Home/Category/index/id/118
INFO: [ app_init ] --START--
INFO: Run Behavior\BuildLiteBehavior [ RunTime:0.000029s ]
INFO: [ app_init ] --END-- [ RunTime:0.000522s ]

[ 2014-06-26T16:03:40+08:00 ] ::1 /kucms/index.php/Home/Category/index/id/101
INFO: [ app_init ] --START--
INFO: Run Behavior\BuildLiteBehavior [ RunTime:0.000029s ]
INFO: [ app_init ] --END-- [ RunTime:0.000600s ]

[ 2014-06-26T16:03:41+08:00 ] ::1 /kucms/index.php/Home/Category/index/id/97
INFO: [ app_init ] --START--
INFO: Run Behavior\BuildLiteBehavior [ RunTime:0.000028s ]
INFO: [ app_init ] --END-- [ RunTime:0.000583s ]

[ 2014-06-26T16:03:51+08:00 ] ::1 /kucms/index.php/Admin/Page
INFO: [ app_init ] --START--
INFO: Run Behavior\BuildLiteBehavior [ RunTime:0.000030s ]
INFO: [ app_init ] --END-- [ RunTime:0.000598s ]
INFO: [ app_begin ] --START--
INFO: Run Behavior\ReadHtmlCacheBehavior [ RunTime:0.000852s ]
INFO: [ app_begin ] --END-- [ RunTime:0.000989s ]
SQL: SHOW COLUMNS FROM `page` [ RunTime:0.008039s ]
SQL: SELECT COUNT(id) AS tp_count FROM `page` LIMIT 1   [ RunTime:0.000267s ]
SQL: SELECT * FROM `page` ORDER BY id desc LIMIT 0,5   [ RunTime:0.006640s ]
SQL: SHOW COLUMNS FROM `category` [ RunTime:0.006825s ]
SQL: SELECT * FROM `category` WHERE ( 1=1 AND id='112' ) LIMIT 1   [ RunTime:0.000336s ]
SQL: SELECT * FROM `category` WHERE ( 1=1 AND id='1' ) LIMIT 1   [ RunTime:0.000233s ]
SQL: SELECT * FROM `category` WHERE ( 1=1 AND id='1' ) LIMIT 1   [ RunTime:0.000237s ]
SQL: SELECT * FROM `category` WHERE ( 1=1 AND id='1' ) LIMIT 1   [ RunTime:0.000263s ]
SQL: SELECT * FROM `category` WHERE ( 1=1 AND id='1' ) LIMIT 1   [ RunTime:0.000298s ]
INFO: [ view_parse ] --START--
INFO: [ template_filter ] --START--
INFO: Run Behavior\ContentReplaceBehavior [ RunTime:0.000147s ]
INFO: [ template_filter ] --END-- [ RunTime:0.000437s ]
NOTIC: [8] Undefined index: id D:\wamp\www\kucms\Application\Runtime\Cache\Admin\31929939fdb8e605f69fbacf2b873270.php 第 66 行.
NOTIC: [8] Undefined index: catname D:\wamp\www\kucms\Application\Runtime\Cache\Admin\31929939fdb8e605f69fbacf2b873270.php 第 80 行.
NOTIC: [8] Undefined index: catname D:\wamp\www\kucms\Application\Runtime\Cache\Admin\31929939fdb8e605f69fbacf2b873270.php 第 80 行.
NOTIC: [8] Undefined index: catname D:\wamp\www\kucms\Application\Runtime\Cache\Admin\31929939fdb8e605f69fbacf2b873270.php 第 80 行.
NOTIC: [8] Undefined index: catname D:\wamp\www\kucms\Application\Runtime\Cache\Admin\31929939fdb8e605f69fbacf2b873270.php 第 80 行.
NOTIC: [8] Undefined index: catname D:\wamp\www\kucms\Application\Runtime\Cache\Admin\31929939fdb8e605f69fbacf2b873270.php 第 80 行.
INFO: Run Behavior\ParseTemplateBehavior [ RunTime:0.114199s ]
INFO: [ view_parse ] --END-- [ RunTime:0.114421s ]
INFO: [ view_filter ] --START--
INFO: Run Behavior\WriteHtmlCacheBehavior [ RunTime:0.001686s ]
INFO: [ view_filter ] --END-- [ RunTime:0.001933s ]
INFO: [ app_end ] --START--
INFO: Run Behavior\ShowPageTraceBehavior [ RunTime:0.001794s ]
INFO: [ app_end ] --END-- [ RunTime:0.002039s ]

[ 2014-06-26T16:03:53+08:00 ] ::1 /kucms/index.php/Admin/Article
INFO: [ app_init ] --START--
INFO: Run Behavior\BuildLiteBehavior [ RunTime:0.000030s ]
INFO: [ app_init ] --END-- [ RunTime:0.000593s ]
INFO: [ app_begin ] --START--
INFO: Run Behavior\ReadHtmlCacheBehavior [ RunTime:0.000908s ]
INFO: [ app_begin ] --END-- [ RunTime:0.001051s ]
SQL: SHOW COLUMNS FROM `article` [ RunTime:0.007914s ]
SQL: SELECT COUNT(id) AS tp_count FROM `article` LIMIT 1   [ RunTime:0.000283s ]
SQL: SELECT * FROM `article` WHERE ( is_del=0 ) ORDER BY id desc LIMIT 0,5   [ RunTime:0.000441s ]
SQL: SHOW COLUMNS FROM `category` [ RunTime:0.006426s ]
SQL: SELECT * FROM `category` WHERE ( 1=1 AND id='118' ) LIMIT 1   [ RunTime:0.000339s ]
SQL: SELECT * FROM `category` WHERE ( 1=1 AND id='106' ) LIMIT 1   [ RunTime:0.000251s ]
SQL: SELECT * FROM `category` WHERE ( 1=1 AND id='106' ) LIMIT 1   [ RunTime:0.000236s ]
SQL: SELECT * FROM `category` WHERE ( 1=1 AND id='109' ) LIMIT 1   [ RunTime:0.000225s ]
SQL: SELECT * FROM `category` WHERE ( 1=1 AND id='106' ) LIMIT 1   [ RunTime:0.000220s ]
INFO: [ view_parse ] --START--
INFO: [ template_filter ] --START--
INFO: Run Behavior\ContentReplaceBehavior [ RunTime:0.000074s ]
INFO: [ template_filter ] --END-- [ RunTime:0.000222s ]
NOTIC: [8] Undefined index: id D:\wamp\www\kucms\Application\Runtime\Cache\Admin\7a4184ffe8f804b12b2e7f8851dd8f7d.php 第 66 行.
NOTIC: [8] Undefined variable: header D:\wamp\www\kucms\Application\Runtime\Cache\Admin\7a4184ffe8f804b12b2e7f8851dd8f7d.php 第 90 行.
INFO: Run Behavior\ParseTemplateBehavior [ RunTime:0.028199s ]
INFO: [ view_parse ] --END-- [ RunTime:0.028345s ]
INFO: [ view_filter ] --START--
INFO: Run Behavior\WriteHtmlCacheBehavior [ RunTime:0.000604s ]
INFO: [ view_filter ] --END-- [ RunTime:0.000721s ]
INFO: [ app_end ] --START--
INFO: Run Behavior\ShowPageTraceBehavior [ RunTime:0.000821s ]
INFO: [ app_end ] --END-- [ RunTime:0.000939s ]

[ 2014-06-26T16:04:16+08:00 ] ::1 /kucms/index.php/Home/Category/index/id/97
INFO: [ app_init ] --START--
INFO: Run Behavior\BuildLiteBehavior [ RunTime:0.000030s ]
INFO: [ app_init ] --END-- [ RunTime:0.000540s ]

[ 2014-06-26T16:04:24+08:00 ] ::1 /kucms/index.php/Admin/Category
INFO: [ app_init ] --START--
INFO: Run Behavior\BuildLiteBehavior [ RunTime:0.000030s ]
INFO: [ app_init ] --END-- [ RunTime:0.000569s ]
INFO: [ app_begin ] --START--
INFO: Run Behavior\ReadHtmlCacheBehavior [ RunTime:0.000822s ]
INFO: [ app_begin ] --END-- [ RunTime:0.000945s ]
SQL: SHOW COLUMNS FROM `category` [ RunTime:0.008323s ]
SQL: SELECT `id`,`cname`,`fid`,`moduleid`,`path`,`isshow`,`sort`,concat(path,'-',id) AS `bpath` FROM `category` ORDER BY bpath asc  [ RunTime:0.000466s ]
SQL: SHOW COLUMNS FROM `module` [ RunTime:0.007177s ]
SQL: SELECT * FROM `module` WHERE ( 1=1 AND id='3' ) LIMIT 1   [ RunTime:0.000372s ]
SQL: SELECT * FROM `module` WHERE ( 1=1 AND id='1' ) LIMIT 1   [ RunTime:0.000251s ]
SQL: SELECT * FROM `module` WHERE ( 1=1 AND id='2' ) LIMIT 1   [ RunTime:0.000243s ]
SQL: SELECT * FROM `module` WHERE ( 1=1 AND id='2' ) LIMIT 1   [ RunTime:0.000237s ]
SQL: SELECT * FROM `module` WHERE ( 1=1 AND id='1' ) LIMIT 1   [ RunTime:0.000227s ]
SQL: SELECT * FROM `module` WHERE ( 1=1 AND id='3' ) LIMIT 1   [ RunTime:0.000218s ]
SQL: SELECT * FROM `module` WHERE ( 1=1 AND id='3' ) LIMIT 1   [ RunTime:0.000233s ]
SQL: SELECT * FROM `module` WHERE ( 1=1 AND id='3' ) LIMIT 1   [ RunTime:0.000227s ]
SQL: SELECT * FROM `module` WHERE ( 1=1 AND id='1' ) LIMIT 1   [ RunTime:0.000217s ]
SQL: SELECT * FROM `module` WHERE ( 1=1 AND id='1' ) LIMIT 1   [ RunTime:0.000211s ]
SQL: SELECT * FROM `module` WHERE ( 1=1 AND id='1' ) LIMIT 1   [ RunTime:0.000223s ]
SQL: SELECT * FROM `module` WHERE ( 1=1 AND id='1' ) LIMIT 1   [ RunTime:0.000223s ]
SQL: SELECT * FROM `module` WHERE ( 1=1 AND id='2' ) LIMIT 1   [ RunTime:0.000220s ]
SQL: SELECT * FROM `module` WHERE ( 1=1 AND id='2' ) LIMIT 1   [ RunTime:0.000210s ]
SQL: SELECT * FROM `module` WHERE ( 1=1 AND id='1' ) LIMIT 1   [ RunTime:0.000219s ]
SQL: SELECT * FROM `module` WHERE ( 1=1 AND id='2' ) LIMIT 1   [ RunTime:0.000229s ]
INFO: [ view_parse ] --START--
INFO: [ template_filter ] --START--
INFO: Run Behavior\ContentReplaceBehavior [ RunTime:0.000094s ]
INFO: [ template_filter ] --END-- [ RunTime:0.000230s ]
NOTIC: [8] Undefined index: cat_id D:\wamp\www\kucms\Application\Runtime\Cache\Admin\9bfef0f9f473c596f668b6c9a32bfd5c.php 第 127 行.
NOTIC: [8] Undefined index: cat_id D:\wamp\www\kucms\Application\Runtime\Cache\Admin\9bfef0f9f473c596f668b6c9a32bfd5c.php 第 127 行.
NOTIC: [8] Undefined index: cat_id D:\wamp\www\kucms\Application\Runtime\Cache\Admin\9bfef0f9f473c596f668b6c9a32bfd5c.php 第 127 行.
NOTIC: [8] Undefined index: cat_id D:\wamp\www\kucms\Application\Runtime\Cache\Admin\9bfef0f9f473c596f668b6c9a32bfd5c.php 第 127 行.
NOTIC: [8] Undefined index: cat_id D:\wamp\www\kucms\Application\Runtime\Cache\Admin\9bfef0f9f473c596f668b6c9a32bfd5c.php 第 127 行.
NOTIC: [8] Undefined index: cat_id D:\wamp\www\kucms\Application\Runtime\Cache\Admin\9bfef0f9f473c596f668b6c9a32bfd5c.php 第 127 行.
NOTIC: [8] Undefined index: cat_id D:\wamp\www\kucms\Application\Runtime\Cache\Admin\9bfef0f9f473c596f668b6c9a32bfd5c.php 第 127 行.
NOTIC: [8] Undefined index: cat_id D:\wamp\www\kucms\Application\Runtime\Cache\Admin\9bfef0f9f473c596f668b6c9a32bfd5c.php 第 127 行.
NOTIC: [8] Undefined index: cat_id D:\wamp\www\kucms\Application\Runtime\Cache\Admin\9bfef0f9f473c596f668b6c9a32bfd5c.php 第 127 行.
NOTIC: [8] Undefined index: cat_id D:\wamp\www\kucms\Application\Runtime\Cache\Admin\9bfef0f9f473c596f668b6c9a32bfd5c.php 第 127 行.
NOTIC: [8] Undefined index: cat_id D:\wamp\www\kucms\Application\Runtime\Cache\Admin\9bfef0f9f473c596f668b6c9a32bfd5c.php 第 127 行.
NOTIC: [8] Undefined index: cat_id D:\wamp\www\kucms\Application\Runtime\Cache\Admin\9bfef0f9f473c596f668b6c9a32bfd5c.php 第 127 行.
NOTIC: [8] Undefined index: cat_id D:\wamp\www\kucms\Application\Runtime\Cache\Admin\9bfef0f9f473c596f668b6c9a32bfd5c.php 第 127 行.
NOTIC: [8] Undefined index: cat_id D:\wamp\www\kucms\Application\Runtime\Cache\Admin\9bfef0f9f473c596f668b6c9a32bfd5c.php 第 127 行.
NOTIC: [8] Undefined index: cat_id D:\wamp\www\kucms\Application\Runtime\Cache\Admin\9bfef0f9f473c596f668b6c9a32bfd5c.php 第 127 行.
NOTIC: [8] Undefined index: cat_id D:\wamp\www\kucms\Application\Runtime\Cache\Admin\9bfef0f9f473c596f668b6c9a32bfd5c.php 第 127 行.
INFO: Run Behavior\ParseTemplateBehavior [ RunTime:0.073041s ]
INFO: [ view_parse ] --END-- [ RunTime:0.073248s ]
INFO: [ view_filter ] --START--
INFO: Run Behavior\WriteHtmlCacheBehavior [ RunTime:0.001197s ]
INFO: [ view_filter ] --END-- [ RunTime:0.001435s ]
INFO: [ app_end ] --START--
INFO: Run Behavior\ShowPageTraceBehavior [ RunTime:0.001689s ]
INFO: [ app_end ] --END-- [ RunTime:0.001931s ]

[ 2014-06-26T16:04:31+08:00 ] ::1 /kucms/index.php/Admin/Category/edit/id/97
INFO: [ app_init ] --START--
INFO: Run Behavior\BuildLiteBehavior [ RunTime:0.000027s ]
INFO: [ app_init ] --END-- [ RunTime:0.000516s ]
INFO: [ app_begin ] --START--
INFO: Run Behavior\ReadHtmlCacheBehavior [ RunTime:0.000814s ]
INFO: [ app_begin ] --END-- [ RunTime:0.000938s ]
SQL: SHOW COLUMNS FROM `category` [ RunTime:0.007798s ]
SQL: SELECT `id`,`cname`,`fid`,`moduleid`,concat(path,'-',id) AS `bpath`,`isshow`,`template` FROM `category` ORDER BY bpath  [ RunTime:0.000440s ]
SQL: SELECT * FROM `category` WHERE ( id=97 ) LIMIT 1   [ RunTime:0.000311s ]
SQL: SHOW COLUMNS FROM `module` [ RunTime:0.006642s ]
SQL: SELECT * FROM `module`  [ RunTime:0.000359s ]
INFO: [ view_parse ] --START--
INFO: [ template_filter ] --START--
INFO: Run Behavior\ContentReplaceBehavior [ RunTime:0.000085s ]
INFO: [ template_filter ] --END-- [ RunTime:0.000212s ]
NOTIC: [8] Undefined index: parentdir D:\wamp\www\kucms\Application\Runtime\Cache\Admin\dfed54471f23c5cc0f29d10cfac5ae98.php 第 50 行.
NOTIC: [8] Undefined index: listorder D:\wamp\www\kucms\Application\Runtime\Cache\Admin\dfed54471f23c5cc0f29d10cfac5ae98.php 第 54 行.
INFO: Run Behavior\ParseTemplateBehavior [ RunTime:0.045780s ]
INFO: [ view_parse ] --END-- [ RunTime:0.045928s ]
INFO: [ view_filter ] --START--
INFO: Run Behavior\WriteHtmlCacheBehavior [ RunTime:0.000557s ]
INFO: [ view_filter ] --END-- [ RunTime:0.000689s ]
INFO: [ app_end ] --START--
INFO: Run Behavior\ShowPageTraceBehavior [ RunTime:0.000792s ]
INFO: [ app_end ] --END-- [ RunTime:0.000910s ]

[ 2014-06-26T16:04:37+08:00 ] ::1 /kucms/index.php/Admin/Category/doEdit
INFO: [ app_init ] --START--
INFO: Run Behavior\BuildLiteBehavior [ RunTime:0.000031s ]
INFO: [ app_init ] --END-- [ RunTime:0.000569s ]
INFO: [ app_begin ] --START--
INFO: Run Behavior\ReadHtmlCacheBehavior [ RunTime:0.000850s ]
INFO: [ app_begin ] --END-- [ RunTime:0.000999s ]
SQL: SHOW COLUMNS FROM `category` [ RunTime:0.008854s ]
SQL: SELECT * FROM `category` WHERE ( id=95 ) LIMIT 1   [ RunTime:0.000438s ]
SQL: UPDATE `category` SET `moduleid`='1',`template`='1',`cname`='中国新闻456546',`fid`='95',`sort`='',`isshow`='1',`path`='0-95' WHERE ( `id` = '97' ) [ RunTime:0.066545s ]
INFO: [ view_parse ] --START--
INFO: [ template_filter ] --START--
INFO: Run Behavior\ContentReplaceBehavior [ RunTime:0.000080s ]
INFO: [ template_filter ] --END-- [ RunTime:0.000248s ]
INFO: Run Behavior\ParseTemplateBehavior [ RunTime:0.063584s ]
INFO: [ view_parse ] --END-- [ RunTime:0.063812s ]
INFO: [ view_filter ] --START--
INFO: Run Behavior\WriteHtmlCacheBehavior [ RunTime:0.000711s ]
INFO: [ view_filter ] --END-- [ RunTime:0.000866s ]
INFO: [ app_end ] --START--
INFO: Run Behavior\ShowPageTraceBehavior [ RunTime:0.001095s ]
INFO: [ app_end ] --END-- [ RunTime:0.001255s ]

[ 2014-06-26T16:04:38+08:00 ] ::1 /kucms/index.php/Admin/Category/index.html
INFO: [ app_init ] --START--
INFO: Run Behavior\BuildLiteBehavior [ RunTime:0.000038s ]
INFO: [ app_init ] --END-- [ RunTime:0.000697s ]
INFO: [ app_begin ] --START--
INFO: Run Behavior\ReadHtmlCacheBehavior [ RunTime:0.001117s ]
INFO: [ app_begin ] --END-- [ RunTime:0.001297s ]
SQL: SHOW COLUMNS FROM `category` [ RunTime:0.008128s ]
SQL: SELECT `id`,`cname`,`fid`,`moduleid`,`path`,`isshow`,`sort`,concat(path,'-',id) AS `bpath` FROM `category` ORDER BY bpath asc  [ RunTime:0.000456s ]
SQL: SHOW COLUMNS FROM `module` [ RunTime:0.006584s ]
SQL: SELECT * FROM `module` WHERE ( 1=1 AND id='3' ) LIMIT 1   [ RunTime:0.000364s ]
SQL: SELECT * FROM `module` WHERE ( 1=1 AND id='1' ) LIMIT 1   [ RunTime:0.000243s ]
SQL: SELECT * FROM `module` WHERE ( 1=1 AND id='2' ) LIMIT 1   [ RunTime:0.000240s ]
SQL: SELECT * FROM `module` WHERE ( 1=1 AND id='2' ) LIMIT 1   [ RunTime:0.000394s ]
SQL: SELECT * FROM `module` WHERE ( 1=1 AND id='1' ) LIMIT 1   [ RunTime:0.000331s ]
SQL: SELECT * FROM `module` WHERE ( 1=1 AND id='3' ) LIMIT 1   [ RunTime:0.000299s ]
SQL: SELECT * FROM `module` WHERE ( 1=1 AND id='3' ) LIMIT 1   [ RunTime:0.000246s ]
SQL: SELECT * FROM `module` WHERE ( 1=1 AND id='3' ) LIMIT 1   [ RunTime:0.000236s ]
SQL: SELECT * FROM `module` WHERE ( 1=1 AND id='1' ) LIMIT 1   [ RunTime:0.000234s ]
SQL: SELECT * FROM `module` WHERE ( 1=1 AND id='1' ) LIMIT 1   [ RunTime:0.000233s ]
SQL: SELECT * FROM `module` WHERE ( 1=1 AND id='1' ) LIMIT 1   [ RunTime:0.000227s ]
SQL: SELECT * FROM `module` WHERE ( 1=1 AND id='1' ) LIMIT 1   [ RunTime:0.000235s ]
SQL: SELECT * FROM `module` WHERE ( 1=1 AND id='2' ) LIMIT 1   [ RunTime:0.000233s ]
SQL: SELECT * FROM `module` WHERE ( 1=1 AND id='2' ) LIMIT 1   [ RunTime:0.000238s ]
SQL: SELECT * FROM `module` WHERE ( 1=1 AND id='1' ) LIMIT 1   [ RunTime:0.000224s ]
SQL: SELECT * FROM `module` WHERE ( 1=1 AND id='2' ) LIMIT 1   [ RunTime:0.000227s ]
INFO: [ view_parse ] --START--
INFO: [ template_filter ] --START--
INFO: Run Behavior\ContentReplaceBehavior [ RunTime:0.000095s ]
INFO: [ template_filter ] --END-- [ RunTime:0.000229s ]
NOTIC: [8] Undefined index: cat_id D:\wamp\www\kucms\Application\Runtime\Cache\Admin\9bfef0f9f473c596f668b6c9a32bfd5c.php 第 127 行.
NOTIC: [8] Undefined index: cat_id D:\wamp\www\kucms\Application\Runtime\Cache\Admin\9bfef0f9f473c596f668b6c9a32bfd5c.php 第 127 行.
NOTIC: [8] Undefined index: cat_id D:\wamp\www\kucms\Application\Runtime\Cache\Admin\9bfef0f9f473c596f668b6c9a32bfd5c.php 第 127 行.
NOTIC: [8] Undefined index: cat_id D:\wamp\www\kucms\Application\Runtime\Cache\Admin\9bfef0f9f473c596f668b6c9a32bfd5c.php 第 127 行.
NOTIC: [8] Undefined index: cat_id D:\wamp\www\kucms\Application\Runtime\Cache\Admin\9bfef0f9f473c596f668b6c9a32bfd5c.php 第 127 行.
NOTIC: [8] Undefined index: cat_id D:\wamp\www\kucms\Application\Runtime\Cache\Admin\9bfef0f9f473c596f668b6c9a32bfd5c.php 第 127 行.
NOTIC: [8] Undefined index: cat_id D:\wamp\www\kucms\Application\Runtime\Cache\Admin\9bfef0f9f473c596f668b6c9a32bfd5c.php 第 127 行.
NOTIC: [8] Undefined index: cat_id D:\wamp\www\kucms\Application\Runtime\Cache\Admin\9bfef0f9f473c596f668b6c9a32bfd5c.php 第 127 行.
NOTIC: [8] Undefined index: cat_id D:\wamp\www\kucms\Application\Runtime\Cache\Admin\9bfef0f9f473c596f668b6c9a32bfd5c.php 第 127 行.
NOTIC: [8] Undefined index: cat_id D:\wamp\www\kucms\Application\Runtime\Cache\Admin\9bfef0f9f473c596f668b6c9a32bfd5c.php 第 127 行.
NOTIC: [8] Undefined index: cat_id D:\wamp\www\kucms\Application\Runtime\Cache\Admin\9bfef0f9f473c596f668b6c9a32bfd5c.php 第 127 行.
NOTIC: [8] Undefined index: cat_id D:\wamp\www\kucms\Application\Runtime\Cache\Admin\9bfef0f9f473c596f668b6c9a32bfd5c.php 第 127 行.
NOTIC: [8] Undefined index: cat_id D:\wamp\www\kucms\Application\Runtime\Cache\Admin\9bfef0f9f473c596f668b6c9a32bfd5c.php 第 127 行.
NOTIC: [8] Undefined index: cat_id D:\wamp\www\kucms\Application\Runtime\Cache\Admin\9bfef0f9f473c596f668b6c9a32bfd5c.php 第 127 行.
NOTIC: [8] Undefined index: cat_id D:\wamp\www\kucms\Application\Runtime\Cache\Admin\9bfef0f9f473c596f668b6c9a32bfd5c.php 第 127 行.
NOTIC: [8] Undefined index: cat_id D:\wamp\www\kucms\Application\Runtime\Cache\Admin\9bfef0f9f473c596f668b6c9a32bfd5c.php 第 127 行.
INFO: Run Behavior\ParseTemplateBehavior [ RunTime:0.021759s ]
INFO: [ view_parse ] --END-- [ RunTime:0.021891s ]
INFO: [ view_filter ] --START--
INFO: Run Behavior\WriteHtmlCacheBehavior [ RunTime:0.000671s ]
INFO: [ view_filter ] --END-- [ RunTime:0.000792s ]
INFO: [ app_end ] --START--
INFO: Run Behavior\ShowPageTraceBehavior [ RunTime:0.000841s ]
INFO: [ app_end ] --END-- [ RunTime:0.000993s ]

[ 2014-06-26T16:04:56+08:00 ] ::1 /kucms/index.php/Home/Category/index/id/101
INFO: [ app_init ] --START--
INFO: Run Behavior\BuildLiteBehavior [ RunTime:0.000031s ]
INFO: [ app_init ] --END-- [ RunTime:0.000580s ]

[ 2014-06-26T16:05:00+08:00 ] ::1 /kucms/index.php/Home/Category/index/id/97
INFO: [ app_init ] --START--
INFO: Run Behavior\BuildLiteBehavior [ RunTime:0.000028s ]
INFO: [ app_init ] --END-- [ RunTime:0.000530s ]

[ 2014-06-26T16:05:03+08:00 ] ::1 /kucms/index.php/Home/Category/index/id/114
INFO: [ app_init ] --START--
INFO: Run Behavior\BuildLiteBehavior [ RunTime:0.000028s ]
INFO: [ app_init ] --END-- [ RunTime:0.000514s ]

[ 2014-06-26T16:05:04+08:00 ] ::1 /kucms/index.php/Home/Category/index/id/1
INFO: [ app_init ] --START--
INFO: Run Behavior\BuildLiteBehavior [ RunTime:0.000029s ]
INFO: [ app_init ] --END-- [ RunTime:0.000555s ]

[ 2014-06-26T16:05:05+08:00 ] ::1 /kucms/index.php/Home/Category/index/id/116
INFO: [ app_init ] --START--
INFO: Run Behavior\BuildLiteBehavior [ RunTime:0.000028s ]
INFO: [ app_init ] --END-- [ RunTime:0.000534s ]

