[ 2014-06-07T10:20:09+08:00 ] ::1 /kucms/
INFO: [ app_init ] --START--
INFO: Run Behavior\BuildLiteBehavior [ RunTime:0.000051s ]
INFO: [ app_init ] --END-- [ RunTime:0.013605s ]

[ 2014-06-07T10:20:54+08:00 ] ::1 /kucms/
INFO: [ app_init ] --START--
INFO: Run Behavior\BuildLiteBehavior [ RunTime:0.000030s ]
INFO: [ app_init ] --END-- [ RunTime:0.000525s ]

[ 2014-06-07T10:27:14+08:00 ] ::1 /kucms/
INFO: [ app_init ] --START--
INFO: Run Behavior\BuildLiteBehavior [ RunTime:0.000031s ]
INFO: [ app_init ] --END-- [ RunTime:0.000540s ]

[ 2014-06-07T10:28:07+08:00 ] ::1 /kucms/
INFO: [ app_init ] --START--
INFO: Run Behavior\BuildLiteBehavior [ RunTime:0.000030s ]
INFO: [ app_init ] --END-- [ RunTime:0.000536s ]

[ 2014-06-07T10:28:29+08:00 ] ::1 /kucms/
INFO: [ app_init ] --START--
INFO: Run Behavior\BuildLiteBehavior [ RunTime:0.000029s ]
INFO: [ app_init ] --END-- [ RunTime:0.000523s ]

[ 2014-06-07T10:29:25+08:00 ] ::1 /kucms/
INFO: [ app_init ] --START--
INFO: Run Behavior\BuildLiteBehavior [ RunTime:0.000029s ]
INFO: [ app_init ] --END-- [ RunTime:0.000532s ]

[ 2014-06-07T10:29:59+08:00 ] ::1 /kucms/
INFO: [ app_init ] --START--
INFO: Run Behavior\BuildLiteBehavior [ RunTime:0.000029s ]
INFO: [ app_init ] --END-- [ RunTime:0.000526s ]

[ 2014-06-07T10:44:13+08:00 ] ::1 /kucms/
INFO: [ app_init ] --START--
INFO: Run Behavior\BuildLiteBehavior [ RunTime:0.000029s ]
INFO: [ app_init ] --END-- [ RunTime:0.000539s ]

[ 2014-06-07T10:44:32+08:00 ] ::1 /kucms/
INFO: [ app_init ] --START--
INFO: Run Behavior\BuildLiteBehavior [ RunTime:0.000030s ]
INFO: [ app_init ] --END-- [ RunTime:0.000541s ]

[ 2014-06-07T10:48:46+08:00 ] ::1 /kucms/
INFO: [ app_init ] --START--
INFO: Run Behavior\BuildLiteBehavior [ RunTime:0.000030s ]
INFO: [ app_init ] --END-- [ RunTime:0.000555s ]

[ 2014-06-07T10:58:13+08:00 ] ::1 /kucms/
INFO: [ app_init ] --START--
INFO: Run Behavior\BuildLiteBehavior [ RunTime:0.000030s ]
INFO: [ app_init ] --END-- [ RunTime:0.000532s ]

[ 2014-06-07T11:01:52+08:00 ] ::1 /kucms/
INFO: [ app_init ] --START--
INFO: Run Behavior\BuildLiteBehavior [ RunTime:0.000031s ]
INFO: [ app_init ] --END-- [ RunTime:0.000549s ]

[ 2014-06-07T11:04:56+08:00 ] ::1 /kucms/
INFO: [ app_init ] --START--
INFO: Run Behavior\BuildLiteBehavior [ RunTime:0.000029s ]
INFO: [ app_init ] --END-- [ RunTime:0.000530s ]

[ 2014-06-07T11:05:01+08:00 ] ::1 /kucms/index.php/admin
INFO: [ app_init ] --START--
INFO: Run Behavior\BuildLiteBehavior [ RunTime:0.000031s ]
INFO: [ app_init ] --END-- [ RunTime:0.000577s ]
INFO: [ app_begin ] --START--
INFO: Run Behavior\ReadHtmlCacheBehavior [ RunTime:0.000715s ]
INFO: [ app_begin ] --END-- [ RunTime:0.000862s ]
INFO: [ view_parse ] --START--
INFO: [ template_filter ] --START--
INFO: Run Behavior\ContentReplaceBehavior [ RunTime:0.000123s ]
INFO: [ template_filter ] --END-- [ RunTime:0.000387s ]
INFO: Run Behavior\ParseTemplateBehavior [ RunTime:0.098370s ]
INFO: [ view_parse ] --END-- [ RunTime:0.098828s ]
INFO: [ view_filter ] --START--
INFO: Run Behavior\WriteHtmlCacheBehavior [ RunTime:0.001330s ]
INFO: [ view_filter ] --END-- [ RunTime:0.001607s ]
INFO: [ app_end ] --START--
INFO: Run Behavior\ShowPageTraceBehavior [ RunTime:0.001699s ]
INFO: [ app_end ] --END-- [ RunTime:0.001979s ]

[ 2014-06-07T11:05:01+08:00 ] ::1 /kucms/index.php/Admin/Public/top.html
INFO: [ app_init ] --START--
INFO: Run Behavior\BuildLiteBehavior [ RunTime:0.000052s ]
INFO: [ app_init ] --END-- [ RunTime:0.000981s ]
INFO: [ app_begin ] --START--
INFO: Run Behavior\ReadHtmlCacheBehavior [ RunTime:0.000989s ]
INFO: [ app_begin ] --END-- [ RunTime:0.001242s ]
INFO: [ view_parse ] --START--
INFO: [ template_filter ] --START--
INFO: Run Behavior\ContentReplaceBehavior [ RunTime:0.000078s ]
INFO: [ template_filter ] --END-- [ RunTime:0.000213s ]
INFO: Run Behavior\ParseTemplateBehavior [ RunTime:0.022740s ]
INFO: [ view_parse ] --END-- [ RunTime:0.022920s ]
INFO: [ view_filter ] --START--
INFO: Run Behavior\WriteHtmlCacheBehavior [ RunTime:0.000748s ]
INFO: [ view_filter ] --END-- [ RunTime:0.000882s ]
INFO: [ app_end ] --START--
INFO: Run Behavior\ShowPageTraceBehavior [ RunTime:0.000803s ]
INFO: [ app_end ] --END-- [ RunTime:0.000931s ]

[ 2014-06-07T11:05:01+08:00 ] ::1 /kucms/index.php/Admin/Public/main.html
INFO: [ app_init ] --START--
INFO: Run Behavior\BuildLiteBehavior [ RunTime:0.000057s ]
INFO: [ app_init ] --END-- [ RunTime:0.000962s ]
INFO: [ app_begin ] --START--
INFO: Run Behavior\ReadHtmlCacheBehavior [ RunTime:0.001583s ]
INFO: [ app_begin ] --END-- [ RunTime:0.001842s ]
INFO: [ view_parse ] --START--
INFO: [ template_filter ] --START--
INFO: Run Behavior\ContentReplaceBehavior [ RunTime:0.000140s ]
INFO: [ template_filter ] --END-- [ RunTime:0.000400s ]
INFO: Run Behavior\ParseTemplateBehavior [ RunTime:0.024644s ]
INFO: [ view_parse ] --END-- [ RunTime:0.024863s ]
INFO: [ view_filter ] --START--
INFO: Run Behavior\WriteHtmlCacheBehavior [ RunTime:0.001492s ]
INFO: [ view_filter ] --END-- [ RunTime:0.001711s ]
INFO: [ app_end ] --START--
INFO: Run Behavior\ShowPageTraceBehavior [ RunTime:0.001859s ]
INFO: [ app_end ] --END-- [ RunTime:0.002116s ]

[ 2014-06-07T11:05:01+08:00 ] ::1 /kucms/index.php/Admin/Public/menu.html
INFO: [ app_init ] --START--
INFO: Run Behavior\BuildLiteBehavior [ RunTime:0.000057s ]
INFO: [ app_init ] --END-- [ RunTime:0.001033s ]
INFO: [ app_begin ] --START--
INFO: Run Behavior\ReadHtmlCacheBehavior [ RunTime:0.001411s ]
INFO: [ app_begin ] --END-- [ RunTime:0.001673s ]
SQL: SHOW COLUMNS FROM `module` [ RunTime:0.010886s ]
SQL: SELECT * FROM `module` ORDER BY id  [ RunTime:0.000780s ]
INFO: [ view_parse ] --START--
INFO: [ template_filter ] --START--
INFO: Run Behavior\ContentReplaceBehavior [ RunTime:0.000095s ]
INFO: [ template_filter ] --END-- [ RunTime:0.000225s ]
NOTIC: [8] Undefined index: channel D:\wamp\www\kucms\Application\Runtime\Cache\Admin\fc6fd01631273ba50d3bc9f2f442211f.php 第 12 行.
NOTIC: [8] Undefined index: channel D:\wamp\www\kucms\Application\Runtime\Cache\Admin\fc6fd01631273ba50d3bc9f2f442211f.php 第 31 行.
NOTIC: [8] Undefined index: channel D:\wamp\www\kucms\Application\Runtime\Cache\Admin\fc6fd01631273ba50d3bc9f2f442211f.php 第 54 行.
NOTIC: [8] Undefined index: channel D:\wamp\www\kucms\Application\Runtime\Cache\Admin\fc6fd01631273ba50d3bc9f2f442211f.php 第 84 行.
NOTIC: [8] Undefined index: channel D:\wamp\www\kucms\Application\Runtime\Cache\Admin\fc6fd01631273ba50d3bc9f2f442211f.php 第 114 行.
INFO: Run Behavior\ParseTemplateBehavior [ RunTime:0.084023s ]
INFO: [ view_parse ] --END-- [ RunTime:0.084211s ]
INFO: [ view_filter ] --START--
INFO: Run Behavior\WriteHtmlCacheBehavior [ RunTime:0.000551s ]
INFO: [ view_filter ] --END-- [ RunTime:0.000666s ]
INFO: [ app_end ] --START--
INFO: Run Behavior\ShowPageTraceBehavior [ RunTime:0.000776s ]
INFO: [ app_end ] --END-- [ RunTime:0.000893s ]

[ 2014-06-07T11:05:04+08:00 ] ::1 /kucms/index.php/Admin/Public/menu/channel/2
INFO: [ app_init ] --START--
INFO: Run Behavior\BuildLiteBehavior [ RunTime:0.000029s ]
INFO: [ app_init ] --END-- [ RunTime:0.000514s ]
INFO: [ app_begin ] --START--
INFO: Run Behavior\ReadHtmlCacheBehavior [ RunTime:0.000837s ]
INFO: [ app_begin ] --END-- [ RunTime:0.000980s ]
SQL: SHOW COLUMNS FROM `module` [ RunTime:0.007195s ]
SQL: SELECT * FROM `module` ORDER BY id  [ RunTime:0.000498s ]
INFO: [ view_parse ] --START--
INFO: [ template_filter ] --START--
INFO: Run Behavior\ContentReplaceBehavior [ RunTime:0.000095s ]
INFO: [ template_filter ] --END-- [ RunTime:0.000227s ]
INFO: Run Behavior\ParseTemplateBehavior [ RunTime:0.013189s ]
INFO: [ view_parse ] --END-- [ RunTime:0.013392s ]
INFO: [ view_filter ] --START--
INFO: Run Behavior\WriteHtmlCacheBehavior [ RunTime:0.000957s ]
INFO: [ view_filter ] --END-- [ RunTime:0.001187s ]
INFO: [ app_end ] --START--
INFO: Run Behavior\ShowPageTraceBehavior [ RunTime:0.001032s ]
INFO: [ app_end ] --END-- [ RunTime:0.001177s ]

[ 2014-06-07T11:05:06+08:00 ] ::1 /kucms/index.php/Admin/Category
INFO: [ app_init ] --START--
INFO: Run Behavior\BuildLiteBehavior [ RunTime:0.000029s ]
INFO: [ app_init ] --END-- [ RunTime:0.000522s ]
INFO: [ app_begin ] --START--
INFO: Run Behavior\ReadHtmlCacheBehavior [ RunTime:0.000832s ]
INFO: [ app_begin ] --END-- [ RunTime:0.000958s ]
SQL: SHOW COLUMNS FROM `category` [ RunTime:0.007256s ]
SQL: SELECT `id`,`cname`,`fid`,`moduleid`,`path`,`isshow`,`sort`,concat(path,'-',id) AS `bpath` FROM `category` ORDER BY bpath asc  [ RunTime:0.003550s ]
SQL: SHOW COLUMNS FROM `module` [ RunTime:0.008202s ]
SQL: SELECT * FROM `module` WHERE ( 1=1 AND id='3' ) LIMIT 1   [ RunTime:0.018603s ]
SQL: SELECT * FROM `module` WHERE ( 1=1 AND id='1' ) LIMIT 1   [ RunTime:0.000332s ]
SQL: SELECT * FROM `module` WHERE ( 1=1 AND id='4' ) LIMIT 1   [ RunTime:0.000269s ]
SQL: SELECT * FROM `module` WHERE ( 1=1 AND id='1' ) LIMIT 1   [ RunTime:0.000303s ]
SQL: SELECT * FROM `module` WHERE ( 1=1 AND id='3' ) LIMIT 1   [ RunTime:0.000305s ]
SQL: SELECT * FROM `module` WHERE ( 1=1 AND id='1' ) LIMIT 1   [ RunTime:0.000279s ]
SQL: SELECT * FROM `module` WHERE ( 1=1 AND id='1' ) LIMIT 1   [ RunTime:0.000278s ]
SQL: SELECT * FROM `module` WHERE ( 1=1 AND id='1' ) LIMIT 1   [ RunTime:0.000237s ]
SQL: SELECT * FROM `module` WHERE ( 1=1 AND id='1' ) LIMIT 1   [ RunTime:0.000250s ]
SQL: SELECT * FROM `module` WHERE ( 1=1 AND id='2' ) LIMIT 1   [ RunTime:0.000331s ]
SQL: SELECT * FROM `module` WHERE ( 1=1 AND id='2' ) LIMIT 1   [ RunTime:0.000376s ]
SQL: SELECT * FROM `module` WHERE ( 1=1 AND id='1' ) LIMIT 1   [ RunTime:0.000341s ]
SQL: SELECT * FROM `module` WHERE ( 1=1 AND id='2' ) LIMIT 1   [ RunTime:0.000341s ]
INFO: [ view_parse ] --START--
INFO: [ template_filter ] --START--
INFO: Run Behavior\ContentReplaceBehavior [ RunTime:0.000134s ]
INFO: [ template_filter ] --END-- [ RunTime:0.000354s ]
NOTIC: [8] Undefined index: cat_id D:\wamp\www\kucms\Application\Runtime\Cache\Admin\9bfef0f9f473c596f668b6c9a32bfd5c.php 第 127 行.
NOTIC: [8] Undefined index: cat_id D:\wamp\www\kucms\Application\Runtime\Cache\Admin\9bfef0f9f473c596f668b6c9a32bfd5c.php 第 127 行.
NOTIC: [8] Undefined index: cat_id D:\wamp\www\kucms\Application\Runtime\Cache\Admin\9bfef0f9f473c596f668b6c9a32bfd5c.php 第 127 行.
NOTIC: [8] Undefined index: cat_id D:\wamp\www\kucms\Application\Runtime\Cache\Admin\9bfef0f9f473c596f668b6c9a32bfd5c.php 第 127 行.
NOTIC: [8] Undefined index: cat_id D:\wamp\www\kucms\Application\Runtime\Cache\Admin\9bfef0f9f473c596f668b6c9a32bfd5c.php 第 127 行.
NOTIC: [8] Undefined index: cat_id D:\wamp\www\kucms\Application\Runtime\Cache\Admin\9bfef0f9f473c596f668b6c9a32bfd5c.php 第 127 行.
NOTIC: [8] Undefined index: cat_id D:\wamp\www\kucms\Application\Runtime\Cache\Admin\9bfef0f9f473c596f668b6c9a32bfd5c.php 第 127 行.
NOTIC: [8] Undefined index: cat_id D:\wamp\www\kucms\Application\Runtime\Cache\Admin\9bfef0f9f473c596f668b6c9a32bfd5c.php 第 127 行.
NOTIC: [8] Undefined index: cat_id D:\wamp\www\kucms\Application\Runtime\Cache\Admin\9bfef0f9f473c596f668b6c9a32bfd5c.php 第 127 行.
NOTIC: [8] Undefined index: cat_id D:\wamp\www\kucms\Application\Runtime\Cache\Admin\9bfef0f9f473c596f668b6c9a32bfd5c.php 第 127 行.
NOTIC: [8] Undefined index: cat_id D:\wamp\www\kucms\Application\Runtime\Cache\Admin\9bfef0f9f473c596f668b6c9a32bfd5c.php 第 127 行.
NOTIC: [8] Undefined index: cat_id D:\wamp\www\kucms\Application\Runtime\Cache\Admin\9bfef0f9f473c596f668b6c9a32bfd5c.php 第 127 行.
NOTIC: [8] Undefined index: cat_id D:\wamp\www\kucms\Application\Runtime\Cache\Admin\9bfef0f9f473c596f668b6c9a32bfd5c.php 第 127 行.
INFO: Run Behavior\ParseTemplateBehavior [ RunTime:0.254164s ]
INFO: [ view_parse ] --END-- [ RunTime:0.254311s ]
INFO: [ view_filter ] --START--
INFO: Run Behavior\WriteHtmlCacheBehavior [ RunTime:0.000562s ]
INFO: [ view_filter ] --END-- [ RunTime:0.000682s ]
INFO: [ app_end ] --START--
INFO: Run Behavior\ShowPageTraceBehavior [ RunTime:0.001225s ]
INFO: [ app_end ] --END-- [ RunTime:0.001417s ]

[ 2014-06-07T11:05:08+08:00 ] ::1 /kucms/index.php/Admin/Category/edit/id/1
INFO: [ app_init ] --START--
INFO: Run Behavior\BuildLiteBehavior [ RunTime:0.000028s ]
INFO: [ app_init ] --END-- [ RunTime:0.000515s ]
INFO: [ app_begin ] --START--
INFO: Run Behavior\ReadHtmlCacheBehavior [ RunTime:0.000870s ]
INFO: [ app_begin ] --END-- [ RunTime:0.001007s ]
SQL: SHOW COLUMNS FROM `category` [ RunTime:0.020537s ]
SQL: SELECT `id`,`cname`,`fid`,`moduleid`,concat(path,'-',id) AS `bpath`,`isshow`,`template` FROM `category` ORDER BY bpath  [ RunTime:0.000425s ]
SQL: SELECT * FROM `category` WHERE ( id=1 ) LIMIT 1   [ RunTime:0.000362s ]
SQL: SHOW COLUMNS FROM `module` [ RunTime:0.016465s ]
SQL: SELECT * FROM `module`  [ RunTime:0.000379s ]
INFO: [ view_parse ] --START--
INFO: [ template_filter ] --START--
INFO: Run Behavior\ContentReplaceBehavior [ RunTime:0.000089s ]
INFO: [ template_filter ] --END-- [ RunTime:0.000218s ]
NOTIC: [8] Undefined index: parentdir D:\wamp\www\kucms\Application\Runtime\Cache\Admin\dfed54471f23c5cc0f29d10cfac5ae98.php 第 50 行.
NOTIC: [8] Undefined index: listorder D:\wamp\www\kucms\Application\Runtime\Cache\Admin\dfed54471f23c5cc0f29d10cfac5ae98.php 第 54 行.
INFO: Run Behavior\ParseTemplateBehavior [ RunTime:0.050845s ]
INFO: [ view_parse ] --END-- [ RunTime:0.050986s ]
INFO: [ view_filter ] --START--
INFO: Run Behavior\WriteHtmlCacheBehavior [ RunTime:0.000559s ]
INFO: [ view_filter ] --END-- [ RunTime:0.000675s ]
INFO: [ app_end ] --START--
INFO: Run Behavior\ShowPageTraceBehavior [ RunTime:0.000782s ]
INFO: [ app_end ] --END-- [ RunTime:0.000900s ]

[ 2014-06-07T11:05:12+08:00 ] ::1 /kucms/index.php/Admin/Category/doEdit
INFO: [ app_init ] --START--
INFO: Run Behavior\BuildLiteBehavior [ RunTime:0.000036s ]
INFO: [ app_init ] --END-- [ RunTime:0.000622s ]
INFO: [ app_begin ] --START--
INFO: Run Behavior\ReadHtmlCacheBehavior [ RunTime:0.000818s ]
INFO: [ app_begin ] --END-- [ RunTime:0.000957s ]
SQL: SHOW COLUMNS FROM `category` [ RunTime:0.013618s ]
SQL: UPDATE `category` SET `moduleid`='3',`template`='1',`cname`='这个产品',`fid`='0',`sort`='',`isshow`='1',`path`=0 WHERE ( `id` = '1' ) [ RunTime:0.191772s ]
INFO: [ view_parse ] --START--
INFO: [ template_filter ] --START--
INFO: Run Behavior\ContentReplaceBehavior [ RunTime:0.000124s ]
INFO: [ template_filter ] --END-- [ RunTime:0.000387s ]
INFO: Run Behavior\ParseTemplateBehavior [ RunTime:0.066254s ]
INFO: [ view_parse ] --END-- [ RunTime:0.066631s ]
INFO: [ view_filter ] --START--
INFO: Run Behavior\WriteHtmlCacheBehavior [ RunTime:0.001106s ]
INFO: [ view_filter ] --END-- [ RunTime:0.001350s ]
INFO: [ app_end ] --START--
INFO: Run Behavior\ShowPageTraceBehavior [ RunTime:0.001726s ]
INFO: [ app_end ] --END-- [ RunTime:0.002016s ]

[ 2014-06-07T11:05:13+08:00 ] ::1 /kucms/index.php/Admin/Category/index.html
INFO: [ app_init ] --START--
INFO: Run Behavior\BuildLiteBehavior [ RunTime:0.000069s ]
INFO: [ app_init ] --END-- [ RunTime:0.001161s ]
INFO: [ app_begin ] --START--
INFO: Run Behavior\ReadHtmlCacheBehavior [ RunTime:0.002620s ]
INFO: [ app_begin ] --END-- [ RunTime:0.003016s ]
SQL: SHOW COLUMNS FROM `category` [ RunTime:0.008642s ]
SQL: SELECT `id`,`cname`,`fid`,`moduleid`,`path`,`isshow`,`sort`,concat(path,'-',id) AS `bpath` FROM `category` ORDER BY bpath asc  [ RunTime:0.000523s ]
SQL: SHOW COLUMNS FROM `module` [ RunTime:0.007076s ]
SQL: SELECT * FROM `module` WHERE ( 1=1 AND id='3' ) LIMIT 1   [ RunTime:0.000465s ]
SQL: SELECT * FROM `module` WHERE ( 1=1 AND id='1' ) LIMIT 1   [ RunTime:0.000308s ]
SQL: SELECT * FROM `module` WHERE ( 1=1 AND id='4' ) LIMIT 1   [ RunTime:0.000332s ]
SQL: SELECT * FROM `module` WHERE ( 1=1 AND id='1' ) LIMIT 1   [ RunTime:0.000381s ]
SQL: SELECT * FROM `module` WHERE ( 1=1 AND id='3' ) LIMIT 1   [ RunTime:0.000307s ]
SQL: SELECT * FROM `module` WHERE ( 1=1 AND id='1' ) LIMIT 1   [ RunTime:0.000295s ]
SQL: SELECT * FROM `module` WHERE ( 1=1 AND id='1' ) LIMIT 1   [ RunTime:0.000303s ]
SQL: SELECT * FROM `module` WHERE ( 1=1 AND id='1' ) LIMIT 1   [ RunTime:0.000245s ]
SQL: SELECT * FROM `module` WHERE ( 1=1 AND id='1' ) LIMIT 1   [ RunTime:0.000237s ]
SQL: SELECT * FROM `module` WHERE ( 1=1 AND id='2' ) LIMIT 1   [ RunTime:0.000239s ]
SQL: SELECT * FROM `module` WHERE ( 1=1 AND id='2' ) LIMIT 1   [ RunTime:0.000235s ]
SQL: SELECT * FROM `module` WHERE ( 1=1 AND id='1' ) LIMIT 1   [ RunTime:0.000231s ]
SQL: SELECT * FROM `module` WHERE ( 1=1 AND id='2' ) LIMIT 1   [ RunTime:0.000240s ]
INFO: [ view_parse ] --START--
INFO: [ template_filter ] --START--
INFO: Run Behavior\ContentReplaceBehavior [ RunTime:0.000151s ]
INFO: [ template_filter ] --END-- [ RunTime:0.000366s ]
NOTIC: [8] Undefined index: cat_id D:\wamp\www\kucms\Application\Runtime\Cache\Admin\9bfef0f9f473c596f668b6c9a32bfd5c.php 第 127 行.
NOTIC: [8] Undefined index: cat_id D:\wamp\www\kucms\Application\Runtime\Cache\Admin\9bfef0f9f473c596f668b6c9a32bfd5c.php 第 127 行.
NOTIC: [8] Undefined index: cat_id D:\wamp\www\kucms\Application\Runtime\Cache\Admin\9bfef0f9f473c596f668b6c9a32bfd5c.php 第 127 行.
NOTIC: [8] Undefined index: cat_id D:\wamp\www\kucms\Application\Runtime\Cache\Admin\9bfef0f9f473c596f668b6c9a32bfd5c.php 第 127 行.
NOTIC: [8] Undefined index: cat_id D:\wamp\www\kucms\Application\Runtime\Cache\Admin\9bfef0f9f473c596f668b6c9a32bfd5c.php 第 127 行.
NOTIC: [8] Undefined index: cat_id D:\wamp\www\kucms\Application\Runtime\Cache\Admin\9bfef0f9f473c596f668b6c9a32bfd5c.php 第 127 行.
NOTIC: [8] Undefined index: cat_id D:\wamp\www\kucms\Application\Runtime\Cache\Admin\9bfef0f9f473c596f668b6c9a32bfd5c.php 第 127 行.
NOTIC: [8] Undefined index: cat_id D:\wamp\www\kucms\Application\Runtime\Cache\Admin\9bfef0f9f473c596f668b6c9a32bfd5c.php 第 127 行.
NOTIC: [8] Undefined index: cat_id D:\wamp\www\kucms\Application\Runtime\Cache\Admin\9bfef0f9f473c596f668b6c9a32bfd5c.php 第 127 行.
NOTIC: [8] Undefined index: cat_id D:\wamp\www\kucms\Application\Runtime\Cache\Admin\9bfef0f9f473c596f668b6c9a32bfd5c.php 第 127 行.
NOTIC: [8] Undefined index: cat_id D:\wamp\www\kucms\Application\Runtime\Cache\Admin\9bfef0f9f473c596f668b6c9a32bfd5c.php 第 127 行.
NOTIC: [8] Undefined index: cat_id D:\wamp\www\kucms\Application\Runtime\Cache\Admin\9bfef0f9f473c596f668b6c9a32bfd5c.php 第 127 行.
NOTIC: [8] Undefined index: cat_id D:\wamp\www\kucms\Application\Runtime\Cache\Admin\9bfef0f9f473c596f668b6c9a32bfd5c.php 第 127 行.
INFO: Run Behavior\ParseTemplateBehavior [ RunTime:0.024744s ]
INFO: [ view_parse ] --END-- [ RunTime:0.024927s ]
INFO: [ view_filter ] --START--
INFO: Run Behavior\WriteHtmlCacheBehavior [ RunTime:0.000913s ]
INFO: [ view_filter ] --END-- [ RunTime:0.001123s ]
INFO: [ app_end ] --START--
INFO: Run Behavior\ShowPageTraceBehavior [ RunTime:0.001192s ]
INFO: [ app_end ] --END-- [ RunTime:0.001407s ]

[ 2014-06-07T11:05:18+08:00 ] ::1 /kucms/index.php/Admin/Category/edit/id/102
INFO: [ app_init ] --START--
INFO: Run Behavior\BuildLiteBehavior [ RunTime:0.000029s ]
INFO: [ app_init ] --END-- [ RunTime:0.000478s ]
INFO: [ app_begin ] --START--
INFO: Run Behavior\ReadHtmlCacheBehavior [ RunTime:0.000548s ]
INFO: [ app_begin ] --END-- [ RunTime:0.000675s ]
SQL: SHOW COLUMNS FROM `category` [ RunTime:0.007723s ]
SQL: SELECT `id`,`cname`,`fid`,`moduleid`,concat(path,'-',id) AS `bpath`,`isshow`,`template` FROM `category` ORDER BY bpath  [ RunTime:0.007441s ]
SQL: SELECT * FROM `category` WHERE ( id=102 ) LIMIT 1   [ RunTime:0.000330s ]
SQL: SHOW COLUMNS FROM `module` [ RunTime:0.006310s ]
SQL: SELECT * FROM `module`  [ RunTime:0.000362s ]
INFO: [ view_parse ] --START--
INFO: [ template_filter ] --START--
INFO: Run Behavior\ContentReplaceBehavior [ RunTime:0.000090s ]
INFO: [ template_filter ] --END-- [ RunTime:0.000226s ]
NOTIC: [8] Undefined index: parentdir D:\wamp\www\kucms\Application\Runtime\Cache\Admin\dfed54471f23c5cc0f29d10cfac5ae98.php 第 50 行.
NOTIC: [8] Undefined index: listorder D:\wamp\www\kucms\Application\Runtime\Cache\Admin\dfed54471f23c5cc0f29d10cfac5ae98.php 第 54 行.
INFO: Run Behavior\ParseTemplateBehavior [ RunTime:0.022695s ]
INFO: [ view_parse ] --END-- [ RunTime:0.022830s ]
INFO: [ view_filter ] --START--
INFO: Run Behavior\WriteHtmlCacheBehavior [ RunTime:0.000545s ]
INFO: [ view_filter ] --END-- [ RunTime:0.000662s ]
INFO: [ app_end ] --START--
INFO: Run Behavior\ShowPageTraceBehavior [ RunTime:0.000824s ]
INFO: [ app_end ] --END-- [ RunTime:0.000943s ]

[ 2014-06-07T11:05:20+08:00 ] ::1 /kucms/index.php/Admin/Category/doEdit
INFO: [ app_init ] --START--
INFO: Run Behavior\BuildLiteBehavior [ RunTime:0.000030s ]
INFO: [ app_init ] --END-- [ RunTime:0.000503s ]
INFO: [ app_begin ] --START--
INFO: Run Behavior\ReadHtmlCacheBehavior [ RunTime:0.000534s ]
INFO: [ app_begin ] --END-- [ RunTime:0.000661s ]
SQL: SHOW COLUMNS FROM `category` [ RunTime:0.014568s ]
SQL: SELECT * FROM `category` WHERE ( id=101 ) LIMIT 1   [ RunTime:0.000959s ]
SQL: UPDATE `category` SET `moduleid`='1',`template`='1',`cname`='美国新闻',`fid`='101',`sort`='',`isshow`='1',`path`='0-95-101' WHERE ( `id` = '102' ) [ RunTime:0.000685s ]
INFO: [ view_parse ] --START--
INFO: [ template_filter ] --START--
INFO: Run Behavior\ContentReplaceBehavior [ RunTime:0.000131s ]
INFO: [ template_filter ] --END-- [ RunTime:0.000406s ]
INFO: Run Behavior\ParseTemplateBehavior [ RunTime:0.018360s ]
INFO: [ view_parse ] --END-- [ RunTime:0.018657s ]
INFO: [ view_filter ] --START--
INFO: Run Behavior\WriteHtmlCacheBehavior [ RunTime:0.001083s ]
INFO: [ view_filter ] --END-- [ RunTime:0.001326s ]
INFO: [ app_end ] --START--
INFO: Run Behavior\ShowPageTraceBehavior [ RunTime:0.001664s ]
INFO: [ app_end ] --END-- [ RunTime:0.001908s ]

[ 2014-06-07T11:05:22+08:00 ] ::1 /kucms/index.php/Admin/Category/index.html
INFO: [ app_init ] --START--
INFO: Run Behavior\BuildLiteBehavior [ RunTime:0.000041s ]
INFO: [ app_init ] --END-- [ RunTime:0.000657s ]
INFO: [ app_begin ] --START--
INFO: Run Behavior\ReadHtmlCacheBehavior [ RunTime:0.000762s ]
INFO: [ app_begin ] --END-- [ RunTime:0.000947s ]
SQL: SHOW COLUMNS FROM `category` [ RunTime:0.007821s ]
SQL: SELECT `id`,`cname`,`fid`,`moduleid`,`path`,`isshow`,`sort`,concat(path,'-',id) AS `bpath` FROM `category` ORDER BY bpath asc  [ RunTime:0.000507s ]
SQL: SHOW COLUMNS FROM `module` [ RunTime:0.006287s ]
SQL: SELECT * FROM `module` WHERE ( 1=1 AND id='3' ) LIMIT 1   [ RunTime:0.000393s ]
SQL: SELECT * FROM `module` WHERE ( 1=1 AND id='1' ) LIMIT 1   [ RunTime:0.000258s ]
SQL: SELECT * FROM `module` WHERE ( 1=1 AND id='4' ) LIMIT 1   [ RunTime:0.000250s ]
SQL: SELECT * FROM `module` WHERE ( 1=1 AND id='1' ) LIMIT 1   [ RunTime:0.000245s ]
SQL: SELECT * FROM `module` WHERE ( 1=1 AND id='3' ) LIMIT 1   [ RunTime:0.000238s ]
SQL: SELECT * FROM `module` WHERE ( 1=1 AND id='1' ) LIMIT 1   [ RunTime:0.000229s ]
SQL: SELECT * FROM `module` WHERE ( 1=1 AND id='1' ) LIMIT 1   [ RunTime:0.000233s ]
SQL: SELECT * FROM `module` WHERE ( 1=1 AND id='1' ) LIMIT 1   [ RunTime:0.000232s ]
SQL: SELECT * FROM `module` WHERE ( 1=1 AND id='1' ) LIMIT 1   [ RunTime:0.000256s ]
SQL: SELECT * FROM `module` WHERE ( 1=1 AND id='2' ) LIMIT 1   [ RunTime:0.000240s ]
SQL: SELECT * FROM `module` WHERE ( 1=1 AND id='2' ) LIMIT 1   [ RunTime:0.000236s ]
SQL: SELECT * FROM `module` WHERE ( 1=1 AND id='1' ) LIMIT 1   [ RunTime:0.000228s ]
SQL: SELECT * FROM `module` WHERE ( 1=1 AND id='2' ) LIMIT 1   [ RunTime:0.000233s ]
INFO: [ view_parse ] --START--
INFO: [ template_filter ] --START--
INFO: Run Behavior\ContentReplaceBehavior [ RunTime:0.000096s ]
INFO: [ template_filter ] --END-- [ RunTime:0.000230s ]
NOTIC: [8] Undefined index: cat_id D:\wamp\www\kucms\Application\Runtime\Cache\Admin\9bfef0f9f473c596f668b6c9a32bfd5c.php 第 127 行.
NOTIC: [8] Undefined index: cat_id D:\wamp\www\kucms\Application\Runtime\Cache\Admin\9bfef0f9f473c596f668b6c9a32bfd5c.php 第 127 行.
NOTIC: [8] Undefined index: cat_id D:\wamp\www\kucms\Application\Runtime\Cache\Admin\9bfef0f9f473c596f668b6c9a32bfd5c.php 第 127 行.
NOTIC: [8] Undefined index: cat_id D:\wamp\www\kucms\Application\Runtime\Cache\Admin\9bfef0f9f473c596f668b6c9a32bfd5c.php 第 127 行.
NOTIC: [8] Undefined index: cat_id D:\wamp\www\kucms\Application\Runtime\Cache\Admin\9bfef0f9f473c596f668b6c9a32bfd5c.php 第 127 行.
NOTIC: [8] Undefined index: cat_id D:\wamp\www\kucms\Application\Runtime\Cache\Admin\9bfef0f9f473c596f668b6c9a32bfd5c.php 第 127 行.
NOTIC: [8] Undefined index: cat_id D:\wamp\www\kucms\Application\Runtime\Cache\Admin\9bfef0f9f473c596f668b6c9a32bfd5c.php 第 127 行.
NOTIC: [8] Undefined index: cat_id D:\wamp\www\kucms\Application\Runtime\Cache\Admin\9bfef0f9f473c596f668b6c9a32bfd5c.php 第 127 行.
NOTIC: [8] Undefined index: cat_id D:\wamp\www\kucms\Application\Runtime\Cache\Admin\9bfef0f9f473c596f668b6c9a32bfd5c.php 第 127 行.
NOTIC: [8] Undefined index: cat_id D:\wamp\www\kucms\Application\Runtime\Cache\Admin\9bfef0f9f473c596f668b6c9a32bfd5c.php 第 127 行.
NOTIC: [8] Undefined index: cat_id D:\wamp\www\kucms\Application\Runtime\Cache\Admin\9bfef0f9f473c596f668b6c9a32bfd5c.php 第 127 行.
NOTIC: [8] Undefined index: cat_id D:\wamp\www\kucms\Application\Runtime\Cache\Admin\9bfef0f9f473c596f668b6c9a32bfd5c.php 第 127 行.
NOTIC: [8] Undefined index: cat_id D:\wamp\www\kucms\Application\Runtime\Cache\Admin\9bfef0f9f473c596f668b6c9a32bfd5c.php 第 127 行.
INFO: Run Behavior\ParseTemplateBehavior [ RunTime:0.020552s ]
INFO: [ view_parse ] --END-- [ RunTime:0.020679s ]
INFO: [ view_filter ] --START--
INFO: Run Behavior\WriteHtmlCacheBehavior [ RunTime:0.000550s ]
INFO: [ view_filter ] --END-- [ RunTime:0.000666s ]
INFO: [ app_end ] --START--
INFO: Run Behavior\ShowPageTraceBehavior [ RunTime:0.000829s ]
INFO: [ app_end ] --END-- [ RunTime:0.000975s ]

[ 2014-06-07T11:05:22+08:00 ] ::1 /kucms/index.php/Admin/Category/index.html
INFO: [ app_init ] --START--
INFO: Run Behavior\BuildLiteBehavior [ RunTime:0.000029s ]
INFO: [ app_init ] --END-- [ RunTime:0.000533s ]
INFO: [ app_begin ] --START--
INFO: Run Behavior\ReadHtmlCacheBehavior [ RunTime:0.000769s ]
INFO: [ app_begin ] --END-- [ RunTime:0.000897s ]
SQL: SHOW COLUMNS FROM `category` [ RunTime:0.006260s ]
SQL: SELECT `id`,`cname`,`fid`,`moduleid`,`path`,`isshow`,`sort`,concat(path,'-',id) AS `bpath` FROM `category` ORDER BY bpath asc  [ RunTime:0.000520s ]
SQL: SHOW COLUMNS FROM `module` [ RunTime:0.005723s ]
SQL: SELECT * FROM `module` WHERE ( 1=1 AND id='3' ) LIMIT 1   [ RunTime:0.000431s ]
SQL: SELECT * FROM `module` WHERE ( 1=1 AND id='1' ) LIMIT 1   [ RunTime:0.000436s ]
SQL: SELECT * FROM `module` WHERE ( 1=1 AND id='4' ) LIMIT 1   [ RunTime:0.000363s ]
SQL: SELECT * FROM `module` WHERE ( 1=1 AND id='1' ) LIMIT 1   [ RunTime:0.000328s ]
SQL: SELECT * FROM `module` WHERE ( 1=1 AND id='3' ) LIMIT 1   [ RunTime:0.000361s ]
SQL: SELECT * FROM `module` WHERE ( 1=1 AND id='1' ) LIMIT 1   [ RunTime:0.000444s ]
SQL: SELECT * FROM `module` WHERE ( 1=1 AND id='1' ) LIMIT 1   [ RunTime:0.000250s ]
SQL: SELECT * FROM `module` WHERE ( 1=1 AND id='1' ) LIMIT 1   [ RunTime:0.000235s ]
SQL: SELECT * FROM `module` WHERE ( 1=1 AND id='1' ) LIMIT 1   [ RunTime:0.000229s ]
SQL: SELECT * FROM `module` WHERE ( 1=1 AND id='2' ) LIMIT 1   [ RunTime:0.000242s ]
SQL: SELECT * FROM `module` WHERE ( 1=1 AND id='2' ) LIMIT 1   [ RunTime:0.000230s ]
SQL: SELECT * FROM `module` WHERE ( 1=1 AND id='1' ) LIMIT 1   [ RunTime:0.000226s ]
SQL: SELECT * FROM `module` WHERE ( 1=1 AND id='2' ) LIMIT 1   [ RunTime:0.000229s ]
INFO: [ view_parse ] --START--
INFO: [ template_filter ] --START--
INFO: Run Behavior\ContentReplaceBehavior [ RunTime:0.000098s ]
INFO: [ template_filter ] --END-- [ RunTime:0.000236s ]
NOTIC: [8] Undefined index: cat_id D:\wamp\www\kucms\Application\Runtime\Cache\Admin\9bfef0f9f473c596f668b6c9a32bfd5c.php 第 127 行.
NOTIC: [8] Undefined index: cat_id D:\wamp\www\kucms\Application\Runtime\Cache\Admin\9bfef0f9f473c596f668b6c9a32bfd5c.php 第 127 行.
NOTIC: [8] Undefined index: cat_id D:\wamp\www\kucms\Application\Runtime\Cache\Admin\9bfef0f9f473c596f668b6c9a32bfd5c.php 第 127 行.
NOTIC: [8] Undefined index: cat_id D:\wamp\www\kucms\Application\Runtime\Cache\Admin\9bfef0f9f473c596f668b6c9a32bfd5c.php 第 127 行.
NOTIC: [8] Undefined index: cat_id D:\wamp\www\kucms\Application\Runtime\Cache\Admin\9bfef0f9f473c596f668b6c9a32bfd5c.php 第 127 行.
NOTIC: [8] Undefined index: cat_id D:\wamp\www\kucms\Application\Runtime\Cache\Admin\9bfef0f9f473c596f668b6c9a32bfd5c.php 第 127 行.
NOTIC: [8] Undefined index: cat_id D:\wamp\www\kucms\Application\Runtime\Cache\Admin\9bfef0f9f473c596f668b6c9a32bfd5c.php 第 127 行.
NOTIC: [8] Undefined index: cat_id D:\wamp\www\kucms\Application\Runtime\Cache\Admin\9bfef0f9f473c596f668b6c9a32bfd5c.php 第 127 行.
NOTIC: [8] Undefined index: cat_id D:\wamp\www\kucms\Application\Runtime\Cache\Admin\9bfef0f9f473c596f668b6c9a32bfd5c.php 第 127 行.
NOTIC: [8] Undefined index: cat_id D:\wamp\www\kucms\Application\Runtime\Cache\Admin\9bfef0f9f473c596f668b6c9a32bfd5c.php 第 127 行.
NOTIC: [8] Undefined index: cat_id D:\wamp\www\kucms\Application\Runtime\Cache\Admin\9bfef0f9f473c596f668b6c9a32bfd5c.php 第 127 行.
NOTIC: [8] Undefined index: cat_id D:\wamp\www\kucms\Application\Runtime\Cache\Admin\9bfef0f9f473c596f668b6c9a32bfd5c.php 第 127 行.
NOTIC: [8] Undefined index: cat_id D:\wamp\www\kucms\Application\Runtime\Cache\Admin\9bfef0f9f473c596f668b6c9a32bfd5c.php 第 127 行.
INFO: Run Behavior\ParseTemplateBehavior [ RunTime:0.021033s ]
INFO: [ view_parse ] --END-- [ RunTime:0.021158s ]
INFO: [ view_filter ] --START--
INFO: Run Behavior\WriteHtmlCacheBehavior [ RunTime:0.000551s ]
INFO: [ view_filter ] --END-- [ RunTime:0.000666s ]
INFO: [ app_end ] --START--
INFO: Run Behavior\ShowPageTraceBehavior [ RunTime:0.000778s ]
INFO: [ app_end ] --END-- [ RunTime:0.000897s ]

[ 2014-06-07T11:05:26+08:00 ] ::1 /kucms/index.php/Admin/Category/edit/id/97
INFO: [ app_init ] --START--
INFO: Run Behavior\BuildLiteBehavior [ RunTime:0.000030s ]
INFO: [ app_init ] --END-- [ RunTime:0.000474s ]
INFO: [ app_begin ] --START--
INFO: Run Behavior\ReadHtmlCacheBehavior [ RunTime:0.000549s ]
INFO: [ app_begin ] --END-- [ RunTime:0.000674s ]
SQL: SHOW COLUMNS FROM `category` [ RunTime:0.007688s ]
SQL: SELECT `id`,`cname`,`fid`,`moduleid`,concat(path,'-',id) AS `bpath`,`isshow`,`template` FROM `category` ORDER BY bpath  [ RunTime:0.000442s ]
SQL: SELECT * FROM `category` WHERE ( id=97 ) LIMIT 1   [ RunTime:0.000297s ]
SQL: SHOW COLUMNS FROM `module` [ RunTime:0.006527s ]
SQL: SELECT * FROM `module`  [ RunTime:0.000361s ]
INFO: [ view_parse ] --START--
INFO: [ template_filter ] --START--
INFO: Run Behavior\ContentReplaceBehavior [ RunTime:0.000089s ]
INFO: [ template_filter ] --END-- [ RunTime:0.000222s ]
NOTIC: [8] Undefined index: parentdir D:\wamp\www\kucms\Application\Runtime\Cache\Admin\dfed54471f23c5cc0f29d10cfac5ae98.php 第 50 行.
NOTIC: [8] Undefined index: listorder D:\wamp\www\kucms\Application\Runtime\Cache\Admin\dfed54471f23c5cc0f29d10cfac5ae98.php 第 54 行.
INFO: Run Behavior\ParseTemplateBehavior [ RunTime:0.023435s ]
INFO: [ view_parse ] --END-- [ RunTime:0.023580s ]
INFO: [ view_filter ] --START--
INFO: Run Behavior\WriteHtmlCacheBehavior [ RunTime:0.000585s ]
INFO: [ view_filter ] --END-- [ RunTime:0.000702s ]
INFO: [ app_end ] --START--
INFO: Run Behavior\ShowPageTraceBehavior [ RunTime:0.000788s ]
INFO: [ app_end ] --END-- [ RunTime:0.000907s ]

[ 2014-06-07T11:05:29+08:00 ] ::1 /kucms/index.php/Admin/Category/doEdit
INFO: [ app_init ] --START--
INFO: Run Behavior\BuildLiteBehavior [ RunTime:0.000030s ]
INFO: [ app_init ] --END-- [ RunTime:0.000483s ]
INFO: [ app_begin ] --START--
INFO: Run Behavior\ReadHtmlCacheBehavior [ RunTime:0.000651s ]
INFO: [ app_begin ] --END-- [ RunTime:0.000842s ]
SQL: SHOW COLUMNS FROM `category` [ RunTime:0.013787s ]
SQL: SELECT * FROM `category` WHERE ( id=95 ) LIMIT 1   [ RunTime:0.000620s ]
SQL: UPDATE `category` SET `moduleid`='1',`template`='0',`cname`='中国新闻456546',`fid`='95',`sort`='',`isshow`='1',`path`='0-95' WHERE ( `id` = '97' ) [ RunTime:0.000606s ]
INFO: [ view_parse ] --START--
INFO: [ template_filter ] --START--
INFO: Run Behavior\ContentReplaceBehavior [ RunTime:0.000131s ]
INFO: [ template_filter ] --END-- [ RunTime:0.000407s ]
INFO: Run Behavior\ParseTemplateBehavior [ RunTime:0.018112s ]
INFO: [ view_parse ] --END-- [ RunTime:0.018382s ]
INFO: [ view_filter ] --START--
INFO: Run Behavior\WriteHtmlCacheBehavior [ RunTime:0.001081s ]
INFO: [ view_filter ] --END-- [ RunTime:0.001334s ]
INFO: [ app_end ] --START--
INFO: Run Behavior\ShowPageTraceBehavior [ RunTime:0.001598s ]
INFO: [ app_end ] --END-- [ RunTime:0.001841s ]

[ 2014-06-07T11:05:31+08:00 ] ::1 /kucms/index.php/Admin/Category/index.html
INFO: [ app_init ] --START--
INFO: Run Behavior\BuildLiteBehavior [ RunTime:0.000037s ]
INFO: [ app_init ] --END-- [ RunTime:0.000619s ]
INFO: [ app_begin ] --START--
INFO: Run Behavior\ReadHtmlCacheBehavior [ RunTime:0.000778s ]
INFO: [ app_begin ] --END-- [ RunTime:0.000940s ]
SQL: SHOW COLUMNS FROM `category` [ RunTime:0.023543s ]
SQL: SELECT `id`,`cname`,`fid`,`moduleid`,`path`,`isshow`,`sort`,concat(path,'-',id) AS `bpath` FROM `category` ORDER BY bpath asc  [ RunTime:0.000566s ]
SQL: SHOW COLUMNS FROM `module` [ RunTime:0.010435s ]
SQL: SELECT * FROM `module` WHERE ( 1=1 AND id='3' ) LIMIT 1   [ RunTime:0.000622s ]
SQL: SELECT * FROM `module` WHERE ( 1=1 AND id='1' ) LIMIT 1   [ RunTime:0.000492s ]
SQL: SELECT * FROM `module` WHERE ( 1=1 AND id='4' ) LIMIT 1   [ RunTime:0.000577s ]
SQL: SELECT * FROM `module` WHERE ( 1=1 AND id='1' ) LIMIT 1   [ RunTime:0.000605s ]
SQL: SELECT * FROM `module` WHERE ( 1=1 AND id='3' ) LIMIT 1   [ RunTime:0.000565s ]
SQL: SELECT * FROM `module` WHERE ( 1=1 AND id='1' ) LIMIT 1   [ RunTime:0.000472s ]
SQL: SELECT * FROM `module` WHERE ( 1=1 AND id='1' ) LIMIT 1   [ RunTime:0.000421s ]
SQL: SELECT * FROM `module` WHERE ( 1=1 AND id='1' ) LIMIT 1   [ RunTime:0.000445s ]
SQL: SELECT * FROM `module` WHERE ( 1=1 AND id='1' ) LIMIT 1   [ RunTime:0.000533s ]
SQL: SELECT * FROM `module` WHERE ( 1=1 AND id='2' ) LIMIT 1   [ RunTime:0.000460s ]
SQL: SELECT * FROM `module` WHERE ( 1=1 AND id='2' ) LIMIT 1   [ RunTime:0.000440s ]
SQL: SELECT * FROM `module` WHERE ( 1=1 AND id='1' ) LIMIT 1   [ RunTime:0.000528s ]
SQL: SELECT * FROM `module` WHERE ( 1=1 AND id='2' ) LIMIT 1   [ RunTime:0.000412s ]
INFO: [ view_parse ] --START--
INFO: [ template_filter ] --START--
INFO: Run Behavior\ContentReplaceBehavior [ RunTime:0.000098s ]
INFO: [ template_filter ] --END-- [ RunTime:0.000235s ]
NOTIC: [8] Undefined index: cat_id D:\wamp\www\kucms\Application\Runtime\Cache\Admin\9bfef0f9f473c596f668b6c9a32bfd5c.php 第 127 行.
NOTIC: [8] Undefined index: cat_id D:\wamp\www\kucms\Application\Runtime\Cache\Admin\9bfef0f9f473c596f668b6c9a32bfd5c.php 第 127 行.
NOTIC: [8] Undefined index: cat_id D:\wamp\www\kucms\Application\Runtime\Cache\Admin\9bfef0f9f473c596f668b6c9a32bfd5c.php 第 127 行.
NOTIC: [8] Undefined index: cat_id D:\wamp\www\kucms\Application\Runtime\Cache\Admin\9bfef0f9f473c596f668b6c9a32bfd5c.php 第 127 行.
NOTIC: [8] Undefined index: cat_id D:\wamp\www\kucms\Application\Runtime\Cache\Admin\9bfef0f9f473c596f668b6c9a32bfd5c.php 第 127 行.
NOTIC: [8] Undefined index: cat_id D:\wamp\www\kucms\Application\Runtime\Cache\Admin\9bfef0f9f473c596f668b6c9a32bfd5c.php 第 127 行.
NOTIC: [8] Undefined index: cat_id D:\wamp\www\kucms\Application\Runtime\Cache\Admin\9bfef0f9f473c596f668b6c9a32bfd5c.php 第 127 行.
NOTIC: [8] Undefined index: cat_id D:\wamp\www\kucms\Application\Runtime\Cache\Admin\9bfef0f9f473c596f668b6c9a32bfd5c.php 第 127 行.
NOTIC: [8] Undefined index: cat_id D:\wamp\www\kucms\Application\Runtime\Cache\Admin\9bfef0f9f473c596f668b6c9a32bfd5c.php 第 127 行.
NOTIC: [8] Undefined index: cat_id D:\wamp\www\kucms\Application\Runtime\Cache\Admin\9bfef0f9f473c596f668b6c9a32bfd5c.php 第 127 行.
NOTIC: [8] Undefined index: cat_id D:\wamp\www\kucms\Application\Runtime\Cache\Admin\9bfef0f9f473c596f668b6c9a32bfd5c.php 第 127 行.
NOTIC: [8] Undefined index: cat_id D:\wamp\www\kucms\Application\Runtime\Cache\Admin\9bfef0f9f473c596f668b6c9a32bfd5c.php 第 127 行.
NOTIC: [8] Undefined index: cat_id D:\wamp\www\kucms\Application\Runtime\Cache\Admin\9bfef0f9f473c596f668b6c9a32bfd5c.php 第 127 行.
INFO: Run Behavior\ParseTemplateBehavior [ RunTime:0.021671s ]
INFO: [ view_parse ] --END-- [ RunTime:0.021801s ]
INFO: [ view_filter ] --START--
INFO: Run Behavior\WriteHtmlCacheBehavior [ RunTime:0.000703s ]
INFO: [ view_filter ] --END-- [ RunTime:0.000891s ]
INFO: [ app_end ] --START--
INFO: Run Behavior\ShowPageTraceBehavior [ RunTime:0.001316s ]
INFO: [ app_end ] --END-- [ RunTime:0.001535s ]

[ 2014-06-07T11:05:33+08:00 ] ::1 /kucms/index.php/Admin/Category/edit/id/103
INFO: [ app_init ] --START--
INFO: Run Behavior\BuildLiteBehavior [ RunTime:0.000029s ]
INFO: [ app_init ] --END-- [ RunTime:0.000547s ]
INFO: [ app_begin ] --START--
INFO: Run Behavior\ReadHtmlCacheBehavior [ RunTime:0.000813s ]
INFO: [ app_begin ] --END-- [ RunTime:0.000939s ]
SQL: SHOW COLUMNS FROM `category` [ RunTime:0.007391s ]
SQL: SELECT `id`,`cname`,`fid`,`moduleid`,concat(path,'-',id) AS `bpath`,`isshow`,`template` FROM `category` ORDER BY bpath  [ RunTime:0.000447s ]
SQL: SELECT * FROM `category` WHERE ( id=103 ) LIMIT 1   [ RunTime:0.000609s ]
SQL: SHOW COLUMNS FROM `module` [ RunTime:0.014768s ]
SQL: SELECT * FROM `module`  [ RunTime:0.000998s ]
INFO: [ view_parse ] --START--
INFO: [ template_filter ] --START--
INFO: Run Behavior\ContentReplaceBehavior [ RunTime:0.000094s ]
INFO: [ template_filter ] --END-- [ RunTime:0.000236s ]
NOTIC: [8] Undefined index: parentdir D:\wamp\www\kucms\Application\Runtime\Cache\Admin\dfed54471f23c5cc0f29d10cfac5ae98.php 第 50 行.
NOTIC: [8] Undefined index: listorder D:\wamp\www\kucms\Application\Runtime\Cache\Admin\dfed54471f23c5cc0f29d10cfac5ae98.php 第 54 行.
INFO: Run Behavior\ParseTemplateBehavior [ RunTime:0.046467s ]
INFO: [ view_parse ] --END-- [ RunTime:0.046659s ]
INFO: [ view_filter ] --START--
INFO: Run Behavior\WriteHtmlCacheBehavior [ RunTime:0.000590s ]
INFO: [ view_filter ] --END-- [ RunTime:0.000706s ]
INFO: [ app_end ] --START--
INFO: Run Behavior\ShowPageTraceBehavior [ RunTime:0.000788s ]
INFO: [ app_end ] --END-- [ RunTime:0.000905s ]

[ 2014-06-07T11:05:35+08:00 ] ::1 /kucms/index.php/Admin/Category/doEdit
INFO: [ app_init ] --START--
INFO: Run Behavior\BuildLiteBehavior [ RunTime:0.000030s ]
INFO: [ app_init ] --END-- [ RunTime:0.000569s ]
INFO: [ app_begin ] --START--
INFO: Run Behavior\ReadHtmlCacheBehavior [ RunTime:0.000760s ]
INFO: [ app_begin ] --END-- [ RunTime:0.000887s ]
SQL: SHOW COLUMNS FROM `category` [ RunTime:0.014536s ]
SQL: SELECT * FROM `category` WHERE ( id=101 ) LIMIT 1   [ RunTime:0.000730s ]
SQL: UPDATE `category` SET `moduleid`='1',`template`='0',`cname`='英国新闻',`fid`='101',`sort`='',`isshow`='1',`path`='0-95-101' WHERE ( `id` = '103' ) [ RunTime:0.000651s ]
INFO: [ view_parse ] --START--
INFO: [ template_filter ] --START--
INFO: Run Behavior\ContentReplaceBehavior [ RunTime:0.000068s ]
INFO: [ template_filter ] --END-- [ RunTime:0.000210s ]
INFO: Run Behavior\ParseTemplateBehavior [ RunTime:0.014449s ]
INFO: [ view_parse ] --END-- [ RunTime:0.014654s ]
INFO: [ view_filter ] --START--
INFO: Run Behavior\WriteHtmlCacheBehavior [ RunTime:0.000586s ]
INFO: [ view_filter ] --END-- [ RunTime:0.000716s ]
INFO: [ app_end ] --START--
INFO: Run Behavior\ShowPageTraceBehavior [ RunTime:0.000878s ]
INFO: [ app_end ] --END-- [ RunTime:0.001009s ]

[ 2014-06-07T11:05:36+08:00 ] ::1 /kucms/index.php/Admin/Category/index.html
INFO: [ app_init ] --START--
INFO: Run Behavior\BuildLiteBehavior [ RunTime:0.000056s ]
INFO: [ app_init ] --END-- [ RunTime:0.000954s ]
INFO: [ app_begin ] --START--
INFO: Run Behavior\ReadHtmlCacheBehavior [ RunTime:0.000988s ]
INFO: [ app_begin ] --END-- [ RunTime:0.001146s ]
SQL: SHOW COLUMNS FROM `category` [ RunTime:0.008928s ]
SQL: SELECT `id`,`cname`,`fid`,`moduleid`,`path`,`isshow`,`sort`,concat(path,'-',id) AS `bpath` FROM `category` ORDER BY bpath asc  [ RunTime:0.000529s ]
SQL: SHOW COLUMNS FROM `module` [ RunTime:0.008308s ]
SQL: SELECT * FROM `module` WHERE ( 1=1 AND id='3' ) LIMIT 1   [ RunTime:0.000626s ]
SQL: SELECT * FROM `module` WHERE ( 1=1 AND id='1' ) LIMIT 1   [ RunTime:0.000522s ]
SQL: SELECT * FROM `module` WHERE ( 1=1 AND id='4' ) LIMIT 1   [ RunTime:0.000606s ]
SQL: SELECT * FROM `module` WHERE ( 1=1 AND id='1' ) LIMIT 1   [ RunTime:0.000571s ]
SQL: SELECT * FROM `module` WHERE ( 1=1 AND id='3' ) LIMIT 1   [ RunTime:0.000520s ]
SQL: SELECT * FROM `module` WHERE ( 1=1 AND id='1' ) LIMIT 1   [ RunTime:0.000546s ]
SQL: SELECT * FROM `module` WHERE ( 1=1 AND id='1' ) LIMIT 1   [ RunTime:0.000534s ]
SQL: SELECT * FROM `module` WHERE ( 1=1 AND id='1' ) LIMIT 1   [ RunTime:0.000444s ]
SQL: SELECT * FROM `module` WHERE ( 1=1 AND id='1' ) LIMIT 1   [ RunTime:0.000367s ]
SQL: SELECT * FROM `module` WHERE ( 1=1 AND id='2' ) LIMIT 1   [ RunTime:0.000386s ]
SQL: SELECT * FROM `module` WHERE ( 1=1 AND id='2' ) LIMIT 1   [ RunTime:0.000334s ]
SQL: SELECT * FROM `module` WHERE ( 1=1 AND id='1' ) LIMIT 1   [ RunTime:0.000321s ]
SQL: SELECT * FROM `module` WHERE ( 1=1 AND id='2' ) LIMIT 1   [ RunTime:0.000391s ]
INFO: [ view_parse ] --START--
INFO: [ template_filter ] --START--
INFO: Run Behavior\ContentReplaceBehavior [ RunTime:0.000096s ]
INFO: [ template_filter ] --END-- [ RunTime:0.000228s ]
NOTIC: [8] Undefined index: cat_id D:\wamp\www\kucms\Application\Runtime\Cache\Admin\9bfef0f9f473c596f668b6c9a32bfd5c.php 第 127 行.
NOTIC: [8] Undefined index: cat_id D:\wamp\www\kucms\Application\Runtime\Cache\Admin\9bfef0f9f473c596f668b6c9a32bfd5c.php 第 127 行.
NOTIC: [8] Undefined index: cat_id D:\wamp\www\kucms\Application\Runtime\Cache\Admin\9bfef0f9f473c596f668b6c9a32bfd5c.php 第 127 行.
NOTIC: [8] Undefined index: cat_id D:\wamp\www\kucms\Application\Runtime\Cache\Admin\9bfef0f9f473c596f668b6c9a32bfd5c.php 第 127 行.
NOTIC: [8] Undefined index: cat_id D:\wamp\www\kucms\Application\Runtime\Cache\Admin\9bfef0f9f473c596f668b6c9a32bfd5c.php 第 127 行.
NOTIC: [8] Undefined index: cat_id D:\wamp\www\kucms\Application\Runtime\Cache\Admin\9bfef0f9f473c596f668b6c9a32bfd5c.php 第 127 行.
NOTIC: [8] Undefined index: cat_id D:\wamp\www\kucms\Application\Runtime\Cache\Admin\9bfef0f9f473c596f668b6c9a32bfd5c.php 第 127 行.
NOTIC: [8] Undefined index: cat_id D:\wamp\www\kucms\Application\Runtime\Cache\Admin\9bfef0f9f473c596f668b6c9a32bfd5c.php 第 127 行.
NOTIC: [8] Undefined index: cat_id D:\wamp\www\kucms\Application\Runtime\Cache\Admin\9bfef0f9f473c596f668b6c9a32bfd5c.php 第 127 行.
NOTIC: [8] Undefined index: cat_id D:\wamp\www\kucms\Application\Runtime\Cache\Admin\9bfef0f9f473c596f668b6c9a32bfd5c.php 第 127 行.
NOTIC: [8] Undefined index: cat_id D:\wamp\www\kucms\Application\Runtime\Cache\Admin\9bfef0f9f473c596f668b6c9a32bfd5c.php 第 127 行.
NOTIC: [8] Undefined index: cat_id D:\wamp\www\kucms\Application\Runtime\Cache\Admin\9bfef0f9f473c596f668b6c9a32bfd5c.php 第 127 行.
NOTIC: [8] Undefined index: cat_id D:\wamp\www\kucms\Application\Runtime\Cache\Admin\9bfef0f9f473c596f668b6c9a32bfd5c.php 第 127 行.
INFO: Run Behavior\ParseTemplateBehavior [ RunTime:0.024384s ]
INFO: [ view_parse ] --END-- [ RunTime:0.024632s ]
INFO: [ view_filter ] --START--
INFO: Run Behavior\WriteHtmlCacheBehavior [ RunTime:0.000894s ]
INFO: [ view_filter ] --END-- [ RunTime:0.001117s ]
INFO: [ app_end ] --START--
INFO: Run Behavior\ShowPageTraceBehavior [ RunTime:0.001153s ]
INFO: [ app_end ] --END-- [ RunTime:0.001342s ]

[ 2014-06-07T11:05:39+08:00 ] ::1 /kucms/index.php/Admin/Category/edit/id/114
INFO: [ app_init ] --START--
INFO: Run Behavior\BuildLiteBehavior [ RunTime:0.000029s ]
INFO: [ app_init ] --END-- [ RunTime:0.000480s ]
INFO: [ app_begin ] --START--
INFO: Run Behavior\ReadHtmlCacheBehavior [ RunTime:0.000588s ]
INFO: [ app_begin ] --END-- [ RunTime:0.000748s ]
SQL: SHOW COLUMNS FROM `category` [ RunTime:0.007699s ]
SQL: SELECT `id`,`cname`,`fid`,`moduleid`,concat(path,'-',id) AS `bpath`,`isshow`,`template` FROM `category` ORDER BY bpath  [ RunTime:0.000437s ]
SQL: SELECT * FROM `category` WHERE ( id=114 ) LIMIT 1   [ RunTime:0.000298s ]
SQL: SHOW COLUMNS FROM `module` [ RunTime:0.006040s ]
SQL: SELECT * FROM `module`  [ RunTime:0.000356s ]
INFO: [ view_parse ] --START--
INFO: [ template_filter ] --START--
INFO: Run Behavior\ContentReplaceBehavior [ RunTime:0.000091s ]
INFO: [ template_filter ] --END-- [ RunTime:0.000228s ]
NOTIC: [8] Undefined index: parentdir D:\wamp\www\kucms\Application\Runtime\Cache\Admin\dfed54471f23c5cc0f29d10cfac5ae98.php 第 50 行.
NOTIC: [8] Undefined index: listorder D:\wamp\www\kucms\Application\Runtime\Cache\Admin\dfed54471f23c5cc0f29d10cfac5ae98.php 第 54 行.
INFO: Run Behavior\ParseTemplateBehavior [ RunTime:0.023377s ]
INFO: [ view_parse ] --END-- [ RunTime:0.023505s ]
INFO: [ view_filter ] --START--
INFO: Run Behavior\WriteHtmlCacheBehavior [ RunTime:0.000564s ]
INFO: [ view_filter ] --END-- [ RunTime:0.000685s ]
INFO: [ app_end ] --START--
INFO: Run Behavior\ShowPageTraceBehavior [ RunTime:0.000780s ]
INFO: [ app_end ] --END-- [ RunTime:0.000897s ]

[ 2014-06-07T11:05:41+08:00 ] ::1 /kucms/index.php/Admin/Category/doEdit
INFO: [ app_init ] --START--
INFO: Run Behavior\BuildLiteBehavior [ RunTime:0.000031s ]
INFO: [ app_init ] --END-- [ RunTime:0.000489s ]
INFO: [ app_begin ] --START--
INFO: Run Behavior\ReadHtmlCacheBehavior [ RunTime:0.000586s ]
INFO: [ app_begin ] --END-- [ RunTime:0.000715s ]
SQL: SHOW COLUMNS FROM `category` [ RunTime:0.007877s ]
SQL: UPDATE `category` SET `moduleid`='1',`template`='0',`cname`='公司简介',`fid`='0',`sort`='',`isshow`='1',`path`=0 WHERE ( `id` = '114' ) [ RunTime:0.000430s ]
INFO: [ view_parse ] --START--
INFO: [ template_filter ] --START--
INFO: Run Behavior\ContentReplaceBehavior [ RunTime:0.000062s ]
INFO: [ template_filter ] --END-- [ RunTime:0.000196s ]
INFO: Run Behavior\ParseTemplateBehavior [ RunTime:0.008811s ]
INFO: [ view_parse ] --END-- [ RunTime:0.008951s ]
INFO: [ view_filter ] --START--
INFO: Run Behavior\WriteHtmlCacheBehavior [ RunTime:0.000542s ]
INFO: [ view_filter ] --END-- [ RunTime:0.000658s ]
INFO: [ app_end ] --START--
INFO: Run Behavior\ShowPageTraceBehavior [ RunTime:0.000791s ]
INFO: [ app_end ] --END-- [ RunTime:0.000909s ]

[ 2014-06-07T11:05:43+08:00 ] ::1 /kucms/index.php/Admin/Category/index.html
INFO: [ app_init ] --START--
INFO: Run Behavior\BuildLiteBehavior [ RunTime:0.000048s ]
INFO: [ app_init ] --END-- [ RunTime:0.001025s ]
INFO: [ app_begin ] --START--
INFO: Run Behavior\ReadHtmlCacheBehavior [ RunTime:0.000546s ]
INFO: [ app_begin ] --END-- [ RunTime:0.000670s ]
SQL: SHOW COLUMNS FROM `category` [ RunTime:0.007277s ]
SQL: SELECT `id`,`cname`,`fid`,`moduleid`,`path`,`isshow`,`sort`,concat(path,'-',id) AS `bpath` FROM `category` ORDER BY bpath asc  [ RunTime:0.000451s ]
SQL: SHOW COLUMNS FROM `module` [ RunTime:0.006084s ]
SQL: SELECT * FROM `module` WHERE ( 1=1 AND id='3' ) LIMIT 1   [ RunTime:0.000400s ]
SQL: SELECT * FROM `module` WHERE ( 1=1 AND id='1' ) LIMIT 1   [ RunTime:0.000441s ]
SQL: SELECT * FROM `module` WHERE ( 1=1 AND id='4' ) LIMIT 1   [ RunTime:0.000392s ]
SQL: SELECT * FROM `module` WHERE ( 1=1 AND id='1' ) LIMIT 1   [ RunTime:0.000443s ]
SQL: SELECT * FROM `module` WHERE ( 1=1 AND id='3' ) LIMIT 1   [ RunTime:0.000449s ]
SQL: SELECT * FROM `module` WHERE ( 1=1 AND id='1' ) LIMIT 1   [ RunTime:0.000400s ]
SQL: SELECT * FROM `module` WHERE ( 1=1 AND id='1' ) LIMIT 1   [ RunTime:0.000402s ]
SQL: SELECT * FROM `module` WHERE ( 1=1 AND id='1' ) LIMIT 1   [ RunTime:0.000369s ]
SQL: SELECT * FROM `module` WHERE ( 1=1 AND id='1' ) LIMIT 1   [ RunTime:0.000450s ]
SQL: SELECT * FROM `module` WHERE ( 1=1 AND id='2' ) LIMIT 1   [ RunTime:0.000525s ]
SQL: SELECT * FROM `module` WHERE ( 1=1 AND id='2' ) LIMIT 1   [ RunTime:0.000445s ]
SQL: SELECT * FROM `module` WHERE ( 1=1 AND id='1' ) LIMIT 1   [ RunTime:0.000405s ]
SQL: SELECT * FROM `module` WHERE ( 1=1 AND id='2' ) LIMIT 1   [ RunTime:0.000405s ]
INFO: [ view_parse ] --START--
INFO: [ template_filter ] --START--
INFO: Run Behavior\ContentReplaceBehavior [ RunTime:0.000098s ]
INFO: [ template_filter ] --END-- [ RunTime:0.000252s ]
NOTIC: [8] Undefined index: cat_id D:\wamp\www\kucms\Application\Runtime\Cache\Admin\9bfef0f9f473c596f668b6c9a32bfd5c.php 第 127 行.
NOTIC: [8] Undefined index: cat_id D:\wamp\www\kucms\Application\Runtime\Cache\Admin\9bfef0f9f473c596f668b6c9a32bfd5c.php 第 127 行.
NOTIC: [8] Undefined index: cat_id D:\wamp\www\kucms\Application\Runtime\Cache\Admin\9bfef0f9f473c596f668b6c9a32bfd5c.php 第 127 行.
NOTIC: [8] Undefined index: cat_id D:\wamp\www\kucms\Application\Runtime\Cache\Admin\9bfef0f9f473c596f668b6c9a32bfd5c.php 第 127 行.
NOTIC: [8] Undefined index: cat_id D:\wamp\www\kucms\Application\Runtime\Cache\Admin\9bfef0f9f473c596f668b6c9a32bfd5c.php 第 127 行.
NOTIC: [8] Undefined index: cat_id D:\wamp\www\kucms\Application\Runtime\Cache\Admin\9bfef0f9f473c596f668b6c9a32bfd5c.php 第 127 行.
NOTIC: [8] Undefined index: cat_id D:\wamp\www\kucms\Application\Runtime\Cache\Admin\9bfef0f9f473c596f668b6c9a32bfd5c.php 第 127 行.
NOTIC: [8] Undefined index: cat_id D:\wamp\www\kucms\Application\Runtime\Cache\Admin\9bfef0f9f473c596f668b6c9a32bfd5c.php 第 127 行.
NOTIC: [8] Undefined index: cat_id D:\wamp\www\kucms\Application\Runtime\Cache\Admin\9bfef0f9f473c596f668b6c9a32bfd5c.php 第 127 行.
NOTIC: [8] Undefined index: cat_id D:\wamp\www\kucms\Application\Runtime\Cache\Admin\9bfef0f9f473c596f668b6c9a32bfd5c.php 第 127 行.
NOTIC: [8] Undefined index: cat_id D:\wamp\www\kucms\Application\Runtime\Cache\Admin\9bfef0f9f473c596f668b6c9a32bfd5c.php 第 127 行.
NOTIC: [8] Undefined index: cat_id D:\wamp\www\kucms\Application\Runtime\Cache\Admin\9bfef0f9f473c596f668b6c9a32bfd5c.php 第 127 行.
NOTIC: [8] Undefined index: cat_id D:\wamp\www\kucms\Application\Runtime\Cache\Admin\9bfef0f9f473c596f668b6c9a32bfd5c.php 第 127 行.
INFO: Run Behavior\ParseTemplateBehavior [ RunTime:0.023131s ]
INFO: [ view_parse ] --END-- [ RunTime:0.023697s ]
INFO: [ view_filter ] --START--
INFO: Run Behavior\WriteHtmlCacheBehavior [ RunTime:0.001201s ]
INFO: [ view_filter ] --END-- [ RunTime:0.001407s ]
INFO: [ app_end ] --START--
INFO: Run Behavior\ShowPageTraceBehavior [ RunTime:0.001064s ]
INFO: [ app_end ] --END-- [ RunTime:0.001235s ]

[ 2014-06-07T11:05:48+08:00 ] ::1 /kucms/
INFO: [ app_init ] --START--
INFO: Run Behavior\BuildLiteBehavior [ RunTime:0.000031s ]
INFO: [ app_init ] --END-- [ RunTime:0.000549s ]

[ 2014-06-07T11:05:52+08:00 ] ::1 /kucms/index.php/Home/List/index/module/Produce/id/95
INFO: [ app_init ] --START--
INFO: Run Behavior\BuildLiteBehavior [ RunTime:0.000028s ]
INFO: [ app_init ] --END-- [ RunTime:0.000519s ]

[ 2014-06-07T11:06:20+08:00 ] ::1 /kucms/
INFO: [ app_init ] --START--
INFO: Run Behavior\BuildLiteBehavior [ RunTime:0.000032s ]
INFO: [ app_init ] --END-- [ RunTime:0.000552s ]

[ 2014-06-07T11:13:35+08:00 ] ::1 /kucms/index.php/Home/List/index/module/Produce/id/95
INFO: [ app_init ] --START--
INFO: Run Behavior\BuildLiteBehavior [ RunTime:0.000029s ]
INFO: [ app_init ] --END-- [ RunTime:0.000522s ]

[ 2014-06-07T11:13:37+08:00 ] ::1 /kucms/index.php/Home/List/index/module/Page/id/112
INFO: [ app_init ] --START--
INFO: Run Behavior\BuildLiteBehavior [ RunTime:0.000029s ]
INFO: [ app_init ] --END-- [ RunTime:0.000517s ]

[ 2014-06-07T11:13:40+08:00 ] ::1 /kucms/index.php
INFO: [ app_init ] --START--
INFO: Run Behavior\BuildLiteBehavior [ RunTime:0.000029s ]
INFO: [ app_init ] --END-- [ RunTime:0.000516s ]

[ 2014-06-07T11:15:41+08:00 ] ::1 /kucms/index.php
INFO: [ app_init ] --START--
INFO: Run Behavior\BuildLiteBehavior [ RunTime:0.000029s ]
INFO: [ app_init ] --END-- [ RunTime:0.000520s ]

