[ 2014-06-21T08:30:28+08:00 ] ::1 /kucms/
INFO: [ app_init ] --START--
INFO: Run Behavior\BuildLiteBehavior [ RunTime:0.000065s ]
INFO: [ app_init ] --END-- [ RunTime:0.012868s ]

[ 2014-06-21T08:30:33+08:00 ] ::1 /kucms/index.php/admin
INFO: [ app_init ] --START--
INFO: Run Behavior\BuildLiteBehavior [ RunTime:0.000029s ]
INFO: [ app_init ] --END-- [ RunTime:0.000521s ]
INFO: [ app_begin ] --START--
INFO: Run Behavior\ReadHtmlCacheBehavior [ RunTime:0.002232s ]
INFO: [ app_begin ] --END-- [ RunTime:0.002578s ]
INFO: [ view_parse ] --START--
INFO: [ template_filter ] --START--
INFO: Run Behavior\ContentReplaceBehavior [ RunTime:0.000129s ]
INFO: [ template_filter ] --END-- [ RunTime:0.000411s ]
INFO: Run Behavior\ParseTemplateBehavior [ RunTime:0.077622s ]
INFO: [ view_parse ] --END-- [ RunTime:0.077946s ]
INFO: [ view_filter ] --START--
INFO: Run Behavior\WriteHtmlCacheBehavior [ RunTime:0.001101s ]
INFO: [ view_filter ] --END-- [ RunTime:0.001347s ]
INFO: [ app_end ] --START--
INFO: Run Behavior\ShowPageTraceBehavior [ RunTime:0.001620s ]
INFO: [ app_end ] --END-- [ RunTime:0.001866s ]

[ 2014-06-21T08:30:34+08:00 ] ::1 /kucms/index.php/Admin/Public/top.html
INFO: [ app_init ] --START--
INFO: Run Behavior\BuildLiteBehavior [ RunTime:0.000029s ]
INFO: [ app_init ] --END-- [ RunTime:0.000513s ]
INFO: [ app_begin ] --START--
INFO: Run Behavior\ReadHtmlCacheBehavior [ RunTime:0.000748s ]
INFO: [ app_begin ] --END-- [ RunTime:0.000873s ]
INFO: [ view_parse ] --START--
INFO: [ template_filter ] --START--
INFO: Run Behavior\ContentReplaceBehavior [ RunTime:0.000164s ]
INFO: [ template_filter ] --END-- [ RunTime:0.000447s ]
INFO: Run Behavior\ParseTemplateBehavior [ RunTime:0.067650s ]
INFO: [ view_parse ] --END-- [ RunTime:0.067884s ]
INFO: [ view_filter ] --START--
INFO: Run Behavior\WriteHtmlCacheBehavior [ RunTime:0.000935s ]
INFO: [ view_filter ] --END-- [ RunTime:0.001151s ]
INFO: [ app_end ] --START--
INFO: Run Behavior\ShowPageTraceBehavior [ RunTime:0.001209s ]
INFO: [ app_end ] --END-- [ RunTime:0.001424s ]

[ 2014-06-21T08:30:34+08:00 ] ::1 /kucms/index.php/Admin/Public/main.html
INFO: [ app_init ] --START--
INFO: Run Behavior\BuildLiteBehavior [ RunTime:0.000032s ]
INFO: [ app_init ] --END-- [ RunTime:0.000519s ]
INFO: [ app_begin ] --START--
INFO: Run Behavior\ReadHtmlCacheBehavior [ RunTime:0.000893s ]
INFO: [ app_begin ] --END-- [ RunTime:0.001020s ]
INFO: [ view_parse ] --START--
INFO: [ template_filter ] --START--
INFO: Run Behavior\ContentReplaceBehavior [ RunTime:0.000164s ]
INFO: [ template_filter ] --END-- [ RunTime:0.000444s ]
INFO: Run Behavior\ParseTemplateBehavior [ RunTime:0.064166s ]
INFO: [ view_parse ] --END-- [ RunTime:0.064388s ]
INFO: [ view_filter ] --START--
INFO: Run Behavior\WriteHtmlCacheBehavior [ RunTime:0.001107s ]
INFO: [ view_filter ] --END-- [ RunTime:0.001339s ]
INFO: [ app_end ] --START--
INFO: Run Behavior\ShowPageTraceBehavior [ RunTime:0.001356s ]
INFO: [ app_end ] --END-- [ RunTime:0.001594s ]

[ 2014-06-21T08:30:34+08:00 ] ::1 /kucms/index.php/Admin/Public/menu.html
INFO: [ app_init ] --START--
INFO: Run Behavior\BuildLiteBehavior [ RunTime:0.000031s ]
INFO: [ app_init ] --END-- [ RunTime:0.000548s ]
INFO: [ app_begin ] --START--
INFO: Run Behavior\ReadHtmlCacheBehavior [ RunTime:0.002191s ]
INFO: [ app_begin ] --END-- [ RunTime:0.002498s ]
SQL: SHOW COLUMNS FROM `module` [ RunTime:0.006963s ]
SQL: SELECT * FROM `module` ORDER BY id  [ RunTime:0.000470s ]
INFO: [ view_parse ] --START--
INFO: [ template_filter ] --START--
INFO: Run Behavior\ContentReplaceBehavior [ RunTime:0.000098s ]
INFO: [ template_filter ] --END-- [ RunTime:0.000247s ]
NOTIC: [8] Undefined index: channel D:\wamp\www\kucms\Application\Runtime\Cache\Admin\fc6fd01631273ba50d3bc9f2f442211f.php 第 12 行.
NOTIC: [8] Undefined index: channel D:\wamp\www\kucms\Application\Runtime\Cache\Admin\fc6fd01631273ba50d3bc9f2f442211f.php 第 31 行.
NOTIC: [8] Undefined index: channel D:\wamp\www\kucms\Application\Runtime\Cache\Admin\fc6fd01631273ba50d3bc9f2f442211f.php 第 54 行.
NOTIC: [8] Undefined index: channel D:\wamp\www\kucms\Application\Runtime\Cache\Admin\fc6fd01631273ba50d3bc9f2f442211f.php 第 84 行.
NOTIC: [8] Undefined index: channel D:\wamp\www\kucms\Application\Runtime\Cache\Admin\fc6fd01631273ba50d3bc9f2f442211f.php 第 114 行.
INFO: Run Behavior\ParseTemplateBehavior [ RunTime:0.123253s ]
INFO: [ view_parse ] --END-- [ RunTime:0.123436s ]
INFO: [ view_filter ] --START--
INFO: Run Behavior\WriteHtmlCacheBehavior [ RunTime:0.000621s ]
INFO: [ view_filter ] --END-- [ RunTime:0.000749s ]
INFO: [ app_end ] --START--
INFO: Run Behavior\ShowPageTraceBehavior [ RunTime:0.000782s ]
INFO: [ app_end ] --END-- [ RunTime:0.000904s ]

[ 2014-06-21T08:30:36+08:00 ] ::1 /kucms/index.php/Admin/Public/menu/channel/2
INFO: [ app_init ] --START--
INFO: Run Behavior\BuildLiteBehavior [ RunTime:0.000028s ]
INFO: [ app_init ] --END-- [ RunTime:0.000522s ]
INFO: [ app_begin ] --START--
INFO: Run Behavior\ReadHtmlCacheBehavior [ RunTime:0.000789s ]
INFO: [ app_begin ] --END-- [ RunTime:0.000923s ]
SQL: SHOW COLUMNS FROM `module` [ RunTime:0.013883s ]
SQL: SELECT * FROM `module` ORDER BY id  [ RunTime:0.000964s ]
INFO: [ view_parse ] --START--
INFO: [ template_filter ] --START--
INFO: Run Behavior\ContentReplaceBehavior [ RunTime:0.000196s ]
INFO: [ template_filter ] --END-- [ RunTime:0.000587s ]
INFO: Run Behavior\ParseTemplateBehavior [ RunTime:0.026624s ]
INFO: [ view_parse ] --END-- [ RunTime:0.027006s ]
INFO: [ view_filter ] --START--
INFO: Run Behavior\WriteHtmlCacheBehavior [ RunTime:0.001192s ]
INFO: [ view_filter ] --END-- [ RunTime:0.001459s ]
INFO: [ app_end ] --START--
INFO: Run Behavior\ShowPageTraceBehavior [ RunTime:0.001492s ]
INFO: [ app_end ] --END-- [ RunTime:0.001742s ]

[ 2014-06-21T08:30:38+08:00 ] ::1 /kucms/index.php/Admin/Article
INFO: [ app_init ] --START--
INFO: Run Behavior\BuildLiteBehavior [ RunTime:0.000028s ]
INFO: [ app_init ] --END-- [ RunTime:0.000522s ]
INFO: [ app_begin ] --START--
INFO: Run Behavior\ReadHtmlCacheBehavior [ RunTime:0.001055s ]
INFO: [ app_begin ] --END-- [ RunTime:0.001225s ]
SQL: SHOW COLUMNS FROM `article` [ RunTime:0.015175s ]
SQL: SELECT COUNT(id) AS tp_count FROM `article` LIMIT 1   [ RunTime:0.000510s ]
SQL: SELECT * FROM `article` WHERE ( is_del=0 ) ORDER BY id desc LIMIT 0,5   [ RunTime:0.000979s ]
SQL: SHOW COLUMNS FROM `category` [ RunTime:0.013816s ]
SQL: SELECT * FROM `category` WHERE ( 1=1 AND id='106' ) LIMIT 1   [ RunTime:0.000621s ]
SQL: SELECT * FROM `category` WHERE ( 1=1 AND id='106' ) LIMIT 1   [ RunTime:0.000499s ]
SQL: SELECT * FROM `category` WHERE ( 1=1 AND id='109' ) LIMIT 1   [ RunTime:0.000640s ]
SQL: SELECT * FROM `category` WHERE ( 1=1 AND id='106' ) LIMIT 1   [ RunTime:0.000735s ]
SQL: SELECT * FROM `category` WHERE ( 1=1 AND id='106' ) LIMIT 1   [ RunTime:0.000699s ]
INFO: [ view_parse ] --START--
INFO: [ template_filter ] --START--
INFO: Run Behavior\ContentReplaceBehavior [ RunTime:0.000152s ]
INFO: [ template_filter ] --END-- [ RunTime:0.000434s ]
NOTIC: [8] Undefined index: id D:\wamp\www\kucms\Application\Runtime\Cache\Admin\7a4184ffe8f804b12b2e7f8851dd8f7d.php 第 66 行.
NOTIC: [8] Undefined variable: header D:\wamp\www\kucms\Application\Runtime\Cache\Admin\7a4184ffe8f804b12b2e7f8851dd8f7d.php 第 90 行.
INFO: Run Behavior\ParseTemplateBehavior [ RunTime:0.059286s ]
INFO: [ view_parse ] --END-- [ RunTime:0.059528s ]
INFO: [ view_filter ] --START--
INFO: Run Behavior\WriteHtmlCacheBehavior [ RunTime:0.000656s ]
INFO: [ view_filter ] --END-- [ RunTime:0.000804s ]
INFO: [ app_end ] --START--
INFO: Run Behavior\ShowPageTraceBehavior [ RunTime:0.000879s ]
INFO: [ app_end ] --END-- [ RunTime:0.001011s ]

[ 2014-06-21T08:30:40+08:00 ] ::1 /kucms/index.php/Admin/Article/add/id/2
INFO: [ app_init ] --START--
INFO: Run Behavior\BuildLiteBehavior [ RunTime:0.000045s ]
INFO: [ app_init ] --END-- [ RunTime:0.000586s ]
INFO: [ app_begin ] --START--
INFO: Run Behavior\ReadHtmlCacheBehavior [ RunTime:0.000811s ]
INFO: [ app_begin ] --END-- [ RunTime:0.000948s ]
SQL: SHOW COLUMNS FROM `category` [ RunTime:0.006889s ]
SQL: SELECT `id`,`fid`,`cname`,concat(path,'-',id) AS `bpath` FROM `category` WHERE ( moduleid=2 ) ORDER BY bpath  [ RunTime:0.000421s ]
INFO: [ view_parse ] --START--
INFO: [ template_filter ] --START--
INFO: Run Behavior\ContentReplaceBehavior [ RunTime:0.000085s ]
INFO: [ template_filter ] --END-- [ RunTime:0.000224s ]
INFO: Run Behavior\ParseTemplateBehavior [ RunTime:0.051205s ]
INFO: [ view_parse ] --END-- [ RunTime:0.051365s ]
INFO: [ view_filter ] --START--
INFO: Run Behavior\WriteHtmlCacheBehavior [ RunTime:0.000548s ]
INFO: [ view_filter ] --END-- [ RunTime:0.000668s ]
INFO: [ app_end ] --START--
INFO: Run Behavior\ShowPageTraceBehavior [ RunTime:0.000771s ]
INFO: [ app_end ] --END-- [ RunTime:0.000892s ]

[ 2014-06-21T08:34:02+08:00 ] ::1 /kucms/
INFO: [ app_init ] --START--
INFO: Run Behavior\BuildLiteBehavior [ RunTime:0.000030s ]
INFO: [ app_init ] --END-- [ RunTime:0.000526s ]

